
Gurobi 11.0.3 (linux64) logging started Mon 18 Nov 2024 07:30:10 PM CST

Set parameter LogFile to value "/home/dlcole3/graph_abstraction/hierarchical_graphs/git_storage/CS1/HP_low_reserves/gurobi_logs/serial/logfile_ST4_3.log"

Gurobi 11.0.3 (linux64) logging started Mon 18 Nov 2024 07:36:50 PM CST

Set parameter LogFile to value "/home/dlcole3/graph_abstraction/hierarchical_graphs/git_storage/CS1/HP_low_reserves/gurobi_logs/serial/logfile_ST4_3.log"
Gurobi Optimizer version 11.0.3 build v11.0.3rc0 (linux64 - "Ubuntu 18.04.3 LTS")

CPU model: Intel(R) Xeon(R) CPU E5-2698 v4 @ 2.20GHz, instruction set [SSE2|AVX|AVX2]
Thread count: 40 physical cores, 80 logical processors, using up to 20 threads

Optimize a model with 29168 rows, 50688 columns and 136175 nonzeros
Model fingerprint: 0x755ba924
Variable types: 46944 continuous, 3744 integer (3744 binary)
Coefficient statistics:
  Matrix range     [6e-01, 2e+04]
  Objective range  [2e+00, 2e+04]
  Bounds range     [5e-02, 2e+05]
  RHS range        [5e-02, 7e+03]
Presolve removed 14107 rows and 38725 columns
Presolve time: 0.34s
Presolved: 15061 rows, 11963 columns, 64170 nonzeros
Variable types: 8911 continuous, 3052 integer (3052 binary)
Found heuristic solution: objective 722776.67192
Found heuristic solution: objective 696985.16619
Found heuristic solution: objective 368203.95453

Root relaxation: objective 9.031917e+04, 8026 iterations, 0.38 seconds (0.28 work units)

    Nodes    |    Current Node    |     Objective Bounds      |     Work
 Expl Unexpl |  Obj  Depth IntInf | Incumbent    BestBd   Gap | It/Node Time

     0     0 90319.1709    0   28 368203.955 90319.1709  75.5%     -    1s
H    0     0                    152477.96281 90319.1709  40.8%     -    1s
     0     0 90319.1709    0   31 152477.963 90319.1709  40.8%     -    1s
     0     0 90319.1709    0   31 152477.963 90319.1709  40.8%     -    1s
     0     2 90319.1709    0   31 152477.963 90319.1709  40.8%     -    2s
H   46    52                    141339.26992 90335.5360  36.1%  23.6    2s
H   91   112                    141339.26989 90341.9976  36.1%  18.8    3s
H   98   112                    137379.53786 90341.9976  34.2%  18.3    3s
H   98   112                    127735.39993 90341.9976  29.3%  18.3    3s
H  222   227                    120371.09558 90341.9976  24.9%  22.3    3s
H  226   247                    117305.56382 90341.9976  23.0%  21.9    4s
H  227   247                    110629.24821 90341.9976  18.3%  21.9    4s
H  232   247                    106106.21223 90341.9976  14.9%  21.8    4s
H  233   247                    95009.342135 90341.9976  4.91%  21.7    4s
H  335   335                    92928.995960 90341.9976  2.78%  28.3    9s
H  338   335                    92898.865103 90341.9976  2.75%  28.4    9s
H  339   335                    92881.995109 90341.9976  2.73%  28.3    9s
H  344   335                    92652.613212 90341.9976  2.49%  28.2    9s
H  352   335                    92362.882432 90341.9976  2.19%  29.3    9s
   489   423     cutoff   24      92362.8824 90341.9976  2.19%  33.5   10s
H 1409   886                    92362.882348 90402.4073  2.12%  32.3   12s
H 1417   886                    92362.882306 90402.4073  2.12%  32.5   12s
H 1904  1183                    92293.565340 90402.4073  2.05%  34.3   13s
H 1905  1183                    92293.158388 90402.4073  2.05%  34.3   13s
H 2026  1231                    92292.751437 90402.4073  2.05%  34.8   13s
H 2029  1230                    92289.512111 90402.4073  2.04%  34.7   13s
H 2036  1230                    92289.157146 90402.4073  2.04%  34.6   13s
H 2039  1228                    92287.817426 90402.4073  2.04%  34.6   13s
H 2040  1228                    92287.636285 90402.4073  2.04%  34.6   13s
* 2041  1228              48    92287.274004 90402.4073  2.04%  34.6   13s
  2950  1618     cutoff   12      92287.2740 90402.4073  2.04%  34.9   15s
H 3149  1637                    92287.273984 90402.4073  2.04%  35.0   16s
  3807  1939 92058.2897   17   31 92287.2740 90544.9510  1.89%  34.8   20s
H 3901  1912                    92287.273970 90643.1275  1.78%  36.6   22s
H 3902  1819                    92287.273959 90643.1275  1.78%  36.6   22s
H 3904  1731                    92287.273710 90643.1275  1.78%  36.6   22s
H 3907  1647                    92287.273336 90643.1275  1.78%  36.5   22s
H 4091  1650                    92287.272702 90745.4675  1.67%  36.7   24s
H 4120  1581                    92287.272236 90745.4675  1.67%  36.7   24s
  4512  1774 91601.4216   35   21 92287.2722 90745.4675  1.67%  35.6   25s
H 5163  1927                    92287.270421 90745.4675  1.67%  33.0   26s
H 7163  2512                    92287.270401 90980.8845  1.42%  28.6   28s
H 7184  2441                    92287.269841 90980.8845  1.42%  28.5   28s
  9049  3819 92032.4963   35   17 92287.2698 91271.2191  1.10%  25.5   30s
H10905  4352                    92250.207046 91450.3071  0.87%  24.3   31s
H11115  4351                    92236.228771 91450.3071  0.85%  24.3   31s
H11507  4482                    92235.770790 91450.3093  0.85%  24.0   31s
*11513  4482              52    92235.728742 91450.3093  0.85%  24.0   31s
H11521  4482                    92235.703290 91450.3093  0.85%  24.0   31s
*11522  4482              54    92235.681298 91450.3093  0.85%  24.0   31s
H12021  4470                    92217.271915 91471.9892  0.81%  23.8   32s
H12365  4580                    92217.251574 91472.0083  0.81%  23.5   32s
*12535  4580              59    92217.179685 91472.9384  0.81%  23.4   32s
H12741  4660                    92216.736185 91473.7456  0.81%  23.3   32s
 15820  5324 91547.2964   34   24 92216.7362 91494.5397  0.78%  21.8   35s
 23308  6803 91655.1874   39   29 92216.7362 91597.3615  0.67%  19.9   40s
H25425  6989                    92216.736153 91607.6481  0.66%  19.2   41s
H25709  6997                    92216.735998 91607.6481  0.66%  19.2   42s
H25714  6997                    92216.735887 91607.6481  0.66%  19.2   42s
H25727  6997                    92216.735823 91607.6481  0.66%  19.2   42s
H25730  6997                    92216.735263 91607.6481  0.66%  19.2   42s
 29735  7838 91690.6638   42   23 92216.7353 91623.5957  0.64%  18.2   45s
 37724  8528 91709.4364   36   15 92216.7353 91663.7868  0.60%  17.3   50s
H39489  8546                    92214.841625 91674.4733  0.59%  17.1   51s
 45945  9278     cutoff   44      92214.8416 91700.6707  0.56%  16.6   56s
 47911  9371 92053.3866   31   20 92214.8416 91709.7667  0.55%  16.5   75s
H51414  9479                    92211.378013 91722.2773  0.53%  16.2   77s
H51415  9479                    92211.363993 91722.2773  0.53%  16.2   77s
H52908  9491                    92211.363980 91727.0036  0.53%  16.0   78s
H53097  9491                    92211.363339 91728.0080  0.52%  16.0   78s
 55728  9579 92086.8321   46   29 92211.3633 91737.9909  0.51%  15.9   81s
H60981  9797                    92211.363178 91764.7781  0.48%  15.6   83s
H61085  9797                    92211.351013 91765.2945  0.48%  15.6   83s
H61089  9797                    92211.343673 91765.2945  0.48%  15.6   83s
 61639  9787     cutoff   44      92211.3437 91767.3100  0.48%  15.6   85s
H64433  9809                    92211.342694 91779.2053  0.47%  15.4   88s
 64629  9925     cutoff   36      92211.3427 91779.9158  0.47%  15.4   90s
 72683  9898     cutoff   38      92211.3427 91809.2259  0.44%  15.0   95s
 82557  9802     cutoff   30      92211.3427 91854.8967  0.39%  14.7  100s
 90823  9201 92006.0127   45   27 92211.3427 91899.5298  0.34%  14.5  105s

Cutting planes:
  Gomory: 5

Explored 98334 nodes (1415726 simplex iterations) in 108.36 seconds (98.29 work units)
Thread count was 20 (of 80 available processors)

Solution count 10: 92211.3 92211.3 92211.3 ... 92235.7

Optimal solution found (tolerance 3.00e-03)
Best objective 9.221134368237e+04, best bound 9.193941192049e+04, gap 0.2949%

User-callback calls 214238, time in user-callback 0.07 sec
