
Gurobi 11.0.3 (linux64) logging started Tue 19 Nov 2024 12:56:41 AM CST

Set parameter LogFile to value "/home/dlcole3/graph_abstraction/hierarchical_graphs/git_storage/CS1/HP_low_reserves/gurobi_logs/serial/logfile_ST28_3.log"

Gurobi 11.0.3 (linux64) logging started Tue 19 Nov 2024 12:59:45 AM CST

Set parameter LogFile to value "/home/dlcole3/graph_abstraction/hierarchical_graphs/git_storage/CS1/HP_low_reserves/gurobi_logs/serial/logfile_ST28_3.log"
Gurobi Optimizer version 11.0.3 build v11.0.3rc0 (linux64 - "Ubuntu 18.04.3 LTS")

CPU model: Intel(R) Xeon(R) CPU E5-2698 v4 @ 2.20GHz, instruction set [SSE2|AVX|AVX2]
Thread count: 40 physical cores, 80 logical processors, using up to 20 threads

Optimize a model with 29168 rows, 50688 columns and 136175 nonzeros
Model fingerprint: 0xaec1e989
Variable types: 46944 continuous, 3744 integer (3744 binary)
Coefficient statistics:
  Matrix range     [6e-01, 2e+04]
  Objective range  [2e+00, 2e+04]
  Bounds range     [5e-02, 2e+05]
  RHS range        [5e-02, 7e+03]
Presolve removed 13931 rows and 38662 columns
Presolve time: 0.39s
Presolved: 15237 rows, 12026 columns, 64633 nonzeros
Variable types: 8992 continuous, 3034 integer (3034 binary)
Found heuristic solution: objective 1302420.5415

Root relaxation: objective 1.051248e+05, 8526 iterations, 0.51 seconds (0.43 work units)

    Nodes    |    Current Node    |     Objective Bounds      |     Work
 Expl Unexpl |  Obj  Depth IntInf | Incumbent    BestBd   Gap | It/Node Time

     0     0 105124.774    0   68 1302420.54 105124.774  91.9%     -    1s
H    0     0                    112146.77115 105124.774  6.26%     -    2s
H    0     0                    111690.34180 105124.774  5.88%     -    2s
     0     0 105124.774    0   68 111690.342 105124.774  5.88%     -    2s
     0     0 105185.483    0   68 111690.342 105185.483  5.82%     -    2s
     0     2 105185.483    0   68 111690.342 105185.483  5.82%     -    3s
H   34    52                    109210.27918 105228.605  3.65%  64.4    3s
H   91   112                    109199.83015 105236.218  3.63%  46.9    4s
H   92   112                    109145.64117 105236.218  3.58%  46.7    4s
H   96   112                    108714.02115 105236.218  3.20%  46.8    4s
H  100   112                    108650.59836 105236.218  3.14%  46.5    4s
   155   181 105832.792   10   52 108650.598 105236.218  3.14%  42.4    5s
H  214   232                    108650.59834 105236.218  3.14%  38.5    5s
H  225   232                    108395.00249 105236.218  2.91%  37.7    5s
H  308   327                    108349.22976 105236.218  2.87%  34.9    6s
H  311   327                    108346.19995 105236.218  2.87%  34.7    6s
H  314   327                    108333.94912 105236.218  2.86%  34.6    6s
H  316   327                    108333.33444 105236.218  2.86%  34.6    6s
H  479   501                    107751.41683 105236.218  2.33%  29.9    7s
H 1056  1086                    107720.27439 105293.563  2.25%  22.4    8s
H 1161  1167                    107686.97234 105293.563  2.22%  22.2    8s
H 1165  1167                    107614.16334 105293.563  2.16%  22.1    8s
H 1166  1167                    107613.39483 105293.563  2.16%  22.1    8s
H 1167  1167                    107613.29948 105293.563  2.16%  22.1    8s
H 1273  1220                    107613.09884 105293.563  2.16%  22.1    8s
H 1361  1305                    107612.66393 105293.563  2.16%  22.5    8s
* 1363  1305              65    107612.64151 105293.563  2.16%  22.5    8s
H 1525  1237                    106939.42951 105293.563  1.54%  22.2    9s
H 2156  1519                    106778.20364 105327.223  1.36%  20.0    9s
  2197  1555 106502.567   29   36 106778.204 105366.461  1.32%  20.1   10s
H 2310  1473                    106688.14675 105366.461  1.24%  20.2   10s
H 2979  1853                    106662.08345 105366.461  1.21%  19.4   11s
H 3015  1805                    106662.08342 105366.461  1.21%  22.2   14s
H 3017  1716                    106662.08339 105366.461  1.21%  22.2   14s
H 3018  1632                    106657.68240 105366.461  1.21%  22.2   14s
H 3019  1552                    106652.18923 105366.461  1.21%  22.2   14s
  3035  1567 105877.122   15   46 106652.189 105366.461  1.21%  22.3   15s
H 3246  1622                    106595.50486 105366.461  1.15%  22.7   17s
H 3249  1549                    106503.25628 105366.461  1.07%  22.8   17s
H 3259  1478                    106447.59600 105366.461  1.02%  22.8   17s
H 3318  1442                    106447.59598 105366.461  1.02%  22.6   18s
  4381  1983 106304.937   45   23 106447.596 105366.461  1.02%  21.0   21s
H 4396  1917                    106447.59595 105366.461  1.02%  21.0   21s
H 5055  2207                    106447.59594 105366.461  1.02%  19.7   22s
  8901  4839 106075.756   62   21 106447.596 105403.226  0.98%  16.4   25s
H18774 11599                    106439.83932 105520.894  0.86%  13.7   31s
 23963 16871 105537.926   70   21 106439.839 105524.248  0.86%  12.6   35s
 35913 22501     cutoff   66      106439.839 105525.226  0.86%  11.7   40s
H35914 22447                    106436.85187 105525.226  0.86%  11.7   40s
H35958 22447                    106436.85186 105525.226  0.86%  11.7   40s
 44030 28860 106395.997   83    4 106436.852 105525.881  0.86%  11.3   45s
 53158 34945 105526.918   56   19 106436.852 105526.346  0.86%  11.0   51s
 62281 41255     cutoff   88      106436.852 105526.781  0.86%  10.9   55s
 71971 47065 105590.810   83    1 106436.852 105527.081  0.85%  10.7   60s
H81221 50755                    106436.85184 105527.426  0.85%  10.7   64s
H81265 50755                    106436.85181 105527.426  0.85%  10.7   64s
H81744 50755                    106436.85176 105527.426  0.85%  10.7   64s
 81939 51101 105539.648   69   13 106436.852 105527.464  0.85%  10.7   66s
H82054 51077                    106436.17858 105527.464  0.85%  10.7   66s
H82268 50918                    106433.09469 105527.464  0.85%  10.7   66s
 86248 54938 105528.922   56   13 106433.095 105527.583  0.85%  10.8   70s
 97679 62079 105532.632   87    4 106433.095 105527.919  0.85%  10.7   75s
 113605 69964 105758.036   67    8 106433.095 105528.358  0.85%  10.4   81s
 122383 74875     cutoff   62      106433.095 105528.541  0.85%  10.4   85s
H125532 75174                    106432.07832 105528.641  0.85%  10.5   87s
H125653 75112                    106431.16228 105528.641  0.85%  10.5   87s
 130691 79551 105776.001   58   32 106431.162 105528.792  0.85%  10.5   91s
 141728 85754     cutoff   71      106431.162 105529.072  0.85%  10.5   95s
 151655 91461 105531.500   91   17 106431.162 105529.390  0.85%  10.5  100s
 165511 98690 105630.188   63   22 106431.162 105529.745  0.85%  10.4  106s
 175718 103889 105834.159   65   22 106431.162 105530.025  0.85%  10.4  110s
H182038 105401                    106431.16211 105530.186  0.85%  10.4  113s
 182139 106872 105936.337  103    4 106431.162 105530.186  0.85%  10.4  115s
 194625 113871 105867.576   91    5 106431.162 105530.426  0.85%  10.4  121s
 204305 118763     cutoff   68      106431.162 105530.641  0.85%  10.4  125s
 217475 126276 106187.586   72    1 106431.162 105530.949  0.85%  10.4  130s
 230677 131825 106429.503   53   21 106431.162 105531.174  0.85%  10.3  136s
H230820 131825                    106431.16185 105531.182  0.85%  10.3  136s
H230919 131825                    106431.16089 105531.182  0.85%  10.3  136s
H233044 132809                    106431.16001 105531.199  0.85%  10.3  138s
 236382 135841     cutoff   90      106431.160 105531.312  0.85%  10.4  141s
 246464 141390     cutoff   91      106431.160 105531.503  0.85%  10.4  145s
 259443 148284 105547.828   72    7 106431.160 105531.736  0.85%  10.3  150s
 272762 154396 105960.047   75    3 106431.160 105532.027  0.84%  10.3  155s
 284458 158895 105579.719   94    3 106431.160 105532.222  0.84%  10.2  161s
H284664 158895                    106431.15997 105532.222  0.84%  10.2  161s
 290165 163427 105793.909   70   19 106431.160 105532.352  0.84%  10.2  165s
 302703 169164 105962.074   74    3 106431.160 105532.529  0.84%  10.3  171s
 311734 173532 106277.059   87    6 106431.160 105532.654  0.84%  10.3  175s
 324817 180196 105548.796   78    6 106431.160 105532.831  0.84%  10.3  180s
 337016 186602 106225.018   90    1 106431.160 105533.067  0.84%  10.3  186s
H340292 187001                    106431.15990 105533.102  0.84%  10.3  188s
 340952 194836 106194.678   87    1 106431.160 105533.112  0.84%  10.3  194s
 356222 196759 105539.174   68   11 106431.160 105533.327  0.84%  10.3  196s
 367024 201734 105551.848   75   13 106431.160 105533.571  0.84%  10.3  200s
 378712 207014 105675.948   88    5 106431.160 105533.772  0.84%  10.3  205s
 389887 212797 106341.277   93    1 106431.160 105533.945  0.84%  10.3  210s
H393727 212995                    106431.15986 105534.000  0.84%  10.3  212s
 397564 216290 105777.786   56   14 106431.160 105534.064  0.84%  10.3  215s
 410803 223175     cutoff   81      106431.160 105534.304  0.84%  10.3  221s
 420618 227982 105591.492   62   15 106431.160 105534.449  0.84%  10.3  225s
 433407 232706 105851.929   54   14 106431.160 105534.615  0.84%  10.3  230s
H433416 232706                    106431.15985 105534.615  0.84%  10.3  230s
H433467 232106                    106428.45564 105534.615  0.84%  10.3  230s
H433758 232910                    106428.45555 105534.628  0.84%  10.3  232s
 435094 236275 106341.978   74   10 106428.456 105534.649  0.84%  10.3  235s
H445787 238841                    106428.45522 105534.807  0.84%  10.3  239s
H446426 238841                    106428.45384 105534.807  0.84%  10.3  239s
 446662 240733 105607.953   83    1 106428.454 105534.809  0.84%  10.3  240s
 457276 245441 105580.602   83    4 106428.454 105535.010  0.84%  10.3  245s
 470195 251601 105536.349   75    6 106428.454 105535.187  0.84%  10.3  251s
 480177 256535     cutoff   99      106428.454 105535.386  0.84%  10.3  255s
 490574 261619 106357.055   78    4 106428.454 105535.508  0.84%  10.3  260s
 504152 268274 105879.525   55   17 106428.454 105535.729  0.84%  10.3  266s
 514153 274276 105541.302   64   18 106428.454 105535.836  0.84%  10.3  270s
 529567 282448     cutoff   88      106428.454 105535.997  0.84%  10.3  276s
 537604 286718 105649.310   55   35 106428.454 105536.124  0.84%  10.3  280s
 550730 292978 106000.592   91    1 106428.454 105536.327  0.84%  10.3  286s
 560881 297935     cutoff   83      106428.454 105536.451  0.84%  10.3  290s
 573193 304034 105549.932   63   14 106428.454 105536.680  0.84%  10.3  295s
 585775 309408 105930.384   78    9 106428.454 105536.844  0.84%  10.3  300s

Explored 587829 nodes (6056715 simplex iterations) in 300.23 seconds (321.72 work units)
Thread count was 20 (of 80 available processors)

Solution count 10: 106428 106428 106431 ... 106596

Time limit reached
Best objective 1.064284538201e+05, best bound 1.055368526370e+05, gap 0.8377%

User-callback calls 1189196, time in user-callback 0.57 sec
