
Gurobi 11.0.3 (linux64) logging started Mon 18 Nov 2024 09:29:23 PM CST

Set parameter LogFile to value "/home/dlcole3/graph_abstraction/hierarchical_graphs/git_storage/CS1/HP_low_reserves/gurobi_logs/serial/logfile_ST12_5.log"

Gurobi 11.0.3 (linux64) logging started Mon 18 Nov 2024 09:41:08 PM CST

Set parameter LogFile to value "/home/dlcole3/graph_abstraction/hierarchical_graphs/git_storage/CS1/HP_low_reserves/gurobi_logs/serial/logfile_ST12_5.log"
Gurobi Optimizer version 11.0.3 build v11.0.3rc0 (linux64 - "Ubuntu 18.04.3 LTS")

CPU model: Intel(R) Xeon(R) CPU E5-2698 v4 @ 2.20GHz, instruction set [SSE2|AVX|AVX2]
Thread count: 40 physical cores, 80 logical processors, using up to 20 threads

Optimize a model with 29168 rows, 50688 columns and 136175 nonzeros
Model fingerprint: 0x2f535754
Variable types: 46944 continuous, 3744 integer (3744 binary)
Coefficient statistics:
  Matrix range     [6e-01, 2e+04]
  Objective range  [2e+00, 2e+04]
  Bounds range     [5e-02, 2e+05]
  RHS range        [5e-02, 7e+03]
Presolve removed 14509 rows and 38953 columns
Presolve time: 0.34s
Presolved: 14659 rows, 11735 columns, 62804 nonzeros
Variable types: 8695 continuous, 3040 integer (3040 binary)
Found heuristic solution: objective 2498808.3355
Found heuristic solution: objective 2382778.3439

Root relaxation: objective 9.248434e+04, 7983 iterations, 0.42 seconds (0.33 work units)

    Nodes    |    Current Node    |     Objective Bounds      |     Work
 Expl Unexpl |  Obj  Depth IntInf | Incumbent    BestBd   Gap | It/Node Time

     0     0 92484.3366    0   36 2382778.34 92484.3366  96.1%     -    1s
H    0     0                    291030.42710 92484.3366  68.2%     -    1s
H    0     0                    219525.03742 92608.9958  57.8%     -    1s
     0     0 92608.9958    0   51 219525.037 92608.9958  57.8%     -    1s
H    0     0                    212324.50367 92609.0368  56.4%     -    1s
     0     0 92644.5845    0   59 212324.504 92644.5845  56.4%     -    2s
     0     0 92644.6253    0   59 212324.504 92644.6253  56.4%     -    2s
     0     0 92644.6253    0   59 212324.504 92644.6253  56.4%     -    2s
H    0     0                    196844.23924 92644.6253  52.9%     -    2s
     0     2 92644.6253    0   59 196844.239 92644.6253  52.9%     -    2s
H   32    52                    182013.40151 92779.8912  49.0%  70.7    3s
H   99   112                    157164.89713 92779.9903  41.0%  75.0    4s
H  110   112                    153749.28474 92779.9903  39.7%  87.0    4s
H  158   179                    148535.49121 92779.9903  37.5%  89.3    5s
H  159   179                    141839.77713 92779.9903  34.6%  88.8    5s
H  160   179                    113334.16115 92779.9903  18.1%  88.6    5s
   212   233 93871.5067   12   45 113334.161 92779.9903  18.1%  86.2   10s
H  213   233                    94991.759336 92779.9903  2.33%  85.8   10s
H 1326  1001                    94923.718723 92779.9903  2.26%  45.6   13s
H 1328  1001                    94916.256537 92779.9903  2.25%  45.6   13s
H 1361  1001                    94910.781277 92779.9903  2.25%  44.9   13s
H 1375  1061                    94756.553674 92779.9903  2.09%  44.8   14s
H 1407  1061                    94752.399757 92779.9903  2.08%  44.3   14s
  1826  1163 94617.1200    7   57 94752.3998 92782.7465  2.08%  44.1   15s
H 1849  1163                    94741.121317 92782.7465  2.07%  43.7   15s
  1972  1148 93582.8519    7   62 94741.1213 92782.7465  2.07%  44.1   21s
H 1975  1145                    94659.543873 92782.7465  1.98%  44.0   21s
H 2865  1403                    94610.269004 92978.5552  1.72%  41.7   22s
H 2866  1403                    94610.149100 92978.5552  1.72%  41.7   22s
H 3374  1562                    94607.958550 93100.4123  1.59%  40.9   23s
H 3497  1547                    94603.821393 93100.4123  1.59%  40.7   25s
H 3500  1470                    94603.821042 93100.4123  1.59%  40.7   27s
H 3606  1466                    94603.821022 93100.4123  1.59%  43.4   29s
H 3612  1394                    94603.820993 93100.4123  1.59%  43.5   29s
H 3618  1326                    94603.820911 93100.4123  1.59%  43.5   29s
H 3624  1260                    94603.820419 93100.4123  1.59%  43.5   29s
  3651  1281 94538.4529   24   28 94603.8204 93100.4123  1.59%  43.5   30s
H 3780  1253                    94598.951892 93100.4123  1.58%  44.3   32s
H 3782  1195                    94577.765592 93100.4123  1.56%  44.3   32s
H 3799  1136                    94565.359397 93100.4123  1.55%  44.5   32s
H 4723  1321                    94524.348720 93100.4123  1.51%  44.4   34s
  5301  1439 94245.8354   35   38 94524.3487 93100.4123  1.51%  42.6   35s
H 5736  1343                    94524.097133 93100.4123  1.51%  41.8   36s
H 5780  1294                    94524.097040 93100.4123  1.51%  41.9   37s
  8296  2502 94336.8516   33   46 94524.0970 93242.9205  1.36%  39.4   40s
 13561  4777     cutoff   29      94524.0970 93522.5926  1.06%  36.5   45s
 19268  7034 94413.5778   30   37 94524.0970 93708.4567  0.86%  34.2   50s
H19281  7034                    94524.096810 93708.4567  0.86%  34.2   50s
H21104  8013                    94524.096213 93733.3811  0.84%  33.0   52s
H21116  8013                    94524.095857 93733.3811  0.84%  33.0   52s
H21123  8013                    94524.095274 93733.3811  0.84%  33.0   52s
 22724  8982 94275.0263   71   16 94524.0953 93741.3933  0.83%  32.1   55s
 30510 11580 94291.5524   84    9 94524.0953 93859.7198  0.70%  29.7   60s
 36627 12890     cutoff   29      94524.0953 93989.9239  0.57%  28.8   65s
 42766 15156 94389.9335   46   34 94524.0953 94060.1492  0.49%  27.6   70s
 48716 18347 94390.2383   36   43 94524.0953 94151.3935  0.39%  26.6   97s
 53609 19462 94321.3535   61    8 94524.0953 94177.9171  0.37%  25.7  100s
 63258 21782 94341.5671   81    9 94524.0953 94226.6421  0.31%  24.5  106s

Cutting planes:
  Gomory: 21
  MIR: 12
  Flow cover: 5
  Relax-and-lift: 1

Explored 66115 nodes (1596646 simplex iterations) in 107.93 seconds (99.99 work units)
Thread count was 20 (of 80 available processors)

Solution count 10: 94524.1 94524.1 94565.4 ... 94741.1

Optimal solution found (tolerance 3.00e-03)
Best objective 9.452409713281e+04, best bound 9.424590363521e+04, gap 0.2943%

User-callback calls 152599, time in user-callback 0.05 sec
