
Gurobi 11.0.3 (linux64) logging started Mon 18 Nov 2024 11:07:26 PM CST

Set parameter LogFile to value "/home/dlcole3/graph_abstraction/hierarchical_graphs/git_storage/CS1/HP_low_reserves/gurobi_logs/serial/logfile_ST20_4.log"

Gurobi 11.0.3 (linux64) logging started Mon 18 Nov 2024 11:12:46 PM CST

Set parameter LogFile to value "/home/dlcole3/graph_abstraction/hierarchical_graphs/git_storage/CS1/HP_low_reserves/gurobi_logs/serial/logfile_ST20_4.log"
Gurobi Optimizer version 11.0.3 build v11.0.3rc0 (linux64 - "Ubuntu 18.04.3 LTS")

CPU model: Intel(R) Xeon(R) CPU E5-2698 v4 @ 2.20GHz, instruction set [SSE2|AVX|AVX2]
Thread count: 40 physical cores, 80 logical processors, using up to 20 threads

Optimize a model with 29168 rows, 50688 columns and 136175 nonzeros
Model fingerprint: 0xaa25c01f
Variable types: 46944 continuous, 3744 integer (3744 binary)
Coefficient statistics:
  Matrix range     [6e-01, 2e+04]
  Objective range  [2e+00, 2e+04]
  Bounds range     [5e-02, 2e+05]
  RHS range        [5e-02, 7e+03]
Presolve removed 14058 rows and 38695 columns
Presolve time: 0.37s
Presolved: 15110 rows, 11993 columns, 64535 nonzeros
Variable types: 8919 continuous, 3074 integer (3074 binary)
Found heuristic solution: objective 2331370.3235

Root relaxation: objective 1.384379e+05, 8830 iterations, 0.54 seconds (0.45 work units)

    Nodes    |    Current Node    |     Objective Bounds      |     Work
 Expl Unexpl |  Obj  Depth IntInf | Incumbent    BestBd   Gap | It/Node Time

     0     0 138437.949    0   64 2331370.32 138437.949  94.1%     -    1s
H    0     0                    2331370.3225 138437.949  94.1%     -    1s
H    0     0                    242837.04209 138437.949  43.0%     -    1s
     0     0 138437.949    0   64 242837.042 138437.949  43.0%     -    2s
H    0     0                    206347.07514 138451.911  32.9%     -    2s
H    0     0                    148036.54193 138461.125  6.47%     -    2s
     0     0 138461.125    0   87 148036.542 138461.125  6.47%     -    2s
     0     0 138465.794    0   84 148036.542 138465.794  6.47%     -    2s
     0     0 138465.794    0  101 148036.542 138465.794  6.47%     -    2s
H    0     0                    148036.54185 138465.794  6.47%     -    2s
     0     0 138465.794    0  101 148036.542 138465.794  6.47%     -    3s
H    0     0                    147875.49020 138471.798  6.36%     -    3s
     0     2 138471.798    0  101 147875.490 138471.798  6.36%     -    3s
H   34    52                    147875.48693 138572.051  6.29%  77.4    4s
H   39    52                    147864.45285 138572.051  6.28%  69.7    4s
H   44    52                    147850.86293 138594.745  6.26%  73.2    4s
    71    92 138701.992    7   69 147850.863 138642.238  6.23%  69.9    5s
H   97   112                    141281.75094 138642.238  1.87%  64.6    5s
H  546   460                    140096.35117 138642.238  1.04%  38.5    7s
H  627   471                    140082.75842 138642.238  1.03%  36.3    7s
H  743   525                    139871.09071 138642.238  0.88%  34.3   11s
H  744   525                    139739.39887 138642.238  0.79%  34.2   11s
H  746   525                    139739.39872 138642.238  0.79%  34.2   11s
H  758   525                    139726.35833 138642.238  0.78%  34.3   11s
H  954   624                    139726.35763 138642.238  0.78%  31.5   12s
   972   673 139560.167   43   53 139726.358 138642.238  0.78%  31.4   18s
  1083   679 139565.316   47   41 139726.358 138642.238  0.78%  29.9   20s
H 1088   679                    139726.35749 138642.238  0.78%  29.8   20s
H 1109   679                    139726.35714 138642.238  0.78%  29.8   20s
H 2126  1086                    139726.35709 138937.698  0.56%  23.7   22s
  3682  1575 139683.376   58  101 139726.357 139031.726  0.50%  20.7   26s
  3992  1595 139346.099   26   37 139726.357 139031.726  0.50%  23.5   31s
H 4128  1512                    139726.35706 139031.726  0.50%  23.4   31s
H 4131  1436                    139726.35699 139031.726  0.50%  23.4   31s
H 5209  1457                    139722.64484 139048.593  0.48%  21.9   34s
H 5229  1383                    139722.57597 139048.593  0.48%  21.9   34s
  5528  1438     cutoff   21      139722.576 139186.301  0.38%  21.5   35s
* 5943  1339              70    139722.56419 139226.583  0.35%  21.1   35s

Explored 7648 nodes (160099 simplex iterations) in 36.64 seconds (32.70 work units)
Thread count was 20 (of 80 available processors)

Solution count 10: 139723 139723 139723 ... 141282

Optimal solution found (tolerance 3.00e-03)
Best objective 1.397225641913e+05, best bound 1.393106098345e+05, gap 0.2948%

User-callback calls 26076, time in user-callback 0.03 sec
