
Gurobi 11.0.3 (linux64) logging started Mon 18 Nov 2024 10:36:54 PM CST

Set parameter LogFile to value "/home/dlcole3/graph_abstraction/hierarchical_graphs/git_storage/CS1/HP_low_reserves/gurobi_logs/serial/logfile_ST18_2.log"

Gurobi 11.0.3 (linux64) logging started Mon 18 Nov 2024 10:38:03 PM CST

Set parameter LogFile to value "/home/dlcole3/graph_abstraction/hierarchical_graphs/git_storage/CS1/HP_low_reserves/gurobi_logs/serial/logfile_ST18_2.log"
Gurobi Optimizer version 11.0.3 build v11.0.3rc0 (linux64 - "Ubuntu 18.04.3 LTS")

CPU model: Intel(R) Xeon(R) CPU E5-2698 v4 @ 2.20GHz, instruction set [SSE2|AVX|AVX2]
Thread count: 40 physical cores, 80 logical processors, using up to 20 threads

Optimize a model with 29168 rows, 50688 columns and 136175 nonzeros
Model fingerprint: 0x45b7d8d7
Variable types: 46944 continuous, 3744 integer (3744 binary)
Coefficient statistics:
  Matrix range     [6e-01, 2e+04]
  Objective range  [2e+00, 2e+04]
  Bounds range     [5e-02, 2e+05]
  RHS range        [4e-02, 7e+03]
Presolve removed 13998 rows and 38472 columns
Presolve time: 0.37s
Presolved: 15170 rows, 12216 columns, 63960 nonzeros
Variable types: 9272 continuous, 2944 integer (2944 binary)
Found heuristic solution: objective 716631.90120
Found heuristic solution: objective 706406.94855

Root relaxation: objective 6.047169e+04, 8740 iterations, 0.44 seconds (0.33 work units)

    Nodes    |    Current Node    |     Objective Bounds      |     Work
 Expl Unexpl |  Obj  Depth IntInf | Incumbent    BestBd   Gap | It/Node Time

     0     0 60471.6881    0   35 706406.949 60471.6881  91.4%     -    1s
H    0     0                    268301.33466 60471.6881  77.5%     -    1s
     0     0 60471.6881    0   40 268301.335 60471.6881  77.5%     -    1s
     0     0 60471.6881    0   35 268301.335 60471.6881  77.5%     -    2s
     0     0 60496.9563    0   40 268301.335 60496.9563  77.5%     -    2s
     0     0 60496.9563    0   40 268301.335 60496.9563  77.5%     -    2s
     0     2 60496.9563    0   35 268301.335 60496.9563  77.5%     -    2s
H   31    52                    63903.981372 60715.2262  4.99%  42.1    3s
H  204   224                    62461.551130 60806.9452  2.65%  42.9    4s
H  207   224                    61887.378477 60806.9452  1.75%  42.5    4s
H  221   224                    61887.278545 60806.9452  1.75%  43.2    4s
   372   292     cutoff   10      61887.2785 60976.8789  1.47%  33.6    5s
H  377   292                    61873.910339 60976.8789  1.45%  33.5    5s
H  552   393                    61821.365218 60976.8789  1.37%  28.0    5s
H  678   477                    61821.265122 60976.9262  1.37%  24.9    9s
H  679   477                    61807.369237 60976.9262  1.34%  25.0    9s
H  691   477                    61798.059261 60976.9262  1.33%  24.6    9s
  1048   770 61254.1988   23   16 61798.0593 60976.9262  1.33%  18.8   10s
H 1704   942                    61798.059169 60976.9262  1.33%  17.5   11s
H 1708   942                    61798.059127 60976.9262  1.33%  17.5   11s
H 2471  1194                    61798.058833 61085.4349  1.15%  17.3   13s
H 2567  1254                    61797.691992 61085.4349  1.15%  17.3   13s
* 3796  1641              49    61792.058266 61256.9936  0.87%  15.8   14s
  3852  1761 61781.8119   18   21 61792.0583 61261.9925  0.86%  15.8   15s
H 4148  1678                    61785.766900 61263.1131  0.85%  15.3   17s
  4227  1690 61263.1131   18   17 61785.7669 61263.1131  0.85%  17.0   20s
H 4247  1611                    61785.766889 61263.1131  0.85%  17.1   20s
H 4248  1532                    61785.766882 61263.1131  0.85%  17.1   20s
H 4249  1456                    61785.766868 61263.1131  0.85%  17.1   20s
H 4252  1384                    61785.766857 61263.1131  0.85%  17.1   20s
H 4254  1315                    61785.766279 61263.1131  0.85%  17.1   20s
H 4587  1291                    61785.766150 61263.1131  0.85%  17.2   22s
H 4593  1228                    61785.766066 61263.1131  0.85%  17.2   22s
H 4596  1168                    61784.297834 61263.1131  0.84%  17.2   22s
H 4602  1122                    61784.297820 61263.1131  0.84%  17.2   22s
H 4603  1069                    61784.297812 61263.1131  0.84%  17.2   22s
H 4615  1015                    61784.297801 61263.1131  0.84%  17.2   22s
H 5728  1269                    61779.259896 61263.1131  0.84%  15.9   24s
H 5729  1223                    61779.259876 61263.1131  0.84%  15.9   24s
H 5732  1179                    61766.739722 61263.1131  0.82%  15.9   24s
  5888  1348 61465.0616   59    5 61766.7397 61263.1131  0.82%  15.7   25s
H 6831  1581                    61765.888278 61263.1131  0.81%  14.7   25s
H 6832  1581                    61765.887807 61263.1131  0.81%  14.7   25s
H 6835  1571                    61753.749274 61263.1131  0.79%  14.7   25s
H10652  4027                    61747.596193 61263.1131  0.78%  12.6   28s
*10910  4248              84    61747.153391 61263.1131  0.78%  12.7   28s
 13903  6676 61263.1131   27    4 61747.1534 61263.1131  0.78%  12.6   30s
 24113 13560     cutoff   62      61747.1534 61263.1131  0.78%  12.1   35s
H26010 13564                    61744.539575 61263.1131  0.78%  12.2   36s
H26025 13555                    61743.109431 61263.1131  0.78%  12.3   36s
 30584 15518 61263.1131   41    4 61743.1094 61263.1131  0.78%  12.3   40s
H30635 15518                    61743.109384 61263.1131  0.78%  12.3   40s
H30636 15518                    61743.109338 61263.1131  0.78%  12.3   40s
H34659 18222                    61743.109299 61263.1131  0.78%  12.2   43s
H35220 18222                    61743.109046 61263.1131  0.78%  12.2   43s
 37090 20724 61380.0867   43   17 61743.1090 61263.1131  0.78%  12.2   45s
 46443 25402 61427.4556   52    7 61743.1090 61263.1131  0.78%  12.3   50s
H49034 25402                    61743.009484 61263.1131  0.78%  12.3   51s
H49078 24148                    61743.009431 61263.1131  0.78%  12.5   54s
H49084 22939                    61743.009373 61263.1131  0.78%  12.5   54s
H49087 21792                    61743.009176 61263.1131  0.78%  12.5   54s
 49232 21826 61263.1131   32    9 61743.0092 61263.1131  0.78%  12.5   55s
H49786 20844                    61743.009059 61263.1131  0.78%  12.5   58s
H49788 19808                    61743.008532 61263.1131  0.78%  12.5   58s
H49791 18824                    61743.007319 61263.1131  0.78%  12.5   58s
H49801 17887                    61726.893638 61263.1131  0.75%  12.5   58s
H49805 16998                    61725.463493 61263.1131  0.75%  12.5   58s
H49918 16212                    61725.463487 61263.1131  0.75%  12.5   58s
H49919 15411                    61725.463478 61263.1131  0.75%  12.5   58s
H49923 14649                    61725.463431 61263.1131  0.75%  12.5   58s
 51064 14897 61708.7596   78    4 61725.4634 61263.1131  0.75%  12.5   61s
H51071 14171                    61725.462546 61263.1131  0.75%  12.5   61s
 58179 16579 61381.6160   92    1 61725.4625 61263.1131  0.75%  12.0   65s
H60384 16319                    61725.462457 61263.1131  0.75%  11.9   66s
H60419 15655                    61725.462435 61263.1131  0.75%  11.9   66s
H60438 15029                    61725.461972 61263.1131  0.75%  11.9   66s
 67037 17483     cutoff   91      61725.4620 61263.1131  0.75%  11.7   70s
 72782 18906 61313.2866   68   14 61725.4620 61263.1131  0.75%  11.5   78s
 75126 18712 61667.0705   75    4 61725.4620 61263.1131  0.75%  11.5   80s
H75129 18123                    61725.363561 61263.1131  0.75%  11.5   80s
H76270 17741                    61725.363544 61263.1131  0.75%  11.5   82s
 79716 18112 61263.1131   61    5 61725.3635 61263.1131  0.75%  11.6   85s
 88936 21913 61398.9899   70   13 61725.3635 61263.1131  0.75%  11.7   90s
 99072 26702 61544.5678   81    1 61725.3635 61263.1131  0.75%  11.5   95s
 110014 31708 61364.8186   63   20 61725.3635 61263.1131  0.75%  11.2  100s
H112407 31818                    61725.363533 61263.1131  0.75%  11.2  102s
H112413 31818                    61725.363359 61263.1131  0.75%  11.2  102s
H112642 31989                    61725.363346 61263.1131  0.75%  11.2  103s
H112968 31989                    61725.363326 61263.1131  0.75%  11.2  103s
 115436 33661 61263.1131   69   13 61725.3633 61263.1131  0.75%  11.1  105s
 124550 37539 61352.5175   55   20 61725.3633 61263.1131  0.75%  11.0  110s
 135680 41876 61263.1131   64   13 61725.3633 61263.1131  0.75%  10.9  115s
H142731 44561                    61723.342192 61263.1131  0.75%  10.8  118s
*142733 44429              80    61720.349994 61263.1131  0.74%  10.8  118s
H142739 44231                    61717.369797 61263.1131  0.74%  10.8  118s
H142740 44179                    61716.408968 61263.1131  0.73%  10.8  118s
 144587 44395 61712.7734   78   13 61716.4090 61263.1131  0.73%  10.8  122s
H144608 44380                    61716.309036 61263.1131  0.73%  10.8  122s
 144980 53315 61374.6036   71    9 61716.3090 61263.1131  0.73%  10.8  130s
*150367 53094              91    61712.467944 61263.1131  0.73%  10.6  130s
H163939 53269                    61712.467642 61263.1131  0.73%  10.4  132s
 169169 57138 61304.7995   74   13 61712.4676 61263.1131  0.73%  10.4  135s
*172439 59163              94    61712.368011 61263.1131  0.73%  10.3  136s
H175498 59907                    61712.367792 61263.1131  0.73%  10.2  138s
 180362 64685 61487.4947   71    3 61712.3678 61263.1131  0.73%  10.1  140s
 194213 75249 61263.1131   69    8 61712.3678 61263.1131  0.73%   9.9  145s
 207330 81800 61263.1131   74    4 61712.3678 61263.1131  0.73%   9.6  150s
H207770 81800                    61712.367728 61263.1131  0.73%   9.6  150s
H208773 81800                    61712.366812 61263.1131  0.73%   9.6  150s
 219664 91850 61440.5970   75    1 61712.3668 61263.1131  0.73%   9.5  155s
 233093 99217 61263.1131   76   16 61712.3668 61263.1131  0.73%   9.4  160s
H243184 103672                    61712.366292 61263.1131  0.73%   9.3  163s
 243493 105607 61263.1131   63    9 61712.3663 61263.1131  0.73%   9.3  165s
 257088 112025 61697.7794   83    2 61712.3663 61263.1131  0.73%   9.2  171s
 266430 116853 61657.3672   61   19 61712.3663 61263.1131  0.73%   9.1  175s
H276770 120934                    61712.366284 61263.1131  0.73%   9.1  179s
H277856 120934                    61712.366266 61263.1131  0.73%   9.1  179s
H278034 120934                    61712.366226 61263.1131  0.73%   9.1  179s
 278110 122173 61663.3868   81    2 61712.3662 61263.1131  0.73%   9.1  180s
 291380 128000 61263.1131   84    1 61712.3662 61263.1131  0.73%   9.0  186s
 301737 134056 61439.1334   59   12 61712.3662 61263.1131  0.73%   8.9  190s
H312127 138806                    61712.366191 61263.1131  0.73%   8.9  193s
 313227 139223     cutoff   84      61712.3662 61263.1131  0.73%   8.9  195s
 320939 143086 61263.1131   76    3 61712.3662 61263.1131  0.73%   8.9  200s
 333594 148248 61263.1131   69   12 61712.3662 61263.1131  0.73%   8.8  205s
 341772 152557 61263.1131   57   13 61712.3662 61263.1131  0.73%   8.8  211s
H351086 153945                    61712.366165 61263.1131  0.73%   8.8  214s
 352173 154362 61305.8343   79    3 61712.3662 61263.1131  0.73%   8.8  216s
 362928 156209 61402.1233   56   12 61712.3662 61263.1131  0.73%   8.7  221s
 371215 160032 61263.1131   61   11 61712.3662 61263.1131  0.73%   8.7  225s
 385216 166836 61263.1131   69    1 61712.3662 61263.1131  0.73%   8.6  230s
 398444 174766 61697.9665   79    3 61712.3662 61263.1131  0.73%   8.6  235s
 414296 183901 61263.1131   60   13 61712.3662 61263.1131  0.73%   8.5  241s
 427448 191235 61664.1890   61   21 61712.3662 61263.1131  0.73%   8.5  245s
 441134 198243 61263.1131   63   19 61712.3662 61263.1131  0.73%   8.5  250s
 453518 204961 61417.4431   66    7 61712.3662 61263.1131  0.73%   8.4  255s
 463654 210649 61263.1131   59    6 61712.3662 61263.1131  0.73%   8.4  261s
 473520 214093 61263.1131   64   17 61712.3662 61263.1131  0.73%   8.4  265s
 488123 221023 61705.0059   86   13 61712.3662 61263.1131  0.73%   8.4  270s
 502463 228935 61263.1131   57   18 61712.3662 61263.1131  0.73%   8.4  275s
 516104 236514 61476.9102   59    3 61712.3662 61263.1131  0.73%   8.3  280s
 530639 243158 61479.6921   67    5 61712.3662 61263.1131  0.73%   8.3  286s
 533438 243182 61378.6835   69    1 61712.3662 61263.1131  0.73%   8.3  290s
H533446 243181                    61712.363494 61263.1131  0.73%   8.3  291s
 533491 251868 61378.6835   70    1 61712.3635 61263.1131  0.73%   8.3  299s

Cutting planes:
  Gomory: 2

Explored 553511 nodes (4574587 simplex iterations) in 300.24 seconds (280.94 work units)
Thread count was 20 (of 80 available processors)

Solution count 10: 61712.4 61712.4 61712.5 ... 61743

Time limit reached
Best objective 6.171236350408e+04, best bound 6.126311306448e+04, gap 0.7280%

User-callback calls 1127985, time in user-callback 0.70 sec
