
Gurobi 11.0.3 (linux64) logging started Tue 19 Nov 2024 12:24:50 AM CST

Set parameter LogFile to value "/home/dlcole3/graph_abstraction/hierarchical_graphs/git_storage/CS1/HP_low_reserves/gurobi_logs/serial/logfile_ST25_2.log"

Gurobi 11.0.3 (linux64) logging started Tue 19 Nov 2024 12:26:31 AM CST

Set parameter LogFile to value "/home/dlcole3/graph_abstraction/hierarchical_graphs/git_storage/CS1/HP_low_reserves/gurobi_logs/serial/logfile_ST25_2.log"
Gurobi Optimizer version 11.0.3 build v11.0.3rc0 (linux64 - "Ubuntu 18.04.3 LTS")

CPU model: Intel(R) Xeon(R) CPU E5-2698 v4 @ 2.20GHz, instruction set [SSE2|AVX|AVX2]
Thread count: 40 physical cores, 80 logical processors, using up to 20 threads

Optimize a model with 29168 rows, 50688 columns and 136175 nonzeros
Model fingerprint: 0x74ac691f
Variable types: 46944 continuous, 3744 integer (3744 binary)
Coefficient statistics:
  Matrix range     [6e-01, 2e+04]
  Objective range  [2e+00, 2e+04]
  Bounds range     [5e-02, 2e+05]
  RHS range        [9e-03, 7e+03]
Presolve removed 14629 rows and 39013 columns
Presolve time: 0.39s
Presolved: 14539 rows, 11675 columns, 62707 nonzeros
Variable types: 8595 continuous, 3080 integer (3080 binary)
Found heuristic solution: objective 7260931.2617
Found heuristic solution: objective 7118800.2358
Found heuristic solution: objective 6263526.8671

Root relaxation: objective 2.001899e+05, 7781 iterations, 0.44 seconds (0.35 work units)

    Nodes    |    Current Node    |     Objective Bounds      |     Work
 Expl Unexpl |  Obj  Depth IntInf | Incumbent    BestBd   Gap | It/Node Time

     0     0 200189.897    0   36 6263526.87 200189.897  96.8%     -    1s
H    0     0                    433043.45186 200189.897  53.8%     -    1s
     0     0 200190.352    0   36 433043.452 200190.352  53.8%     -    1s
     0     2 200190.352    0   36 433043.452 200190.352  53.8%     -    2s
H   31    52                    236758.41226 200445.299  15.3%   152    3s
H   34    52                    229876.89562 200445.299  12.8%   153    3s
H   96   112                    222442.85307 200445.299  9.89%  98.1    3s
H   98   112                    211139.28793 200445.299  5.06%  97.9    3s
H  101   112                    206458.72873 200445.299  2.91%  98.3    3s
H  102   112                    204057.05533 200445.299  1.77%  97.3    3s
H  581   325                    204031.12431 200445.299  1.76%  56.0    4s
H  652   374                    202679.91080 200506.750  1.07%  55.2    4s
H  719   339                    202648.68231 200506.750  1.06%  53.3    5s
H  721   339                    202636.85527 200506.750  1.05%  53.5    5s
H  745   339                    202577.24120 200506.750  1.02%  53.5    5s
H  880   399                    202564.26589 200738.180  0.90%  49.5    5s
H  888   399                    202497.62100 200738.180  0.87%  49.2    5s
H 1088   537                    202429.87717 200738.180  0.84%  44.2    5s
H 1295   574                    202398.98650 200738.180  0.82%  41.9    6s
H 1298   574                    202397.16619 200738.180  0.82%  41.8    6s
H 1377   628                    202396.41562 200738.180  0.82%  40.6    6s
H 1467   662                    202396.41368 200738.180  0.82%  39.4    6s
H 1469   662                    202395.56501 200738.180  0.82%  39.3    6s
H 1470   662                    202393.58331 200738.180  0.82%  39.3    6s
H 1552   713                    202392.88463 200738.180  0.82%  38.4    6s
* 1655   770              84    202391.72502 200738.180  0.82%  37.4    6s
H 1908   893                    202218.40165 200738.180  0.73%  35.6    7s
H 1946   894                    202200.38883 200738.352  0.72%  35.3    9s
H 1952   894                    202182.13349 200738.395  0.71%  35.2    9s
H 1973   894                    201909.75872 200738.395  0.58%  35.2    9s
  1982   841 200738.397    9   43 201909.759 200738.397  0.58%  35.1   10s
H 2505   901                    201909.73738 200738.426  0.58%  33.0   11s
H 2506   901                    201906.03699 200738.426  0.58%  33.0   11s
H 2582   939                    201905.81714 200738.426  0.58%  33.0   11s
H 2583   939                    201905.31287 200738.426  0.58%  32.9   11s
H 2702   955                    201904.34358 200738.426  0.58%  32.7   11s
* 2705   955              66    201904.29558 200738.426  0.58%  32.7   11s
H 3709  1081                    201872.64203 200826.072  0.52%  31.8   13s
H 3716  1081                    201872.43953 200826.072  0.52%  31.7   13s
H 3901  1058                    201872.31432 200826.072  0.52%  31.5   13s
H 3907  1058                    201871.91857 200826.072  0.52%  31.5   13s
H 3908  1058                    201871.52283 200826.072  0.52%  31.4   13s
* 3909  1058              71    201871.44140 200826.072  0.52%  31.4   13s
H 4026  1074                    201865.70117 200826.072  0.52%  31.1   13s
H 4090  1074                    201855.60597 200826.072  0.51%  31.2   13s
H 4093  1074                    201851.60254 200826.072  0.51%  31.2   13s
* 4319  1024              66    201851.55454 200913.925  0.46%  30.8   13s
  5512   976 201756.797   30   30 201851.555 200933.307  0.45%  30.4   16s
H 5936  1329                    201801.59667 200938.801  0.43%  29.8   17s
H 5940  1329                    201792.97667 200938.801  0.42%  29.8   17s
H 6420   253                    201778.90387 200938.801  0.42%  28.3   18s
  6423   202 201768.534   29   32 201778.904 200938.801  0.42%  28.3   20s
H 6549   213                    201778.90381 200938.801  0.42%  30.0   24s
H 6553   203                    201778.90343 200938.801  0.42%  30.0   24s
  6683   209 200938.801   30   37 201778.903 200938.801  0.42%  30.3   25s
H 6923   163                    201778.90339 200938.801  0.42%  30.5   26s
H 6928   162                    201773.71668 200938.801  0.41%  30.5   29s
  7488   337 200960.782   33   38 201773.717 200938.801  0.41%  30.6   30s
H 7980   427                    201773.71642 200938.801  0.41%  30.8   32s
H 7995   427                    201772.59630 200938.801  0.41%  30.8   32s
H 8007   427                    201766.26522 200938.801  0.41%  30.7   32s
H 8810   593                    201766.26515 200938.801  0.41%  30.9   34s
  9231   730     cutoff   35      201766.265 200938.801  0.41%  30.8   35s

Explored 11241 nodes (362598 simplex iterations) in 36.97 seconds (35.62 work units)
Thread count was 20 (of 80 available processors)

Solution count 10: 201766 201766 201773 ... 201871

Optimal solution found (tolerance 3.00e-03)
Best objective 2.017662651569e+05, best bound 2.012280276560e+05, gap 0.2668%

User-callback calls 29296, time in user-callback 0.01 sec
