
Gurobi 11.0.3 (linux64) logging started Mon 18 Nov 2024 06:56:51 PM CST

Set parameter LogFile to value "/home/dlcole3/graph_abstraction/hierarchical_graphs/git_storage/CS1/HP_low_reserves/gurobi_logs/serial/logfile_ST1_1.log"
Set parameter TimeLimit to value 300

Gurobi 11.0.3 (linux64) logging started Mon 18 Nov 2024 06:57:42 PM CST

Set parameter LogFile to value "/home/dlcole3/graph_abstraction/hierarchical_graphs/git_storage/CS1/HP_low_reserves/gurobi_logs/serial/logfile_ST1_1.log"
Gurobi Optimizer version 11.0.3 build v11.0.3rc0 (linux64 - "Ubuntu 18.04.3 LTS")

CPU model: Intel(R) Xeon(R) CPU E5-2698 v4 @ 2.20GHz, instruction set [SSE2|AVX|AVX2]
Thread count: 40 physical cores, 80 logical processors, using up to 32 threads

Optimize a model with 28537 rows, 50688 columns and 133592 nonzeros
Model fingerprint: 0xdacb3e00
Variable types: 46944 continuous, 3744 integer (3744 binary)
Coefficient statistics:
  Matrix range     [6e-01, 2e+04]
  Objective range  [2e+00, 2e+04]
  Bounds range     [5e-02, 2e+05]
  RHS range        [3e-02, 7e+03]
Presolve removed 13189 rows and 38412 columns
Presolve time: 0.27s
Presolved: 15348 rows, 12276 columns, 72032 nonzeros
Variable types: 8688 continuous, 3588 integer (3588 binary)
Found heuristic solution: objective 1003767.0983

Root relaxation: objective 1.954889e+04, 6991 iterations, 0.25 seconds (0.19 work units)

    Nodes    |    Current Node    |     Objective Bounds      |     Work
 Expl Unexpl |  Obj  Depth IntInf | Incumbent    BestBd   Gap | It/Node Time

     0     0 19548.8867    0   25 1003767.10 19548.8867  98.1%     -    1s
H    0     0                    1003640.3983 19548.8867  98.1%     -    1s
H    0     0                    191044.37698 19548.8867  89.8%     -    1s
H    0     0                    68629.543470 19548.8867  71.5%     -    1s
     0     0 19550.0955    0   32 68629.5435 19550.0955  71.5%     -    1s
     0     0 19559.7389    0   40 68629.5435 19559.7389  71.5%     -    1s
H    0     0                    34570.670188 19567.6908  43.4%     -    1s
     0     0 19575.5731    0   49 34570.6702 19575.5731  43.4%     -    1s
     0     0 19585.4693    0   49 34570.6702 19585.4693  43.3%     -    2s
H    0     0                    34570.670000 19585.4693  43.3%     -    2s
     0     0 19585.4693    0   49 34570.6700 19585.4693  43.3%     -    2s
     0     2 19585.4693    0   49 34570.6700 19585.4693  43.3%     -    2s
H   31    64                    34570.669343 19619.8130  43.2%  54.8    3s
H   42    64                    34570.669282 19646.4125  43.2%  59.8    3s
H   48    64                    34570.669243 19650.1956  43.2%  56.8    3s
H   61    64                    33710.359488 19650.1956  41.7%  84.8    3s
H   99   128                    33695.311488 19655.8657  41.7%   101    4s
H  103   128                    33668.049506 19655.8657  41.6%  99.2    4s
H  112   128                    21773.278438 19655.8657  9.72%  97.1    4s
H  159   176                    20307.106699 19655.8657  3.21%  90.3    8s
H  163   176                    20255.982943 19655.8657  2.96%  88.8    8s
H  302   175                    20255.982936 19655.8657  2.96%  58.9    9s
H  310   175                    20255.982803 19655.8657  2.96%  58.2    9s
   580   209 20221.8975   12   23 20255.9828 19696.6057  2.76%  45.4   10s
H  780   238                    20255.435988 19772.5868  2.38%  41.2   10s
H 1063   362                    20255.349950 19772.5868  2.38%  34.6   10s
H 1163   413                    20255.308107 19772.5868  2.38%  32.7   11s
H 1164   413                    20255.266265 19772.5868  2.38%  32.7   11s
H 1266   447                    20255.224423 19772.5868  2.38%  31.1   11s
H 1520   585                    20227.298655 19772.5868  2.25%  27.7   11s
H 1995   789                    20225.434854 19859.4917  1.81%  23.5   11s
H 2207   908                    20208.945141 19859.4917  1.73%  21.9   11s
H 2486  1079                    20207.186042 19859.4917  1.72%  20.2   12s
H 2633  1236                    20207.155837 19859.4917  1.72%  19.4   12s
H 2634  1236                    20207.140735 19859.4917  1.72%  19.4   12s
H 2635  1236                    20207.125632 19859.4917  1.72%  19.4   12s
H 2654  1236                    20202.257892 19859.4917  1.70%  19.3   12s
H 2730  1236                    20202.150321 19859.4917  1.70%  19.0   12s
* 2743  1236              59    20199.382134 19859.4917  1.68%  18.9   12s
  3714  1178 20040.2868   26   49 20199.3821 19911.5992  1.42%  15.3   15s
H 3809  1119                    20199.381951 19911.5992  1.42%  17.5   17s
H 3811  1063                    20199.381926 19911.5992  1.42%  17.4   17s
H 4069   939                    20199.381614 19937.7978  1.30%  17.2   19s
H 4103   891                    20199.380382 19937.7978  1.30%  17.2   19s
  5122  1037 20180.0200   52   19 20199.3804 19982.3981  1.07%  14.9   20s
H 5127   987                    20199.380357 19982.3981  1.07%  14.9   20s
H 5129   940                    20199.380289 19982.3981  1.07%  14.9   20s
H 5145   892                    20199.380272 19982.3981  1.07%  14.9   20s
H 5154   848                    20191.670554 19982.3981  1.04%  14.9   20s
H 5870  1033                    20181.960293 20078.3787  0.51%  13.6   21s

Explored 6163 nodes (87931 simplex iterations) in 21.30 seconds (16.21 work units)
Thread count was 32 (of 80 available processors)

Solution count 10: 20182 20182 20191.7 ... 20225.4

Optimal solution found (tolerance 3.00e-03)
Best objective 2.018196029313e+04, best bound 2.013913080102e+04, gap 0.2122%

User-callback calls 17171, time in user-callback 0.01 sec
