
Gurobi 11.0.3 (linux64) logging started Mon 18 Nov 2024 09:52:47 PM CST

Set parameter LogFile to value "/home/dlcole3/graph_abstraction/hierarchical_graphs/git_storage/CS1/HP_low_reserves/gurobi_logs/serial/logfile_ST14_8.log"

Gurobi 11.0.3 (linux64) logging started Mon 18 Nov 2024 10:01:15 PM CST

Set parameter LogFile to value "/home/dlcole3/graph_abstraction/hierarchical_graphs/git_storage/CS1/HP_low_reserves/gurobi_logs/serial/logfile_ST14_8.log"
Gurobi Optimizer version 11.0.3 build v11.0.3rc0 (linux64 - "Ubuntu 18.04.3 LTS")

CPU model: Intel(R) Xeon(R) CPU E5-2698 v4 @ 2.20GHz, instruction set [SSE2|AVX|AVX2]
Thread count: 40 physical cores, 80 logical processors, using up to 20 threads

Optimize a model with 29168 rows, 50688 columns and 136175 nonzeros
Model fingerprint: 0x4ee4ebab
Variable types: 46944 continuous, 3744 integer (3744 binary)
Coefficient statistics:
  Matrix range     [6e-01, 2e+04]
  Objective range  [2e+00, 2e+04]
  Bounds range     [5e-02, 2e+05]
  RHS range        [5e-02, 7e+03]
Presolve removed 14419 rows and 38717 columns
Presolve time: 0.35s
Presolved: 14749 rows, 11971 columns, 63042 nonzeros
Variable types: 8967 continuous, 3004 integer (3004 binary)
Found heuristic solution: objective 1820661.5524
Found heuristic solution: objective 1042891.6638

Root relaxation: objective 8.395106e+04, 8232 iterations, 0.39 seconds (0.28 work units)

    Nodes    |    Current Node    |     Objective Bounds      |     Work
 Expl Unexpl |  Obj  Depth IntInf | Incumbent    BestBd   Gap | It/Node Time

     0     0 83951.0649    0   43 1042891.66 83951.0649  92.0%     -    1s
     0     0 83951.0649    0   43 1042891.66 83951.0649  92.0%     -    1s
H    0     0                    525661.94575 83951.0649  84.0%     -    2s
     0     2 83951.0649    0   43 525661.946 83951.0649  84.0%     -    2s
H   31    52                    172862.11566 84107.6580  51.3%   131    2s
H  123   134                    163604.70405 84107.6580  48.6%   102    3s
H  129   134                    132193.30774 84107.6580  36.4%   106    3s
H  156   177                    125283.17499 84107.6580  32.9%   106    4s
H  157   177                    116399.46916 84107.6580  27.7%   105    4s
H  172   177                    110403.57404 84107.6580  23.8%   112    4s
H  196   200                    108123.98306 84107.6580  22.2%   120    4s
H  232   251                    102116.14508 84107.6580  17.6%   118    4s
H  239   251                    102115.89507 84107.6580  17.6%   119    4s
   280   302 86723.2189   21   42 102115.895 84107.6580  17.6%   115    6s
H  285   302                    90071.408336 84107.6580  6.62%   114    6s
H  291   302                    89054.157597 84107.6580  5.55%   112    6s
H  714   663                    88222.566503 84107.6580  4.66%  75.0    7s
H  807   686                    87719.786982 84116.4358  4.11%  70.8    7s
H  810   686                    87511.285608 84116.4358  3.88%  70.6    7s
* 1220   927              75    87344.280845 84169.8513  3.63%  62.1    8s
H 1223   927                    87338.284285 84169.8513  3.63%  62.0    8s
* 1224   927              77    87337.866505 84169.8513  3.63%  62.0    8s
H 1779  1136                    87315.401690 84398.9019  3.34%  58.4    9s
* 1782  1136              60    87315.081366 84398.9019  3.34%  58.4    9s
  2004  1172 84699.6647    8   69 87315.0814 84398.9019  3.34%  57.3   10s
H 2057  1172                    86767.737449 84398.9019  2.73%  56.9   10s
H 2058  1172                    86767.594713 84398.9019  2.73%  56.9   10s
* 2164  1156              57    86767.587679 84398.9019  2.73%  56.5   10s
H 2514  1152                    86760.933083 84398.9019  2.72%  54.3   10s
H 2515  1152                    86760.923853 84398.9019  2.72%  54.2   10s
* 2516  1152              51    86760.094550 84398.9019  2.72%  54.2   10s
* 3262  1388              38    86757.922507 84398.9019  2.72%  50.4   12s
* 3361  1387              63    86756.565523 84398.9019  2.72%  50.0   12s
H 3460  1403                    86735.867634 84740.4142  2.30%  49.5   12s
* 3464  1401              41    86735.647093 84740.4142  2.30%  49.4   12s
H 3671  1344                    86730.418950 84740.4142  2.29%  48.3   14s
  3672  1336 86682.4477   26   43 86730.4189 84740.4142  2.29%  48.3   15s
H 3769  1335                    86730.418577 84740.4142  2.29%  51.7   19s
  3832  1350 86125.1177   22   35 86730.4186 84740.4142  2.29%  52.7   20s
H 3943  1301                    86730.418558 84740.4142  2.29%  54.4   20s
H 4040  1251                    86730.418297 84740.4142  2.29%  54.7   23s
H 4043  1193                    86699.641531 84740.4142  2.26%  54.7   23s
  4684  1261 86259.5130   24   23 86699.6415 84740.4142  2.26%  54.7   25s
H 4797  1180                    86652.130362 84740.4142  2.21%  54.5   26s
H 4798  1129                    86543.079287 84740.4142  2.08%  54.5   26s
H 4983  1086                    86385.855982 84740.4142  1.90%  54.1   26s
H 6069   927                    86377.619936 85079.2753  1.50%  51.9   29s
H 6070   883                    86377.619926 85079.2753  1.50%  51.9   29s
H 6086   838                    86377.619915 85079.2753  1.50%  51.9   29s
  6298   898 85924.2075   37   46 86377.6199 85079.2753  1.50%  51.4   30s
* 7226  1016              72    86377.593312 85677.4538  0.81%  49.8   31s
H 7456  1016                    86374.908828 85677.4538  0.81%  49.1   31s
H 7459  1016                    86374.604693 85677.4538  0.81%  49.1   31s
* 7460  1016              58    86374.300557 85677.4538  0.81%  49.1   31s
* 7509  1016              62    86371.728182 85677.4538  0.80%  48.9   31s
H 7512  1016                    86365.712846 85677.4538  0.80%  48.9   31s
* 7513  1016              64    86365.313842 85677.4538  0.80%  48.9   31s
* 8640  1025              77    86363.094412 85770.6047  0.69%  46.4   32s
* 8929   893              72    86359.828497 85912.2554  0.52%  46.1   32s

Explored 10418 nodes (447260 simplex iterations) in 33.85 seconds (32.69 work units)
Thread count was 20 (of 80 available processors)

Solution count 10: 86359.8 86363.1 86365.3 ... 86699.6

Optimal solution found (tolerance 3.00e-03)
Best objective 8.635982849776e+04, best bound 8.610108439502e+04, gap 0.2996%

User-callback calls 26581, time in user-callback 0.01 sec
