
Gurobi 11.0.3 (linux64) logging started Tue 19 Nov 2024 01:39:24 AM CST

Set parameter LogFile to value "/home/dlcole3/graph_abstraction/hierarchical_graphs/git_storage/CS1/HP_low_reserves/gurobi_logs/serial/logfile_ST31_8.log"

Gurobi 11.0.3 (linux64) logging started Tue 19 Nov 2024 01:49:22 AM CST

Set parameter LogFile to value "/home/dlcole3/graph_abstraction/hierarchical_graphs/git_storage/CS1/HP_low_reserves/gurobi_logs/serial/logfile_ST31_8.log"
Gurobi Optimizer version 11.0.3 build v11.0.3rc0 (linux64 - "Ubuntu 18.04.3 LTS")

CPU model: Intel(R) Xeon(R) CPU E5-2698 v4 @ 2.20GHz, instruction set [SSE2|AVX|AVX2]
Thread count: 40 physical cores, 80 logical processors, using up to 20 threads

Optimize a model with 29168 rows, 50688 columns and 136175 nonzeros
Model fingerprint: 0x8f8abe6d
Variable types: 46944 continuous, 3744 integer (3744 binary)
Coefficient statistics:
  Matrix range     [6e-01, 2e+04]
  Objective range  [2e+00, 2e+04]
  Bounds range     [5e-02, 2e+05]
  RHS range        [4e-03, 7e+03]
Presolve removed 14061 rows and 38547 columns
Presolve time: 0.35s
Presolved: 15107 rows, 12141 columns, 64386 nonzeros
Variable types: 9122 continuous, 3019 integer (3019 binary)
Found heuristic solution: objective 6646584.4806
Found heuristic solution: objective 5645194.2564

Root relaxation: objective 2.358658e+05, 8459 iterations, 0.57 seconds (0.50 work units)

    Nodes    |    Current Node    |     Objective Bounds      |     Work
 Expl Unexpl |  Obj  Depth IntInf | Incumbent    BestBd   Gap | It/Node Time

     0     0 235865.849    0   58 5645194.26 235865.849  95.8%     -    1s
H    0     0                    253207.92401 235865.849  6.85%     -    1s
     0     0 235865.861    0   63 253207.924 235865.861  6.85%     -    2s
     0     0 235865.861    0   63 253207.924 235865.861  6.85%     -    2s
     0     0 236090.544    0   69 253207.924 236090.544  6.76%     -    2s
     0     0 236090.544    0   69 253207.924 236090.544  6.76%     -    2s
     0     2 236090.544    0   69 253207.924 236090.544  6.76%     -    3s
H   94   112                    244400.83295 236090.544  3.40%  29.9    4s
H   98   112                    239459.77007 236090.544  1.41%  29.1    4s
   133   160 236090.544    9   64 239459.770 236090.544  1.41%  27.4    5s
H  972   939                    238055.12657 236090.544  0.83%  24.8   12s
H  974   939                    237859.64796 236090.544  0.74%  24.9   12s
H  983   939                    237841.77123 236090.544  0.74%  24.8   12s
  1300  1106 237708.048   61   29 237841.771 236090.544  0.74%  27.5   16s
H 1306  1106                    237841.77119 236090.544  0.74%  27.4   16s
H 2457  1454                    237841.77089 236090.544  0.74%  28.2   20s
H 3174  1743                    237841.77038 236090.544  0.74%  29.1   23s
  3186  1759 236274.075   14   65 237841.770 236090.544  0.74%  31.4   25s
H 3363  1715                    237841.76951 236199.669  0.69%  32.5   26s
  3879  1875 237270.803   33   45 237841.770 236199.669  0.69%  31.6   30s
H 4417  1865                    237841.76947 236199.669  0.69%  30.4   32s
H 4674  1833                    237841.76937 236199.669  0.69%  30.0   34s
  4823  1913 237411.663   50   25 237841.769 236199.669  0.69%  29.8   35s
* 6389  1994              91    237806.90667 236677.513  0.47%  27.9   36s
* 6614  1915              96    237776.53910 236677.513  0.46%  27.6   36s
 10762  4030     cutoff   46      237776.539 236892.597  0.37%  23.9   40s
 16927  6541 237316.473   42   42 237776.539 236946.293  0.35%  21.9   45s
 21368  8215 237610.705   36   43 237776.539 236984.415  0.33%  21.2   50s
 28163 11311 237417.438   38   49 237776.539 237025.411  0.32%  20.2   55s
 32506 12992 237331.350   57   23 237776.539 237048.329  0.31%  19.7   60s

Cutting planes:
  Gomory: 2

Explored 36643 nodes (727264 simplex iterations) in 62.66 seconds (68.46 work units)
Thread count was 20 (of 80 available processors)

Solution count 10: 237777 237777 237807 ... 5.64519e+06

Optimal solution found (tolerance 3.00e-03)
Best objective 2.377765391133e+05, best bound 2.370673398599e+05, gap 0.2983%

User-callback calls 81999, time in user-callback 0.03 sec
