
Gurobi 11.0.3 (linux64) logging started Mon 18 Nov 2024 08:45:29 PM CST

Set parameter LogFile to value "/home/dlcole3/graph_abstraction/hierarchical_graphs/git_storage/CS1/HP_low_reserves/gurobi_logs/serial/logfile_ST10_1.log"

Gurobi 11.0.3 (linux64) logging started Mon 18 Nov 2024 08:46:26 PM CST

Set parameter LogFile to value "/home/dlcole3/graph_abstraction/hierarchical_graphs/git_storage/CS1/HP_low_reserves/gurobi_logs/serial/logfile_ST10_1.log"
Gurobi Optimizer version 11.0.3 build v11.0.3rc0 (linux64 - "Ubuntu 18.04.3 LTS")

CPU model: Intel(R) Xeon(R) CPU E5-2698 v4 @ 2.20GHz, instruction set [SSE2|AVX|AVX2]
Thread count: 40 physical cores, 80 logical processors, using up to 20 threads

Optimize a model with 29168 rows, 50688 columns and 136175 nonzeros
Model fingerprint: 0xb7f4edd8
Variable types: 46944 continuous, 3744 integer (3744 binary)
Coefficient statistics:
  Matrix range     [6e-01, 2e+04]
  Objective range  [2e+00, 2e+04]
  Bounds range     [5e-02, 2e+05]
  RHS range        [5e-02, 7e+03]
Presolve removed 14303 rows and 38651 columns
Presolve time: 0.38s
Presolved: 14865 rows, 12037 columns, 63088 nonzeros
Variable types: 9098 continuous, 2939 integer (2939 binary)
Found heuristic solution: objective 1369439.7940

Root relaxation: objective 1.119967e+05, 7849 iterations, 0.41 seconds (0.31 work units)

    Nodes    |    Current Node    |     Objective Bounds      |     Work
 Expl Unexpl |  Obj  Depth IntInf | Incumbent    BestBd   Gap | It/Node Time

     0     0 111996.706    0   54 1369439.79 111996.706  91.8%     -    1s
     0     0 111996.706    0   54 1369439.79 111996.706  91.8%     -    2s
H    0     0                    1114491.5205 111996.706  90.0%     -    2s
     0     2 111996.706    0   54 1114491.52 111996.706  90.0%     -    2s
H   32    52                    384221.92583 112086.497  70.8%  48.8    3s
H  154   175                    377844.30369 112103.833  70.3%  59.3    4s
H  157   175                    373374.20681 112103.833  70.0%  58.5    4s
H  158   175                    370207.50895 112103.833  69.7%  58.3    4s
H  159   175                    301462.22769 112103.833  62.8%  58.1    4s
H  161   175                    272191.40638 112103.833  58.8%  57.6    4s
H  171   175                    182888.96474 112103.833  38.7%  58.9    4s
H  258   286                    137660.59191 112103.833  18.6%  55.6    4s
H  262   286                    130384.94418 112103.833  14.0%  55.3    4s
H  273   286                    115947.51274 112103.833  3.32%  56.6    4s
   364   360 112727.382   15   49 115947.513 112103.833  3.32%  53.9    5s
H  856   668                    115160.16473 112103.833  2.65%  44.7    6s
H  873   668                    114756.08624 112103.833  2.31%  44.3    6s
H 1108   874                    114567.99953 112103.833  2.15%  42.6    6s
H 1184   940                    114564.82517 112103.833  2.15%  42.3    6s
* 1186   940              66    114562.66878 112108.009  2.14%  42.2    6s
H 1914  1151                    114455.15150 112141.447  2.02%  37.0    7s
H 2020  1153                    114453.68314 112141.447  2.02%  37.1    7s
* 2021  1153              50    114453.53230 112141.447  2.02%  37.0    7s
H 2793  1177                    114002.40825 112143.271  1.63%  34.6    8s
  3005  1248 112176.475   10   70 114002.408 112176.475  1.60%  34.1   11s
H 3054  1122                    113785.26891 112204.682  1.39%  34.1   12s
H 3055  1122                    113326.34632 112204.682  0.99%  34.1   12s
H 3406  1122                    113325.96723 112204.682  0.99%  33.5   12s
H 3408  1122                    113325.96606 112204.682  0.99%  33.5   12s
* 3409  1122              38    113325.45327 112204.682  0.99%  33.5   12s
* 4355  1168              43    113314.05889 112204.682  0.98%  31.5   13s
  4520  1063 112835.409   15   54 113314.059 112204.682  0.98%  31.2   15s
H 4552  1038                    113314.05888 112204.682  0.98%  32.9   17s
H 4555   986                    113314.05886 112204.682  0.98%  32.9   17s
H 4563   936                    113314.05882 112204.682  0.98%  32.9   17s
H 4568   889                    113314.05873 112204.682  0.98%  32.9   17s
  4771   963 112732.207   24   45 113314.059 112204.682  0.98%  33.2   21s
H 4772   919                    113197.14686 112204.682  0.88%  33.2   21s
H 4773   878                    113195.09580 112204.682  0.87%  33.2   21s
H 5926   924                    113195.09578 112204.682  0.87%  32.4   24s
  6811  1079 112234.605   23   39 113195.096 112204.682  0.87%  31.6   25s
* 9676  1914             113    113124.75828 112321.986  0.71%  30.6   28s
H10792  2123                    113124.75826 112400.737  0.64%  30.1   29s
 10799  2208 112526.446   22   47 113124.758 112400.737  0.64%  30.1   30s
 16650  3117 113045.896   32   36 113124.758 112639.230  0.43%  29.3   35s
*19514  3276             106    113116.10453 112724.458  0.35%  28.8   37s
*19830  3272              94    113115.22520 112729.919  0.34%  28.7   37s

Explored 22345 nodes (641382 simplex iterations) in 39.18 seconds (35.76 work units)
Thread count was 20 (of 80 available processors)

Solution count 10: 113115 113115 113116 ... 113326

Optimal solution found (tolerance 3.00e-03)
Best objective 1.131152251981e+05, best bound 1.127855432115e+05, gap 0.2915%

User-callback calls 51375, time in user-callback 0.21 sec
