
Gurobi 11.0.3 (linux64) logging started Mon 18 Nov 2024 11:34:36 PM CST

Set parameter LogFile to value "/home/dlcole3/graph_abstraction/hierarchical_graphs/git_storage/CS1/HP_low_reserves/gurobi_logs/serial/logfile_ST22_6.log"

Gurobi 11.0.3 (linux64) logging started Mon 18 Nov 2024 11:44:46 PM CST

Set parameter LogFile to value "/home/dlcole3/graph_abstraction/hierarchical_graphs/git_storage/CS1/HP_low_reserves/gurobi_logs/serial/logfile_ST22_6.log"
Gurobi Optimizer version 11.0.3 build v11.0.3rc0 (linux64 - "Ubuntu 18.04.3 LTS")

CPU model: Intel(R) Xeon(R) CPU E5-2698 v4 @ 2.20GHz, instruction set [SSE2|AVX|AVX2]
Thread count: 40 physical cores, 80 logical processors, using up to 20 threads

Optimize a model with 29168 rows, 50688 columns and 136175 nonzeros
Model fingerprint: 0x71d4e715
Variable types: 46944 continuous, 3744 integer (3744 binary)
Coefficient statistics:
  Matrix range     [6e-01, 2e+04]
  Objective range  [2e+00, 2e+04]
  Bounds range     [5e-02, 2e+05]
  RHS range        [2e-16, 7e+03]
Presolve removed 14372 rows and 38672 columns
Presolve time: 0.37s
Presolved: 14796 rows, 12016 columns, 63308 nonzeros
Variable types: 8989 continuous, 3027 integer (3027 binary)
Found heuristic solution: objective 2203440.0284
Found heuristic solution: objective 2097547.6276
Found heuristic solution: objective 1777680.5057

Root relaxation: objective 8.255303e+04, 8665 iterations, 0.45 seconds (0.34 work units)

    Nodes    |    Current Node    |     Objective Bounds      |     Work
 Expl Unexpl |  Obj  Depth IntInf | Incumbent    BestBd   Gap | It/Node Time

     0     0 82553.0280    0   35 1777680.51 82553.0280  95.4%     -    1s
H    0     0                    234749.59023 82553.0280  64.8%     -    1s
H    0     0                    145125.69667 82553.0280  43.1%     -    1s
     0     0 82553.0280    0   44 145125.697 82553.0280  43.1%     -    1s
H    0     0                    125107.58838 82553.0280  34.0%     -    2s
H    0     0                    125082.96438 82553.0280  34.0%     -    2s
     0     0 82553.0280    0   44 125082.964 82553.0280  34.0%     -    2s
H    0     0                    91735.147298 83249.5089  9.25%     -    2s
     0     0 83249.5089    0   57 91735.1473 83249.5089  9.25%     -    2s
     0     0 83386.9196    0   57 91735.1473 83386.9196  9.10%     -    2s
     0     2 83386.9196    0   57 91735.1473 83386.9196  9.10%     -    3s
H   33    52                    91710.523291 83386.9196  9.08%  72.6    4s
H   35    52                    91612.027342 83386.9196  8.98%  78.5    4s
   111   133 84936.3883    9   52 91612.0273 83386.9196  8.98%  71.6    5s
H  118   133                    88913.828196 83386.9196  6.22%  71.8    5s
H  130   133                    86889.061321 83386.9196  4.03%  72.7    5s
H  184   169                    86867.717720 83386.9196  4.01%  69.8    5s
H  194   169                    86861.951315 83386.9196  4.00%  67.7    5s
H  271   213                    86846.254823 83386.9196  3.98%  62.0    6s
H  316   243                    86764.543807 83386.9196  3.89%  60.5    8s
H  318   243                    86403.600238 83386.9196  3.49%  60.5    8s
   599   386     cutoff   29      86403.6002 83386.9196  3.49%  64.8   10s
H  785   494                    86050.736828 83386.9196  3.10%  60.1   14s
   840   485     cutoff   40      86050.7368 83433.1389  3.04%  57.9   15s
H  846   485                    86049.891604 83463.8556  3.01%  57.8   15s
H  851   485                    86048.367140 83537.2503  2.92%  57.9   15s
H 1486   937                    85924.773271 83691.4653  2.60%  48.7   17s
H 2651  1408                    85924.773258 83691.5487  2.60%  39.9   19s
  2658  1570 85224.0192   19   47 85924.7733 83691.5487  2.60%  39.8   20s
* 3069  1421              78    85670.423527 83691.5487  2.31%  37.4   20s
* 3074  1421              81    85670.298726 83691.5487  2.31%  37.4   20s
  3198  1365 84811.2689   19   43 85670.2987 83691.5487  2.31%  40.4   25s
H 3240  1294                    85670.298691 83691.5487  2.31%  41.1   25s
H 3244  1229                    85670.298632 83691.5487  2.31%  41.3   25s
H 3431  1113                    85670.298582 83749.1315  2.24%  43.1   26s
H 3433  1055                    85670.298355 83749.1315  2.24%  43.1   26s
H 3435   999                    85670.298162 83749.1315  2.24%  43.1   26s
H 3437   946                    85648.955322 83749.1315  2.22%  43.1   26s
H 3443   895                    85648.955075 83749.1315  2.22%  43.0   26s
H 3531   824                    85473.289283 83749.1315  2.02%  43.8   28s
  3877   723 84330.2643   31   44 85473.2893 84182.2696  1.51%  45.3   30s
H 4015   678                    85467.006976 84183.9341  1.50%  45.0   30s
H 4942   732                    85423.729842 84333.8159  1.28%  41.2   31s
H 6180   732                    85423.729784 84498.8945  1.08%  37.2   34s
H 6186   732                    85419.166374 84498.8945  1.08%  37.2   34s
  6496   800 85369.5511   85   24 85419.1664 84498.8945  1.08%  36.3   35s
H 6759   840                    85391.652192 84498.8945  1.05%  35.6   35s
H 6785   840                    85388.262316 84498.8945  1.04%  35.5   35s
H 9141  1410                    85387.816247 84859.6474  0.62%  29.1   36s
*10026  1375              86    85363.218185 84872.9874  0.57%  27.2   37s
H10361  1445                    85359.569338 85320.3132  0.05%  26.5   37s
H10362  1445                    85359.509632 85320.3132  0.05%  26.5   37s

Cutting planes:
  Gomory: 2

Explored 10821 nodes (286521 simplex iterations) in 37.30 seconds (37.71 work units)
Thread count was 20 (of 80 available processors)

Solution count 10: 85359.5 85363.2 85387.8 ... 85649

Optimal solution found (tolerance 3.00e-03)
Best objective 8.535950963178e+04, best bound 8.532031323869e+04, gap 0.0459%

User-callback calls 27431, time in user-callback 0.01 sec
