
Gurobi 11.0.3 (linux64) logging started Mon 18 Nov 2024 07:30:07 PM CST

Set parameter LogFile to value "/home/dlcole3/graph_abstraction/hierarchical_graphs/git_storage/CS1/HP_low_reserves/gurobi_logs/serial/logfile_ST4_1.log"

Gurobi 11.0.3 (linux64) logging started Mon 18 Nov 2024 07:30:59 PM CST

Set parameter LogFile to value "/home/dlcole3/graph_abstraction/hierarchical_graphs/git_storage/CS1/HP_low_reserves/gurobi_logs/serial/logfile_ST4_1.log"
Gurobi Optimizer version 11.0.3 build v11.0.3rc0 (linux64 - "Ubuntu 18.04.3 LTS")

CPU model: Intel(R) Xeon(R) CPU E5-2698 v4 @ 2.20GHz, instruction set [SSE2|AVX|AVX2]
Thread count: 40 physical cores, 80 logical processors, using up to 20 threads

Optimize a model with 29168 rows, 50688 columns and 136175 nonzeros
Model fingerprint: 0xed5609cc
Variable types: 46944 continuous, 3744 integer (3744 binary)
Coefficient statistics:
  Matrix range     [6e-01, 2e+04]
  Objective range  [2e+00, 2e+04]
  Bounds range     [5e-02, 2e+05]
  RHS range        [4e-03, 7e+03]
Presolve removed 13664 rows and 38490 columns
Presolve time: 0.36s
Presolved: 15504 rows, 12198 columns, 65836 nonzeros
Variable types: 9125 continuous, 3073 integer (3073 binary)
Found heuristic solution: objective 397493.32237

Root relaxation: objective 7.289657e+04, 8641 iterations, 0.62 seconds (0.51 work units)

    Nodes    |    Current Node    |     Objective Bounds      |     Work
 Expl Unexpl |  Obj  Depth IntInf | Incumbent    BestBd   Gap | It/Node Time

     0     0 72896.5727    0   43 397493.322 72896.5727  81.7%     -    1s
H    0     0                    112350.61857 72896.5727  35.1%     -    1s
H    0     0                    77935.614083 72896.8130  6.47%     -    1s
     0     0 72896.8130    0   43 77935.6141 72896.8130  6.47%     -    2s
     0     0 72938.6681    0   43 77935.6141 72938.6681  6.41%     -    2s
     0     2 72938.6681    0   43 77935.6141 72938.6681  6.41%     -    2s
H   34    52                    77832.791572 72971.5160  6.25%   128    3s
H   36    52                    75024.514508 72971.5160  2.74%   128    3s
H   92    93                    75024.514334 72971.8631  2.74%  80.3    4s
H   97    93                    75024.514159 72971.8631  2.74%  81.8    4s
   153   152 73342.4242    9   16 75024.5142 72971.8631  2.74%  65.9    5s
H  233   216                    74432.356416 72971.8631  1.96%  53.1    5s
H  282   232                    74426.355115 72971.8631  1.95%  47.4    9s
H  284   232                    74426.022018 72971.8631  1.95%  47.1    9s
H  300   232                    74341.655545 72971.8631  1.84%  45.5    9s
H  301   232                    74337.157851 72971.8631  1.84%  45.4    9s
H  304   232                    74336.959107 72971.8631  1.84%  45.1    9s
H  306   250                    74336.959037 72971.8631  1.84%  44.8    9s
H  310   250                    74336.958553 72971.8631  1.84%  44.5    9s
H  321   250                    74336.957082 72971.8631  1.84%  43.4    9s
   415   363 73351.6073   20   17 74336.9571 72971.8631  1.84%  36.0   10s
H  556   444                    74159.920244 72971.8631  1.60%  29.9   10s
H  618   470                    74152.825713 72971.8631  1.59%  28.3   10s
H  685   513                    74150.335413 72971.8631  1.59%  26.8   10s
H  746   583                    74149.760510 72971.8631  1.59%  25.7   10s
H  780   583                    74112.075731 72971.8631  1.54%  24.8   10s
H  902   648                    74111.764627 72971.8631  1.54%  22.8   11s
H  988   679                    74110.602792 72971.8631  1.54%  22.2   11s
* 1180   754              51    74110.497485 72971.8631  1.54%  21.3   11s
* 1183   754              51    74110.495966 72971.8631  1.54%  21.3   11s
* 1608   947              41    74110.406453 73085.4897  1.38%  19.6   12s
H 1959  1101                    74110.406441 73089.0448  1.38%  19.6   13s
H 1961  1101                    74110.406286 73089.0448  1.38%  19.7   13s
H 3013  1669                    74110.406241 73125.1011  1.33%  18.0   15s
H 3021  1669                    74110.405964 73125.1011  1.33%  18.0   15s
  3226  1787 73263.8454   28   21 74110.4060 73125.1011  1.33%  17.8   20s
H 3271  1719                    74110.405670 73125.1011  1.33%  20.8   21s
H 3526  1719                    74110.405653 73125.1011  1.33%  21.2   24s
H 3543  1632                    74110.403929 73125.1011  1.33%  21.1   24s
H 3572  1576                    74110.403914 73125.1011  1.33%  21.0   24s
H 3578  1501                    74110.403727 73125.1011  1.33%  21.0   24s
  3890  1665 73136.9407   45    6 74110.4037 73125.1011  1.33%  20.2   25s
H 3912  1588                    74110.403629 73125.1011  1.33%  20.2   25s
H 4914  1908                    74110.403610 73125.1011  1.33%  17.9   27s
H 4916  1845                    74110.403102 73125.1011  1.33%  17.9   27s
  8365  4056 73130.0946   29    9 74110.4031 73125.1011  1.33%  15.3   30s
 13021  8282 73872.3276   92    2 74110.4031 73125.1011  1.33%  15.7   35s
 20834 12952 73142.8229   40   16 74110.4031 73125.3710  1.33%  13.8   41s
H20842 12952                    74110.402963 73125.3710  1.33%  13.8   41s
H20845 12952                    74110.198728 73125.3710  1.33%  13.8   41s
 24777 18294 73291.4727   54    1 74110.1987 73125.7466  1.33%  13.2   45s
 33483 23772 73130.0691   39   15 74110.1987 73126.0158  1.33%  12.7   50s
H40311 27569                    74110.198714 73126.1976  1.33%  13.0   54s
H41034 27569                    74110.198691 73126.3071  1.33%  13.0   54s
H41378 27569                    74110.198589 73126.3310  1.33%  13.0   54s
 41849 29755 73132.0451   31    9 74110.1986 73126.3427  1.33%  12.9   56s
 47896 34995 73358.0155   56    1 74110.1986 73126.6993  1.33%  12.8   61s
 56540 40736 73749.7031   71    1 74110.1986 73126.9290  1.33%  12.6   66s
H63523 44768                    74110.198377 73127.1693  1.33%  12.3   69s
 65566 47300 74070.5896   51   22 74110.1984 73127.2327  1.33%  12.2   71s
 72603 52204 73750.9732   70    1 74110.1984 73127.5850  1.33%  12.1   75s
 82315 57706 73250.6703   32   36 74110.1984 73127.9777  1.33%  12.2   80s
H85147 58661                    74110.198370 73128.0200  1.33%  12.3   82s
H85277 58661                    74110.197350 73128.0202  1.33%  12.3   82s
 89609 61903 73154.0339   34   33 74110.1973 73128.1112  1.33%  12.7   85s
H92560 63832                    74110.059716 73128.2235  1.32%  12.6   87s
 94845 66514 74040.1128   67    1 74110.0597 73128.3020  1.32%  12.5   90s
 105377 71754 73149.2484   42   15 74110.0597 73128.5939  1.32%  12.8   96s
H105479 71754                    74110.059705 73128.5999  1.32%  12.8   96s
H105592 71754                    74110.059690 73128.5999  1.32%  12.8   96s
H105730 71754                    74110.059673 73128.5999  1.32%  12.8   96s
 111685 76102     cutoff   74      74110.0597 73128.7861  1.32%  12.7  100s
 121464 82360 73271.7462   31   23 74110.0597 73129.2731  1.32%  12.9  105s
H125713 83157                    74110.059650 73129.3437  1.32%  13.1  108s
 125826 87436 73562.4262   54   20 74110.0597 73129.3471  1.32%  13.1  112s
 136137 91236 73139.4671   26    9 74110.0597 73129.6980  1.32%  13.1  115s
 141988 95804 73224.5006   56    1 74110.0597 73129.9018  1.32%  13.2  120s
 153343 102166 73494.6300   60    2 74110.0597 73130.0939  1.32%  12.9  126s
 162472 107301 73688.0182   67    6 74110.0597 73130.2696  1.32%  12.8  131s
 168713 111451 73182.3001   44   19 74110.0597 73130.4423  1.32%  12.8  135s
 179512 117541 73761.9772   52   20 74110.0597 73130.6408  1.32%  12.6  140s
H180737 117541                    74110.059528 73130.6710  1.32%  12.5  140s
H181522 117554                    74110.059238 73130.6744  1.32%  12.5  145s
H181523 117554                    74110.058867 73130.6744  1.32%  12.5  145s
H181527 117554                    74110.058387 73130.6744  1.32%  12.5  145s
H181534 117554                    74110.058048 73130.6744  1.32%  12.5  146s
H181537 117554                    74110.058000 73130.6744  1.32%  12.5  146s
 187573 123033 73313.9220   55    1 74110.0580 73130.7178  1.32%  12.4  151s
 197644 128560 73132.3531   56    1 74110.0580 73130.8667  1.32%  12.2  156s
 207113 134446 73255.5144   41   38 74110.0580 73130.9429  1.32%  12.1  161s
 216825 139488     cutoff   60      74110.0580 73130.9934  1.32%  12.0  166s
 225869 144802     cutoff   48      74110.0580 73131.0715  1.32%  11.9  171s
 232858 147962     cutoff   60      74110.0580 73131.1804  1.32%  11.8  175s
 241367 152616 73131.7241   52    4 74110.0580 73131.2462  1.32%  11.8  180s
 250477 158448 73918.4493   56    1 74110.0580 73131.3909  1.32%  11.7  185s
 257447 161474 73314.9487   55    1 74110.0580 73131.4642  1.32%  11.7  191s
 263502 165930 73200.5068   45   18 74110.0580 73131.5002  1.32%  11.6  195s
 274874 172259 73626.4660   65    2 74110.0580 73131.5687  1.32%  11.5  201s
 284831 176573 73497.3171   65    2 74110.0580 73131.6428  1.32%  11.4  205s
 294164 181904 73496.1053   65    2 74110.0580 73131.6794  1.32%  11.3  210s
H297249 182273                    74110.057641 73131.6976  1.32%  11.2  212s
H297587 182273                    74110.057453 73131.7007  1.32%  11.2  212s
 301692 185779     cutoff   63      74110.0575 73131.7281  1.32%  11.2  216s
H303704 185779                    74110.057291 73131.7300  1.32%  11.2  216s
H308273 189114                    74110.057156 73131.7376  1.32%  11.1  219s
H310265 190452                    74110.057135 73131.7518  1.32%  11.1  221s
H311375 190452                    74110.057076 73131.7540  1.32%  11.1  221s
H311513 190452                    74110.056423 73131.7540  1.32%  11.1  221s
H313072 191881                    74110.056409 73131.7559  1.32%  11.1  223s
H314445 191881                    74110.056351 73131.7633  1.32%  11.1  223s
H315765 191881                    74110.056286 73131.7663  1.32%  11.1  223s
 319318 194828 73150.9881   50   15 74110.0563 73131.7926  1.32%  11.0  226s
H320222 194827                    74110.055798 73131.7996  1.32%  11.0  226s
H324052 196476                    74110.055615 73131.8184  1.32%  11.0  228s
H324365 196476                    74110.055578 73131.8184  1.32%  11.0  228s
 324808 198504 73133.3251   54    1 74110.0556 73131.8349  1.32%  11.0  230s
H330116 199657                    74110.055220 73131.8668  1.32%  11.0  232s
 333979 203096 73497.7345   61    2 74110.0552 73131.9064  1.32%  11.0  236s
H334145 203096                    74110.053745 73131.9064  1.32%  11.0  236s
H337603 204531                    74110.053737 73131.9177  1.32%  11.0  238s
H338160 204531                    74110.053191 73131.9205  1.32%  11.0  238s
H339567 206121                    74110.053175 73131.9234  1.32%  11.0  240s
H342655 207587                    74110.052845 73131.9342  1.32%  11.0  242s
H346428 209003                    74110.052837 73131.9521  1.32%  11.0  244s
 348496 210840 73497.0505   64    2 74110.0528 73131.9796  1.32%  11.0  246s
H350339 210840                    74110.052757 73131.9925  1.32%  11.0  246s
H351821 212428                    74110.052568 73132.0141  1.32%  11.0  248s
 354849 214002 73308.8967   45    7 74110.0526 73132.0386  1.32%  11.0  250s
H355151 214002                    74110.052558 73132.0386  1.32%  11.0  250s
H355890 214002                    74110.052525 73132.0459  1.32%  11.0  250s
H357986 215858                    74110.052330 73132.0731  1.32%  11.0  252s
H360557 215858                    74110.052280 73132.0820  1.32%  11.0  252s
 364734 219606 73132.6517   54    1 74110.0523 73132.1332  1.32%  10.9  256s
H365369 219606                    74110.052117 73132.1354  1.32%  10.9  256s
H367810 221297                    74110.051998 73132.1523  1.32%  10.9  258s
 370761 223120     cutoff   67      74110.0520 73132.1749  1.32%  10.9  260s
H371419 223120                    74110.051726 73132.1749  1.32%  10.9  260s
 380674 228189 73501.8751   58    3 74110.0517 73132.2283  1.32%  10.9  265s
 389971 233349 73729.6379   66    7 74110.0517 73132.2881  1.32%  10.8  271s
 396162 237166 73501.9649   64    2 74110.0517 73132.3317  1.32%  10.8  275s
 406074 242214 73688.4566   67    5 74110.0517 73132.3979  1.32%  10.8  280s
 418378 248974 73941.1115   70    5 74110.0517 73132.4822  1.32%  10.7  286s
 428343 254788 73132.8402   59    1 74110.0517 73132.5221  1.32%  10.7  291s
 437472 260047 73642.1592   78    2 74110.0517 73132.5916  1.32%  10.6  295s
 446614 263823 73198.1333   41    9 74110.0517 73132.6551  1.32%  10.6  300s

Explored 448317 nodes (4760929 simplex iterations) in 300.16 seconds (324.73 work units)
Thread count was 20 (of 80 available processors)

Solution count 10: 74110.1 74110.1 74110.1 ... 74112.1

Time limit reached
Best objective 7.411005171138e+04, best bound 7.313268104288e+04, gap 1.3188%

User-callback calls 917480, time in user-callback 0.19 sec
