
Gurobi 11.0.3 (linux64) logging started Mon 18 Nov 2024 10:12:02 PM CST

Set parameter LogFile to value "/home/dlcole3/graph_abstraction/hierarchical_graphs/git_storage/CS1/HP_low_reserves/gurobi_logs/serial/logfile_DA_16.log"
Set parameter TimeLimit to value 900

Gurobi 11.0.3 (linux64) logging started Mon 18 Nov 2024 10:12:03 PM CST

Set parameter LogFile to value "/home/dlcole3/graph_abstraction/hierarchical_graphs/git_storage/CS1/HP_low_reserves/gurobi_logs/serial/logfile_DA_16.log"
Gurobi Optimizer version 11.0.3 build v11.0.3rc0 (linux64 - "Ubuntu 18.04.3 LTS")

CPU model: Intel(R) Xeon(R) CPU E5-2698 v4 @ 2.20GHz, instruction set [SSE2|AVX|AVX2]
Thread count: 40 physical cores, 80 logical processors, using up to 20 threads

Optimize a model with 35850 rows, 31725 columns and 164765 nonzeros
Model fingerprint: 0xd4732369
Variable types: 19950 continuous, 11775 integer (11775 binary)
Coefficient statistics:
  Matrix range     [5e-02, 2e+04]
  Objective range  [1e+00, 8e+04]
  Bounds range     [5e-02, 2e+05]
  RHS range        [5e-02, 7e+03]
Presolve removed 4376 rows and 6070 columns
Presolve time: 0.77s
Presolved: 31474 rows, 25655 columns, 145255 nonzeros
Variable types: 15143 continuous, 10512 integer (10512 binary)
Found heuristic solution: objective 1.205919e+09
Found heuristic solution: objective 1.100008e+09
Found heuristic solution: objective 7.199309e+08
Deterministic concurrent LP optimizer: primal and dual simplex
Showing primal log only...

Concurrent spin time: 0.00s

Solved with dual simplex

Use crossover to convert LP symmetric solution to basic solution...

Root relaxation: objective 1.305356e+07, 11704 iterations, 0.94 seconds (0.59 work units)

    Nodes    |    Current Node    |     Objective Bounds      |     Work
 Expl Unexpl |  Obj  Depth IntInf | Incumbent    BestBd   Gap | It/Node Time

     0     0 1.3054e+07    0  101 7.1993e+08 1.3054e+07  98.2%     -    3s
H    0     0                    1.746664e+07 1.3054e+07  25.3%     -    3s
H    0     0                    1.516810e+07 1.3054e+07  13.9%     -    3s
     0     0 1.3054e+07    0  104 1.5168e+07 1.3054e+07  13.9%     -    3s
H    0     0                    1.510613e+07 1.3055e+07  13.6%     -    3s
     0     0 1.3057e+07    0  104 1.5106e+07 1.3057e+07  13.6%     -    4s
     0     2 1.3057e+07    0  104 1.5106e+07 1.3057e+07  13.6%     -    5s
H   32    52                    1.429618e+07 1.3059e+07  8.65%  59.3    6s
H   96   112                    1.429609e+07 1.3059e+07  8.65%  43.1    7s
H  193   214                    1.414408e+07 1.3059e+07  7.67%  44.8   10s
H  200   214                    1.398814e+07 1.3059e+07  6.64%  45.7   10s
H  213   234                    1.315262e+07 1.3059e+07  0.71%  46.0   18s
H  214   234                    1.311443e+07 1.3059e+07  0.42%  45.9   18s
H  221   234                    1.310747e+07 1.3059e+07  0.37%  48.3   18s
   409   369 1.3080e+07   21   79 1.3107e+07 1.3059e+07  0.37%  41.4   20s
H 1271  1057                    1.310733e+07 1.3059e+07  0.37%  37.1   26s
H 1277  1057                    1.310732e+07 1.3059e+07  0.37%  37.1   26s
  2198  1764 1.3104e+07   45   42 1.3107e+07 1.3064e+07  0.33%  36.2   30s
H 2673  1912                    1.310451e+07 1.3064e+07  0.31%  35.6   31s
H 2747  1845                    1.310381e+07 1.3064e+07  0.31%  35.5   33s
  2748  1822 1.3102e+07   56  104 1.3104e+07 1.3064e+07  0.31%  35.5   35s
  2776  1859 1.3064e+07   20   76 1.3104e+07 1.3064e+07  0.31%  40.9   40s
  2985  1953 1.3071e+07   27   69 1.3104e+07 1.3065e+07  0.30%  42.5   46s
H 2995  1858                    1.310298e+07 1.3065e+07  0.29%  42.7   46s
  3493  2108 1.3085e+07   38   71 1.3103e+07 1.3065e+07  0.29%  44.2   50s
H 3941  2187                    1.310294e+07 1.3065e+07  0.29%  44.7   59s
  3961  2271 1.3099e+07   51   54 1.3103e+07 1.3065e+07  0.29%  44.6   60s
  4978  2633 1.3102e+07   46   47 1.3103e+07 1.3065e+07  0.29%  42.6   66s
H 4979  2550                    1.310282e+07 1.3065e+07  0.29%  42.6   66s
H 4980  2459                    1.310237e+07 1.3065e+07  0.29%  42.6   66s
H 4994  2379                    1.310237e+07 1.3065e+07  0.29%  42.6   66s
  6071  2883 1.3100e+07   60   40 1.3102e+07 1.3066e+07  0.27%  39.9   70s
* 6617  2537              83    1.309910e+07 1.3066e+07  0.25%  39.5   74s
* 6622  2479              84    1.309904e+07 1.3066e+07  0.25%  39.4   74s
  6876  2715 1.3077e+07   32   71 1.3099e+07 1.3067e+07  0.24%  39.5   75s
  8481  3852 1.3091e+07   26   59 1.3099e+07 1.3070e+07  0.22%  40.3   80s
 11038  5555 1.3083e+07   34   79 1.3099e+07 1.3074e+07  0.19%  39.1   85s
 12274  6121 1.3094e+07   45   67 1.3099e+07 1.3074e+07  0.19%  38.8   90s
 14219  7346     cutoff   32      1.3099e+07 1.3074e+07  0.19%  39.6   96s
 16695  8977 1.3083e+07   31   77 1.3099e+07 1.3075e+07  0.18%  39.0  101s
 18422 10219 1.3097e+07   37   49 1.3099e+07 1.3075e+07  0.18%  38.5  105s
 20442 10610     cutoff   52      1.3099e+07 1.3076e+07  0.18%  38.8  110s
 21438 11753 1.3084e+07   34   60 1.3099e+07 1.3076e+07  0.18%  38.7  115s
 23513 12939 1.3097e+07   85   36 1.3099e+07 1.3076e+07  0.18%  39.2  121s
 24565 14206 1.3078e+07   29   78 1.3099e+07 1.3077e+07  0.17%  38.9  125s
 27768 15689 1.3081e+07   36   80 1.3099e+07 1.3077e+07  0.17%  38.6  130s
 30608 17535 1.3097e+07   62   49 1.3099e+07 1.3077e+07  0.17%  38.8  136s
 32335 18529 1.3088e+07   35   69 1.3099e+07 1.3078e+07  0.16%  38.4  140s
*34286 19355              99    1.309887e+07 1.3078e+07  0.16%  38.1  143s
 35503 20093 1.3094e+07   43   77 1.3099e+07 1.3078e+07  0.16%  37.9  147s
H36361 19349                    1.309790e+07 1.3078e+07  0.15%  37.8  147s
 36859 19570 1.3091e+07   33   54 1.3098e+07 1.3078e+07  0.15%  37.7  153s
H36891 19557                    1.309789e+07 1.3078e+07  0.15%  37.7  153s
H36917 17292                    1.309617e+07 1.3078e+07  0.14%  37.7  153s
H36953 17196                    1.309610e+07 1.3078e+07  0.14%  37.7  153s
 37317 18162     cutoff   30      1.3096e+07 1.3078e+07  0.14%  37.7  157s
 39398 18606     cutoff   36      1.3096e+07 1.3079e+07  0.13%  37.6  162s
H39988 18601                    1.309610e+07 1.3079e+07  0.13%  37.6  162s
 40455 19714 1.3095e+07   44   69 1.3096e+07 1.3079e+07  0.13%  37.6  167s
 42541 20760 1.3096e+07   51   55 1.3096e+07 1.3079e+07  0.13%  37.7  172s
 44858 22259 1.3096e+07   69   52 1.3096e+07 1.3079e+07  0.13%  37.7  178s
 47999 24016     cutoff   36      1.3096e+07 1.3080e+07  0.13%  37.7  275s
H51548 24388                    1.309610e+07 1.3080e+07  0.12%  37.5  281s
H51849 24381                    1.309609e+07 1.3080e+07  0.12%  37.6  281s
 52350 25404 1.3094e+07   52   74 1.3096e+07 1.3080e+07  0.12%  37.9  288s
 54580 26343 1.3091e+07   36  122 1.3096e+07 1.3080e+07  0.12%  38.7  294s
 56971 27443 1.3085e+07   34   99 1.3096e+07 1.3080e+07  0.12%  39.6  302s
 59618 28285 1.3088e+07   29  116 1.3096e+07 1.3081e+07  0.12%  40.3  309s
 61426 29574     cutoff   36      1.3096e+07 1.3081e+07  0.12%  40.9  317s
 64458 30863 1.3090e+07   35  112 1.3096e+07 1.3081e+07  0.12%  41.6  326s
 67482 31785 1.3088e+07   39   93 1.3096e+07 1.3081e+07  0.11%  42.2  335s
H68680 31785                    1.309609e+07 1.3081e+07  0.11%  42.5  335s
 69819 32998 1.3091e+07   38   95 1.3096e+07 1.3081e+07  0.11%  42.8  344s
 72990 34117 1.3088e+07   32   86 1.3096e+07 1.3082e+07  0.11%  43.5  352s
 75804 35341 1.3091e+07   41   65 1.3096e+07 1.3082e+07  0.11%  44.1  360s
H78600 36408                    1.309609e+07 1.3082e+07  0.11%  44.3  370s
H78754 36405                    1.309609e+07 1.3082e+07  0.11%  44.3  370s
H79797 36405                    1.309609e+07 1.3082e+07  0.11%  44.5  370s
H80952 36405                    1.309609e+07 1.3082e+07  0.11%  44.8  370s
 81093 37829 1.3091e+07   37   86 1.3096e+07 1.3082e+07  0.11%  44.8  379s
 84484 38848 1.3092e+07   33   89 1.3096e+07 1.3082e+07  0.10%  45.3  389s
H84608 38847                    1.309609e+07 1.3082e+07  0.10%  45.4  390s
 86961 40314 1.3094e+07   40  124 1.3096e+07 1.3083e+07  0.10%  45.6  399s
 90478 41249 1.3093e+07   50   67 1.3096e+07 1.3083e+07  0.10%  46.0  408s
H92152 41247                    1.309609e+07 1.3083e+07  0.10%  46.2  408s
H92815 41847                    1.309609e+07 1.3083e+07  0.10%  46.2  418s
H93507 41847                    1.309609e+07 1.3083e+07  0.10%  46.2  418s
H93673 40311                    1.309546e+07 1.3083e+07  0.10%  46.3  418s
H94166 40290                    1.309545e+07 1.3083e+07  0.10%  46.3  418s

Cutting planes:
  Gomory: 23
  MIR: 10
  Flow cover: 2

Explored 94274 nodes (4382708 simplex iterations) in 419.37 seconds (375.34 work units)
Thread count was 20 (of 80 available processors)

Solution count 10: 1.30954e+07 1.30954e+07 1.30955e+07 ... 1.30962e+07

Optimal solution found (tolerance 1.00e-03)
Best objective 1.309544812797e+07, best bound 1.308292898008e+07, gap 0.0956%

User-callback calls 254805, time in user-callback 0.16 sec
