
Gurobi 11.0.3 (linux64) logging started Mon 18 Nov 2024 10:03:10 PM CST

Set parameter LogFile to value "/home/dlcole3/graph_abstraction/hierarchical_graphs/git_storage/CS1/HP_low_reserves/gurobi_logs/serial/logfile_ST15_1.log"

Gurobi 11.0.3 (linux64) logging started Mon 18 Nov 2024 10:04:06 PM CST

Set parameter LogFile to value "/home/dlcole3/graph_abstraction/hierarchical_graphs/git_storage/CS1/HP_low_reserves/gurobi_logs/serial/logfile_ST15_1.log"
Gurobi Optimizer version 11.0.3 build v11.0.3rc0 (linux64 - "Ubuntu 18.04.3 LTS")

CPU model: Intel(R) Xeon(R) CPU E5-2698 v4 @ 2.20GHz, instruction set [SSE2|AVX|AVX2]
Thread count: 40 physical cores, 80 logical processors, using up to 20 threads

Optimize a model with 29168 rows, 50688 columns and 136175 nonzeros
Model fingerprint: 0x9600af76
Variable types: 46944 continuous, 3744 integer (3744 binary)
Coefficient statistics:
  Matrix range     [6e-01, 2e+04]
  Objective range  [2e+00, 2e+04]
  Bounds range     [5e-02, 2e+05]
  RHS range        [5e-02, 7e+03]
Presolve removed 14230 rows and 38579 columns
Presolve time: 0.39s
Presolved: 14938 rows, 12109 columns, 64186 nonzeros
Variable types: 9027 continuous, 3082 integer (3082 binary)
Found heuristic solution: objective 2851647.9766
Found heuristic solution: objective 2438743.5477
Found heuristic solution: objective 2435207.3508

Root relaxation: objective 9.419089e+04, 9452 iterations, 0.63 seconds (0.54 work units)

    Nodes    |    Current Node    |     Objective Bounds      |     Work
 Expl Unexpl |  Obj  Depth IntInf | Incumbent    BestBd   Gap | It/Node Time

     0     0 94190.8885    0   64 2435207.35 94190.8885  96.1%     -    1s
H    0     0                    2435207.3503 94190.8885  96.1%     -    1s
H    0     0                    104937.20802 94190.8885  10.2%     -    2s
     0     0 94190.8885    0   64 104937.208 94190.8885  10.2%     -    2s
     0     0 94190.8885    0   89 104937.208 94190.8885  10.2%     -    2s
     0     0 94190.8885    0   89 104937.208 94190.8885  10.2%     -    2s
     0     2 94191.1550    0   89 104937.208 94191.1550  10.2%     -    3s
H   40    52                    102104.01231 94192.9390  7.75%   111    4s
H   91   112                    102094.11845 94232.7192  7.70%   138    5s
H   92   112                    102068.37386 94232.7192  7.68%   138    5s
H   93   112                    102061.32529 94232.7192  7.67%   138    5s
H   95   112                    102006.91143 94232.7192  7.62%   137    5s
H  156   177                    101985.56795 94248.5501  7.59%   134    6s
H  157   177                    101934.47780 94248.5501  7.54%   134    6s
H  166   177                    101932.97711 94248.5501  7.54%   133    6s
H  172   177                    101895.79294 94248.5501  7.50%   134    6s
H  205   226                    98874.829885 94248.5501  4.68%   133   10s
H  208   226                    98137.320914 94248.5501  3.96%   132   10s
H  212   226                    97115.343188 94248.5501  2.95%   134   10s
H 1283   802                    97105.951832 94444.1336  2.74%  58.0   14s
H 1285   802                    97104.255587 94444.1336  2.74%  58.1   14s
H 1408   846                    96920.737777 94444.1336  2.56%  57.7   14s
  1550   904 96567.1802   12   27 96920.7378 94444.1336  2.56%  57.0   15s
H 2419  1131                    96916.844768 94447.9604  2.55%  53.9   16s
* 2420  1131              46    96915.700618 94447.9604  2.55%  53.8   16s
H 2697  1144                    96908.950687 94551.2428  2.43%  52.3   17s
H 3146  1195                    96891.329280 94551.2428  2.42%  50.9   18s
* 3149  1186              53    96888.616429 94551.2428  2.41%  50.8   18s
* 3415  1243              38    96888.286379 95483.0117  1.45%  51.9   19s
  3949  1419 96761.0137   23   25 96888.2864 95795.1275  1.13%  51.5   20s
H 4480  1528                    96887.936374 95822.1667  1.10%  50.3   21s
  4488  1539 95822.1667   15   45 96887.9364 95822.1667  1.10%  51.8   25s
H 4521  1484                    96887.936247 95822.1667  1.10%  52.5   25s
H 4648  1424                    96887.935759 95822.1667  1.10%  54.7   27s
H 4650  1355                    96887.935364 95822.1667  1.10%  54.8   27s
H 4754  1269                    96887.935349 95822.1667  1.10%  55.7   29s
  4912  1258 95822.1667   20   59 96887.9353 95822.1667  1.10%  57.1   30s
H 5327  1160                    96887.935331 95822.1667  1.10%  58.2   31s
H 5333  1098                    96887.935285 95822.1667  1.10%  58.2   31s
H 5544  1048                    96847.805760 95822.1667  1.06%  57.6   32s
H 5903  1060                    96809.321674 95822.1667  1.02%  56.5   33s
H 5907  1008                    96799.385718 95822.1667  1.01%  56.5   33s
H 6051  1014                    96799.208541 95822.1667  1.01%  55.9   33s
H 6054   967                    96797.474390 95822.1667  1.01%  55.9   33s
H 6056   923                    96796.712800 95822.1667  1.01%  55.9   33s
* 6223   920              96    96795.720398 95822.1667  1.01%  55.1   33s
H 6907  1096                    96758.908791 95822.1667  0.97%  51.9   34s
H 7230  1274                    96755.176256 95822.1667  0.96%  50.3   34s
* 7233  1274             115    96753.782752 95822.1667  0.96%  50.3   34s
H 7982  1553                    96737.724751 95822.1667  0.95%  47.2   34s
H 7991  1551                    96736.313623 95822.1667  0.94%  47.1   34s
  8032  1743     cutoff   22      96736.3136 95822.1667  0.94%  47.0   35s
H 8274  1566                    96667.791788 95949.9299  0.74%  46.1   35s
H 8374  1684                    96663.206908 95958.0855  0.73%  45.7   35s
H 8581  1567                    96586.110688 95958.0855  0.65%  45.0   35s
H 9204  1850                    96581.020353 95978.6928  0.62%  43.2   35s
H 9207  1846                    96579.609220 95978.6928  0.62%  43.2   35s
H 9209  1823                    96575.705839 95978.6928  0.62%  43.2   35s
H 9924  2197                    96554.081146 95979.5536  0.60%  41.2   36s
H11108  2861                    96554.080896 95984.2559  0.59%  38.7   38s
H11155  3085                    96542.719393 95984.2559  0.58%  38.6   39s
H11584  2864                    96497.495736 95984.2559  0.53%  37.7   39s
H11587  2864                    96497.485512 95984.2559  0.53%  37.7   39s
H11588  2813                    96491.874187 95984.2559  0.53%  37.7   39s
 12392  3338 96428.0622   65   32 96491.8742 96045.1549  0.46%  36.4   40s
H14221  3778                    96457.911901 96054.9935  0.42%  34.2   41s
H14790  4042                    96457.268875 96067.6394  0.40%  33.6   42s
*14793  4026             117    96456.276471 96067.6394  0.40%  33.6   42s
H15779  4228                    96456.007641 96083.2150  0.39%  32.6   42s
H15779  4203                    96453.716298 96083.2150  0.38%  32.6   42s
 18939  5673 96244.3362   68   19 96453.7163 96103.0139  0.36%  29.8   45s
H19317  5304                    96428.851404 96107.0649  0.33%  29.5   45s

Explored 25600 nodes (672440 simplex iterations) in 49.33 seconds (48.96 work units)
Thread count was 20 (of 80 available processors)

Solution count 10: 96428.9 96428.9 96453.7 ... 96575.7

Optimal solution found (tolerance 3.00e-03)
Best objective 9.642885140433e+04, best bound 9.613981773770e+04, gap 0.2997%

User-callback calls 58008, time in user-callback 0.20 sec
