
Gurobi 11.0.3 (linux64) logging started Mon 18 Nov 2024 08:45:44 PM CST

Set parameter LogFile to value "/home/dlcole3/graph_abstraction/hierarchical_graphs/git_storage/CS1/HP_low_reserves/gurobi_logs/serial/logfile_ST10_8.log"

Gurobi 11.0.3 (linux64) logging started Mon 18 Nov 2024 09:07:04 PM CST

Set parameter LogFile to value "/home/dlcole3/graph_abstraction/hierarchical_graphs/git_storage/CS1/HP_low_reserves/gurobi_logs/serial/logfile_ST10_8.log"
Gurobi Optimizer version 11.0.3 build v11.0.3rc0 (linux64 - "Ubuntu 18.04.3 LTS")

CPU model: Intel(R) Xeon(R) CPU E5-2698 v4 @ 2.20GHz, instruction set [SSE2|AVX|AVX2]
Thread count: 40 physical cores, 80 logical processors, using up to 20 threads

Optimize a model with 29168 rows, 50688 columns and 136175 nonzeros
Model fingerprint: 0x3d19fe14
Variable types: 46944 continuous, 3744 integer (3744 binary)
Coefficient statistics:
  Matrix range     [6e-01, 2e+04]
  Objective range  [2e+00, 2e+04]
  Bounds range     [5e-02, 2e+05]
  RHS range        [5e-02, 7e+03]
Presolve removed 14522 rows and 38746 columns
Presolve time: 0.34s
Presolved: 14646 rows, 11942 columns, 63106 nonzeros
Variable types: 8891 continuous, 3051 integer (3051 binary)
Found heuristic solution: objective 4665277.5511
Found heuristic solution: objective 4136388.4721

Root relaxation: objective 1.463769e+05, 8662 iterations, 0.56 seconds (0.47 work units)

    Nodes    |    Current Node    |     Objective Bounds      |     Work
 Expl Unexpl |  Obj  Depth IntInf | Incumbent    BestBd   Gap | It/Node Time

     0     0 146376.882    0   53 4136388.47 146376.882  96.5%     -    1s
H    0     0                    161963.12947 146376.882  9.62%     -    1s
     0     0 146376.882    0   68 161963.129 146376.882  9.62%     -    1s
     0     0 146376.882    0   68 161963.129 146376.882  9.62%     -    2s
     0     2 146376.882    0   53 161963.129 146376.882  9.62%     -    2s
H   33    52                    152339.92646 146630.300  3.75%   103    3s
H   47    52                    150042.88803 146665.030  2.25%  86.8    3s
H   93    77                    149445.96178 146667.793  1.86%  71.3    4s
H   99    77                    148462.36105 146667.793  1.21%  70.8    4s
   161   100 148349.990   11   46 148462.361 146667.793  1.21%  68.1    5s
H  306   143                    147779.01934 146831.955  0.64%  61.8    7s
H  324   143                    147771.71380 146831.955  0.64%  61.8    7s
   981   264     cutoff   24      147771.714 146935.919  0.57%  40.2   10s
H 1255   384                    147737.46614 146946.125  0.54%  36.0   10s
H 1294   384                    147729.48836 146946.125  0.53%  35.4   10s
H 1312   384                    147725.05936 146946.125  0.53%  35.3   10s
H 1466   436                    147716.16709 146972.766  0.50%  32.7   10s
H 1624   538                    147715.80430 146972.766  0.50%  30.5   10s
H 1644   550                    147710.10006 146972.766  0.50%  30.2   12s
H 1646   550                    147708.32742 146972.766  0.50%  30.2   12s
H 1651   550                    147706.18945 146972.766  0.50%  30.2   12s
H 1660   550                    147703.91042 146972.766  0.50%  30.2   12s
H 1712   633                    147686.83405 146972.766  0.48%  29.8   13s
H 1721   633                    147679.50169 146972.766  0.48%  29.7   13s
H 1724   633                    147677.62290 146972.766  0.48%  29.7   13s
* 1903   682              87    147675.25089 147215.311  0.31%  28.1   13s
H 2000   682                    147631.23017 147215.311  0.28%  27.0   13s

Cutting planes:
  Gomory: 1

Explored 2063 nodes (63308 simplex iterations) in 13.28 seconds (12.81 work units)
Thread count was 20 (of 80 available processors)

Solution count 10: 147631 147631 147675 ... 147725

Optimal solution found (tolerance 3.00e-03)
Best objective 1.476312301698e+05, best bound 1.472153111815e+05, gap 0.2817%

User-callback calls 7678, time in user-callback 0.01 sec
