
Gurobi 11.0.3 (linux64) logging started Tue 19 Nov 2024 01:31:21 AM CST

Set parameter LogFile to value "/home/dlcole3/graph_abstraction/hierarchical_graphs/git_storage/CS1/HP_low_reserves/gurobi_logs/serial/logfile_ST30_5.log"

Gurobi 11.0.3 (linux64) logging started Tue 19 Nov 2024 01:33:42 AM CST

Set parameter LogFile to value "/home/dlcole3/graph_abstraction/hierarchical_graphs/git_storage/CS1/HP_low_reserves/gurobi_logs/serial/logfile_ST30_5.log"
Gurobi Optimizer version 11.0.3 build v11.0.3rc0 (linux64 - "Ubuntu 18.04.3 LTS")

CPU model: Intel(R) Xeon(R) CPU E5-2698 v4 @ 2.20GHz, instruction set [SSE2|AVX|AVX2]
Thread count: 40 physical cores, 80 logical processors, using up to 20 threads

Optimize a model with 29168 rows, 50688 columns and 136175 nonzeros
Model fingerprint: 0x830340b0
Variable types: 46944 continuous, 3744 integer (3744 binary)
Coefficient statistics:
  Matrix range     [6e-01, 2e+04]
  Objective range  [2e+00, 2e+04]
  Bounds range     [5e-02, 2e+05]
  RHS range        [3e-03, 7e+03]
Presolve removed 14248 rows and 38604 columns
Presolve time: 0.35s
Presolved: 14920 rows, 12084 columns, 64024 nonzeros
Variable types: 9031 continuous, 3053 integer (3053 binary)
Found heuristic solution: objective 1510941.5036
Found heuristic solution: objective 1037628.6443

Root relaxation: objective 9.545429e+04, 7356 iterations, 0.33 seconds (0.25 work units)

    Nodes    |    Current Node    |     Objective Bounds      |     Work
 Expl Unexpl |  Obj  Depth IntInf | Incumbent    BestBd   Gap | It/Node Time

     0     0 95454.2851    0   47 1037628.64 95454.2851  90.8%     -    1s
H    0     0                    709237.39792 95521.0976  86.5%     -    1s
H    0     0                    336948.16238 95521.0976  71.7%     -    1s
     0     0 95521.0976    0   65 336948.162 95521.0976  71.7%     -    1s
     0     0 95587.3630    0   74 336948.162 95587.3630  71.6%     -    2s
     0     0 95693.6171    0   87 336948.162 95693.6171  71.6%     -    2s
     0     0 95693.7037    0   89 336948.162 95693.7037  71.6%     -    2s
     0     0 95696.4919    0   93 336948.162 95696.4919  71.6%     -    2s
     0     0 95696.4919    0   93 336948.162 95696.4919  71.6%     -    2s
     0     2 95696.6115    0   93 336948.162 95696.6115  71.6%     -    3s
H   31    52                    333648.91631 96141.0945  71.2%   157    4s
H   35    52                    149672.22644 96141.1874  35.8%   163    4s
    51    72 100532.121    6   99 149672.226 96141.4431  35.8%   148    5s
H  155   176                    119835.49208 96158.9706  19.8%   144    7s
H  156   176                    114952.75809 96158.9706  16.3%   143    7s
H  164   176                    103006.67865 96158.9706  6.65%   139    7s
   201   220 100861.978   11   81 103006.679 96158.9706  6.65%   138   10s
H  206   220                    101501.21329 96158.9706  5.26%   138   10s
H  347   332                    100333.27172 96158.9706  4.16%   144   15s
H  348   332                    99069.791223 96158.9706  2.94%   143   15s
H  350   332                    98992.711034 96158.9706  2.86%   143   15s
H 1384   645                    98992.711019 96719.1806  2.30%  93.3   19s
H 1386   645                    98991.811148 96719.1806  2.30%  93.4   19s
H 1393   645                    98991.811096 96719.1806  2.30%  93.1   19s
H 1535   697                    98961.540164 96719.1806  2.27%  90.0   19s
  1598   769 98300.1125   13   76 98961.5402 96719.1806  2.27%  88.3   20s
H 1656   769                    98951.015364 96719.1806  2.26%  87.0   20s
H 1704   769                    98948.190550 96719.1806  2.25%  85.3   20s
H 1705   769                    98948.185195 96719.1806  2.25%  85.3   20s
H 1707   769                    98948.104350 96719.1806  2.25%  85.2   20s
* 2272   981              63    98942.501284 96958.6119  2.01%  78.4   21s
* 2289   981              68    98942.201353 96958.6119  2.00%  78.1   21s
H 2302   981                    98941.017487 96958.6119  2.00%  77.7   21s
* 2304   981              76    98940.993953 96958.6119  2.00%  77.6   21s
H 2656  1067                    98934.125648 97154.3168  1.80%  76.1   21s
H 2658  1067                    98934.102117 97154.3168  1.80%  76.0   21s
H 2659  1067                    98934.078585 97154.3168  1.80%  76.0   21s
* 2661  1067              76    98934.055053 97154.3168  1.80%  75.9   21s
  3744  1046     cutoff   21      98934.0551 97819.6961  1.13%  75.2   25s
  6755  1048     cutoff   11      98934.0551 98523.2612  0.42%  66.0   30s

Cutting planes:
  Gomory: 16
  MIR: 1

Explored 8956 nodes (489592 simplex iterations) in 31.86 seconds (31.34 work units)
Thread count was 20 (of 80 available processors)

Solution count 10: 98934.1 98934.1 98941 ... 99069.8

Optimal solution found (tolerance 3.00e-03)
Best objective 9.893405505308e+04, best bound 9.877412521937e+04, gap 0.1617%

User-callback calls 25599, time in user-callback 0.02 sec
