
Gurobi 11.0.3 (linux64) logging started Tue 19 Nov 2024 12:30:16 AM CST

Set parameter LogFile to value "/home/dlcole3/graph_abstraction/hierarchical_graphs/git_storage/CS1/HP_low_reserves/gurobi_logs/serial/logfile_ST26_8.log"

Gurobi 11.0.3 (linux64) logging started Tue 19 Nov 2024 12:41:47 AM CST

Set parameter LogFile to value "/home/dlcole3/graph_abstraction/hierarchical_graphs/git_storage/CS1/HP_low_reserves/gurobi_logs/serial/logfile_ST26_8.log"
Gurobi Optimizer version 11.0.3 build v11.0.3rc0 (linux64 - "Ubuntu 18.04.3 LTS")

CPU model: Intel(R) Xeon(R) CPU E5-2698 v4 @ 2.20GHz, instruction set [SSE2|AVX|AVX2]
Thread count: 40 physical cores, 80 logical processors, using up to 20 threads

Optimize a model with 29168 rows, 50688 columns and 136175 nonzeros
Model fingerprint: 0x9e490ddd
Variable types: 46944 continuous, 3744 integer (3744 binary)
Coefficient statistics:
  Matrix range     [6e-01, 2e+04]
  Objective range  [2e+00, 2e+04]
  Bounds range     [5e-02, 2e+05]
  RHS range        [2e-03, 7e+03]
Presolve removed 14550 rows and 38795 columns
Presolve time: 0.36s
Presolved: 14618 rows, 11893 columns, 62677 nonzeros
Variable types: 8890 continuous, 3003 integer (3003 binary)
Found heuristic solution: objective 1095624.1400

Root relaxation: objective 6.723513e+04, 8012 iterations, 0.43 seconds (0.34 work units)

    Nodes    |    Current Node    |     Objective Bounds      |     Work
 Expl Unexpl |  Obj  Depth IntInf | Incumbent    BestBd   Gap | It/Node Time

     0     0 67235.1262    0   49 1095624.14 67235.1262  93.9%     -    1s
     0     0 67235.1262    0   49 1095624.14 67235.1262  93.9%     -    2s
H    0     0                    125008.22025 67235.1262  46.2%     -    2s
     0     2 67235.1262    0   49 125008.220 67235.1262  46.2%     -    2s
H   31    52                    100742.81781 67593.5009  32.9%  67.1    2s
H   36    52                    70144.506370 67593.9286  3.64%  64.2    2s
H   41    52                    70143.614531 67593.9286  3.63%  65.4    2s
H   45    52                    69816.017975 67593.9286  3.18%  62.5    2s
H   45    52                    69792.279596 67593.9286  3.15%  62.5    2s
H  105   111                    69254.090144 67593.9286  2.40%  61.3    3s
H  238   201                    69088.228766 67593.9286  2.16%  45.3    3s
H  365   296                    69027.355643 67593.9286  2.08%  35.6    3s
*  418   286              24    69014.760635 67593.9286  2.06%  35.4    3s
H  478   317                    69014.201173 67593.9286  2.06%  36.5    3s
*  533   350              21    68890.115810 67593.9286  1.88%  36.7    3s
*  535   350              22    68890.115789 67593.9286  1.88%  36.6    3s
H  625   356                    68889.556333 67595.7475  1.88%  35.2    4s
*  743   360              30    68889.486380 67595.7475  1.88%  36.7    4s
*  745   360              28    68889.284622 67595.7475  1.88%  36.6    4s
H  751   372                    68889.284615 67595.7475  1.88%  36.8    4s
H  756   372                    68889.284603 67595.7475  1.88%  37.0    4s
*  937   423              21    68889.159141 67595.7475  1.88%  36.3    4s
*  940   423              22    68889.089183 67595.7475  1.88%  36.2    4s
*  941   423              20    68888.887426 67595.7475  1.88%  36.1    4s
H  957   416                    68888.434245 67595.7475  1.88%  35.8    7s
H  969   416                    68888.434237 67595.7475  1.88%  35.9    7s
  2075   469 68576.5446   14   50 68888.4342 68309.6814  0.84%  38.4   10s
H 2076   469                    68888.433992 68309.6814  0.84%  38.4   10s
H 2544   472                    68888.433947 68329.9048  0.81%  36.8   11s
H 2550   472                    68888.433801 68329.9048  0.81%  36.9   11s
H 3683    77                    68887.365217 68683.9641  0.30%  33.0   12s
* 3687    77              39    68885.046695 68683.9641  0.29%  32.9   12s
* 3788    77              38    68884.676207 68759.9360  0.18%  32.3   12s

Explored 3844 nodes (130777 simplex iterations) in 12.37 seconds (11.00 work units)
Thread count was 20 (of 80 available processors)

Solution count 10: 68884.7 68884.7 68885 ... 68889.5

Optimal solution found (tolerance 3.00e-03)
Best objective 6.888467621236e+04, best bound 6.875993600697e+04, gap 0.1811%

User-callback calls 11000, time in user-callback 0.01 sec
