
Gurobi 11.0.3 (linux64) logging started Mon 18 Nov 2024 09:52:41 PM CST

Set parameter LogFile to value "/home/dlcole3/graph_abstraction/hierarchical_graphs/git_storage/CS1/HP_low_reserves/gurobi_logs/serial/logfile_ST14_5.log"

Gurobi 11.0.3 (linux64) logging started Mon 18 Nov 2024 09:57:40 PM CST

Set parameter LogFile to value "/home/dlcole3/graph_abstraction/hierarchical_graphs/git_storage/CS1/HP_low_reserves/gurobi_logs/serial/logfile_ST14_5.log"
Gurobi Optimizer version 11.0.3 build v11.0.3rc0 (linux64 - "Ubuntu 18.04.3 LTS")

CPU model: Intel(R) Xeon(R) CPU E5-2698 v4 @ 2.20GHz, instruction set [SSE2|AVX|AVX2]
Thread count: 40 physical cores, 80 logical processors, using up to 20 threads

Optimize a model with 29168 rows, 50688 columns and 136175 nonzeros
Model fingerprint: 0x0d9eb015
Variable types: 46944 continuous, 3744 integer (3744 binary)
Coefficient statistics:
  Matrix range     [6e-01, 2e+04]
  Objective range  [2e+00, 2e+04]
  Bounds range     [5e-02, 2e+05]
  RHS range        [5e-02, 7e+03]
Presolve removed 14277 rows and 38604 columns
Presolve time: 0.42s
Presolved: 14891 rows, 12084 columns, 63925 nonzeros
Variable types: 9025 continuous, 3059 integer (3059 binary)
Found heuristic solution: objective 4680327.6573
Found heuristic solution: objective 4396347.8646
Found heuristic solution: objective 3684144.9628

Root relaxation: objective 1.513999e+05, 7279 iterations, 0.38 seconds (0.23 work units)

    Nodes    |    Current Node    |     Objective Bounds      |     Work
 Expl Unexpl |  Obj  Depth IntInf | Incumbent    BestBd   Gap | It/Node Time

     0     0 151399.930    0   56 3684144.96 151399.930  95.9%     -    1s
     0     0 151399.930    0   54 3684144.96 151399.930  95.9%     -    2s
H    0     0                    264765.73596 151399.930  42.8%     -    2s
     0     2 151399.930    0   54 264765.736 151399.930  42.8%     -    2s
H   34    52                    155524.15403 151407.018  2.65%  86.2    3s
H   96    88                    155505.36303 151407.196  2.64%  60.6    3s
H  164   143                    155419.98903 151407.196  2.58%  59.9    4s
H  166   143                    155398.64551 151407.196  2.57%  59.8    4s
H  167   143                    155377.30202 151407.196  2.56%  61.7    4s
H  280   231                    154747.22365 151407.368  2.16%  57.2    4s
H  332   232                    154376.91480 151407.368  1.92%  56.0    6s
H  336   232                    153677.62903 151407.368  1.48%  55.9    6s
H  343   232                    153664.28922 151407.368  1.47%  56.9    6s
H  344   232                    153621.78163 151407.368  1.44%  57.1    6s
H  345   232                    153269.80982 151407.368  1.22%  57.2    6s
H  701   409                    153202.14957 151451.391  1.14%  46.0    7s
H  704   409                    153199.61947 151451.391  1.14%  45.8    7s
   978   548 151925.904   13   48 153199.619 151451.391  1.14%  40.0   10s
H 1001   548                    153197.52901 151451.391  1.14%  40.0   10s
H 1062   578                    153197.02800 151451.391  1.14%  39.6   10s
H 1063   578                    153196.99737 151451.391  1.14%  39.5   10s
* 1064   578              58    153196.96786 151451.391  1.14%  39.5   10s
  3744  1280 152379.482   25   54 153196.968 152034.468  0.76%  31.0   16s
H 3791  1222                    153196.96779 152034.468  0.76%  33.6   19s
  3877  1236     cutoff   25      153196.968 152034.468  0.76%  34.5   20s
H 3882  1173                    153196.96752 152034.468  0.76%  34.5   20s
H 3893  1111                    153196.96662 152034.468  0.76%  34.6   20s
H 4115  1084                    153196.96654 152034.468  0.76%  36.5   23s
H 4134  1041                    153196.96643 152034.468  0.76%  36.7   23s
  4859  1347 153097.530   55   31 153196.966 152034.468  0.76%  35.6   25s
H 5213  1304                    153196.96639 152034.468  0.76%  34.3   26s
H 5224  1254                    153196.96560 152034.468  0.76%  34.3   26s
H 8349  2218                    153151.09576 152228.922  0.60%  31.2   29s
  8536  2257 152667.185   47   43 153151.096 152228.922  0.60%  30.9   30s
H 8627  2257                    153151.03223 152228.922  0.60%  30.9   30s
H 8629  2257                    153150.97096 152228.922  0.60%  30.9   30s
H 9658  2712                    153149.97195 152228.922  0.60%  30.1   31s
* 9659  2711             108    153149.84941 152228.922  0.60%  30.1   31s
H 9912  2569                    153122.81723 152304.744  0.53%  29.8   32s
H 9916  2569                    153122.78660 152304.744  0.53%  29.8   32s
H 9917  2569                    153122.75596 152304.744  0.53%  29.8   32s
*11262  2938              98    153122.38096 152400.074  0.47%  29.5   33s
 12590  3579 152646.856   39   34 153122.381 152421.878  0.46%  28.9   35s
H14106  4032                    153117.08173 152465.735  0.43%  28.0   35s
H14107  4031                    153117.05110 152465.735  0.43%  28.0   35s
*14108  4031              99    153117.02046 152465.735  0.43%  28.0   35s
H17219  5126                    153112.57108 152530.181  0.38%  27.3   38s
H17223  5125                    153112.54045 152530.181  0.38%  27.3   38s
*17224  5125             103    153112.50981 152530.181  0.38%  27.3   38s
 18361  5452 152897.611   54   47 153112.510 152541.763  0.37%  27.1   40s
 22996  6446 152957.011   53   42 153112.510 152645.823  0.30%  26.6   45s
H23108  6430                    153112.11529 152645.823  0.30%  26.6   45s
*23112  6428             110    153112.05402 152645.823  0.30%  26.5   45s
*24842  6442             103    153107.52387 152646.792  0.30%  26.0   46s
H25586  6121                    153098.58193 152675.837  0.28%  25.8   47s
H25591  4203                    153030.55814 152675.837  0.23%  25.8   47s

Explored 26159 nodes (677327 simplex iterations) in 47.16 seconds (45.72 work units)
Thread count was 20 (of 80 available processors)

Solution count 10: 153031 153099 153108 ... 153123

Optimal solution found (tolerance 3.00e-03)
Best objective 1.530305581398e+05, best bound 1.526758366452e+05, gap 0.2318%

User-callback calls 59149, time in user-callback 0.02 sec
