
Gurobi 11.0.3 (linux64) logging started Tue 19 Nov 2024 02:01:22 AM CST

Set parameter LogFile to value "/home/dlcole3/graph_abstraction/hierarchical_graphs/git_storage/CS1/HP_low_reserves/gurobi_logs/serial/logfile_ST32_5.log"

Gurobi 11.0.3 (linux64) logging started Tue 19 Nov 2024 02:05:21 AM CST

Set parameter LogFile to value "/home/dlcole3/graph_abstraction/hierarchical_graphs/git_storage/CS1/HP_low_reserves/gurobi_logs/serial/logfile_ST32_5.log"
Gurobi Optimizer version 11.0.3 build v11.0.3rc0 (linux64 - "Ubuntu 18.04.3 LTS")

CPU model: Intel(R) Xeon(R) CPU E5-2698 v4 @ 2.20GHz, instruction set [SSE2|AVX|AVX2]
Thread count: 40 physical cores, 80 logical processors, using up to 20 threads

Optimize a model with 29168 rows, 50688 columns and 136175 nonzeros
Model fingerprint: 0x479f5807
Variable types: 46944 continuous, 3744 integer (3744 binary)
Coefficient statistics:
  Matrix range     [6e-01, 2e+04]
  Objective range  [2e+00, 2e+04]
  Bounds range     [5e-02, 2e+05]
  RHS range        [5e-02, 7e+03]
Presolve removed 14100 rows and 38724 columns
Presolve time: 0.37s
Presolved: 15068 rows, 11964 columns, 64456 nonzeros
Variable types: 8888 continuous, 3076 integer (3076 binary)
Found heuristic solution: objective 2280138.4615

Root relaxation: objective 1.391112e+05, 8993 iterations, 0.58 seconds (0.50 work units)

    Nodes    |    Current Node    |     Objective Bounds      |     Work
 Expl Unexpl |  Obj  Depth IntInf | Incumbent    BestBd   Gap | It/Node Time

     0     0 139111.209    0   83 2280138.46 139111.209  93.9%     -    1s
H    0     0                    143790.37724 139111.209  3.25%     -    2s
     0     0 139111.209    0   88 143790.377 139111.209  3.25%     -    2s
     0     0 139116.715    0   87 143790.377 139116.715  3.25%     -    2s
     0     0 139156.279    0   87 143790.377 139156.279  3.22%     -    2s
     0     0 139212.345    0   83 143790.377 139212.345  3.18%     -    2s
     0     0 139245.180    0   83 143790.377 139245.180  3.16%     -    3s
     0     2 139245.180    0   83 143790.377 139245.180  3.16%     -    3s
H   91   108                    143778.06522 139282.078  3.13%  57.3    5s
H   92   108                    143769.03378 139282.078  3.12%  56.9    5s
H   95   108                    143765.75320 139282.078  3.12%  59.3    5s
H  197   199                    143700.26628 139285.061  3.07%  52.4    6s
  1140  1075 143151.327   35   43 143700.266 139351.018  3.03%  35.7   10s
H 1144  1075                    143680.85493 139351.018  3.01%  35.7   10s
H 2267  1832                    143405.38816 139378.218  2.81%  32.0   16s
H 2268  1114                    141877.33716 139378.218  1.76%  32.0   16s
H 2279  1114                    141724.51298 139378.218  1.66%  32.0   16s
H 2286  1114                    141562.26478 139378.218  1.54%  32.0   16s
  2287  1061     cutoff   40      141562.265 139422.212  1.51%  32.0   24s
H 2291  1061                    141472.88750 139422.212  1.45%  32.0   24s
H 2296  1061                    141267.82269 139422.212  1.31%  32.0   24s
H 2319  1061                    141182.46322 139440.942  1.23%  31.8   24s
H 2366  1068                    141182.46303 139440.942  1.23%  31.5   25s
H 2368  1068                    141182.46275 139440.942  1.23%  31.5   25s
H 2381  1068                    141182.46263 139440.942  1.23%  31.6   25s
  3826  1161 140117.009   16   83 141182.463 139538.618  1.16%  31.5   30s
  4165  1282 140464.898   25   27 141182.463 139538.618  1.16%  34.7   36s
H 4167  1222                    141131.45541 139538.618  1.13%  34.6   36s
  5178  1353 140418.883   29   33 141131.455 139538.618  1.13%  34.7   40s
H 5187  1295                    141131.45530 139538.618  1.13%  34.7   40s
H 5196  1239                    141131.45528 139538.618  1.13%  34.7   40s
H 5200  1188                    141131.45473 139538.618  1.13%  34.7   40s
  7545  1915     cutoff   32      141131.455 139538.618  1.13%  33.0   45s
 12293  4265     cutoff   52      141131.455 140150.284  0.70%  32.2   50s
*12694  4263              72    141130.90504 140150.284  0.69%  31.9   50s
H13913  4719                    141130.90485 140181.752  0.67%  31.5   52s
H13939  4719                    141130.90475 140181.752  0.67%  31.5   52s
 16242  6090 140683.988   41   34 141130.905 140225.751  0.64%  31.1   55s
 21941  8892 140648.797   47   26 141130.905 140284.689  0.60%  29.8   60s
 26268 10614 141037.044   50   37 141130.905 140319.872  0.57%  29.1   65s
 29691 12213 140621.298   31   30 141130.905 140345.377  0.56%  28.9   70s
 35875 14750 140842.717   29   38 141130.905 140395.552  0.52%  28.3   75s
 41862 17389 140585.085   39   39 141130.905 140431.542  0.50%  28.1   80s
 46622 19570     cutoff   65      141130.905 140453.570  0.48%  27.9   88s
 49299 20448     cutoff   34      141130.905 140462.942  0.47%  27.7   90s
 55395 22738 140585.269   46   36 141130.905 140482.663  0.46%  27.5   95s
 62301 24946 140555.079   37   45 141130.905 140500.343  0.45%  27.3  100s
 69025 27783 140549.107   38   53 141130.905 140517.253  0.43%  27.0  106s
 74234 29855 140557.188   28   53 141130.905 140533.334  0.42%  26.9  110s
 82149 32189 141118.331   55   25 141130.905 140549.248  0.41%  26.7  116s
 89279 34603 140955.294   53   30 141130.905 140562.477  0.40%  26.6  121s
 92006 34915     cutoff   51      141130.905 140568.364  0.40%  26.6  125s
 96032 36682 140902.597   48   39 141130.905 140573.675  0.39%  26.5  130s
 101443 38249 140962.896   50   53 141130.905 140584.533  0.39%  26.5  135s
 110531 40530 140777.197   47   34 141130.905 140598.706  0.38%  26.3  141s
 116454 42091 141050.745   42   31 141130.905 140607.214  0.37%  26.2  145s
 122407 43813 140959.570   34   50 141130.905 140617.137  0.36%  26.1  150s
 128788 45573 141053.417   40   41 141130.905 140626.256  0.36%  26.0  155s
 137856 48125 140671.993   49   43 141130.905 140637.862  0.35%  25.9  161s
 144330 49523 140874.744   48   26 141130.905 140645.859  0.34%  25.7  167s
 151169 51055 141077.556   55   41 141130.905 140655.856  0.34%  25.6  171s
 157283 52634     cutoff   48      141130.905 140663.105  0.33%  25.6  175s
 163268 53997 140963.556   46   35 141130.905 140671.274  0.33%  25.5  180s
 169338 55736     cutoff   50      141130.905 140678.228  0.32%  25.5  185s
 179272 58251 140980.825   55   28 141130.905 140689.792  0.31%  25.3  191s
 185451 59707 140780.960   50   43 141130.905 140695.240  0.31%  25.2  195s
 191658 60760 140915.171   37   38 141130.905 140701.198  0.30%  25.1  200s
 198127 62048 140877.341   48   46 141130.905 140706.432  0.30%  25.1  205s

Cutting planes:
  MIR: 1

Explored 201283 nodes (5054580 simplex iterations) in 205.32 seconds (221.68 work units)
Thread count was 20 (of 80 available processors)

Solution count 10: 141131 141131 141131 ... 141877

Optimal solution found (tolerance 3.00e-03)
Best objective 1.411309050312e+05, best bound 1.407090135370e+05, gap 0.2989%

User-callback calls 417220, time in user-callback 0.15 sec
