
Gurobi 11.0.3 (linux64) logging started Mon 18 Nov 2024 11:07:34 PM CST

Set parameter LogFile to value "/home/dlcole3/graph_abstraction/hierarchical_graphs/git_storage/CS1/HP_low_reserves/gurobi_logs/serial/logfile_ST20_8.log"

Gurobi 11.0.3 (linux64) logging started Mon 18 Nov 2024 11:22:00 PM CST

Set parameter LogFile to value "/home/dlcole3/graph_abstraction/hierarchical_graphs/git_storage/CS1/HP_low_reserves/gurobi_logs/serial/logfile_ST20_8.log"
Gurobi Optimizer version 11.0.3 build v11.0.3rc0 (linux64 - "Ubuntu 18.04.3 LTS")

CPU model: Intel(R) Xeon(R) CPU E5-2698 v4 @ 2.20GHz, instruction set [SSE2|AVX|AVX2]
Thread count: 40 physical cores, 80 logical processors, using up to 20 threads

Optimize a model with 29168 rows, 50688 columns and 136175 nonzeros
Model fingerprint: 0x10273a40
Variable types: 46944 continuous, 3744 integer (3744 binary)
Coefficient statistics:
  Matrix range     [6e-01, 2e+04]
  Objective range  [2e+00, 2e+04]
  Bounds range     [5e-02, 2e+05]
  RHS range        [5e-02, 7e+03]
Presolve removed 14485 rows and 38927 columns
Presolve time: 0.34s
Presolved: 14683 rows, 11761 columns, 63198 nonzeros
Variable types: 8685 continuous, 3076 integer (3076 binary)
Found heuristic solution: objective 6643638.5613
Found heuristic solution: objective 6009529.0050

Root relaxation: objective 1.903239e+05, 8416 iterations, 0.52 seconds (0.41 work units)

    Nodes    |    Current Node    |     Objective Bounds      |     Work
 Expl Unexpl |  Obj  Depth IntInf | Incumbent    BestBd   Gap | It/Node Time

     0     0 190323.931    0   33 6009529.00 190323.931  96.8%     -    1s
H    0     0                    252902.55471 190323.931  24.7%     -    1s
H    0     0                    246711.78253 190369.458  22.8%     -    1s
     0     0 190369.458    0   40 246711.783 190369.458  22.8%     -    1s
H    0     0                    193573.17977 190737.396  1.46%     -    2s
     0     0 190737.396    0   40 193573.180 190737.396  1.46%     -    2s
     0     0 190737.396    0   47 193573.180 190737.396  1.46%     -    2s
     0     0 190737.396    0   61 193573.180 190737.396  1.46%     -    2s
     0     0 190737.452    0   52 193573.180 190737.452  1.46%     -    2s
     0     0 190737.452    0   52 193573.180 190737.452  1.46%     -    3s
     0     0 190737.452    0   29 193573.180 190737.452  1.46%     -    4s
     0     0 190737.452    0   38 193573.180 190737.452  1.46%     -    4s
     0     0 190737.452    0   38 193573.180 190737.452  1.46%     -    4s
     0     0 190737.452    0   50 193573.180 190737.452  1.46%     -    4s
     0     0 190737.452    0   64 193573.180 190737.452  1.46%     -    5s
     0     0 190805.010    0   48 193573.180 190805.010  1.43%     -    5s
H    0     0                    193571.42171 190805.010  1.43%     -    5s
     0     0 190805.010    0   51 193571.422 190805.010  1.43%     -    5s
H    0     0                    193510.22664 190808.405  1.40%     -    5s
     0     0 190833.187    0   68 193510.227 190833.187  1.38%     -    5s
     0     0 190833.187    0   68 193510.227 190833.187  1.38%     -    5s
     0     2 190833.187    0   68 193510.227 190833.187  1.38%     -    6s
H   33    30                    193510.22644 190833.187  1.38%   136    7s
H   42    30                    193510.22631 190833.187  1.38%   118    7s
H  160   128                    193498.84519 190833.187  1.38%  68.3    9s
H  237   176                    192657.42450 190833.187  0.95%  58.5    9s
   334   205 191172.542    9   35 192657.424 190833.187  0.95%  49.6   10s
H  385   212                    191707.02885 190833.187  0.46%  45.3   14s
   598   293 191644.154   16   35 191707.029 190833.187  0.46%  36.5   15s
H 1392   627                    191707.02855 190856.759  0.44%  25.1   17s
H 1420   636                    191707.02850 190856.759  0.44%  25.4   18s
H 1427   636                    191707.02833 190856.759  0.44%  25.4   18s
H 1433   636                    191707.02827 190856.759  0.44%  25.4   18s
H 1720   681                    191706.89506 190863.186  0.44%  24.9   19s
H 1721   681                    191702.47887 190863.186  0.44%  24.9   19s
* 1722   681              73    191702.45366 190863.186  0.44%  24.8   19s
  2403   970 191175.890   22   44 191702.454 190891.903  0.42%  22.9   20s
* 4260  1416              79    191702.09733 190962.350  0.39%  19.6   21s
  4681  1515 191581.913   54   18 191702.097 190988.799  0.37%  19.3   25s
  5105  1506 191397.898   46   23 191702.097 191090.801  0.32%  21.9   30s
H 5163  1417                    191701.74091 191090.801  0.32%  21.8   31s
H 5164  1345                    191701.70050 191090.801  0.32%  21.8   31s
H 5170  1274                    191701.66010 191090.801  0.32%  21.8   31s
H 6268  1205                    191700.14749 191096.576  0.31%  19.9   34s
  6611  1166 191124.682   48   25 191700.147 191096.576  0.31%  19.5   35s
* 8331  1247              91    191700.05168 191107.930  0.31%  17.5   37s

Explored 9258 nodes (170711 simplex iterations) in 37.44 seconds (37.09 work units)
Thread count was 20 (of 80 available processors)

Solution count 10: 191700 191700 191702 ... 193499

Optimal solution found (tolerance 3.00e-03)
Best objective 1.917000516751e+05, best bound 1.913777260896e+05, gap 0.1681%

User-callback calls 24955, time in user-callback 0.01 sec
