
Gurobi 11.0.3 (linux64) logging started Mon 18 Nov 2024 10:03:12 PM CST

Set parameter LogFile to value "/home/dlcole3/graph_abstraction/hierarchical_graphs/git_storage/CS1/HP_low_reserves/gurobi_logs/serial/logfile_ST15_2.log"

Gurobi 11.0.3 (linux64) logging started Mon 18 Nov 2024 10:05:06 PM CST

Set parameter LogFile to value "/home/dlcole3/graph_abstraction/hierarchical_graphs/git_storage/CS1/HP_low_reserves/gurobi_logs/serial/logfile_ST15_2.log"
Gurobi Optimizer version 11.0.3 build v11.0.3rc0 (linux64 - "Ubuntu 18.04.3 LTS")

CPU model: Intel(R) Xeon(R) CPU E5-2698 v4 @ 2.20GHz, instruction set [SSE2|AVX|AVX2]
Thread count: 40 physical cores, 80 logical processors, using up to 20 threads

Optimize a model with 29168 rows, 50688 columns and 136175 nonzeros
Model fingerprint: 0x78a5a2f7
Variable types: 46944 continuous, 3744 integer (3744 binary)
Coefficient statistics:
  Matrix range     [6e-01, 2e+04]
  Objective range  [2e+00, 2e+04]
  Bounds range     [5e-02, 2e+05]
  RHS range        [5e-02, 7e+03]
Presolve removed 14249 rows and 38612 columns
Presolve time: 0.36s
Presolved: 14919 rows, 12076 columns, 63757 nonzeros
Variable types: 9064 continuous, 3012 integer (3012 binary)
Found heuristic solution: objective 292925.24061
Found heuristic solution: objective 239121.98843

Root relaxation: objective 7.940388e+04, 8557 iterations, 0.49 seconds (0.38 work units)

    Nodes    |    Current Node    |     Objective Bounds      |     Work
 Expl Unexpl |  Obj  Depth IntInf | Incumbent    BestBd   Gap | It/Node Time

     0     0 79403.8830    0   42 239121.988 79403.8830  66.8%     -    1s
     0     0 79403.8830    0   51 239121.988 79403.8830  66.8%     -    1s
     0     0 79410.1694    0   68 239121.988 79410.1694  66.8%     -    2s
     0     0 79412.3439    0   83 239121.988 79412.3439  66.8%     -    2s
H    0     0                    168388.42795 79412.3734  52.8%     -    2s
     0     0 79412.3734    0   83 168388.428 79412.3734  52.8%     -    2s
     0     2 79412.3933    0   83 168388.428 79412.3933  52.8%     -    2s
H   31    52                    116132.60035 80028.1347  31.1%   122    4s
H   36    52                    97748.199345 80029.7245  18.1%   114    4s
H   45    52                    85660.415842 80029.7245  6.57%   109    4s
H   45    52                    84673.677946 80029.7245  5.48%   109    4s
H   91    92                    84673.677934 80029.7245  5.48%  81.9    4s
H   92    92                    84673.677924 80029.7245  5.48%  81.2    4s
H   93    92                    84662.640344 80029.7245  5.47%  80.3    4s
   155   157 82575.5986   10   29 84662.6403 80032.9637  5.47%  77.9    5s
H  453   377                    84171.143555 80032.9637  4.92%  60.0    6s
H  502   407                    83548.226265 80032.9637  4.21%  56.6    6s
H  635   506                    83548.226246 80252.6344  3.94%  51.3    6s
H  647   522                    83148.539671 80252.6344  3.48%  50.8   10s
H  648   522                    82249.454139 80252.6344  2.43%  51.2   10s
H  649   522                    82224.131582 80252.6344  2.40%  51.2   10s
H  657   522                    82048.330238 80252.6344  2.19%  51.3   10s
H 1796  1072                    82048.330229 80252.6344  2.19%  32.9   13s
H 1800  1078                    82048.330192 80252.6344  2.19%  32.9   14s
H 1801  1078                    82042.141088 80252.6344  2.18%  32.9   14s
H 1814  1078                    82035.085658 80252.6344  2.17%  32.8   14s
* 2069  1201              97    81858.549455 80282.6427  1.93%  30.9   14s
  2390  1231 81236.4894   28   24 81858.5495 80282.6427  1.93%  29.0   15s
H 2720  1203                    81748.229973 80282.6427  1.79%  27.4   15s
H 2722  1203                    81748.194994 80282.6427  1.79%  27.4   15s
H 2723  1203                    81746.818977 80282.6427  1.79%  27.4   15s
H 2728  1203                    81746.495290 80282.6427  1.79%  27.4   15s
H 2729  1203                    81744.533015 80282.6427  1.79%  27.4   15s
H 2730  1203                    81742.584567 80282.6427  1.79%  27.4   15s
* 2922  1217              73    81742.582128 80400.6169  1.64%  27.0   15s
* 3091  1261              75    81684.054400 80400.6169  1.57%  27.0   15s
H 3092  1206                    81652.927254 80400.6169  1.53%  27.0   15s
* 3093  1203              75    81649.475600 80400.6169  1.53%  27.0   15s
H 3384  1290                    81647.094350 80598.3157  1.28%  26.6   17s
  3392  1297 80598.3157   10   71 81647.0943 80598.3157  1.28%  28.6   20s
H 3506  1254                    81647.094336 80598.3157  1.28%  30.3   21s
H 3513  1189                    81647.093999 80598.3157  1.28%  30.4   21s
H 3758  1126                    81647.093982 80598.3157  1.28%  31.2   23s
H 3769  1066                    81647.093938 80598.3157  1.28%  31.2   23s
  4624  1163 81454.0237   49   17 81647.0939 80598.3157  1.28%  28.8   25s
H 4863  1109                    81615.528102 80598.3157  1.25%  28.4   26s
H 4868  1057                    81615.528093 80598.3157  1.25%  28.4   26s
H 6116  1244                    81615.528073 80598.3157  1.25%  26.6   28s
H 6123  1244                    81615.527929 80598.3157  1.25%  26.6   28s
  6125  1262 80609.5437   52   23 81615.5279 80598.3157  1.25%  26.6   33s
H 6130  1256                    81611.509082 80598.3157  1.24%  26.6   33s
  7181  2003 80598.3157   24   52 81611.5091 80598.3157  1.24%  25.5   35s
 12549  4870 81587.9884   62   19 81611.5091 80598.3157  1.24%  23.8   40s
*12564  4767              76    81600.027589 80598.3157  1.23%  23.8   40s
 19035  8052 81478.8787   84    3 81600.0276 80982.1378  0.76%  21.1   45s
 26497 11129 81591.9523   48   23 81600.0276 81081.9786  0.63%  18.8   50s
H26500 11129                    81600.027502 81081.9786  0.63%  18.8   50s
H26545 11137                    81600.026961 81081.9786  0.63%  18.8   51s
H27606 11501                    81600.026617 81100.7034  0.61%  18.6   53s
 29972 13054 81286.9069   70   15 81600.0266 81144.5471  0.56%  18.2   55s
 37175 15894 81394.2611   44   22 81600.0266 81206.8507  0.48%  17.7   60s
*41083 17813              90    81599.877590 81257.8050  0.42%  17.1   62s
 45543 20842 81270.8776   71   27 81599.8776 81259.5583  0.42%  16.9   65s
 47989 23786 81465.5997   64   13 81599.8776 81261.8679  0.41%  16.5   78s
 53268 25359 81597.4671   75   26 81599.8776 81261.9002  0.41%  16.0   80s
H57323 26223                    81599.876587 81262.0502  0.41%  15.5   81s
 64775 31643     cutoff   66      81599.8766 81262.2759  0.41%  15.0   86s
 71382 35483     cutoff   73      81599.8766 81262.9753  0.41%  14.6   90s
 85178 41065 81475.5223   74   10 81599.8766 81265.7786  0.41%  14.0   96s
 92678 44897 81304.2916   65    9 81599.8766 81267.3481  0.41%  13.9  100s
 104106 50025 81459.7847   61   31 81599.8766 81270.1582  0.40%  13.6  105s
 113358 53706 81277.2171   84   20 81599.8766 81271.4829  0.40%  13.5  110s
 122580 58301 81317.6857   88   26 81599.8766 81272.9320  0.40%  13.2  115s
 136493 63893 81277.0332   73   26 81599.8766 81274.9056  0.40%  13.0  120s
 145942 68480 81311.0746   63   22 81599.8766 81276.8387  0.40%  12.8  125s
 155560 72695 81298.3000   60   13 81599.8766 81277.1815  0.40%  12.8  130s
 165516 76515     cutoff   77      81599.8766 81277.3787  0.40%  12.8  135s
 175713 81034 81309.9892   82   17 81599.8766 81277.7658  0.39%  12.7  140s
 187511 85912     cutoff   88      81599.8766 81278.3124  0.39%  12.7  145s
 197344 89895 81345.1422   71   34 81599.8766 81278.8454  0.39%  12.7  151s
 207300 93824     cutoff   75      81599.8766 81279.5329  0.39%  12.6  155s
 219862 100172 81281.9156   67   24 81599.8766 81280.0560  0.39%  12.6  161s
 229694 104057 81286.6766   82   14 81599.8766 81280.1660  0.39%  12.5  166s
H229778 104057                    81599.876353 81280.1660  0.39%  12.5  166s
 236214 107451     cutoff   87      81599.8764 81280.2562  0.39%  12.5  171s
 247011 112365     cutoff   83      81599.8764 81280.6679  0.39%  12.5  176s
 257147 116915 81288.0324   77   36 81599.8764 81281.0431  0.39%  12.5  181s
 266257 120101 81354.5935   77   23 81599.8764 81281.2735  0.39%  12.5  185s
 276173 124325 81496.4497   78   31 81599.8764 81281.5011  0.39%  12.5  190s
 287904 128686 81317.7571   80   13 81599.8764 81281.8405  0.39%  12.5  196s
 297356 132625 81290.9837   76   23 81599.8764 81282.3003  0.39%  12.4  201s
 306949 135466 81320.4507   74   20 81599.8764 81282.6987  0.39%  12.4  205s
 319726 140088 81516.3842   72    7 81599.8764 81283.2678  0.39%  12.4  211s
 330315 144182 81384.1281   74   25 81599.8764 81283.6513  0.39%  12.4  216s
 339232 147699 81436.3107   66   19 81599.8764 81283.9012  0.39%  12.4  220s
 348501 151805 81320.7464   85   15 81599.8764 81284.0807  0.39%  12.4  225s
 361591 157468 81361.8225   82   12 81599.8764 81284.2831  0.39%  12.3  231s
 370617 160951 81294.8498   94   10 81599.8764 81284.3908  0.39%  12.4  235s
 379898 164555 81306.9790   82   13 81599.8764 81284.5441  0.39%  12.3  240s
H383060 164959                    81599.876333 81284.6045  0.39%  12.3  241s
 385515 166997 81582.8351   84   17 81599.8763 81284.6607  0.39%  12.3  245s
 396088 171281 81300.4582   90   10 81599.8763 81285.0046  0.39%  12.3  250s
 408666 176106 81286.2134   78   26 81599.8763 81285.2178  0.39%  12.3  256s
 418292 179675     cutoff   83      81599.8763 81285.3223  0.39%  12.3  260s
 427630 183226 81297.9617   70   17 81599.8763 81285.4676  0.39%  12.3  265s
 437729 186928     cutoff   89      81599.8763 81285.6579  0.39%  12.3  270s
 447505 190722 81507.0819   83   10 81599.8763 81285.8333  0.38%  12.3  275s
 460452 195044 81311.9329   73   35 81599.8763 81286.1045  0.38%  12.3  281s
 469507 198954 81295.9141   91   10 81599.8763 81286.2674  0.38%  12.3  285s
 479049 202339 81476.9673   80   27 81599.8763 81286.4460  0.38%  12.3  290s
 491871 206968 81358.0455   78   30 81599.8763 81286.6989  0.38%  12.3  296s
 501383 209037 81325.1684   84   19 81599.8763 81286.8061  0.38%  12.3  300s

Cutting planes:
  Gomory: 3

Explored 502022 nodes (6197722 simplex iterations) in 300.15 seconds (305.41 work units)
Thread count was 20 (of 80 available processors)

Solution count 10: 81599.9 81599.9 81600 ... 81742.6

Time limit reached
Best objective 8.159987630873e+04, best bound 8.128681182816e+04, gap 0.3837%

User-callback calls 1019439, time in user-callback 0.44 sec
