
Gurobi 11.0.3 (linux64) logging started Mon 18 Nov 2024 08:45:35 PM CST

Set parameter LogFile to value "/home/dlcole3/graph_abstraction/hierarchical_graphs/git_storage/CS1/HP_low_reserves/gurobi_logs/serial/logfile_ST10_4.log"

Gurobi 11.0.3 (linux64) logging started Mon 18 Nov 2024 08:52:07 PM CST

Set parameter LogFile to value "/home/dlcole3/graph_abstraction/hierarchical_graphs/git_storage/CS1/HP_low_reserves/gurobi_logs/serial/logfile_ST10_4.log"
Gurobi Optimizer version 11.0.3 build v11.0.3rc0 (linux64 - "Ubuntu 18.04.3 LTS")

CPU model: Intel(R) Xeon(R) CPU E5-2698 v4 @ 2.20GHz, instruction set [SSE2|AVX|AVX2]
Thread count: 40 physical cores, 80 logical processors, using up to 20 threads

Optimize a model with 29168 rows, 50688 columns and 136175 nonzeros
Model fingerprint: 0x228abc78
Variable types: 46944 continuous, 3744 integer (3744 binary)
Coefficient statistics:
  Matrix range     [6e-01, 2e+04]
  Objective range  [2e+00, 2e+04]
  Bounds range     [5e-02, 2e+05]
  RHS range        [5e-02, 7e+03]
Presolve removed 14234 rows and 38586 columns
Presolve time: 0.36s
Presolved: 14934 rows, 12102 columns, 64091 nonzeros
Variable types: 9029 continuous, 3073 integer (3073 binary)
Found heuristic solution: objective 3854600.5764
Found heuristic solution: objective 2823737.1690

Root relaxation: objective 1.278127e+05, 8117 iterations, 0.42 seconds (0.32 work units)

    Nodes    |    Current Node    |     Objective Bounds      |     Work
 Expl Unexpl |  Obj  Depth IntInf | Incumbent    BestBd   Gap | It/Node Time

     0     0 127812.747    0   42 2823737.17 127812.747  95.5%     -    1s
H    0     0                    164269.09975 127812.747  22.2%     -    1s
     0     0 127812.747    0   55 164269.100 127812.747  22.2%     -    1s
     0     0 128841.413    0   62 164269.100 128841.413  21.6%     -    2s
     0     0 128919.762    0   83 164269.100 128919.762  21.5%     -    2s
H    0     0                    164191.50432 128919.762  21.5%     -    2s
     0     0 128919.762    0   86 164191.504 128919.762  21.5%     -    2s
     0     0 128919.762    0   92 164191.504 128919.762  21.5%     -    2s
     0     0 128919.762    0   84 164191.504 128919.762  21.5%     -    2s
     0     2 128919.762    0   72 164191.504 128919.762  21.5%     -    3s
H   36    52                    150031.39146 129037.459  14.0%   146    4s
H   42    52                    137351.59400 129038.338  6.05%   134    4s
    51    72 129737.507    6   74 137351.594 129038.338  6.05%   129    5s
H   93   112                    137330.25049 129038.338  6.04%   102    5s
H  103   112                    137287.56349 129038.338  6.01%   101    5s
H  321   334                    137287.56341 129038.338  6.01%  91.6    8s
H  322   334                    137287.56331 129038.338  6.01%  92.4    8s
H  419   419                    136096.80715 129038.338  5.19%  84.3    8s
H  543   552                    132752.04031 129038.338  2.80%  76.7   11s
H  545   552                    132583.48865 129038.338  2.67%  76.4   11s
H  546   552                    132442.85487 129038.338  2.57%  76.5   11s
H  561   552                    132379.28752 129038.338  2.52%  75.4   11s
H 1594  1220                    132362.16944 129038.338  2.51%  47.9   14s
H 1596  1213                    132346.45822 129038.338  2.50%  47.9   14s
H 1603  1211                    132338.52618 129038.338  2.49%  47.9   14s
H 1615  1202                    132323.36036 129038.338  2.48%  47.6   14s
  1697  1366 131886.934   68   25 132323.360 129038.338  2.48%  46.2   15s
H 2771  1651                    132120.97471 129108.006  2.28%  41.2   17s
H 2775  1637                    132096.08682 129108.006  2.26%  41.2   17s
H 3082  1686                    132035.19063 129108.006  2.22%  41.6   19s
  3083  1685 131814.136   46   84 132035.191 129108.006  2.22%  41.6   20s
H 3199  1654                    132033.15211 129108.006  2.22%  45.6   24s
H 3202  1573                    132030.78961 129108.006  2.21%  45.6   24s
  3216  1584 129108.006   25   58 132030.790 129108.006  2.21%  45.6   25s
H 3307  1527                    132030.78955 129108.006  2.21%  46.5   26s
H 3309  1455                    132028.75120 129108.006  2.21%  46.6   26s
H 3318  1383                    132028.75099 129108.006  2.21%  46.7   26s
H 3384  1347                    131980.89533 129108.006  2.18%  47.3   28s
H 3395  1280                    131975.78284 129108.006  2.17%  47.4   28s
H 3401  1219                    131864.76153 129108.006  2.09%  47.4   28s
  3841  1342 130809.540   32   45 131864.762 129108.006  2.09%  49.0   30s
H 4325  1379                    131860.36060 129108.006  2.09%  48.7   31s
H 4330  1324                    131860.36054 129108.006  2.09%  48.7   31s
H 5488  1405                    131825.62673 129232.691  1.97%  46.6   34s
H 5499  1354                    131823.99767 129232.691  1.97%  46.5   34s
  6088  1634 131820.273   52   32 131823.998 129394.097  1.84%  45.4   35s
H 7150  2015                    131814.78394 129665.327  1.63%  44.4   36s
H 7159  2015                    131814.19802 129665.327  1.63%  44.4   36s
H 9252  3124                    131814.08024 129912.514  1.44%  42.7   39s
  9293  3318 130840.676   39   51 131814.080 129918.265  1.44%  42.7   40s
 13970  5334 130739.766   28   51 131814.080 130134.856  1.27%  40.5   45s
H17872  6869                    131814.08023 130242.414  1.19%  39.4   49s
 18011  7109 130831.607   56   38 131814.080 130260.809  1.18%  39.3   50s
H18834  7398                    131798.47030 130277.824  1.15%  39.2   51s
*18837  7395             106    131798.08768 130277.824  1.15%  39.2   51s
H19165  7074                    131747.42998 130283.412  1.11%  39.1   51s
 21724  7657     cutoff   39      131747.430 130348.376  1.06%  38.6   55s
H21755  7649                    131746.86258 130350.620  1.06%  38.6   55s
H21759  7649                    131746.85119 130351.145  1.06%  38.6   55s
H23729  6795                    131448.44546 130377.528  0.81%  38.2   57s
H23738  6790                    131448.06091 130377.528  0.81%  38.2   57s
H23739  6781                    131446.70074 130377.528  0.81%  38.2   57s
 25437  7239     cutoff   42      131446.701 130400.388  0.80%  37.9   60s
 29702  8514     cutoff   43      131446.701 130466.877  0.75%  37.3   65s
 34789  9509     cutoff   64      131446.701 130553.254  0.68%  36.8   70s
H37648 10143                    131441.86816 130593.934  0.65%  36.5   73s
H38584 10140                    131440.37271 130608.116  0.63%  36.4   76s
H38593 10140                    131440.37265 130608.116  0.63%  36.4   76s
H38602 10064                    131433.21634 130608.116  0.63%  36.4   76s
H38618 10042                    131430.16939 130608.116  0.63%  36.4   76s
H40593 10530                    131430.16935 130631.848  0.61%  36.3   79s
 41352 10843     cutoff   42      131430.169 130637.705  0.60%  36.2   81s
H44121 11091                    131430.16924 130679.656  0.57%  35.9   83s
H44364 11091                    131430.16907 130681.554  0.57%  35.9   83s
 44480 11419 130983.782   45   40 131430.169 130690.852  0.56%  35.9   85s
 46447 11762 130897.835   46   40 131430.169 130713.347  0.55%  35.7  118s
 49078 11870 131194.215   36   74 131430.169 130732.046  0.53%  35.5  120s
H49899 11922                    131430.16903 130748.674  0.52%  35.8  122s
H50160 11922                    131430.16900 130751.724  0.52%  35.9  122s
H50629 11922                    131430.16889 130754.065  0.51%  36.1  122s
 50765 11957 130904.508   38   79 131430.169 130761.484  0.51%  36.2  125s
H52365 11944                    131430.06939 130771.204  0.50%  36.8  128s
 53636 11966 131058.050   44   62 131430.069 130792.903  0.48%  37.3  131s
 56594 11838     cutoff   46      131430.069 130831.693  0.46%  38.2  137s
 58911 11656     cutoff   40      131430.069 130860.760  0.43%  38.9  140s
 63768 11348 131341.271   43   58 131430.069 130924.400  0.38%  40.0  147s
 66086 11075 131319.647   36   73 131430.069 130947.427  0.37%  40.3  150s
 70832 10565     cutoff   43      131430.069 131003.070  0.32%  41.1  156s

Cutting planes:
  Gomory: 38
  MIR: 5

Explored 74802 nodes (3110770 simplex iterations) in 165.31 seconds (160.44 work units)
Thread count was 20 (of 80 available processors)

Solution count 10: 131430 131430 131430 ... 131798

Optimal solution found (tolerance 3.00e-03)
Best objective 1.314300693930e+05, best bound 1.310400923632e+05, gap 0.2967%

User-callback calls 171242, time in user-callback 0.06 sec
