
Gurobi 11.0.3 (linux64) logging started Tue 19 Nov 2024 01:14:45 AM CST

Set parameter LogFile to value "/home/dlcole3/graph_abstraction/hierarchical_graphs/git_storage/CS1/HP_low_reserves/gurobi_logs/serial/logfile_ST29_2.log"

Gurobi 11.0.3 (linux64) logging started Tue 19 Nov 2024 01:16:39 AM CST

Set parameter LogFile to value "/home/dlcole3/graph_abstraction/hierarchical_graphs/git_storage/CS1/HP_low_reserves/gurobi_logs/serial/logfile_ST29_2.log"
Gurobi Optimizer version 11.0.3 build v11.0.3rc0 (linux64 - "Ubuntu 18.04.3 LTS")

CPU model: Intel(R) Xeon(R) CPU E5-2698 v4 @ 2.20GHz, instruction set [SSE2|AVX|AVX2]
Thread count: 40 physical cores, 80 logical processors, using up to 20 threads

Optimize a model with 29168 rows, 50688 columns and 136175 nonzeros
Model fingerprint: 0xe4f3eb22
Variable types: 46944 continuous, 3744 integer (3744 binary)
Coefficient statistics:
  Matrix range     [6e-01, 2e+04]
  Objective range  [2e+00, 2e+04]
  Bounds range     [5e-02, 2e+05]
  RHS range        [2e-02, 7e+03]
Presolve removed 14447 rows and 38919 columns
Presolve time: 0.43s
Presolved: 14721 rows, 11769 columns, 63078 nonzeros
Variable types: 8735 continuous, 3034 integer (3034 binary)
Found heuristic solution: objective 1210821.3104
Found heuristic solution: objective 1177611.2647
Found heuristic solution: objective 550382.48640

Root relaxation: objective 6.067839e+04, 7851 iterations, 0.43 seconds (0.25 work units)

    Nodes    |    Current Node    |     Objective Bounds      |     Work
 Expl Unexpl |  Obj  Depth IntInf | Incumbent    BestBd   Gap | It/Node Time

     0     0 60678.3940    0   36 550382.486 60678.3940  89.0%     -    2s
H    0     0                    115819.27801 60712.2539  47.6%     -    2s
     0     0 60712.2539    0   59 115819.278 60712.2539  47.6%     -    2s
     0     0 60782.9677    0   79 115819.278 60782.9677  47.5%     -    2s
     0     0 61189.3992    0   86 115819.278 61189.3992  47.2%     -    2s
     0     0 61189.3992    0   86 115819.278 61189.3992  47.2%     -    3s
     0     0 61189.3992    0   88 115819.278 61189.3992  47.2%     -    3s
     0     0 61189.3992    0   88 115819.278 61189.3992  47.2%     -    3s
     0     0 61189.3992    0   88 115819.278 61189.3992  47.2%     -    3s
H    0     0                    115819.27792 61189.3992  47.2%     -    4s
H    0     2                    115819.27773 61189.3992  47.2%     -    4s
     0     2 61189.3992    0   88 115819.278 61189.3992  47.2%     -    4s
     3     8 63161.0349    2   48 115819.278 61189.3992  47.2%   205    5s
H   42    52                    115819.27725 61367.2162  47.0%   177    6s
H   45    52                    115776.59059 61367.2162  47.0%   174    6s
H   50    52                    80550.067930 61484.4538  23.7%   177    6s
H  106   112                    67049.055510 61492.3004  8.29%   166    7s
H  160   174                    66888.059608 61521.1147  8.02%   165    8s
H  161   174                    66809.484484 61521.1147  7.92%   167    8s
H  170   174                    66770.537055 61521.1147  7.86%   167    8s
H  210   218                    65355.337198 61521.1147  5.87%   166   13s
H  212   218                    63952.045321 61521.1147  3.80%   167   13s
H  227   218                    63889.898342 61521.1147  3.71%   169   13s
   415   278 62990.5245   15   45 63889.8983 61521.1147  3.71%   129   15s
H 1270   588                    63783.889926 61571.0008  3.47%  89.3   18s
H 1271   588                    63783.180843 61571.0008  3.47%  89.2   18s
H 1295   588                    63783.180826 61571.0008  3.47%  89.0   18s
  1787   781 63396.4818   19   58 63783.1808 61852.9150  3.03%  81.7   20s
H 2351   799                    63778.511964 62045.8924  2.72%  78.4   22s
H 2930   979                    63747.052932 62583.0348  1.83%  76.0   23s
  3571  1095 63262.0824   19   70 63747.0529 62583.0348  1.83%  70.2   25s
H 4481  1153                    63747.052925 62583.0348  1.83%  65.0   28s
H 4489  1117                    63735.640860 62583.0348  1.81%  64.9   28s
H 4547  1280                    63656.466227 62583.0348  1.69%  64.4   28s
H 4740  1280                    63654.563696 62583.0348  1.68%  62.7   28s
H 4741  1280                    63645.008997 62583.0348  1.67%  62.7   28s
H 4743  1280                    63644.021771 62583.0348  1.67%  62.7   28s
H 4752  1280                    63643.959659 62583.0348  1.67%  62.5   28s
H 4760  1280                    63643.850029 62583.0348  1.67%  62.4   28s
* 4802  1280              72    63636.624687 62583.0348  1.66%  62.1   28s
  5000   943 63627.2543   51   88 63636.6247 62583.0348  1.66%  61.1   31s
  5050   976 62705.8717   17   49 63636.6247 62583.0348  1.66%  63.5   35s
H 5186   934                    63636.624680 62583.0348  1.66%  64.4   36s
H 5188   888                    63636.624658 62583.0348  1.66%  64.4   36s
H 5190   845                    63636.624635 62583.0348  1.66%  64.4   36s
  5527   798 63060.3375   25   54 63636.6246 62583.0348  1.66%  65.3   41s
H 5563   745                    63630.903797 62583.0348  1.65%  65.3   41s
H 6571   653                    63630.903778 62583.0348  1.65%  62.7   46s
H 6572   616                    63630.903694 62583.0348  1.65%  62.7   46s
H 6579   579                    63630.903626 62583.0348  1.65%  62.6   46s
  9237   882 63206.0319   46   40 63630.9036 62807.6020  1.29%  54.2   50s

Cutting planes:
  Gomory: 8
  MIR: 1

Explored 16236 nodes (647281 simplex iterations) in 54.90 seconds (53.87 work units)
Thread count was 20 (of 80 available processors)

Solution count 10: 63630.9 63630.9 63636.6 ... 63747.1

Optimal solution found (tolerance 3.00e-03)
Best objective 6.363090362971e+04, best bound 6.348006211859e+04, gap 0.2371%

User-callback calls 41283, time in user-callback 0.03 sec
