
Gurobi 11.0.3 (linux64) logging started Tue 19 Nov 2024 12:50:52 AM CST

Set parameter LogFile to value "/home/dlcole3/graph_abstraction/hierarchical_graphs/git_storage/CS1/HP_low_reserves/gurobi_logs/serial/logfile_ST27_2.log"

Gurobi 11.0.3 (linux64) logging started Tue 19 Nov 2024 12:52:12 AM CST

Set parameter LogFile to value "/home/dlcole3/graph_abstraction/hierarchical_graphs/git_storage/CS1/HP_low_reserves/gurobi_logs/serial/logfile_ST27_2.log"
Gurobi Optimizer version 11.0.3 build v11.0.3rc0 (linux64 - "Ubuntu 18.04.3 LTS")

CPU model: Intel(R) Xeon(R) CPU E5-2698 v4 @ 2.20GHz, instruction set [SSE2|AVX|AVX2]
Thread count: 40 physical cores, 80 logical processors, using up to 20 threads

Optimize a model with 29168 rows, 50688 columns and 136175 nonzeros
Model fingerprint: 0xd9ad6bea
Variable types: 46944 continuous, 3744 integer (3744 binary)
Coefficient statistics:
  Matrix range     [6e-01, 2e+04]
  Objective range  [2e+00, 2e+04]
  Bounds range     [5e-02, 2e+05]
  RHS range        [4e-03, 7e+03]
Presolve removed 14303 rows and 38625 columns
Presolve time: 0.39s
Presolved: 14865 rows, 12063 columns, 64009 nonzeros
Variable types: 8999 continuous, 3064 integer (3064 binary)
Found heuristic solution: objective 254077.66168

Root relaxation: objective 4.934825e+04, 9413 iterations, 0.58 seconds (0.46 work units)

    Nodes    |    Current Node    |     Objective Bounds      |     Work
 Expl Unexpl |  Obj  Depth IntInf | Incumbent    BestBd   Gap | It/Node Time

     0     0 49348.2496    0   43 254077.662 49348.2496  80.6%     -    1s
H    0     0                    76970.508577 49348.2496  35.9%     -    2s
     0     0 49348.2496    0   41 76970.5086 49348.2496  35.9%     -    2s
     0     2 49348.2496    0   41 76970.5086 49348.2496  35.9%     -    2s
H   31    52                    76970.508530 49349.5681  35.9%   119    3s
H   36    52                    76970.508503 49351.6988  35.9%   112    3s
H   38    52                    51373.083354 49351.6988  3.93%   108    3s
H  104    76                    51254.040316 49351.6988  3.71%  79.3    3s
H  137   102                    51254.040306 49351.6988  3.71%  70.6    3s
H  138   102                    51241.577084 49351.6988  3.69%  70.2    3s
H  200   146                    51185.216473 49351.6988  3.58%  62.9    3s
H  328   258                    50770.179556 49351.6988  2.79%  47.7    7s
H  329   258                    50310.131658 49351.6988  1.91%  47.8    7s
H  379   222                    50310.130179 49351.6988  1.91%  44.2    7s
   684   360 50247.3566   10   67 50310.1302 49351.9989  1.90%  41.4   11s
H  732   360                    50220.937229 49351.9989  1.73%  40.0   11s
H  733   360                    50217.201589 49351.9989  1.72%  40.0   11s
H 1065   447                    50217.201578 49352.6216  1.72%  36.7   12s
H 1084   447                    50217.201550 49352.6216  1.72%  36.9   12s
H 1926   708                    50168.896377 49352.6216  1.63%  33.4   14s
H 2133   736                    50168.247550 49352.6216  1.63%  32.9   14s
H 2310   800                    50167.910612 49352.6216  1.63%  31.7   14s
H 2317   800                    50167.770913 49352.6216  1.62%  31.6   14s
H 2324   800                    50167.637731 49352.6216  1.62%  31.5   14s
H 2326   800                    50167.514233 49352.6216  1.62%  31.5   14s
* 2328   800              87    50167.177296 49352.6216  1.62%  31.5   14s
  2547  1017     cutoff    8      50167.1773 49760.5440  0.81%  30.0   15s
H 3589  1092                    50109.112950 49772.5911  0.67%  26.3   16s
H 3868  1046                    50108.545758 49799.7196  0.62%  25.8   16s
H 3896  1046                    50107.124689 49799.7196  0.61%  25.7   16s
* 3903  1046              60    50106.787750 49799.7196  0.61%  25.7   16s
H 4118  1152                    50106.557494 49819.5612  0.57%  25.2   17s
* 4119  1152              57    50106.220555 49819.5612  0.57%  25.2   17s
* 4329  1125              49    50105.927240 49877.0571  0.46%  24.6   17s

Explored 5565 nodes (129278 simplex iterations) in 18.10 seconds (14.94 work units)
Thread count was 20 (of 80 available processors)

Solution count 10: 50105.9 50105.9 50106.2 ... 51241.6

Optimal solution found (tolerance 3.00e-03)
Best objective 5.010592724132e+04, best bound 4.996921224551e+04, gap 0.2729%

User-callback calls 16642, time in user-callback 0.01 sec
