
Gurobi 11.0.3 (linux64) logging started Mon 18 Nov 2024 07:30:14 PM CST

Set parameter LogFile to value "/home/dlcole3/graph_abstraction/hierarchical_graphs/git_storage/CS1/HP_low_reserves/gurobi_logs/serial/logfile_ST4_5.log"

Gurobi 11.0.3 (linux64) logging started Mon 18 Nov 2024 07:43:57 PM CST

Set parameter LogFile to value "/home/dlcole3/graph_abstraction/hierarchical_graphs/git_storage/CS1/HP_low_reserves/gurobi_logs/serial/logfile_ST4_5.log"
Gurobi Optimizer version 11.0.3 build v11.0.3rc0 (linux64 - "Ubuntu 18.04.3 LTS")

CPU model: Intel(R) Xeon(R) CPU E5-2698 v4 @ 2.20GHz, instruction set [SSE2|AVX|AVX2]
Thread count: 40 physical cores, 80 logical processors, using up to 20 threads

Optimize a model with 29168 rows, 50688 columns and 136175 nonzeros
Model fingerprint: 0x7b9012e4
Variable types: 46944 continuous, 3744 integer (3744 binary)
Coefficient statistics:
  Matrix range     [6e-01, 2e+04]
  Objective range  [2e+00, 2e+04]
  Bounds range     [5e-02, 2e+05]
  RHS range        [5e-02, 7e+03]
Presolve removed 14405 rows and 38892 columns
Presolve time: 0.33s
Presolved: 14763 rows, 11796 columns, 63318 nonzeros
Variable types: 8743 continuous, 3053 integer (3053 binary)
Found heuristic solution: objective 1767329.6281

Root relaxation: objective 1.098055e+05, 7773 iterations, 0.38 seconds (0.30 work units)

    Nodes    |    Current Node    |     Objective Bounds      |     Work
 Expl Unexpl |  Obj  Depth IntInf | Incumbent    BestBd   Gap | It/Node Time

     0     0 109805.487    0   38 1767329.63 109805.487  93.8%     -    1s
H    0     0                    127179.22475 109832.458  13.6%     -    1s
     0     0 109832.458    0   46 127179.225 109832.458  13.6%     -    1s
H    0     0                    113791.71746 109832.458  3.48%     -    1s
     0     0 109832.765    0   57 113791.717 109832.765  3.48%     -    1s
     0     0 110460.118    0   57 113791.717 110460.118  2.93%     -    2s
     0     0 110460.118    0   52 113791.717 110460.118  2.93%     -    2s
     0     0 110460.118    0   59 113791.717 110460.118  2.93%     -    2s
     0     0 110460.118    0   57 113791.717 110460.118  2.93%     -    2s
     0     0 110460.118    0   58 113791.717 110460.118  2.93%     -    2s
     0     0 110460.118    0   59 113791.717 110460.118  2.93%     -    2s
     0     0 110460.118    0   59 113791.717 110460.118  2.93%     -    2s
     0     2 110460.118    0   53 113791.717 110460.118  2.93%     -    3s
H   32    43                    113791.71736 110460.118  2.93%  68.8    3s
H   35    43                    113770.37391 110460.118  2.91%  63.8    3s
H   39    43                    113770.37387 110460.118  2.91%  60.3    3s
H   42    43                    113770.37385 110460.118  2.91%  65.5    3s
   184   197 112495.194   10   53 113770.374 110460.118  2.91%  39.5    5s
H  299   285                    113010.22208 110460.118  2.26%  36.5    9s
H  305   285                    112946.52769 110460.118  2.20%  35.9    9s
H  372   311                    112941.30465 110460.118  2.20%  35.3    9s
H  379   311                    112941.30320 110460.118  2.20%  35.1    9s
   445   368 112533.988   19   43 112941.303 110460.118  2.20%  34.2   10s
H 1408   973                    112920.06568 110646.411  2.01%  27.5   13s
H 1412   973                    112920.01339 110646.411  2.01%  27.4   13s
H 1420   973                    112919.96110 110646.411  2.01%  27.4   13s
  2604  1684 112204.848   47   33 112919.961 110691.443  1.97%  26.0   15s
  3606  2090 110866.904   19   31 112919.961 110866.904  1.82%  29.2   20s
H 3609  1985                    112919.96105 110866.904  1.82%  29.2   20s
H 3610  1887                    112919.96100 110866.904  1.82%  29.2   20s
H 3832  1907                    112919.96099 110866.904  1.82%  30.1   21s
H 3839  1816                    112919.96063 110866.904  1.82%  30.1   21s
  4355  1986 111256.176   23   47 112919.961 110866.904  1.82%  31.7   25s
H 4938  1998                    112878.39500 110866.904  1.78%  31.3   27s
H 4946  1916                    112873.13440 110866.904  1.78%  31.3   27s
H 4974  1835                    112873.13437 110866.904  1.78%  31.3   27s
  6486  2141 111807.414   29   37 112873.134 110866.904  1.78%  31.9   30s
 10130  3421 112301.059   37   28 112873.134 111272.687  1.42%  34.7   35s
*11585  3850              82    112854.30171 111290.233  1.39%  34.8   36s
*11591  3813              86    112844.92081 111290.233  1.38%  34.8   36s
 14362  5088 112406.061   32   32 112844.921 111408.086  1.27%  35.6   40s
H16192  5530                    112844.92080 111493.689  1.20%  36.7   42s
H16193  5530                    112844.92079 111493.689  1.20%  36.7   42s
H16206  5530                    112844.92077 111493.689  1.20%  36.8   42s
H16213  5530                    112844.92023 111493.689  1.20%  36.8   42s
H16242  5608                    112844.92006 111493.822  1.20%  36.8   43s
H16290  5608                    112844.91975 111493.822  1.20%  36.8   43s
 17095  5990     cutoff   27      112844.920 111510.801  1.18%  37.3   45s
 22168  7592     cutoff   32      112844.920 111678.376  1.03%  38.1   50s
H23478  7735                    112844.66218 111706.736  1.01%  38.2   51s
H23479  7734                    112844.33116 111706.736  1.01%  38.2   51s
*24451  8099              65    112844.08922 111735.669  0.98%  38.2   53s
 26339  8630 111914.826   31   34 112844.089 111772.789  0.95%  38.3   55s
H28457  9127                    112844.08910 111809.966  0.92%  38.4   57s
H28527  9127                    112844.08881 111809.966  0.92%  38.4   57s
 31279  9855 111992.759   34   27 112844.089 111842.142  0.89%  38.5   60s
 36236 10717     cutoff   32      112844.089 111923.640  0.82%  39.0   66s
H40871 10592                    112797.37378 111978.809  0.73%  38.9   69s
H40878 10390                    112787.07285 111978.809  0.72%  38.9   69s
H40906 10386                    112786.56997 111978.809  0.72%  38.9   69s
 41024 10461 112393.258   30   14 112786.570 111982.052  0.71%  38.9   70s
H42706 10584                    112786.17733 112007.357  0.69%  38.9   72s
H42915 10584                    112786.17732 112011.168  0.69%  38.8   72s
 45429 11323 112676.293   46   30 112786.177 112039.306  0.66%  38.6   75s
 47507 11842 112369.335   36   26 112786.177 112057.705  0.65%  38.5  104s
 50102 12171 112590.104   30   26 112786.177 112089.193  0.62%  38.2  105s
 56132 13329     cutoff   43      112786.177 112140.962  0.57%  37.8  111s
H57943 13335                    112786.17718 112158.115  0.56%  37.6  113s
H57959 13335                    112786.17717 112158.115  0.56%  37.6  113s
H57968 13335                    112786.17649 112158.115  0.56%  37.6  113s
H57990 13335                    112786.17554 112158.115  0.56%  37.6  113s
 58007 13348 112772.516   37   25 112786.176 112158.115  0.56%  37.6  118s
H58015 13348                    112786.17490 112158.115  0.56%  37.6  118s
 58102 13629     cutoff   38      112786.175 112159.493  0.56%  37.6  121s
H60376 13824                    112786.17477 112180.742  0.54%  37.5  123s
H61407 13824                    112786.17474 112185.322  0.53%  37.5  123s
 61508 14246     cutoff   46      112786.175 112188.975  0.53%  37.4  125s
 68875 14951 112412.632   32   49 112786.175 112265.822  0.46%  36.7  131s
 71203 15076 112669.173   49   21 112786.175 112288.633  0.44%  36.5  135s
H71270 15076                    112786.17432 112289.151  0.44%  36.5  135s
 72306 15836     cutoff   45      112786.174 112294.135  0.44%  36.5  140s
 80785 16719 112630.833   46   29 112786.174 112342.005  0.39%  35.6  145s
 89379 18013     cutoff   38      112786.174 112383.362  0.36%  34.5  151s
H92465 18509                    112786.17424 112396.733  0.35%  34.1  153s
 93947 19230 112509.723   43   31 112786.174 112400.493  0.34%  33.8  155s
 101332 19408     cutoff   43      112786.174 112416.286  0.33%  33.0  160s

Cutting planes:
  Gomory: 34
  MIR: 24
  Flow cover: 2

Explored 108299 nodes (3529962 simplex iterations) in 164.83 seconds (173.32 work units)
Thread count was 20 (of 80 available processors)

Solution count 10: 112786 112786 112786 ... 112873

Optimal solution found (tolerance 3.00e-03)
Best objective 1.127861773323e+05, best bound 1.124488162399e+05, gap 0.2991%

User-callback calls 238233, time in user-callback 0.08 sec
