
Gurobi 11.0.3 (linux64) logging started Mon 18 Nov 2024 11:51:17 PM CST

Set parameter LogFile to value "/home/dlcole3/graph_abstraction/hierarchical_graphs/git_storage/CS1/HP_low_reserves/gurobi_logs/serial/logfile_ST23_1.log"

Gurobi 11.0.3 (linux64) logging started Mon 18 Nov 2024 11:52:15 PM CST

Set parameter LogFile to value "/home/dlcole3/graph_abstraction/hierarchical_graphs/git_storage/CS1/HP_low_reserves/gurobi_logs/serial/logfile_ST23_1.log"
Gurobi Optimizer version 11.0.3 build v11.0.3rc0 (linux64 - "Ubuntu 18.04.3 LTS")

CPU model: Intel(R) Xeon(R) CPU E5-2698 v4 @ 2.20GHz, instruction set [SSE2|AVX|AVX2]
Thread count: 40 physical cores, 80 logical processors, using up to 20 threads

Optimize a model with 29168 rows, 50688 columns and 136175 nonzeros
Model fingerprint: 0x063831f9
Variable types: 46944 continuous, 3744 integer (3744 binary)
Coefficient statistics:
  Matrix range     [6e-01, 2e+04]
  Objective range  [2e+00, 2e+04]
  Bounds range     [5e-02, 2e+05]
  RHS range        [2e-16, 7e+03]
Presolve removed 14815 rows and 38957 columns
Presolve time: 0.36s
Presolved: 14353 rows, 11731 columns, 61604 nonzeros
Variable types: 8755 continuous, 2976 integer (2976 binary)
Found heuristic solution: objective 513061.49588
Found heuristic solution: objective 326698.76414

Root relaxation: objective 5.597806e+04, 9016 iterations, 0.55 seconds (0.45 work units)

    Nodes    |    Current Node    |     Objective Bounds      |     Work
 Expl Unexpl |  Obj  Depth IntInf | Incumbent    BestBd   Gap | It/Node Time

     0     0 55978.0571    0   34 326698.764 55978.0571  82.9%     -    1s
H    0     0                    105430.93323 55978.0571  46.9%     -    1s
     0     0 55978.0571    0   34 105430.933 55978.0571  46.9%     -    2s
     0     2 55978.0571    0   34 105430.933 55978.0571  46.9%     -    2s
H   31    52                    105430.93320 55978.3461  46.9%  92.8    3s
H   34    52                    58892.971591 55978.3461  4.95%   101    3s
H   37    52                    57505.136243 56024.5797  2.57%   100    3s
H  284   203                    57484.025628 56024.7933  2.54%  44.6    3s
H  359   281                    56880.240059 56024.7933  1.50%  36.8    3s
H  430   261                    56879.940059 56024.7933  1.50%  31.9    3s
H  462   286                    56879.792107 56024.7933  1.50%  30.3    3s
*  537   343              30    56879.614410 56024.7933  1.50%  28.2    3s
H  608   378                    56870.775107 56025.1932  1.49%  25.8    4s
*  609   378              33    56870.764535 56025.1932  1.49%  25.8    4s
H  649   378                    56870.475107 56025.1932  1.49%  24.8    4s
*  710   370              34    56870.464535 56025.1932  1.49%  23.4    4s
H 1140   495                    56870.464520 56212.4058  1.16%  18.7    4s
H 1147   495                    56870.464488 56212.4058  1.16%  18.6    4s
  1287   586     cutoff   27      56870.4645 56212.4058  1.16%  17.7    5s
H 1889   781                    56870.464469 56557.0159  0.55%  15.8    9s
  2039   879 56859.4767   20   12 56870.4645 56557.0159  0.55%  15.2   10s

Explored 2559 nodes (44328 simplex iterations) in 10.41 seconds (8.69 work units)
Thread count was 20 (of 80 available processors)

Solution count 10: 56870.5 56870.5 56870.5 ... 58893

Optimal solution found (tolerance 3.00e-03)
Best objective 5.687046447535e+04, best bound 5.685257135297e+04, gap 0.0315%

User-callback calls 8306, time in user-callback 0.01 sec
