
Gurobi 11.0.3 (linux64) logging started Mon 18 Nov 2024 09:11:13 PM CST

Set parameter LogFile to value "/home/dlcole3/graph_abstraction/hierarchical_graphs/git_storage/CS1/HP_low_reserves/gurobi_logs/serial/logfile_ST11_2.log"

Gurobi 11.0.3 (linux64) logging started Mon 18 Nov 2024 09:13:09 PM CST

Set parameter LogFile to value "/home/dlcole3/graph_abstraction/hierarchical_graphs/git_storage/CS1/HP_low_reserves/gurobi_logs/serial/logfile_ST11_2.log"
Gurobi Optimizer version 11.0.3 build v11.0.3rc0 (linux64 - "Ubuntu 18.04.3 LTS")

CPU model: Intel(R) Xeon(R) CPU E5-2698 v4 @ 2.20GHz, instruction set [SSE2|AVX|AVX2]
Thread count: 40 physical cores, 80 logical processors, using up to 20 threads

Optimize a model with 29168 rows, 50688 columns and 136175 nonzeros
Model fingerprint: 0x14c8767d
Variable types: 46944 continuous, 3744 integer (3744 binary)
Coefficient statistics:
  Matrix range     [6e-01, 2e+04]
  Objective range  [2e+00, 2e+04]
  Bounds range     [5e-02, 2e+05]
  RHS range        [5e-02, 7e+03]
Presolve removed 14384 rows and 38661 columns
Presolve time: 0.37s
Presolved: 14784 rows, 12027 columns, 63727 nonzeros
Variable types: 8954 continuous, 3073 integer (3073 binary)
Found heuristic solution: objective 3817344.7618
Found heuristic solution: objective 3787747.3371
Found heuristic solution: objective 3564498.7440

Root relaxation: objective 1.482391e+05, 8604 iterations, 0.53 seconds (0.44 work units)

    Nodes    |    Current Node    |     Objective Bounds      |     Work
 Expl Unexpl |  Obj  Depth IntInf | Incumbent    BestBd   Gap | It/Node Time

     0     0 148239.068    0   46 3564498.74 148239.068  95.8%     -    1s
H    0     0                    155902.52131 148239.068  4.92%     -    1s
     0     0 148283.487    0   57 155902.521 148283.487  4.89%     -    1s
     0     0 148283.487    0   66 155902.521 148283.487  4.89%     -    2s
     0     0 148306.311    0   50 155902.521 148306.311  4.87%     -    2s
H    0     0                    153407.41342 148306.311  3.33%     -    2s
     0     0 148307.673    0   54 153407.413 148307.673  3.32%     -    2s
     0     0 148307.827    0   56 153407.413 148307.827  3.32%     -    2s
     0     0 148308.094    0   70 153407.413 148308.094  3.32%     -    2s
     0     0 148309.090    0   62 153407.413 148309.090  3.32%     -    2s
     0     0 148309.194    0   64 153407.413 148309.194  3.32%     -    3s
H    0     0                    153407.41341 148309.395  3.32%     -    3s
     0     0 148309.395    0   71 153407.413 148309.395  3.32%     -    3s
     0     0 148309.516    0   80 153407.413 148309.516  3.32%     -    3s
     0     0 148309.516    0   80 153407.413 148309.516  3.32%     -    3s
     0     0 148309.969    0   80 153407.413 148309.969  3.32%     -    3s
     0     0 148317.877    0   80 153407.413 148317.877  3.32%     -    3s
     0     2 148317.877    0   80 153407.413 148317.877  3.32%     -    3s
H   36    51                    152530.00330 148373.264  2.73%  95.1    4s
    51    67 149758.129    6   62 152530.003 148405.880  2.70%  83.9    5s
H   94   104                    152306.21445 148489.674  2.51%  71.7    5s
H  103   104                    151728.12745 148489.674  2.13%  71.5    5s
H  713   647                    151622.49907 148489.674  2.07%  48.4    8s
  1140   971 151033.200   44   20 151622.499 148489.674  2.07%  39.6   10s
H 1437  1110                    151599.62957 148552.875  2.01%  37.8   15s
H 1438  1096                    150964.78685 148552.875  1.60%  37.7   15s
H 1439  1096                    150473.41186 148552.875  1.28%  37.8   15s
H 1441  1096                    150463.96675 148552.875  1.27%  37.7   15s
H 1445  1096                    150439.89755 148552.875  1.25%  37.7   15s
H 1487  1068                    150439.57813 148552.875  1.25%  38.3   16s
H 2535  1292                    150438.03273 148565.851  1.24%  35.0   18s
H 2683  1236                    150359.52240 148576.519  1.19%  36.2   19s
H 2687  1236                    150358.93395 148576.519  1.19%  36.2   19s
H 2860  1305                    150358.63972 148631.200  1.15%  36.8   19s
H 2861  1305                    150357.97402 148631.200  1.15%  36.8   19s
H 2863  1305                    150357.18575 148631.200  1.15%  36.8   19s
H 2874  1302                    150355.02671 148631.200  1.15%  36.7   19s
H 3071  1397                    150353.85844 148631.200  1.15%  36.8   19s
H 3076  1396                    150352.69018 148631.200  1.14%  36.7   19s
* 3080  1392             123    150350.99320 148631.200  1.14%  36.7   19s
  3144  1481 149700.023   23   44 150350.993 148631.200  1.14%  36.6   20s
  3614  1622 148797.868   19   25 150350.993 148797.868  1.03%  38.2   25s
H 3650  1551                    150350.99317 148797.868  1.03%  38.5   25s
H 3652  1474                    150350.99313 148797.868  1.03%  38.5   25s
H 3653  1401                    150350.99303 148797.868  1.03%  38.5   25s
H 3786  1364                    150350.99278 148797.868  1.03%  38.9   26s
H 3892  1315                    150202.00030 148797.868  0.93%  39.8   28s
  4304  1446     cutoff   31      150202.000 148797.868  0.93%  40.9   30s
H 4965  1587                    150198.78242 148797.868  0.93%  39.4   32s
H 6397  1936                    150190.45459 148797.868  0.93%  36.0   34s
  6707  2194 149949.384   92   13 150190.455 148797.868  0.93%  35.0   35s
 12314  5799     cutoff   78      150190.455 148964.210  0.82%  28.9   40s
H12711  5738                    150169.00827 148964.210  0.80%  28.9   41s
H12713  5714                    150161.94921 148964.210  0.80%  28.9   41s
H12714  5709                    150160.19795 148964.210  0.80%  28.9   41s
H12720  5707                    150159.39360 148964.210  0.80%  28.9   41s
H12724  5673                    150152.01113 148964.210  0.79%  28.9   41s
 16777  8282     cutoff   46      150152.011 148984.646  0.78%  27.5   45s
 22597 12096 149761.504   71   41 150152.011 149014.094  0.76%  26.3   50s
H26621 13840                    150152.01106 149028.587  0.75%  26.2   54s
H26631 13705                    150129.75228 149028.587  0.73%  26.2   54s
 26653 13979 149171.468   53   41 150129.752 149031.403  0.73%  26.2   55s
H27781 14130                    150124.80139 149041.698  0.72%  26.2   56s
H32058 16895                    150118.27337 149067.985  0.70%  25.3   59s
 32930 17774 150023.445   56   19 150118.273 149070.277  0.70%  25.1   60s
*34056 17691              89    150110.04272 149084.073  0.68%  24.9   60s
H34743 18190                    150100.46755 149090.579  0.67%  24.7   61s
H35883 18737                    150091.98882 149096.494  0.66%  24.6   62s
H35885 18734                    150091.61178 149096.494  0.66%  24.6   62s
 38528 20158 149215.014   57   45 150091.612 149108.983  0.65%  24.6   65s
H40091 20454                    150085.87941 149112.224  0.65%  24.7   66s
H41103 20540                    150082.79062 149112.224  0.65%  24.6   68s
 43200 22626 149397.304   69   39 150082.791 149130.361  0.63%  24.4   70s
H47437 23775                    150082.79052 149146.039  0.62%  24.3   87s
 47443 23779 149224.915   61   94 150082.791 149146.039  0.62%  24.3   90s
 47487 23808 149146.039   35   67 150082.791 149146.039  0.62%  24.5   95s
 47927 23887 149795.889   43   23 150082.791 149146.039  0.62%  24.8  103s
H47928 22697                    150082.79024 149146.039  0.62%  24.8  103s
H47934 21565                    150082.78973 149146.039  0.62%  24.8  103s
H47944 20488                    150082.38919 149146.039  0.62%  24.8  103s
 48337 20519 149185.997   42   38 150082.389 149146.039  0.62%  24.9  105s
H49071 19537                    150082.38914 149146.039  0.62%  25.0  108s
 49665 19683 149451.574   40   47 150082.389 149146.039  0.62%  25.1  110s
 53746 19970 149544.345   59   49 150082.389 149146.039  0.62%  25.3  116s
H53759 18997                    150082.38905 149146.039  0.62%  25.3  116s
H53761 18068                    150069.46039 149146.039  0.62%  25.3  116s
 57608 18478 149951.239   64   14 150069.460 149189.117  0.59%  25.3  120s
*62055 17194              99    150068.41596 149250.928  0.54%  25.2  123s
 63093 17419 149345.981   59   34 150068.416 149264.738  0.54%  25.3  125s
 68665 17024 149813.896   58   32 150068.416 149327.244  0.49%  25.3  130s
 73505 16056 149448.318   56   41 150068.416 149375.388  0.46%  25.5  135s
 74629 15676 149661.705   62   36 150068.416 149385.433  0.46%  25.6  140s
H74640 14842                    150068.41594 149385.433  0.46%  25.6  140s
H74642 14052                    150068.41582 149385.433  0.46%  25.6  140s
H74653 13299                    150068.41543 149385.433  0.46%  25.6  140s
H74656 12586                    150068.41469 149385.433  0.46%  25.6  140s
 74670 12593 149661.705   63   36 150068.415 149385.433  0.46%  25.6  150s
H74671 11915                    150068.41466 149385.433  0.46%  25.6  150s
H74678 11249                    150066.51281 149385.433  0.45%  25.6  150s
H74687 10634                    150066.32636 149385.433  0.45%  25.6  150s
 78999  9817 149518.538   59   30 150066.326 149423.390  0.43%  25.9  155s
 83922  9520 149974.740   62   16 150066.326 149465.610  0.40%  25.8  160s
 89533  9996     cutoff   67      150066.326 149503.328  0.38%  25.9  165s
 95707 10385 149653.426   60   33 150066.326 149542.671  0.35%  26.0  171s
 100838 10606 149864.305   65   23 150066.326 149575.611  0.33%  26.0  175s
H105375 10503                    150052.99128 149595.519  0.30%  26.0  177s

Cutting planes:
  Gomory: 7
  MIR: 6
  Flow cover: 1

Explored 105986 nodes (2763364 simplex iterations) in 178.09 seconds (188.75 work units)
Thread count was 20 (of 80 available processors)

Solution count 10: 150046 150053 150066 ... 150092

Optimal solution found (tolerance 3.00e-03)
Best objective 1.500458387068e+05, best bound 1.496056006123e+05, gap 0.2934%

User-callback calls 235251, time in user-callback 0.08 sec
