
Gurobi 11.0.3 (linux64) logging started Mon 18 Nov 2024 09:29:17 PM CST

Set parameter LogFile to value "/home/dlcole3/graph_abstraction/hierarchical_graphs/git_storage/CS1/HP_low_reserves/gurobi_logs/serial/logfile_ST12_2.log"

Gurobi 11.0.3 (linux64) logging started Mon 18 Nov 2024 09:34:07 PM CST

Set parameter LogFile to value "/home/dlcole3/graph_abstraction/hierarchical_graphs/git_storage/CS1/HP_low_reserves/gurobi_logs/serial/logfile_ST12_2.log"
Gurobi Optimizer version 11.0.3 build v11.0.3rc0 (linux64 - "Ubuntu 18.04.3 LTS")

CPU model: Intel(R) Xeon(R) CPU E5-2698 v4 @ 2.20GHz, instruction set [SSE2|AVX|AVX2]
Thread count: 40 physical cores, 80 logical processors, using up to 20 threads

Optimize a model with 29168 rows, 50688 columns and 136175 nonzeros
Model fingerprint: 0x112ec000
Variable types: 46944 continuous, 3744 integer (3744 binary)
Coefficient statistics:
  Matrix range     [6e-01, 2e+04]
  Objective range  [2e+00, 2e+04]
  Bounds range     [5e-02, 2e+05]
  RHS range        [5e-02, 7e+03]
Presolve removed 14307 rows and 38863 columns
Presolve time: 0.37s
Presolved: 14861 rows, 11825 columns, 63189 nonzeros
Variable types: 8839 continuous, 2986 integer (2986 binary)
Found heuristic solution: objective 5458525.8269
Found heuristic solution: objective 4364280.9853

Root relaxation: objective 1.434998e+05, 8840 iterations, 0.61 seconds (0.52 work units)

    Nodes    |    Current Node    |     Objective Bounds      |     Work
 Expl Unexpl |  Obj  Depth IntInf | Incumbent    BestBd   Gap | It/Node Time

     0     0 143499.826    0   73 4364280.99 143499.826  96.7%     -    1s
H    0     0                    235879.42558 143499.826  39.2%     -    2s
     0     0 143499.826    0   83 235879.426 143499.826  39.2%     -    2s
     0     0 143543.144    0   83 235879.426 143543.144  39.1%     -    2s
     0     0 143543.144    0   83 235879.426 143543.144  39.1%     -    2s
H    0     2                    235879.42546 143543.144  39.1%     -    3s
     0     2 143543.144    0   83 235879.425 143543.144  39.1%     -    3s
H   34    52                    235879.42534 143963.292  39.0%  70.8    4s
H   37    52                    211489.61757 143963.292  31.9%  70.0    4s
H   91   112                    153246.24361 144164.522  5.93%  65.0    4s
   131   160 145894.272   10   44 153246.244 144174.747  5.92%  63.6    5s
H  540   551                    148368.49982 144174.747  2.83%  44.8   12s
H  542   551                    148000.38619 144174.747  2.58%  44.7   12s
H  543   551                    147766.17967 144174.747  2.43%  44.6   12s
H  544   551                    147639.85242 144174.747  2.35%  44.7   12s
H  547   551                    147153.95334 144174.747  2.02%  44.6   12s
H  548   551                    146981.57422 144174.747  1.91%  44.5   12s
  1625  1115 144966.362   12   51 146981.574 144191.500  1.90%  32.1   15s
H 1772  1113                    146809.35298 144191.500  1.78%  30.7   19s
H 1773  1113                    146808.09272 144191.500  1.78%  30.7   19s
H 1774  1113                    146504.86103 144191.500  1.58%  30.7   19s
H 1781  1113                    146464.35192 144191.500  1.55%  30.7   19s
H 2260  1225                    146448.90332 144191.500  1.54%  28.8   19s
H 2262  1225                    146448.72205 144191.500  1.54%  28.8   19s
  2510  1453 146220.428   38   40 146448.722 144191.500  1.54%  27.8   20s
H 2720  1451                    146320.98058 144201.391  1.45%  27.5   20s
H 2907  1592                    146315.00969 144201.391  1.44%  27.6   20s
H 2922  1590                    146312.70763 144201.391  1.44%  27.4   20s
H 2924  1589                    146310.82645 144201.391  1.44%  27.4   20s
H 3111  1179                    145942.22794 144201.391  1.19%  27.0   23s
  3114  1164 145109.583   21   53 145942.228 144201.391  1.19%  27.0   25s
H 3210  1153                    145942.22785 144201.391  1.19%  29.9   27s
H 3216  1096                    145942.22753 144201.391  1.19%  29.9   27s
  3479  1143 145820.152   25   49 145942.228 144201.391  1.19%  30.3   30s
H 3701  1088                    145942.22741 144206.883  1.19%  30.0   30s
H 4732  1138                    145912.88798 144211.495  1.17%  29.3   34s
H 4738  1088                    145905.98418 144211.495  1.16%  29.3   34s
H 4742  1042                    145905.00595 144211.495  1.16%  29.3   34s
  5129  1138 145454.797   46   45 145905.006 144211.495  1.16%  28.8   35s
H 6114  1413                    145866.33123 144252.676  1.11%  28.0   36s
* 7647  2175             133    145820.27943 144252.676  1.08%  26.0   37s
H 8473  2414                    145765.78902 144252.676  1.04%  25.7   38s
H 9088  2792                    145757.23043 144711.596  0.72%  25.3   39s
* 9150  2784              69    145753.93427 144711.596  0.72%  25.2   39s
  9374  2785     cutoff   49      145753.934 144818.158  0.64%  25.1   48s
H 9378  2785                    145753.93379 144818.158  0.64%  25.1   48s
H 9381  2785                    145753.93375 144818.158  0.64%  25.1   48s
H 9384  2785                    145753.93299 144818.158  0.64%  25.1   48s
H 9390  2785                    145753.93291 144818.158  0.64%  25.1   48s
H 9394  2785                    145753.93178 144818.158  0.64%  25.1   48s
  9776  2974     cutoff   45      145753.932 144818.158  0.64%  24.8   50s
H 9787  2974                    145753.93172 144818.158  0.64%  24.8   50s
 15596  5722     cutoff   55      145753.932 145091.384  0.45%  23.0   55s
 22152  7963 145234.898   43   46 145753.932 145159.403  0.41%  22.0   60s
 23173  9157 145304.505   53   25 145753.932 145172.802  0.40%  21.8   66s
 30841 10321 145733.062   54   28 145753.932 145238.328  0.35%  20.8   70s
 37757 12014 145343.037   49   43 145753.932 145272.632  0.33%  20.2   75s
 45382 13513 145384.178   46   52 145753.932 145306.735  0.31%  19.6   81s
 47594 13841 145749.404   41   32 145753.932 145315.416  0.30%  19.5   92s

Cutting planes:
  Gomory: 2

Explored 50750 nodes (990688 simplex iterations) in 92.49 seconds (88.06 work units)
Thread count was 20 (of 80 available processors)

Solution count 10: 145754 145754 145754 ... 145906

Optimal solution found (tolerance 3.00e-03)
Best objective 1.457539342695e+05, best bound 1.453347510644e+05, gap 0.2876%

User-callback calls 118441, time in user-callback 0.05 sec
