
Gurobi 11.0.3 (linux64) logging started Mon 18 Nov 2024 07:54:03 PM CST

Set parameter LogFile to value "/home/dlcole3/graph_abstraction/hierarchical_graphs/git_storage/CS1/HP_low_reserves/gurobi_logs/serial/logfile_ST6_6.log"

Gurobi 11.0.3 (linux64) logging started Mon 18 Nov 2024 08:06:24 PM CST

Set parameter LogFile to value "/home/dlcole3/graph_abstraction/hierarchical_graphs/git_storage/CS1/HP_low_reserves/gurobi_logs/serial/logfile_ST6_6.log"
Gurobi Optimizer version 11.0.3 build v11.0.3rc0 (linux64 - "Ubuntu 18.04.3 LTS")

CPU model: Intel(R) Xeon(R) CPU E5-2698 v4 @ 2.20GHz, instruction set [SSE2|AVX|AVX2]
Thread count: 40 physical cores, 80 logical processors, using up to 20 threads

Optimize a model with 29168 rows, 50688 columns and 136175 nonzeros
Model fingerprint: 0xcb98ae53
Variable types: 46944 continuous, 3744 integer (3744 binary)
Coefficient statistics:
  Matrix range     [6e-01, 2e+04]
  Objective range  [2e+00, 2e+04]
  Bounds range     [5e-02, 2e+05]
  RHS range        [5e-02, 7e+03]
Presolve removed 14475 rows and 38758 columns
Presolve time: 0.34s
Presolved: 14693 rows, 11930 columns, 62561 nonzeros
Variable types: 8968 continuous, 2962 integer (2962 binary)
Found heuristic solution: objective 832667.88195

Root relaxation: objective 6.201979e+04, 8587 iterations, 0.44 seconds (0.34 work units)

    Nodes    |    Current Node    |     Objective Bounds      |     Work
 Expl Unexpl |  Obj  Depth IntInf | Incumbent    BestBd   Gap | It/Node Time

     0     0 62019.7923    0   28 832667.882 62019.7923  92.6%     -    1s
H    0     0                    200368.15233 62019.7923  69.0%     -    1s
     0     0 62043.1047    0   41 200368.152 62043.1047  69.0%     -    1s
     0     0 62052.9067    0   45 200368.152 62052.9067  69.0%     -    2s
H    0     0                    200306.13044 62058.6867  69.0%     -    2s
     0     0 62058.6867    0   57 200306.130 62058.6867  69.0%     -    2s
H    0     0                    123902.60679 62058.6867  49.9%     -    2s
     0     0 62058.6867    0   71 123902.607 62058.6867  49.9%     -    2s
H    0     0                    93586.640128 62058.6867  33.7%     -    2s
     0     0 62058.6867    0   58 93586.6401 62058.6867  33.7%     -    2s
     0     0 62058.6867    0   57 93586.6401 62058.6867  33.7%     -    2s
     0     0 62058.6867    0   63 93586.6401 62058.6867  33.7%     -    2s
     0     0 62058.6867    0   67 93586.6401 62058.6867  33.7%     -    2s
     0     0 62157.8796    0   67 93586.6401 62157.8796  33.6%     -    3s
     0     2 62157.8796    0   67 93586.6401 62157.8796  33.6%     -    3s
H   42    52                    86543.102791 62432.1513  27.9%   129    4s
    51    72 62454.2157    6   39 86543.1028 62445.9653  27.8%   131    5s
H   91   112                    75627.813861 62451.3767  17.4%   116    5s
H   98   112                    74833.231221 62451.3767  16.5%   115    5s
H  103   112                    68359.344023 62451.3767  8.64%   110    5s
H  104   112                    67320.532798 62451.3767  7.23%   110    5s
H  278   302                    67057.698638 62451.3767  6.87%  88.0    6s
H  283   302                    65303.033514 62451.3767  4.37%  87.4    6s
H  392   341                    65302.933582 62451.3767  4.37%  69.4    7s
H  858   727                    65241.697580 62451.3767  4.28%  40.0    8s
H  861   727                    65080.642579 62451.3767  4.04%  39.9    8s
H  867   727                    65080.642570 62451.3767  4.04%  39.7    8s
H  904   772                    65016.917010 62451.3767  3.95%  39.5    8s
H  978   811                    65005.142160 62451.3767  3.93%  38.1    8s
H 1024   828                    64488.378491 62451.3767  3.16%  37.0   13s
H 1025   828                    64457.151571 62451.3767  3.11%  37.0   13s
H 1027   828                    64434.173573 62451.3767  3.08%  37.0   13s
H 1028   828                    64027.683913 62451.3767  2.46%  37.0   13s
H 1044   828                    63977.716696 62451.3767  2.39%  36.8   13s
  1982  1180 63404.3285   59   21 63977.7167 62451.3767  2.39%  29.8   15s
H 2034  1180                    63972.419444 62451.3767  2.38%  29.5   15s
H 3228  1632                    63971.709925 62641.6728  2.08%  25.9   18s
  3232  1635 63194.7009   36   45 63971.7099 62641.6728  2.08%  25.9   20s
H 3237  1557                    63971.709917 62641.6728  2.08%  28.1   20s
H 3278  1501                    63971.709836 62641.6728  2.08%  28.8   22s
H 3294  1420                    63971.709714 62641.6728  2.08%  29.0   22s
H 3456  1386                    63971.709698 62641.6728  2.08%  30.7   23s
H 3475  1313                    63971.709668 62641.6728  2.08%  30.9   23s
  3594  1383 63333.1669   28   42 63971.7097 62641.6728  2.08%  30.6   25s
H 4552  1668                    63971.709660 62641.6728  2.08%  26.5   28s
H 4553  1607                    63971.709140 62641.6728  2.08%  26.5   28s
H 4557  1548                    63971.708712 62641.6728  2.08%  26.5   28s
H 4559  1494                    63970.322860 62641.6728  2.08%  26.5   28s
* 4827  1535              90    63969.568814 62641.6728  2.08%  25.9   28s
  6319  2048     cutoff   28      63969.5688 62836.2824  1.77%  23.9   30s
 12394  5830 63482.9671   84   24 63969.5688 63090.3502  1.37%  22.2   35s
H13226  5770                    63903.926103 63098.2846  1.26%  22.0   35s
H15489  6776                    63876.463328 63110.3342  1.20%  21.6   37s
H16591  6946                    63866.559845 63115.4377  1.18%  21.5   38s
*16604  6899              73    63863.910628 63115.4377  1.17%  21.5   38s
H17526  7119                    63844.972967 63123.1515  1.13%  21.6   38s
H17530  7016                    63835.646978 63123.1515  1.12%  21.6   38s
H17531  7009                    63835.159808 63123.1515  1.12%  21.6   38s
 19096  7898 63763.1817   70   20 63835.1598 63129.2707  1.11%  21.7   40s
H20591  8174                    63834.992442 63135.9769  1.10%  21.7   42s
H20593  8145                    63833.658607 63135.9769  1.09%  21.7   42s
H20595  7915                    63812.052710 63135.9769  1.06%  21.7   42s
H20596  7914                    63811.699870 63135.9769  1.06%  21.7   42s
 23004  8906 63539.2659   58   22 63811.6999 63163.9797  1.02%  22.0   45s
H26827  9416                    63809.225396 63208.0856  0.94%  22.2   49s
H26840  9411                    63808.690794 63208.0856  0.94%  22.2   49s
H26842  9349                    63803.009810 63208.0856  0.93%  22.2   49s
 28005  9891 63596.3322   72   12 63803.0098 63224.3235  0.91%  22.1   50s
 34810 12669 63286.9635   72   17 63803.0098 63273.2288  0.83%  21.5   55s
H42400 13644                    63788.637133 63278.3818  0.80%  19.3   59s
H42418 13597                    63786.742631 63278.3818  0.80%  19.3   59s
 42430 14084     cutoff   71      63786.7426 63279.2159  0.80%  19.3   60s
H44821 14434                    63786.742601 63280.5827  0.79%  18.8   62s
 45917 15933 63321.3617   54   12 63786.7426 63281.1475  0.79%  18.5   81s
 57788 19485 63781.7682   62   13 63786.7426 63284.5851  0.79%  16.4   86s
 68827 23936 63679.9044   44   21 63786.7426 63289.2025  0.78%  15.0   91s
 73931 25283 63314.2003   61   13 63786.7426 63290.7290  0.78%  14.5   95s
 83931 28553 63311.6343   46   27 63786.7426 63294.2299  0.77%  13.6  100s
 94549 32161 63314.4128   55   11 63786.7426 63295.6798  0.77%  12.9  105s
 108813 35519 63781.7067   74    5 63786.7426 63298.4475  0.77%  12.1  110s
 118097 38108     cutoff   82      63786.7426 63299.9596  0.76%  11.7  115s
 132172 41137 63750.8936   88    9 63786.7426 63302.0156  0.76%  11.1  120s
 141760 43310 63314.6964   84    5 63786.7426 63303.5304  0.76%  10.8  125s
H149216 44433                    63786.193457 63304.3624  0.76%  10.6  128s
H150762 44733                    63784.253203 63304.3689  0.75%  10.6  129s
H152103 44687                    63783.349315 63304.3861  0.75%  10.5  129s
 152679 45646 63304.5202   75    4 63783.3493 63304.4872  0.75%  10.5  131s
H156751 46191                    63783.349261 63304.7524  0.75%  10.4  133s
 162231 47925     cutoff   86      63783.3493 63305.0891  0.75%  10.3  136s
 173426 50264 63707.1299   88    2 63783.3493 63305.9596  0.75%  10.0  140s
 185958 53243     cutoff   55      63783.3493 63306.5892  0.75%   9.8  145s
H193398 54652                    63783.349182 63306.8781  0.75%   9.6  149s
H194223 54652                    63783.349056 63306.9475  0.75%   9.6  149s
 194367 55326     cutoff   34      63783.3491 63306.9496  0.75%   9.6  150s
 205684 57177 63705.9830   81    2 63783.3491 63307.5147  0.75%   9.4  155s
 219538 59794 63319.4294   88    2 63783.3491 63308.1259  0.75%   9.2  161s
 229479 62285 63717.9710   76    2 63783.3491 63308.6165  0.74%   9.1  165s
H236045 63358                    63783.348944 63308.6521  0.74%   9.0  168s
H237189 63358                    63783.348566 63308.6522  0.74%   9.0  168s
 237814 64009     cutoff   93      63783.3486 63308.6522  0.74%   9.0  170s
 246720 66309     cutoff   76      63783.3486 63308.9812  0.74%   8.9  175s
 259106 68603 63722.3126   90    2 63783.3486 63309.4293  0.74%   8.8  180s
H269591 70456                    63783.348550 63309.8555  0.74%   8.7  184s
H269886 70456                    63783.348516 63309.8678  0.74%   8.6  184s
 270568 71559 63708.5729   79    2 63783.3485 63309.8697  0.74%   8.6  185s
 280837 75463 63721.8112   78    2 63783.3485 63310.0705  0.74%   8.5  190s
 294518 79706 63336.5152   80    2 63783.3485 63310.1581  0.74%   8.4  195s
 307078 82725 63320.1340   78    2 63783.3485 63310.3388  0.74%   8.3  201s
H311262 82884                    63783.348497 63310.3723  0.74%   8.3  202s
H311423 82884                    63783.348472 63310.3723  0.74%   8.3  202s
H311672 82884                    63783.348166 63310.3723  0.74%   8.3  202s
 315359 84592 63742.8386   84    2 63783.3482 63310.3985  0.74%   8.3  205s
 328681 87914 63311.4669   67    2 63783.3482 63310.5541  0.74%   8.2  211s
 338969 90243 63360.4809   71    2 63783.3482 63310.5765  0.74%   8.1  215s
 351575 93180 63709.6098   74    2 63783.3482 63310.6175  0.74%   8.0  220s
 361238 94440     cutoff   72      63783.3482 63310.7587  0.74%   8.0  225s
H361779 94440                    63783.348017 63310.7655  0.74%   8.0  225s
 373439 98984 63318.0066   71    5 63783.3480 63310.8486  0.74%   7.9  231s
 384176 101639 63715.1076   84    2 63783.3480 63310.9305  0.74%   7.8  235s
 397184 105346 63724.9189   84    2 63783.3480 63310.9655  0.74%   7.8  240s
 407187 106692 63733.4237   78    2 63783.3480 63311.1019  0.74%   7.7  245s
H407213 106692                    63783.347812 63311.1019  0.74%   7.7  245s
H407262 106671                    63783.258236 63311.1019  0.74%   7.7  245s
 414155 108576 63705.8092   84    2 63783.2582 63311.1828  0.74%   7.7  250s
 423649 110319 63702.5134   70    2 63783.2582 63311.3287  0.74%   7.7  255s
 436971 112667     cutoff   68      63783.2582 63311.4795  0.74%   7.6  260s
H446355 114418                    63783.258196 63311.5421  0.74%   7.6  264s
 447333 114942 63706.1694   71    2 63783.2582 63311.5512  0.74%   7.6  266s
H450911 114479                    63780.648881 63311.5858  0.74%   7.6  268s
H450923 113510                    63776.467058 63311.5858  0.73%   7.6  268s
 450961 117703 63311.7932   58    2 63776.4671 63311.5858  0.73%   7.6  276s
 474294 118858 63767.6968   87    4 63776.4671 63311.7395  0.73%   7.5  280s
H484443 120047                    63776.467042 63311.8753  0.73%   7.4  284s
H484475 120047                    63776.467029 63311.8753  0.73%   7.4  284s
H484565 120047                    63776.466884 63311.8753  0.73%   7.4  284s
 484615 120424     cutoff   75      63776.4669 63311.8795  0.73%   7.4  286s
H484660 120424                    63776.466748 63311.8795  0.73%   7.4  286s
 493758 122786     cutoff   72      63776.4667 63311.9576  0.73%   7.4  291s
 503864 125090 63703.1832   66    2 63776.4667 63312.0538  0.73%   7.4  295s
 516611 126852 63703.3405   67    2 63776.4667 63312.1754  0.73%   7.3  300s

Cutting planes:
  Gomory: 4
  MIR: 6

Explored 517264 nodes (3796402 simplex iterations) in 300.09 seconds (299.89 work units)
Thread count was 20 (of 80 available processors)

Solution count 10: 63776.5 63776.5 63780.6 ... 63803

Time limit reached
Best objective 6.377646701100e+04, best bound 6.331218051013e+04, gap 0.7280%

User-callback calls 1057205, time in user-callback 0.21 sec
