
Gurobi 11.0.3 (linux64) logging started Tue 19 Nov 2024 01:31:16 AM CST

Set parameter LogFile to value "/home/dlcole3/graph_abstraction/hierarchical_graphs/git_storage/CS1/HP_low_reserves/gurobi_logs/serial/logfile_ST30_3.log"

Gurobi 11.0.3 (linux64) logging started Tue 19 Nov 2024 01:32:37 AM CST

Set parameter LogFile to value "/home/dlcole3/graph_abstraction/hierarchical_graphs/git_storage/CS1/HP_low_reserves/gurobi_logs/serial/logfile_ST30_3.log"
Gurobi Optimizer version 11.0.3 build v11.0.3rc0 (linux64 - "Ubuntu 18.04.3 LTS")

CPU model: Intel(R) Xeon(R) CPU E5-2698 v4 @ 2.20GHz, instruction set [SSE2|AVX|AVX2]
Thread count: 40 physical cores, 80 logical processors, using up to 20 threads

Optimize a model with 29168 rows, 50688 columns and 136175 nonzeros
Model fingerprint: 0x74d2722c
Variable types: 46944 continuous, 3744 integer (3744 binary)
Coefficient statistics:
  Matrix range     [6e-01, 2e+04]
  Objective range  [2e+00, 2e+04]
  Bounds range     [5e-02, 2e+05]
  RHS range        [3e-03, 7e+03]
Presolve removed 14296 rows and 38590 columns
Presolve time: 0.37s
Presolved: 14872 rows, 12098 columns, 63299 nonzeros
Variable types: 9118 continuous, 2980 integer (2980 binary)
Found heuristic solution: objective 1659624.3965

Root relaxation: objective 7.756679e+04, 8531 iterations, 0.42 seconds (0.33 work units)

    Nodes    |    Current Node    |     Objective Bounds      |     Work
 Expl Unexpl |  Obj  Depth IntInf | Incumbent    BestBd   Gap | It/Node Time

     0     0 77566.7948    0   41 1659624.40 77566.7948  95.3%     -    1s
H    0     0                    81746.032877 77566.7948  5.11%     -    1s
     0     0 77573.5882    0   41 81746.0329 77573.5882  5.10%     -    1s
     0     0 77768.9864    0   41 81746.0329 77768.9864  4.87%     -    2s
     0     0 78081.1826    0   41 81746.0329 78081.1826  4.48%     -    2s
     0     0 78143.5112    0   41 81746.0329 78143.5112  4.41%     -    2s
     0     0 78143.5112    0   77 81746.0329 78143.5112  4.41%     -    2s
     0     0 78143.5112    0   68 81746.0329 78143.5112  4.41%     -    2s
     0     0 78143.5112    0   68 81746.0329 78143.5112  4.41%     -    3s
     0     0 78143.5112    0   68 81746.0329 78143.5112  4.41%     -    3s
     0     2 78143.5112    0   68 81746.0329 78143.5112  4.41%     -    3s
H   32    52                    80786.545584 78249.2082  3.14%  67.9    4s
    91   103 79421.3096    8   56 80786.5456 78249.2506  3.14%  76.3    5s
H   95   103                    80786.345652 78249.2506  3.14%  73.8    5s
H  205   199                    80786.345589 78249.2506  3.14%  72.3    6s
H  256   231                    80211.876818 78249.2506  2.45%  70.1    6s
*  655   428              37    80210.220853 78249.3738  2.44%  55.9    8s
H  656   428                    80205.393658 78249.3738  2.44%  55.8    8s
  1570  1108 80158.9663   38   31 80205.3937 78249.3738  2.44%  41.0   10s
H 1591  1108                    80150.866876 78249.3738  2.37%  40.5   10s
H 1594  1108                    80150.060564 78249.3738  2.37%  40.4   10s
H 2027  1329                    80136.403794 78249.3738  2.35%  36.7   10s
H 2331  1478                    80135.630802 78249.3738  2.35%  34.4   10s
H 2334  1417                    80112.368800 78249.3738  2.33%  34.3   10s
H 2335  1417                    80112.268612 78249.3738  2.33%  34.3   10s
H 2337  1417                    80111.594292 78249.3738  2.32%  34.3   10s
H 2343  1417                    80109.777166 78249.3738  2.32%  34.2   10s
H 2528  1500                    80109.614157 78249.3738  2.32%  33.1   11s
H 2536  1485                    80100.812156 78249.3738  2.31%  33.0   11s
H 3069  1770                    80100.004669 78249.3738  2.31%  32.3   12s
  3072  1772 79941.5687   41   32 80100.0047 78249.3738  2.31%  32.3   15s
H 3112  1728                    80100.004638 78249.3738  2.31%  34.8   16s
H 3119  1641                    80100.004604 78249.3738  2.31%  34.8   16s
H 3285  1623                    80100.004444 78249.3738  2.31%  36.4   18s
H 3349  1569                    80082.266155 78249.3738  2.29%  36.6   19s
H 3352  1496                    80018.597081 78249.3738  2.21%  36.6   19s
H 3360  1424                    79866.625879 78249.3738  2.02%  36.6   19s
  3370  1437 79799.2575   22   27 79866.6259 78249.3738  2.02%  36.6   20s
H 4747  1732                    79788.194262 78249.3738  1.93%  33.0   23s
H 5166  1721                    79732.985889 78249.3738  1.86%  31.5   23s
H 5226  1633                    79712.124435 78249.3738  1.84%  31.4   23s
H 5227  1577                    79711.760875 78249.3738  1.83%  31.4   23s
H 5228  1524                    79711.397315 78249.3738  1.83%  31.4   23s
H 5242  1468                    79461.747786 78249.3738  1.53%  31.3   23s
H 5822  1161                    79461.688687 78249.3738  1.53%  30.6   25s
H 5824  1161                    79461.680763 78249.3738  1.53%  30.6   25s
H 5826  1159                    79459.702548 78249.3738  1.52%  30.6   25s
H 5832  1134                    79446.849018 78249.3738  1.51%  30.6   25s
H 5844  1134                    79446.848912 78249.3738  1.51%  30.6   25s
H 5991  1209                    79436.214450 78249.3738  1.49%  30.5   25s
H 5996  1208                    79435.885696 78249.3738  1.49%  30.5   25s
 11154  2857 79268.0678   55   20 79435.8857 78890.7688  0.69%  27.8   30s
H16277  3896                    79435.685764 79113.2898  0.41%  24.4   35s

Cutting planes:
  Gomory: 3

Explored 20294 nodes (445659 simplex iterations) in 37.37 seconds (35.85 work units)
Thread count was 20 (of 80 available processors)

Solution count 10: 79435.7 79435.7 79435.9 ... 79733

Optimal solution found (tolerance 3.00e-03)
Best objective 7.943568576468e+04, best bound 7.920340687606e+04, gap 0.2924%

User-callback calls 45167, time in user-callback 0.01 sec
