
Gurobi 11.0.3 (linux64) logging started Tue 19 Nov 2024 02:01:27 AM CST

Set parameter LogFile to value "/home/dlcole3/graph_abstraction/hierarchical_graphs/git_storage/CS1/HP_low_reserves/gurobi_logs/serial/logfile_ST32_7.log"

Gurobi 11.0.3 (linux64) logging started Tue 19 Nov 2024 02:09:41 AM CST

Set parameter LogFile to value "/home/dlcole3/graph_abstraction/hierarchical_graphs/git_storage/CS1/HP_low_reserves/gurobi_logs/serial/logfile_ST32_7.log"
Gurobi Optimizer version 11.0.3 build v11.0.3rc0 (linux64 - "Ubuntu 18.04.3 LTS")

CPU model: Intel(R) Xeon(R) CPU E5-2698 v4 @ 2.20GHz, instruction set [SSE2|AVX|AVX2]
Thread count: 40 physical cores, 80 logical processors, using up to 20 threads

Optimize a model with 29168 rows, 50688 columns and 136175 nonzeros
Model fingerprint: 0xf2ee422d
Variable types: 46944 continuous, 3744 integer (3744 binary)
Coefficient statistics:
  Matrix range     [6e-01, 2e+04]
  Objective range  [2e+00, 2e+04]
  Bounds range     [5e-02, 2e+05]
  RHS range        [5e-02, 7e+03]
Presolve removed 14247 rows and 38793 columns
Presolve time: 0.36s
Presolved: 14921 rows, 11895 columns, 64037 nonzeros
Variable types: 8807 continuous, 3088 integer (3088 binary)
Found heuristic solution: objective 1971701.8525

Root relaxation: objective 1.002284e+05, 8646 iterations, 0.51 seconds (0.41 work units)

    Nodes    |    Current Node    |     Objective Bounds      |     Work
 Expl Unexpl |  Obj  Depth IntInf | Incumbent    BestBd   Gap | It/Node Time

     0     0 100228.360    0   44 1971701.85 100228.360  94.9%     -    1s
H    0     0                    146005.40148 100228.360  31.4%     -    1s
     0     0 100228.417    0   57 146005.401 100228.417  31.4%     -    1s
     0     0 100229.839    0   76 146005.401 100229.839  31.4%     -    2s
     0     0 100229.839    0   79 146005.401 100229.839  31.4%     -    2s
     0     0 100300.058    0   70 146005.401 100300.058  31.3%     -    2s
     0     0 100435.087    0   88 146005.401 100435.087  31.2%     -    2s
     0     0 100435.087    0   49 146005.401 100435.087  31.2%     -    2s
     0     0 100435.087    0   58 146005.401 100435.087  31.2%     -    3s
     0     0 100435.087    0   76 146005.401 100435.087  31.2%     -    3s
     0     0 100435.087    0   76 146005.401 100435.087  31.2%     -    3s
     0     2 100435.087    0   76 146005.401 100435.087  31.2%     -    3s
H   32    52                    146005.40137 100435.241  31.2%  39.5    4s
H   35    52                    146005.40116 100435.241  31.2%  47.2    4s
H   41    52                    146001.85085 100435.241  31.2%  55.3    4s
H   47    52                    144931.41222 100435.252  30.7%  50.1    4s
    71    92 100661.363    6   68 144931.412 100435.252  30.7%  48.8    5s
H   95   112                    139485.72332 100435.252  28.0%  47.7    5s
H  102   112                    133979.67148 100435.252  25.0%  46.8    5s
H  153   174                    115034.22758 100480.712  12.7%  56.3    6s
H  157   174                    109049.65678 100480.712  7.86%  57.0    6s
H  202   223                    103516.97875 100480.712  2.93%  57.1   10s
H  204   223                    102567.25481 100480.712  2.03%  58.5   10s
   493   478     cutoff   22      102567.255 100490.943  2.02%  57.3   17s
H  501   478                    102439.17308 100490.943  1.90%  57.1   17s
H  536   495                    102403.71427 100490.943  1.87%  57.3   18s
H  542   495                    102382.93672 100490.943  1.85%  57.6   18s
H  543   495                    102382.93668 100490.943  1.85%  57.5   18s
   924   878 102079.643   20   54 102382.937 100490.943  1.85%  46.2   20s
H 1649  1239                    102379.81776 100521.492  1.82%  38.0   22s
H 1655  1232                    102361.42904 100521.492  1.80%  37.9   22s
H 2821  1963                    102361.42888 100556.831  1.76%  35.5   24s
H 2822  1963                    102360.33750 100556.831  1.76%  35.5   24s
H 2828  1962                    102358.31014 100556.831  1.76%  35.5   24s
H 2840  1962                    102358.31003 100556.831  1.76%  35.6   24s
  3048  2157 102320.567   79    8 102358.310 100582.051  1.74%  35.4   25s
H 3419  2277                    102358.21021 100582.051  1.74%  35.7   28s
  3420  2278 102138.961   22   76 102358.210 100582.051  1.74%  35.7   30s
H 3421  2165                    102358.21016 100582.051  1.74%  35.7   30s
H 3459  2095                    102358.20937 100582.051  1.74%  38.1   33s
H 3465  1990                    102349.40735 100582.051  1.73%  38.2   33s
  3688  2095     cutoff   27      102349.407 100582.051  1.73%  39.6   36s
H 3689  1996                    102349.40732 100582.051  1.73%  39.6   36s
H 3690  1903                    102349.40615 100582.051  1.73%  39.6   36s
H 3693  1813                    102293.13418 100582.051  1.67%  39.6   36s
H 4706  1957                    102293.13415 100582.051  1.67%  38.2   40s
H 4713  1876                    102287.29488 100582.051  1.67%  38.2   40s
* 6137  2047              93    102282.78771 100645.280  1.60%  36.9   42s
  7668  2475 101799.965   35   23 102282.788 101004.509  1.25%  35.7   45s
H11008  4148                    102281.83457 101155.479  1.10%  33.2   48s
*11009  4144             118    102280.06571 101155.479  1.10%  33.2   48s
 12453  4818 102228.088   38   37 102280.066 101253.693  1.00%  33.2   50s
 17409  7188 101981.546   38   39 102280.066 101391.921  0.87%  31.0   55s
H17421  7188                    102280.06569 101391.921  0.87%  31.0   55s
H21336  8871                    102264.35126 101459.822  0.79%  29.9   60s
H21352  8870                    102264.27646 101459.822  0.79%  29.9   60s
 26562 12479 101606.612   38   29 102264.276 101500.774  0.75%  28.2   65s
H30114 14314                    102262.10448 101513.802  0.73%  27.0   68s
H32040 15066                    102262.10445 101518.507  0.73%  26.5   70s
H32068 15026                    102259.54382 101518.536  0.72%  26.5   70s
 37963 19055 101699.208   44   29 102259.544 101539.258  0.70%  25.2   75s
H39091 18999                    102257.36163 101541.715  0.70%  24.9   75s
H39092 18917                    102253.82968 101541.715  0.70%  24.9   75s
*39093 18911              98    102253.68039 101541.715  0.70%  24.9   75s
H39256 18884                    102252.63129 101541.723  0.70%  24.9   75s
H43685 22123                    102252.50827 101553.372  0.68%  23.9   79s
*43687 22123              85    102252.50636 101553.372  0.68%  23.9   79s
 45790 23249 101739.509   64   23 102252.506 101556.241  0.68%  23.6   81s
 47812 24584 101602.896   28   44 102252.506 101563.801  0.67%  23.3   89s
 50561 25246 102094.277   63   22 102252.506 101573.343  0.66%  22.9   91s
H52148 25641                    102252.50628 101578.497  0.66%  22.8   93s
H52291 25641                    102252.50607 101579.234  0.66%  22.8   93s
 52896 27182 102028.754   48   34 102252.506 101579.234  0.66%  22.7   95s
 61718 31020 101880.614   36   21 102252.506 101589.405  0.65%  21.9  101s
 69651 33509 102053.351   47   35 102252.506 101603.180  0.64%  21.3  108s
H69654 33509                    102252.50587 101603.180  0.64%  21.3  108s
H69657 33509                    102252.50546 101603.180  0.64%  21.3  108s
H69683 33509                    102252.50510 101603.180  0.64%  21.3  108s
H69686 33509                    102252.50473 101603.180  0.64%  21.3  108s
 69709 34750 102060.552   47   37 102252.505 101603.629  0.63%  21.3  110s
 75442 36283 102014.213   50   27 102252.505 101608.958  0.63%  21.1  115s
H75557 36168                    102250.53676 101609.275  0.63%  21.1  115s
H75984 36163                    102250.46176 101609.275  0.63%  21.1  115s
H79905 38424                    102250.20461 101614.685  0.62%  20.8  119s
 81145 39802 102152.950   62   19 102250.205 101615.462  0.62%  20.8  121s
 87053 42398 101797.659   43   29 102250.205 101623.892  0.61%  20.5  125s
 95495 46001 102085.562   44   33 102250.205 101633.891  0.60%  20.2  131s
H99393 46864                    102250.20442 101637.297  0.60%  20.0  134s
 100917 48527 102216.942   44   44 102250.204 101638.341  0.60%  20.0  136s
 108211 51176 102071.283   39   30 102250.204 101643.637  0.59%  19.8  140s
 116517 53719 102064.800   48   29 102250.204 101650.332  0.59%  19.6  145s
H120697 55921                    102250.20414 101654.822  0.58%  19.5  149s
H121043 55921                    102250.20337 101655.422  0.58%  19.5  149s
H121625 55921                    102250.20318 101655.636  0.58%  19.5  149s
 122940 58025 102052.301   50   41 102250.203 101656.238  0.58%  19.4  153s
 128404 59403 102052.507   52   29 102250.203 101659.960  0.58%  19.3  155s
 139024 62627 101790.490   61   29 102250.203 101666.561  0.57%  19.0  161s
 145650 64795 102041.212   67   32 102250.203 101669.691  0.57%  18.9  167s
H146121 64795                    102250.20041 101669.805  0.57%  18.9  167s
 147905 66225 102060.095   47   33 102250.200 101670.233  0.57%  18.8  170s
 156395 68773     cutoff   62      102250.200 101675.914  0.56%  18.7  175s
 166789 71981 102034.850   55   29 102250.200 101683.657  0.55%  18.6  181s
 174084 73258 102064.831   51   32 102250.200 101686.869  0.55%  18.5  186s
H174975 73258                    102250.20026 101687.451  0.55%  18.5  186s
H175116 73258                    102250.20008 101687.451  0.55%  18.5  186s
 179138 75031 102198.883   45   25 102250.200 101689.670  0.55%  18.4  191s
 183933 76739 101906.730   49   32 102250.200 101690.983  0.55%  18.4  196s
 191309 78748     cutoff   43      102250.200 101694.269  0.54%  18.3  200s
 198262 80574 101716.391   42   32 102250.200 101697.211  0.54%  18.2  205s
 207635 83170 101912.911   59   33 102250.200 101701.307  0.54%  18.2  211s
H212044 83689                    102250.19989 101702.683  0.54%  18.1  213s
 212472 84770     cutoff   54      102250.200 101702.808  0.54%  18.1  215s
 219406 87223     cutoff   45      102250.200 101705.740  0.53%  18.0  220s
 229492 89620 102094.967   55   35 102250.200 101710.187  0.53%  18.0  226s
 236002 90986 101974.577   58   28 102250.200 101712.437  0.53%  17.9  230s
H236356 90986                    102250.19978 101712.508  0.53%  17.9  230s
 244407 93598 102219.362   56   28 102250.200 101715.122  0.52%  17.8  237s
 251416 95106 102090.103   59   32 102250.200 101717.111  0.52%  17.7  240s
 260454 97317 102125.849   53   28 102250.200 101720.196  0.52%  17.6  246s
H264090 97650                    102250.19975 101721.031  0.52%  17.6  248s
 265252 97760 102137.225   48   34 102250.200 101721.615  0.52%  17.6  251s
 269430 99508 101770.815   63   26 102250.200 101722.986  0.52%  17.6  256s
 276101 101040     cutoff   58      102250.200 101725.515  0.51%  17.6  260s
 285568 102754 102016.880   44   27 102250.200 101729.547  0.51%  17.5  266s
H289522 103000                    102250.19970 101730.504  0.51%  17.5  268s
 290613 103574 101977.799   48   27 102250.200 101730.650  0.51%  17.4  270s
 295808 105400 102097.021   41   39 102250.200 101732.050  0.51%  17.4  277s
 305934 106786 102004.047   37   27 102250.200 101734.728  0.50%  17.3  282s
 312803 108048 101764.357   55   33 102250.200 101736.439  0.50%  17.3  286s
 317594 109108     cutoff   55      102250.200 101737.142  0.50%  17.3  291s
 324407 110336 101809.095   66   27 102250.200 101738.955  0.50%  17.2  295s
 333723 111878 101775.155   53   24 102250.200 101741.388  0.50%  17.2  300s

Cutting planes:
  Gomory: 11

Explored 336093 nodes (5775873 simplex iterations) in 300.06 seconds (325.48 work units)
Thread count was 20 (of 80 available processors)

Solution count 10: 102250 102250 102250 ... 102262

Time limit reached
Best objective 1.022501997179e+05, best bound 1.017418317430e+05, gap 0.4972%

User-callback calls 697956, time in user-callback 0.23 sec
