
Gurobi 11.0.3 (linux64) logging started Tue 19 Nov 2024 01:50:55 AM CST

Set parameter LogFile to value "/home/dlcole3/graph_abstraction/hierarchical_graphs/git_storage/CS1/HP_low_reserves/gurobi_logs/serial/logfile_DA_32.log"
Set parameter TimeLimit to value 900

Gurobi 11.0.3 (linux64) logging started Tue 19 Nov 2024 01:50:56 AM CST

Set parameter LogFile to value "/home/dlcole3/graph_abstraction/hierarchical_graphs/git_storage/CS1/HP_low_reserves/gurobi_logs/serial/logfile_DA_32.log"
Gurobi Optimizer version 11.0.3 build v11.0.3rc0 (linux64 - "Ubuntu 18.04.3 LTS")

CPU model: Intel(R) Xeon(R) CPU E5-2698 v4 @ 2.20GHz, instruction set [SSE2|AVX|AVX2]
Thread count: 40 physical cores, 80 logical processors, using up to 20 threads

Optimize a model with 35850 rows, 31725 columns and 164765 nonzeros
Model fingerprint: 0xa5307e27
Variable types: 19950 continuous, 11775 integer (11775 binary)
Coefficient statistics:
  Matrix range     [5e-02, 2e+04]
  Objective range  [1e+00, 8e+04]
  Bounds range     [5e-02, 2e+05]
  RHS range        [5e-02, 7e+03]
Presolve removed 4316 rows and 6022 columns
Presolve time: 0.76s
Presolved: 31534 rows, 25703 columns, 145953 nonzeros
Variable types: 15155 continuous, 10548 integer (10548 binary)
Found heuristic solution: objective 1.128661e+09
Found heuristic solution: objective 9.899190e+08
Found heuristic solution: objective 6.534060e+08
Deterministic concurrent LP optimizer: primal and dual simplex
Showing primal log only...

Concurrent spin time: 0.00s

Solved with dual simplex

Use crossover to convert LP symmetric solution to basic solution...

Root relaxation: objective 1.205490e+07, 11840 iterations, 0.89 seconds (0.56 work units)

    Nodes    |    Current Node    |     Objective Bounds      |     Work
 Expl Unexpl |  Obj  Depth IntInf | Incumbent    BestBd   Gap | It/Node Time

     0     0 1.2055e+07    0  114 6.5341e+08 1.2055e+07  98.2%     -    3s
H    0     0                    6.531437e+08 1.2055e+07  98.2%     -    3s
H    0     0                    1.611209e+07 1.2055e+07  25.2%     -    3s
H    0     0                    1.499485e+07 1.2055e+07  19.6%     -    3s
     0     0 1.2055e+07    0  140 1.4995e+07 1.2055e+07  19.6%     -    3s
     0     0 1.2056e+07    0  162 1.4995e+07 1.2056e+07  19.6%     -    4s
     0     0 1.2056e+07    0  171 1.4995e+07 1.2056e+07  19.6%     -    4s
     0     0 1.2056e+07    0  169 1.4995e+07 1.2056e+07  19.6%     -    4s
     0     0 1.2056e+07    0  169 1.4995e+07 1.2056e+07  19.6%     -    5s
     0     2 1.2056e+07    0  169 1.4995e+07 1.2056e+07  19.6%     -    6s
H   32    52                    1.478129e+07 1.2059e+07  18.4%   137    9s
H   38    52                    1.331327e+07 1.2059e+07  9.42%   136    9s
H   40    52                    1.239331e+07 1.2059e+07  2.70%   131    9s
    51    72 1.2062e+07    6  122 1.2393e+07 1.2059e+07  2.69%   118   10s
H   91   112                    1.239328e+07 1.2060e+07  2.69%   102   11s
H   95   112                    1.218408e+07 1.2060e+07  1.02%   102   11s
H  224   235                    1.213589e+07 1.2060e+07  0.63%  83.8   22s
H  225   235                    1.213106e+07 1.2060e+07  0.59%  83.4   22s
H  232   235                    1.213028e+07 1.2060e+07  0.58%  82.7   22s
H  233   235                    1.212792e+07 1.2060e+07  0.56%  82.6   22s
H  235   235                    1.212397e+07 1.2060e+07  0.53%  82.1   22s
H  241   235                    1.212375e+07 1.2060e+07  0.53%  81.3   22s
   298   303 1.2087e+07   18  109 1.2124e+07 1.2060e+07  0.53%  73.5   26s
H  300   303                    1.212370e+07 1.2060e+07  0.53%  73.1   26s
   851   774 1.2099e+07   38   83 1.2124e+07 1.2060e+07  0.53%  62.6   30s
H 1303  1070                    1.212368e+07 1.2060e+07  0.53%  59.6   33s
H 1304  1070                    1.212368e+07 1.2060e+07  0.53%  59.6   33s
  1573  1348 1.2116e+07   69   36 1.2124e+07 1.2060e+07  0.53%  56.7   35s
H 2447  1899                    1.212366e+07 1.2062e+07  0.51%  51.8   40s
H 2451  1899                    1.212365e+07 1.2062e+07  0.51%  51.8   40s
H 2455  1899                    1.212365e+07 1.2062e+07  0.51%  51.8   40s
H 2715  1961                    1.212150e+07 1.2062e+07  0.49%  50.5   44s
  2716  1957 1.2096e+07   30  169 1.2121e+07 1.2062e+07  0.49%  50.4   47s
  2719  1959 1.2093e+07   16  112 1.2121e+07 1.2062e+07  0.49%  50.4   50s
H 2764  1890                    1.212149e+07 1.2062e+07  0.49%  55.7   53s
  2831  1935 1.2079e+07   22  126 1.2121e+07 1.2062e+07  0.49%  56.6   55s
  2918  1964 1.2079e+07   24  105 1.2121e+07 1.2062e+07  0.49%  57.3   60s
H 3303  1988                    1.212065e+07 1.2062e+07  0.48%  57.8   69s
H 3304  1900                    1.211669e+07 1.2062e+07  0.45%  57.8   69s
H 3307  1815                    1.211542e+07 1.2062e+07  0.44%  57.8   69s
H 3323  1730                    1.211228e+07 1.2062e+07  0.41%  58.0   69s
  3327  1734 1.2087e+07   33   79 1.2112e+07 1.2062e+07  0.41%  58.0   70s
  3904  1888     cutoff   49      1.2112e+07 1.2062e+07  0.41%  58.9   76s
H 3907  1811                    1.211186e+07 1.2062e+07  0.41%  58.8   76s
H 3911  1738                    1.211063e+07 1.2062e+07  0.40%  58.9   76s
  4467  1871     cutoff   62      1.2111e+07 1.2062e+07  0.40%  57.8   80s
  5471  2061 1.2110e+07   87   11 1.2111e+07 1.2062e+07  0.40%  55.3   85s
  6791  2340 1.2084e+07   34  101 1.2111e+07 1.2066e+07  0.37%  55.9   90s
  8084  3246 1.2075e+07   26  125 1.2111e+07 1.2075e+07  0.30%  54.9   95s
  9665  4086     cutoff   30      1.2111e+07 1.2078e+07  0.27%  53.4  101s
H11086  4622                    1.210846e+07 1.2080e+07  0.23%  52.8  104s
*11089  4582              91    1.210822e+07 1.2080e+07  0.23%  52.8  104s
 11268  4799 1.2095e+07   40   91 1.2108e+07 1.2080e+07  0.23%  52.7  106s
 12572  5515 1.2108e+07   54   46 1.2108e+07 1.2081e+07  0.22%  52.9  111s
*13798  6000              86    1.210726e+07 1.2082e+07  0.21%  53.1  114s
 14375  6408 1.2103e+07   35   83 1.2107e+07 1.2082e+07  0.21%  52.9  116s
 15681  7090 1.2093e+07   41   97 1.2107e+07 1.2082e+07  0.21%  52.7  132s
H16332  6802                    1.210635e+07 1.2082e+07  0.20%  53.1  132s
H16347  6801                    1.210634e+07 1.2082e+07  0.20%  53.1  132s
H16348  6798                    1.210633e+07 1.2082e+07  0.20%  53.1  132s
*16646  6885              91    1.210633e+07 1.2083e+07  0.20%  53.3  134s
 16681  7279 1.2098e+07   46   73 1.2106e+07 1.2083e+07  0.20%  53.3  149s
 17399  7687     cutoff   46      1.2106e+07 1.2083e+07  0.19%  53.4  152s
 18233  8036 1.2102e+07   45  106 1.2106e+07 1.2083e+07  0.19%  53.5  155s
 19696  8888     cutoff   47      1.2106e+07 1.2084e+07  0.19%  53.9  161s
 21997  9826 1.2090e+07   35  108 1.2106e+07 1.2084e+07  0.18%  53.7  167s
 23020 10448 1.2088e+07   30  118 1.2106e+07 1.2085e+07  0.18%  54.0  172s
 24690 10797 1.2104e+07   42   67 1.2106e+07 1.2085e+07  0.18%  53.9  176s
 26897 12127     cutoff   42      1.2106e+07 1.2085e+07  0.17%  54.1  183s
 28429 12744 1.2101e+07   49   99 1.2106e+07 1.2086e+07  0.17%  54.4  187s
 29811 12962 1.2105e+07   49   45 1.2106e+07 1.2086e+07  0.17%  54.5  190s
 30531 12991 1.2094e+07   38   84 1.2106e+07 1.2086e+07  0.17%  54.4  197s
H30543 12767                    1.210586e+07 1.2086e+07  0.16%  54.4  197s
 30581 13450 1.2095e+07   40   85 1.2106e+07 1.2086e+07  0.16%  54.4  202s
 32109 14033 1.2105e+07   67   46 1.2106e+07 1.2086e+07  0.16%  54.6  207s
 33580 14749 1.2102e+07   41   58 1.2106e+07 1.2087e+07  0.16%  54.6  211s
 35393 15528 1.2099e+07   49   49 1.2106e+07 1.2087e+07  0.16%  54.7  216s
 37315 16406 1.2090e+07   35   91 1.2106e+07 1.2087e+07  0.15%  54.8  222s
 39670 17248 1.2091e+07   41   94 1.2106e+07 1.2087e+07  0.15%  54.9  228s
 41847 18128 1.2104e+07   45   62 1.2106e+07 1.2088e+07  0.15%  55.0  234s
 44267 19256 1.2091e+07   34   89 1.2106e+07 1.2088e+07  0.15%  54.9  240s
 47188 20020     cutoff   49      1.2106e+07 1.2088e+07  0.14%  54.9  370s
 49744 20917     cutoff   40      1.2106e+07 1.2089e+07  0.14%  54.9  378s
 52013 21768     cutoff   43      1.2106e+07 1.2089e+07  0.14%  55.9  387s
 54464 22518 1.2100e+07   41  106 1.2106e+07 1.2089e+07  0.14%  57.4  396s
 56619 23404     cutoff   75      1.2106e+07 1.2089e+07  0.14%  58.2  407s
 59391 24385 1.2098e+07   37  132 1.2106e+07 1.2090e+07  0.13%  59.4  418s
 61878 24903 1.2104e+07   47   83 1.2106e+07 1.2090e+07  0.13%  60.3  458s
 63701 25780 1.2103e+07   48   96 1.2106e+07 1.2090e+07  0.13%  61.2  471s
 66584 27363 1.2094e+07   38  145 1.2106e+07 1.2090e+07  0.13%  61.8  487s
 70963 27909 1.2098e+07   40  136 1.2106e+07 1.2091e+07  0.13%  62.7  499s
H71493 27116                    1.210509e+07 1.2091e+07  0.12%  62.8  499s
H71595 27061                    1.210505e+07 1.2091e+07  0.12%  62.8  499s
 72913 28293     cutoff   37      1.2105e+07 1.2091e+07  0.12%  63.2  518s
 76984 29320     cutoff   37      1.2105e+07 1.2091e+07  0.12%  64.2  531s
 80447 30495     cutoff   43      1.2105e+07 1.2091e+07  0.11%  64.9  545s
 84588 31363 1.2098e+07   46  111 1.2105e+07 1.2092e+07  0.11%  65.6  557s
 87998 32137     cutoff   48      1.2105e+07 1.2092e+07  0.11%  66.3  569s
 91016 32953     cutoff   38      1.2105e+07 1.2092e+07  0.11%  66.6  580s
 94293 33646 1.2099e+07   40   97 1.2105e+07 1.2092e+07  0.10%  67.0  592s
 97590 34429 1.2104e+07   44   50 1.2105e+07 1.2093e+07  0.10%  67.5  602s
 100640 35145     cutoff   45      1.2105e+07 1.2093e+07  0.10%  67.9  613s

Cutting planes:
  Gomory: 34
  MIR: 8
  Flow cover: 4

Explored 103427 nodes (7056299 simplex iterations) in 614.21 seconds (620.67 work units)
Thread count was 20 (of 80 available processors)

Solution count 10: 1.2105e+07 1.2105e+07 1.21051e+07 ... 1.21106e+07

Optimal solution found (tolerance 1.00e-03)
Best objective 1.210504689822e+07, best bound 1.209302567336e+07, gap 0.0993%

User-callback calls 317775, time in user-callback 0.31 sec
