
Gurobi 11.0.3 (linux64) logging started Tue 19 Nov 2024 01:14:52 AM CST

Set parameter LogFile to value "/home/dlcole3/graph_abstraction/hierarchical_graphs/git_storage/CS1/HP_low_reserves/gurobi_logs/serial/logfile_ST29_5.log"

Gurobi 11.0.3 (linux64) logging started Tue 19 Nov 2024 01:19:24 AM CST

Set parameter LogFile to value "/home/dlcole3/graph_abstraction/hierarchical_graphs/git_storage/CS1/HP_low_reserves/gurobi_logs/serial/logfile_ST29_5.log"
Gurobi Optimizer version 11.0.3 build v11.0.3rc0 (linux64 - "Ubuntu 18.04.3 LTS")

CPU model: Intel(R) Xeon(R) CPU E5-2698 v4 @ 2.20GHz, instruction set [SSE2|AVX|AVX2]
Thread count: 40 physical cores, 80 logical processors, using up to 20 threads

Optimize a model with 29168 rows, 50688 columns and 136175 nonzeros
Model fingerprint: 0x86aa68d5
Variable types: 46944 continuous, 3744 integer (3744 binary)
Coefficient statistics:
  Matrix range     [6e-01, 2e+04]
  Objective range  [2e+00, 2e+04]
  Bounds range     [5e-02, 2e+05]
  RHS range        [5e-03, 7e+03]
Presolve removed 14500 rows and 38936 columns
Presolve time: 0.33s
Presolved: 14668 rows, 11752 columns, 62713 nonzeros
Variable types: 8739 continuous, 3013 integer (3013 binary)
Found heuristic solution: objective 359999.21217
Found heuristic solution: objective 314189.12596

Root relaxation: objective 4.211199e+04, 8083 iterations, 0.45 seconds (0.37 work units)

    Nodes    |    Current Node    |     Objective Bounds      |     Work
 Expl Unexpl |  Obj  Depth IntInf | Incumbent    BestBd   Gap | It/Node Time

     0     0 42111.9877    0   32 314189.126 42111.9877  86.6%     -    1s
H    0     0                    160354.90226 42112.0311  73.7%     -    1s
     0     0 42112.0311    0   50 160354.902 42112.0311  73.7%     -    1s
     0     0 42112.0581    0   81 160354.902 42112.0581  73.7%     -    2s
H    0     0                    122364.40805 42112.0581  65.6%     -    2s
     0     0 42112.0581    0   81 122364.408 42112.0581  65.6%     -    2s
     0     0 42112.0581    0   81 122364.408 42112.0581  65.6%     -    2s
     0     0 42129.5623    0   77 122364.408 42129.5623  65.6%     -    2s
H    0     0                    116920.78595 42139.6492  64.0%     -    3s
     0     2 42139.6492    0   77 116920.786 42139.6492  64.0%     -    3s
H   35    52                    116920.78569 42433.2427  63.7%   128    4s
H   36    52                    116920.78554 42433.2427  63.7%   130    4s
H   40    52                    116920.78534 42433.2427  63.7%   140    4s
H   43    52                    113718.27995 42433.2427  62.7%   137    4s
    91   112 42987.6794    7   39 113718.280 42443.0909  62.7%   151    5s
H   97   112                    86733.637769 42443.0909  51.1%   146    5s
H   98   112                    59277.594704 42443.0909  28.4%   145    5s
H  138   158                    59230.682380 42443.0909  28.3%   146    6s
H  141   158                    53850.416690 42443.0909  21.2%   147    6s
H  142   158                    53711.602629 42443.0909  21.0%   147    6s
H  150   158                    53052.398528 42443.0909  20.0%   144    6s
   182   208 44172.6072   10   47 53052.3985 42443.0909  20.0%   150   10s
H  188   208                    43786.131618 42443.0909  3.07%   148   10s
H 1227   660                    43754.862811 42620.0486  2.59%  55.3   14s
  2117  1282 43605.1190   76   22 43754.8628 42620.0486  2.59%  38.3   15s
H 2361  1377                    43754.862794 42620.0486  2.59%  35.4   15s
H 2908  1339                    43469.240776 42620.0486  1.95%  30.5   16s
H 3016  1192                    43468.266115 42620.0486  1.95%  29.6   17s
  3036  1148 42620.0486   19   28 43468.2661 42620.0486  1.95%  31.9   20s
H 3391  1120                    43468.266052 42781.0889  1.58%  31.7   22s
H 3394  1065                    43468.265177 42781.0889  1.58%  31.7   22s
H 3430  1028                    43449.947744 42781.0889  1.54%  31.4   23s
  4483  1307 43035.7175   48   20 43449.9477 42812.4715  1.47%  26.5   26s
H 4484  1258                    43449.947188 42812.4715  1.47%  26.5   26s
H 4485  1211                    43443.658177 42812.4715  1.45%  26.5   26s
H 4500  1162                    43439.572661 42812.4715  1.44%  26.4   26s
H 5780  1554                    43428.447770 42812.4715  1.42%  22.3   27s
H 5972  1628                    43428.322711 42812.4715  1.42%  22.0   27s
H 5974  1626                    43427.729119 42812.4715  1.42%  22.0   27s
H 5976  1625                    43427.578185 42812.4715  1.42%  22.0   27s
H 5977  1623                    43427.135528 42812.4715  1.42%  22.0   27s
H 6167  1808                    43426.990804 42812.4715  1.42%  21.7   27s
H 6172  1808                    43426.846081 42812.4715  1.41%  21.7   27s
* 6174  1807             157    43426.663148 42812.4715  1.41%  21.7   27s
H 7418  2484                    43426.663135 42812.4715  1.41%  19.5   28s
H 7427  2484                    43426.663115 42812.4715  1.41%  19.4   28s
H 9245  3600                    43423.795981 42859.1638  1.30%  17.5   29s
H 9655  3763                    43418.723398 42870.0611  1.26%  17.1   29s
H 9655  3759                    43417.209294 42870.0611  1.26%  17.1   29s
  9738  3988 42964.9472   58    8 43417.2093 42870.0611  1.26%  17.0   30s
H18773  9289                    43406.951411 42920.1586  1.12%  13.5   34s
H18775  9284                    43406.821119 42920.1586  1.12%  13.5   34s
H19433  9665                    43406.690828 42920.1586  1.12%  13.4   34s
H19435  9663                    43406.560536 42923.2479  1.11%  13.4   34s
H19437  9658                    43406.430245 42923.2479  1.11%  13.4   34s
H19438  9648                    43406.299954 42923.2479  1.11%  13.4   34s
H19439  9645                    43406.151924 42923.2479  1.11%  13.4   34s
H19440  9641                    43405.959432 42923.2479  1.11%  13.4   34s
*19441  9619             137    43405.574448 42923.2479  1.11%  13.4   34s
 20171  9931 43059.9382   64    3 43405.5744 42923.2615  1.11%  13.4   35s
 29482 15311     cutoff  102      43405.5744 42944.2366  1.06%  12.4   40s
H34553 17675                    43405.574432 42948.5044  1.05%  12.0   43s
H34555 17675                    43405.574399 42948.5044  1.05%  12.0   43s
H34556 17675                    43405.574380 42948.5044  1.05%  12.0   43s
H34557 17675                    43405.574327 42948.5044  1.05%  12.0   43s
H34560 17674                    43405.508748 42948.5044  1.05%  12.0   43s
 37661 19670 43261.8317   66   23 43405.5087 42953.8486  1.04%  11.7   45s
H37753 19670                    43405.508738 42953.8486  1.04%  11.7   45s
H37822 19670                    43405.508650 42953.8486  1.04%  11.7   45s
 46846 25700     cutoff  109      43405.5087 42965.7875  1.01%  11.3   69s
 48698 27011 43305.6408  113    1 43405.5087 42968.8425  1.01%  11.2   70s
 60156 32951 43399.5795   72   26 43405.5087 42979.6498  0.98%  11.0   75s
H70173 37474                    43405.508494 42985.2652  0.97%  10.7   79s
H70241 37474                    43405.507527 42985.2652  0.97%  10.7   79s
 70422 37478 43393.6594   91    4 43405.5075 42985.2652  0.97%  10.7   83s
H70429 36520                    43395.419761 42985.2652  0.95%  10.7   83s
 70455 47560 43393.6594   92    4 43395.4198 42985.2752  0.95%  10.7   92s
 91714 50123 43110.8742   85   17 43395.4198 42992.7356  0.93%  10.5   95s
 104710 56311 43177.8161  101    5 43395.4198 42994.8681  0.92%  10.5  100s
H108486 57213                    43395.419732 42995.2018  0.92%  10.5  102s
H110285 58353                    43395.419486 42995.5660  0.92%  10.6  103s
 112029 59635     cutoff   90      43395.4195 42995.8545  0.92%  10.5  105s
 124680 64564 43094.2035   81   25 43395.4195 42996.9820  0.92%  10.6  111s
H125431 64564                    43395.419478 42996.9991  0.92%  10.7  111s
 133026 68298 43115.6882   76    4 43395.4195 42997.7904  0.92%  10.7  116s
H138223 69568                    43393.786917 42998.1857  0.91%  10.7  117s
H138225 69526                    43393.675619 42998.1857  0.91%  10.7  117s
H138225 69450                    43393.431368 42998.1857  0.91%  10.7  117s
 142693 71890 43058.4208  107    1 43393.4314 42998.8061  0.91%  10.8  121s
H143007 71890                    43393.431338 42998.8344  0.91%  10.8  121s
H143243 71890                    43393.431331 42998.8820  0.91%  10.8  121s
H144167 71890                    43393.431279 42998.8820  0.91%  10.8  121s
 152840 76194     cutoff   98      43393.4313 43000.3911  0.91%  10.8  126s
H160042 78563                    43393.431273 43001.2595  0.90%  10.8  129s
 161502 80346 43039.6113   88    7 43393.4313 43001.2595  0.90%  10.8  130s
 171357 84253 43231.6177   82   24 43393.4313 43002.0187  0.90%  10.8  135s
H174975 85000                    43393.431223 43002.8421  0.90%  10.8  137s
 181025 87721 43030.0580   93   17 43393.4312 43003.2949  0.90%  10.8  140s
 193726 93022     cutoff  100      43393.4312 43004.8711  0.90%  10.8  146s
 205224 98438 43035.3805   96   26 43393.4312 43006.6295  0.89%  10.8  150s
 215185 103053 43373.0502   83    3 43393.4312 43008.4862  0.89%  10.7  156s
 225042 107965 43323.9251   86   16 43393.4312 43010.5626  0.88%  10.7  160s
 237091 114066     cutoff  109      43393.4312 43012.3204  0.88%  10.7  165s
 249993 119138 43085.8477   75   23 43393.4312 43012.8073  0.88%  10.7  171s
 260153 123844 43265.8841  100    9 43393.4312 43013.0095  0.88%  10.8  175s
 272268 129184 43236.2176   85   29 43393.4312 43013.6692  0.88%  10.8  180s
 285106 133951     cutoff   90      43393.4312 43014.3799  0.87%  10.9  186s
 294369 137663 43028.7573  102    8 43393.4312 43015.1825  0.87%  10.9  190s
 306795 142369 43332.2331  103    1 43393.4312 43016.7837  0.87%  10.9  195s
 319226 148668     cutoff  100      43393.4312 43017.3385  0.87%  10.9  201s
 331742 153574 43062.4412   97   18 43393.4312 43018.0672  0.87%  10.9  205s
 343761 159441 43114.2282   86   21 43393.4312 43018.3205  0.86%  10.9  211s
 356500 164917     cutoff  111      43393.4312 43018.6587  0.86%  10.9  215s
 368210 169896     cutoff  110      43393.4312 43018.9333  0.86%  10.9  221s
 378439 174982     cutoff   96      43393.4312 43019.3596  0.86%  10.9  225s
 391107 181017 43126.9032   91   18 43393.4312 43019.8574  0.86%  10.9  230s
 402970 185939     cutoff  110      43393.4312 43019.9810  0.86%  10.9  235s
 415750 192861 43148.0380   84   26 43393.4312 43020.3465  0.86%  10.9  240s
H428392 197949                    43393.365669 43020.5632  0.86%  10.9  246s
H428712 197949                    43393.365542 43020.5632  0.86%  10.9  246s
H429668 198091                    43393.365477 43020.5632  0.86%  10.9  247s
H429777 198091                    43393.365346 43020.5632  0.86%  10.9  247s
H429856 198091                    43393.364840 43020.5632  0.86%  10.9  247s
 433418 201049 43066.2881   93   20 43393.3648 43020.6538  0.86%  10.9  250s
H433856 201049                    43393.364793 43020.6587  0.86%  10.9  250s
H434212 201048                    43393.364410 43020.6601  0.86%  10.9  250s
H438265 202873                    43393.364300 43020.7463  0.86%  10.9  252s
 442353 205171     cutoff   94      43393.3643 43020.9415  0.86%  10.8  255s
 455807 211488     cutoff  112      43393.3643 43021.1854  0.86%  10.8  261s
 464310 215543 43084.1079  112    2 43393.3643 43021.3746  0.86%  10.8  265s
 477011 220923     cutoff  119      43393.3643 43021.8450  0.86%  10.8  271s
 486342 224456 43039.8173   89   23 43393.3643 43022.3150  0.86%  10.8  275s
 499126 230041 43092.5784   62   13 43393.3643 43022.5368  0.85%  10.9  280s
 511716 235622     cutoff  108      43393.3643 43022.8748  0.85%  10.9  285s
 524404 241676 43069.9983  101    1 43393.3643 43023.2203  0.85%  10.9  290s
 535468 246165 43120.1966   95    6 43393.3643 43023.6529  0.85%  10.9  295s
 546848 249239     cutoff  103      43393.3643 43023.9972  0.85%  10.9  300s

Cutting planes:
  Gomory: 4

Explored 546955 nodes (5981857 simplex iterations) in 300.12 seconds (314.81 work units)
Thread count was 20 (of 80 available processors)

Solution count 10: 43393.4 43393.4 43393.4 ... 43426.7

Time limit reached
Best objective 4.339336429702e+04, best bound 4.302399715132e+04, gap 0.8512%

User-callback calls 1118395, time in user-callback 0.52 sec
