
Gurobi 11.0.3 (linux64) logging started Mon 18 Nov 2024 07:06:56 PM CST

Set parameter LogFile to value "/home/dlcole3/graph_abstraction/hierarchical_graphs/git_storage/CS1/HP_low_reserves/gurobi_logs/serial/logfile_ST2_4.log"
Set parameter TimeLimit to value 300

Gurobi 11.0.3 (linux64) logging started Mon 18 Nov 2024 07:14:44 PM CST

Set parameter LogFile to value "/home/dlcole3/graph_abstraction/hierarchical_graphs/git_storage/CS1/HP_low_reserves/gurobi_logs/serial/logfile_ST2_4.log"
Gurobi Optimizer version 11.0.3 build v11.0.3rc0 (linux64 - "Ubuntu 18.04.3 LTS")

CPU model: Intel(R) Xeon(R) CPU E5-2698 v4 @ 2.20GHz, instruction set [SSE2|AVX|AVX2]
Thread count: 40 physical cores, 80 logical processors, using up to 32 threads

Optimize a model with 29168 rows, 50688 columns and 136175 nonzeros
Model fingerprint: 0x3227011f
Variable types: 46944 continuous, 3744 integer (3744 binary)
Coefficient statistics:
  Matrix range     [6e-01, 2e+04]
  Objective range  [2e+00, 2e+04]
  Bounds range     [5e-02, 2e+05]
  RHS range        [5e-02, 7e+03]
Presolve removed 14196 rows and 38576 columns
Presolve time: 0.37s
Presolved: 14972 rows, 12112 columns, 63750 nonzeros
Variable types: 9103 continuous, 3009 integer (3009 binary)
Found heuristic solution: objective 1112800.7979
Found heuristic solution: objective 416416.73605

Root relaxation: objective 8.309936e+04, 7682 iterations, 0.34 seconds (0.25 work units)

    Nodes    |    Current Node    |     Objective Bounds      |     Work
 Expl Unexpl |  Obj  Depth IntInf | Incumbent    BestBd   Gap | It/Node Time

     0     0 83099.3593    0   37 416416.736 83099.3593  80.0%     -    1s
H    0     0                    122367.91815 83131.5863  32.1%     -    1s
     0     0 83131.5863    0   54 122367.918 83131.5863  32.1%     -    1s
     0     0 83879.1643    0   71 122367.918 83879.1643  31.5%     -    2s
     0     0 83879.1643    0   76 122367.918 83879.1643  31.5%     -    2s
     0     0 83879.1643    0   89 122367.918 83879.1643  31.5%     -    2s
H    0     0                    116179.81138 83879.1643  27.8%     -    2s
     0     0 84142.3345    0   90 116179.811 84142.3345  27.6%     -    2s
     0     0 84142.3345    0  115 116179.811 84142.3345  27.6%     -    2s
     0     0 84142.3345    0  103 116179.811 84142.3345  27.6%     -    2s
     0     0 84142.3345    0  103 116179.811 84142.3345  27.6%     -    3s
H    0     0                    113628.73283 84142.3345  25.9%     -    3s
     0     2 84142.3345    0   97 113628.733 84142.3345  25.9%     -    3s
H   40    64                    113628.73277 84142.3345  25.9%   104    4s
H   51    64                    113628.73257 84142.3345  25.9%   106    4s
    95   128 86934.8224    7   54 113628.733 84142.3345  25.9%   103    5s
H  100   128                    101025.79959 84142.3345  16.7%   101    5s
H  117   128                    95315.368212 84142.3345  11.7%   103    5s
H  120   128                    94992.147247 84142.3345  11.4%   102    5s
H  125   128                    89258.796391 84142.3345  5.73%   100    5s
H  230   260                    89258.796381 84142.3345  5.73%  84.4    7s
H  244   260                    88880.082902 84142.3345  5.33%  84.1    7s
H  260   289                    88663.221996 84142.3345  5.10%  85.1   13s
H  264   289                    87719.820765 84142.3345  4.08%  86.3   13s
H  268   289                    87318.188026 84142.3345  3.64%  86.3   13s
H  270   289                    87044.247063 84142.3345  3.33%  85.7   13s
H  277   289                    86849.753804 84142.3345  3.12%  85.0   13s
H  281   289                    86781.581574 84142.3345  3.04%  84.9   13s
   767   575 85518.9375   14   37 86781.5816 84142.3345  3.04%  73.0   15s
H 1362   894                    86773.029181 84142.3345  3.03%  61.5   16s
  3063  1555 86619.6842  106    3 86773.0292 84142.3345  3.03%  55.7   20s
H 4848  2287                    86772.879416 84239.0675  2.92%  50.3   26s
  4852  2290 85738.5426   13   60 86772.8794 84239.0675  2.92%  50.2   30s
H 4950  2270                    86767.452404 84239.0675  2.91%  52.6   33s
H 4952  2161                    86762.227899 84239.0675  2.91%  52.6   33s
H 4974  2049                    86762.227883 84239.0675  2.91%  52.9   33s
  5116  2141 85312.1009   23   41 86762.2279 84239.0675  2.91%  54.5   36s
H 5118  2042                    86639.289192 84239.0675  2.77%  54.5   36s
H 5121  1948                    86530.961412 84239.0675  2.65%  54.5   36s
H 5151  1863                    86530.961403 84239.0675  2.65%  54.8   36s
  6273  2043     cutoff   42      86530.9614 84239.0675  2.65%  54.7   40s
H 6281  1956                    86530.961372 84239.0675  2.65%  54.7   40s
H 6295  1871                    86530.961232 84239.0675  2.65%  54.7   40s
H 6299  1794                    86530.961208 84239.0675  2.65%  54.6   40s
H 6318  1715                    86530.961172 84239.0675  2.65%  54.6   40s
 11292  3023     cutoff   29      86530.9612 85016.4171  1.75%  47.2   45s
H13184  3353                    86510.876840 85298.3240  1.40%  47.1   46s
H13608  3129                    86453.041561 85298.3240  1.34%  46.9   47s
H14515  3128                    86438.199673 85462.3705  1.13%  46.8   48s
H14519  3087                    86432.461893 85462.3705  1.12%  46.8   48s
*15275  3125              83    86428.668498 85494.8081  1.08%  46.7   48s
 16972  3326 86210.2683   42   42 86428.6685 85628.2691  0.93%  46.6   50s
 23566  3584 86335.3358   34   43 86428.6685 85947.2382  0.56%  44.0   55s
H23813  3523                    86426.120832 85972.0709  0.53%  43.9   55s
H23816  3442                    86422.154931 85972.0709  0.52%  43.9   55s
H23817  3442                    86422.047582 85972.0709  0.52%  43.9   55s
H26166  3883                    86417.184360 86040.3257  0.44%  42.2   56s
H27696  5033                    86417.061811 86100.4387  0.37%  40.7   57s
H27700  5033                    86416.939262 86100.4387  0.37%  40.7   57s
H27701  5033                    86416.828044 86100.4387  0.37%  40.7   57s
H27703  5033                    86416.613346 86100.4387  0.37%  40.7   57s
H27706  5031                    86416.423044 86100.4387  0.37%  40.7   57s
H27707  5027                    86416.288566 86100.4387  0.37%  40.7   57s
 32967  8593 86168.7958  102    5 86416.2886 86115.4909  0.35%  35.7   60s
H36204 10895                    86416.113566 86115.5632  0.35%  33.1   61s
 48752 19626 86174.0750   56   25 86416.1136 86118.0220  0.34%  26.3   65s
H51560 19649                    86416.113540 86118.2099  0.34%  25.2   67s
H51565 19445                    86410.092641 86118.2099  0.34%  25.2   67s
H54250 21162                    86410.092612 86118.7962  0.34%  24.3   69s
H54269 21162                    86410.092595 86118.7962  0.34%  24.3   69s
 54283 23215 86128.0363   45   31 86410.0926 86118.7962  0.34%  24.3   70s
 66940 32350 86223.2894  100    8 86410.0926 86120.4791  0.34%  20.9   75s
 84994 44431 86154.2578  109    7 86410.0926 86120.6533  0.33%  17.8   81s
H93923 49800                    86408.032808 86120.6766  0.33%  16.8   84s
*93926 49734              99    86407.230567 86120.6766  0.33%  16.8   84s
H97986 49718                    86407.055567 86120.6809  0.33%  16.4   84s
 98311 51893 86161.2760   86    4 86407.0556 86120.6906  0.33%  16.3   85s
 112821 61161     cutoff   80      86407.0556 86120.7236  0.33%  15.1   90s
 124276 68278 86140.1432   95    7 86407.0556 86120.7430  0.33%  14.2  122s
H131869 68988                    86407.055528 86120.7556  0.33%  13.9  124s
 132696 71464 86246.6201   50   32 86407.0555 86120.7584  0.33%  13.8  126s
H134177 71464                    86407.055514 86120.7670  0.33%  13.8  126s
H134421 71464                    86407.055476 86120.7673  0.33%  13.8  126s
 143285 78547     cutoff  104      86407.0555 86120.8114  0.33%  13.4  131s
 155170 87617 86336.1122   90    7 86407.0555 86120.8719  0.33%  12.9  135s
 170818 95096 86377.3597   52   23 86407.0555 86121.0704  0.33%  12.4  140s
 186026 106043 86404.7733   97    7 86407.0555 86121.5816  0.33%  12.0  146s
 202352 111972 86327.2225   96    8 86407.0555 86122.2230  0.33%  11.7  151s
 215359 123363 86300.7950   62   37 86407.0555 86122.7465  0.33%  11.4  157s
 226474 129565 86248.4755   73   18 86407.0555 86123.0165  0.33%  11.2  160s
 241662 138884 86389.0271   75   25 86407.0555 86123.5535  0.33%  10.9  165s
 257510 148450 86286.3694   68   13 86407.0555 86124.2840  0.33%  10.7  170s
 272730 157531 86295.3034   84   18 86407.0555 86125.1549  0.33%  10.5  175s
 288332 166582 86393.2258   74   24 86407.0555 86125.9977  0.33%  10.3  180s
 303249 174290 86386.0879  117    7 86407.0555 86126.4569  0.32%  10.2  185s
 318382 183377 86276.1419   67   20 86407.0555 86127.7280  0.32%  10.1  190s
 333257 191679 86383.7559   84    5 86407.0555 86128.2682  0.32%   9.9  195s
 348467 200275 86259.3216   48   43 86407.0555 86128.9536  0.32%   9.9  200s
H353910 201956                    86407.055405 86129.2801  0.32%   9.8  202s
H354435 201956                    86407.054966 86129.2801  0.32%   9.8  202s
 355884 201981 86282.0311   87    2 86407.0550 86129.2801  0.32%   9.8  205s
H355901 201981                    86407.054251 86129.2801  0.32%   9.8  205s
H360732 206108                    86407.054123 86129.5012  0.32%   9.8  209s
 362782 209799 86225.0181   45   30 86407.0541 86129.5353  0.32%   9.8  211s
 374401 215891 86277.4136   65   53 86407.0541 86129.9170  0.32%   9.7  215s
 390266 224313 86314.1391   57   19 86407.0541 86130.5321  0.32%   9.7  220s
 401590 231059 86353.2282   66   25 86407.0541 86131.0111  0.32%   9.6  226s
 417333 239306 86308.1153   93   17 86407.0541 86131.5748  0.32%   9.6  231s
 432070 248261 86264.7746   63   37 86407.0541 86132.1123  0.32%   9.5  236s
 446978 257219 86294.8293   65   27 86407.0541 86132.6925  0.32%   9.5  241s
 463084 265827 86233.2426   64   26 86407.0541 86133.1048  0.32%   9.4  246s
H468673 267163                    86407.053708 86133.3877  0.32%   9.4  249s
H470397 267163                    86407.053445 86133.4128  0.32%   9.4  249s
 470980 270582 86267.7926   57   38 86407.0534 86133.4299  0.32%   9.4  251s
H478323 272098                    86407.053420 86133.8538  0.32%   9.4  253s
H479310 272098                    86407.053232 86133.8686  0.32%   9.4  253s
 479558 275760 86359.2087  105    2 86407.0532 86133.9112  0.32%   9.4  255s
 497558 284740     cutoff   65      86407.0532 86134.6624  0.32%   9.3  261s
 507957 291266 86399.4103  104    7 86407.0532 86134.9273  0.31%   9.3  265s
 523931 297324 86379.7501   73   19 86407.0532 86135.6133  0.31%   9.2  270s
H524189 297324                    86407.053015 86135.6133  0.31%   9.2  270s
 535801 305941     cutoff   81      86407.0530 86135.8221  0.31%   9.2  275s
 550579 313198 86298.2668   69   28 86407.0530 86136.3861  0.31%   9.2  280s
 566903 321671 86319.5779  111    5 86407.0530 86137.0839  0.31%   9.2  285s
 582057 330138     cutoff   99      86407.0530 86137.8323  0.31%   9.1  291s
H592433 333936                    86407.052929 86138.4388  0.31%   9.1  294s
 593936 340329 86397.8328   88    5 86407.0529 86138.4909  0.31%   9.1  299s
 605684 341871 86309.9236   81   12 86407.0529 86139.0443  0.31%   9.1  300s

Cutting planes:
  Gomory: 10
  MIR: 2

Explored 608144 nodes (5518389 simplex iterations) in 305.20 seconds (264.16 work units)
Thread count was 32 (of 80 available processors)

Solution count 10: 86407.1 86407.1 86407.1 ... 86426.1

Time limit reached
Best objective 8.640705292641e+04, best bound 8.613912827446e+04, gap 0.3101%

User-callback calls 1242993, time in user-callback 0.28 sec
