
Gurobi 11.0.3 (linux64) logging started Tue 19 Nov 2024 12:11:15 AM CST

Set parameter LogFile to value "/home/dlcole3/graph_abstraction/hierarchical_graphs/git_storage/CS1/HP_low_reserves/gurobi_logs/serial/logfile_ST24_5.log"

Gurobi 11.0.3 (linux64) logging started Tue 19 Nov 2024 12:13:07 AM CST

Set parameter LogFile to value "/home/dlcole3/graph_abstraction/hierarchical_graphs/git_storage/CS1/HP_low_reserves/gurobi_logs/serial/logfile_ST24_5.log"
Gurobi Optimizer version 11.0.3 build v11.0.3rc0 (linux64 - "Ubuntu 18.04.3 LTS")

CPU model: Intel(R) Xeon(R) CPU E5-2698 v4 @ 2.20GHz, instruction set [SSE2|AVX|AVX2]
Thread count: 40 physical cores, 80 logical processors, using up to 20 threads

Optimize a model with 29168 rows, 50688 columns and 136175 nonzeros
Model fingerprint: 0x5e6559b2
Variable types: 46944 continuous, 3744 integer (3744 binary)
Coefficient statistics:
  Matrix range     [6e-01, 2e+04]
  Objective range  [2e+00, 2e+04]
  Bounds range     [5e-02, 2e+05]
  RHS range        [8e-03, 7e+03]
Presolve removed 14355 rows and 38867 columns
Presolve time: 0.36s
Presolved: 14813 rows, 11821 columns, 62918 nonzeros
Variable types: 8838 continuous, 2983 integer (2983 binary)
Found heuristic solution: objective 330866.47653
Found heuristic solution: objective 310333.16926

Root relaxation: objective 7.607769e+04, 7794 iterations, 0.42 seconds (0.30 work units)

    Nodes    |    Current Node    |     Objective Bounds      |     Work
 Expl Unexpl |  Obj  Depth IntInf | Incumbent    BestBd   Gap | It/Node Time

     0     0 76077.6878    0   27 310333.169 76077.6878  75.5%     -    1s
H    0     0                    175834.09289 76077.6878  56.7%     -    1s
H    0     0                    175834.09274 76077.7029  56.7%     -    1s
     0     0 76077.7069    0   27 175834.093 76077.7069  56.7%     -    1s
H    0     0                    136455.56819 76077.7490  44.2%     -    2s
     0     0 76077.7490    0   33 136455.568 76077.7490  44.2%     -    2s
H    0     0                    85538.678349 76077.7490  11.1%     -    2s
     0     0 76077.7490    0   42 85538.6783 76077.7490  11.1%     -    2s
     0     0 76077.7490    0   39 85538.6783 76077.7490  11.1%     -    2s
H    0     0                    79277.616195 76077.7490  4.04%     -    2s
     0     0 76077.7490    0   33 79277.6162 76077.7490  4.04%     -    2s
     0     0 76077.7490    0   39 79277.6162 76077.7490  4.04%     -    2s
     0     0 76077.7490    0   39 79277.6162 76077.7490  4.04%     -    3s
     0     0 76077.7490    0   27 79277.6162 76077.7490  4.04%     -    3s
     0     0 76077.7490    0   27 79277.6162 76077.7490  4.04%     -    4s
     0     0 76077.7490    0   35 79277.6162 76077.7490  4.04%     -    4s
     0     0 76077.7490    0   29 79277.6162 76077.7490  4.04%     -    4s
H    0     0                    79277.616141 76077.7490  4.04%     -    4s
     0     0 76077.7490    0   29 79277.6161 76077.7490  4.04%     -    4s
     0     2 76077.7490    0   29 79277.6161 76077.7490  4.04%     -    5s
H   91   105                    79277.615596 76127.1427  3.97%  54.5    6s
H   92   105                    78490.033002 76127.1427  3.01%  53.9    6s
H  260   229                    78352.404319 76239.6065  2.70%  29.8    7s
H  469   364                    77901.821868 76239.6065  2.13%  24.5    9s
H  470   364                    77006.527636 76239.6065  1.00%  24.5    9s
H  497   350                    77006.527627 76239.6065  1.00%  23.5    9s
H  520   350                    77006.527619 76239.6065  1.00%  22.6    9s
   775   602 76615.8627   32   16 77006.5276 76239.6065  1.00%  17.8   10s
H 1607   955                    76977.165761 76239.6065  0.96%  13.8   12s
H 1617   955                    76976.296710 76239.6065  0.96%  13.9   12s
H 1620   955                    76976.296693 76239.6065  0.96%  13.9   12s
H 1642  1037                    76905.085322 76304.4457  0.78%  13.9   12s
H 1771  1113                    76904.982258 76304.4457  0.78%  13.6   12s
* 1773  1113              82    76904.486009 76304.4457  0.78%  13.6   12s
H 3358  1657                    76904.486000 76459.0467  0.58%  11.0   15s
H 3441  1618                    76904.484677 76459.0467  0.58%  13.4   16s
H 3705  1637                    76904.483981 76459.0467  0.58%  13.2   17s
H 3713  1559                    76904.483842 76459.0467  0.58%  13.2   17s
H 4755  1838                    76904.483802 76459.0467  0.58%  11.6   19s
H 4758  1770                    76901.925360 76459.0467  0.58%  11.6   19s
  4775  1823 76833.2336   61    2 76901.9254 76459.0467  0.58%  11.6   20s
H 5049  1801                    76865.639955 76501.4564  0.47%  11.4   20s
H 5241  1729                    76865.010734 76501.4594  0.47%  11.2   20s
* 5245  1670              68    76863.268796 76501.4594  0.47%  11.2   20s
H 6107  1678                    76862.180066 76501.4683  0.47%  10.9   21s
H 6108  1621                    76860.433045 76501.4683  0.47%  10.9   21s
H 6588  1673                    76857.651844 76501.4749  0.46%  10.8   21s
* 6590  1669              70    76857.118421 76501.4749  0.46%  10.8   21s
H 6720  1675                    76857.118373 76501.4749  0.46%  10.8   22s
H 6727  1672                    76856.992217 76501.4749  0.46%  10.8   22s
* 6815  1721              76    76856.861271 76501.4749  0.46%  10.7   22s
 10689  2645     cutoff   32      76856.8613 76558.0533  0.39%  10.3   25s

Explored 14155 nodes (153505 simplex iterations) in 27.06 seconds (20.52 work units)
Thread count was 20 (of 80 available processors)

Solution count 10: 76856.9 76856.9 76857.1 ... 76977.2

Optimal solution found (tolerance 3.00e-03)
Best objective 7.685686127087e+04, best bound 7.664289903961e+04, gap 0.2784%

User-callback calls 33629, time in user-callback 0.01 sec
