
Gurobi 11.0.3 (linux64) logging started Tue 19 Nov 2024 12:11:19 AM CST

Set parameter LogFile to value "/home/dlcole3/graph_abstraction/hierarchical_graphs/git_storage/CS1/HP_low_reserves/gurobi_logs/serial/logfile_ST24_7.log"

Gurobi 11.0.3 (linux64) logging started Tue 19 Nov 2024 12:15:49 AM CST

Set parameter LogFile to value "/home/dlcole3/graph_abstraction/hierarchical_graphs/git_storage/CS1/HP_low_reserves/gurobi_logs/serial/logfile_ST24_7.log"
Gurobi Optimizer version 11.0.3 build v11.0.3rc0 (linux64 - "Ubuntu 18.04.3 LTS")

CPU model: Intel(R) Xeon(R) CPU E5-2698 v4 @ 2.20GHz, instruction set [SSE2|AVX|AVX2]
Thread count: 40 physical cores, 80 logical processors, using up to 20 threads

Optimize a model with 29168 rows, 50688 columns and 136175 nonzeros
Model fingerprint: 0x92ca35e3
Variable types: 46944 continuous, 3744 integer (3744 binary)
Coefficient statistics:
  Matrix range     [6e-01, 2e+04]
  Objective range  [2e+00, 2e+04]
  Bounds range     [5e-02, 2e+05]
  RHS range        [8e-03, 7e+03]
Presolve removed 14838 rows and 39154 columns
Presolve time: 0.34s
Presolved: 14330 rows, 11534 columns, 60608 nonzeros
Variable types: 8688 continuous, 2846 integer (2846 binary)
Found heuristic solution: objective 699293.24202
Found heuristic solution: objective 642750.68643
Found heuristic solution: objective 637782.69559

Root relaxation: objective 7.473955e+04, 8005 iterations, 0.48 seconds (0.38 work units)

    Nodes    |    Current Node    |     Objective Bounds      |     Work
 Expl Unexpl |  Obj  Depth IntInf | Incumbent    BestBd   Gap | It/Node Time

     0     0 74739.5493    0   33 637782.696 74739.5493  88.3%     -    1s
H    0     0                    637782.69530 74739.5493  88.3%     -    1s
H    0     0                    134372.94951 74739.5493  44.4%     -    1s
     0     0 74739.5996    0   50 134372.950 74739.5996  44.4%     -    1s
     0     0 74739.7037    0   47 134372.950 74739.7037  44.4%     -    2s
     0     0 74739.7037    0   47 134372.950 74739.7037  44.4%     -    2s
     0     2 74739.7037    0   47 134372.950 74739.7037  44.4%     -    2s
H   37    52                    100317.30747 74739.7037  25.5%  62.4    3s
H   91   112                    100208.30728 74753.4538  25.4%  57.6    4s
H   92   112                    99452.631950 74753.4538  24.8%  57.0    4s
H   97   112                    79653.817903 74763.0411  6.14%  56.9    4s
H  172   182                    78468.684676 74763.0411  4.72%  59.6    4s
   243   239     cutoff   14      78468.6847 74763.0411  4.72%  62.0    5s
H  245   239                    78420.867675 74763.0411  4.66%  61.5    5s
H  248   239                    78331.245154 74763.0411  4.56%  61.8    5s
H  250   239                    78260.517621 74763.0411  4.47%  62.6    5s
H  273   239                    78230.264172 74763.0411  4.43%  65.7    5s
H  275   257                    77973.279051 74763.0411  4.12%  67.3    7s
H  280   257                    77690.655732 74763.0411  3.77%  68.4    7s
H  284   257                    76856.185427 74763.0411  2.72%  68.4    7s
H  285   257                    76799.227119 74763.0411  2.65%  68.2    7s
H  497   331                    76729.730466 74763.0411  2.56%  61.9    8s
   590   375 75977.1357    7   69 76729.7305 74772.0273  2.55%  59.8   11s
H  600   375                    76729.730439 74772.0273  2.55%  59.5   11s
H  655   409                    76728.462023 74772.0273  2.55%  58.4   11s
H  732   437                    76723.954389 74772.0273  2.54%  56.1   11s
H 1000   558                    76723.864751 75115.4866  2.10%  51.7   12s
* 1001   558              43    76723.438574 75115.4866  2.10%  51.7   12s
H 1483   698                    76701.658981 75170.4081  2.00%  47.6   12s
H 1484   698                    76695.690849 75170.4081  1.99%  47.6   12s
H 1485   698                    76695.544335 75170.4081  1.99%  47.5   12s
H 1486   698                    76694.430385 75170.4081  1.99%  47.5   12s
* 1489   698              64    76694.180924 75170.4081  1.99%  47.4   12s
H 1635   749                    76568.722770 75197.5007  1.79%  46.3   13s
H 1637   749                    76568.070965 75197.5007  1.79%  46.3   13s
H 1641   749                    76567.318770 75197.5007  1.79%  46.2   13s
H 1642   749                    76566.947735 75197.5007  1.79%  46.1   13s
H 2093   911                    76566.637362 75307.8871  1.64%  43.5   13s
* 2094   911              47    76566.488176 75307.8871  1.64%  43.5   13s
H 2096   911                    76566.474972 75307.8871  1.64%  43.5   13s
* 2097   911              48    76566.325786 75307.8871  1.64%  43.5   13s
* 2099   911              48    76563.768176 75307.8871  1.64%  43.4   13s
* 2659  1017              44    76563.540378 75694.3655  1.14%  41.2   14s
  3143  1115 76055.0109   16   35 76563.5404 75772.7414  1.03%  39.9   15s
H 3345  1115                    76562.876515 75775.4484  1.03%  39.2   15s
* 3346  1115              53    76562.826361 75775.4484  1.03%  39.2   15s
H 3699  1069                    76562.676583 75853.1207  0.93%  38.4   15s
* 3700  1069              49    76562.626428 75853.1207  0.93%  38.4   15s
H 4356  1180                    76560.960402 75984.2612  0.75%  35.9   16s
H 4359  1180                    76560.144379 75984.2612  0.75%  35.9   16s
H 4364  1180                    76558.496100 75984.2612  0.75%  35.9   16s
  4771  1070 76555.2099   50   47 76558.4961 75984.2612  0.75%  34.4   20s
H 4863  1054                    76558.496041 75984.2612  0.75%  36.9   23s
H 4871  1001                    76558.496025 75984.2612  0.75%  37.0   23s
H 4878   949                    76558.495986 75984.2612  0.75%  37.0   23s
H 4881   902                    76558.495767 75984.2612  0.75%  37.1   23s
  5059   946     cutoff   26      76558.4958 75984.2612  0.75%  37.3   25s
H 5082   905                    76558.495753 75984.2612  0.75%  37.2   25s
H 5085   863                    76558.495658 75984.2612  0.75%  37.2   25s
H 5087   823                    76558.495418 75984.2612  0.75%  37.2   25s
H 5094   783                    76558.494930 75984.2612  0.75%  37.2   25s
H 5100   745                    76558.494904 75984.2612  0.75%  37.2   25s
H 6126   907                    76558.494887 75984.2612  0.75%  33.8   28s
H 6139   871                    76558.238951 75984.2612  0.75%  33.8   28s
  7428  1319 75984.2612   45   20 76558.2390 75984.2612  0.75%  31.0   30s
 15000  3921 76309.4423   70   17 76558.2390 76011.5948  0.71%  23.4   35s
H19793  4154                    76558.238883 76082.5025  0.62%  21.9   39s
 20614  4185 76469.4779   40   30 76558.2389 76101.9159  0.60%  21.7   40s
 29409  4474 76432.2566   44   27 76558.2389 76292.3029  0.35%  19.0   45s
H30523  4474                    76557.981724 76309.9956  0.32%  18.6   46s
H30534  4459                    76556.993957 76309.9956  0.32%  18.6   46s
H30537  4427                    76555.112783 76309.9956  0.32%  18.6   46s

Cutting planes:
  Gomory: 2

Explored 31626 nodes (586790 simplex iterations) in 47.47 seconds (41.69 work units)
Thread count was 20 (of 80 available processors)

Solution count 10: 76555.1 76555.1 76557 ... 76563.5

Optimal solution found (tolerance 3.00e-03)
Best objective 7.655511291218e+04, best bound 7.632650470414e+04, gap 0.2986%

User-callback calls 72041, time in user-callback 0.03 sec
