
Gurobi 11.0.3 (linux64) logging started Tue 19 Nov 2024 12:56:48 AM CST

Set parameter LogFile to value "/home/dlcole3/graph_abstraction/hierarchical_graphs/git_storage/CS1/HP_low_reserves/gurobi_logs/serial/logfile_ST28_6.log"

Gurobi 11.0.3 (linux64) logging started Tue 19 Nov 2024 01:06:39 AM CST

Set parameter LogFile to value "/home/dlcole3/graph_abstraction/hierarchical_graphs/git_storage/CS1/HP_low_reserves/gurobi_logs/serial/logfile_ST28_6.log"
Gurobi Optimizer version 11.0.3 build v11.0.3rc0 (linux64 - "Ubuntu 18.04.3 LTS")

CPU model: Intel(R) Xeon(R) CPU E5-2698 v4 @ 2.20GHz, instruction set [SSE2|AVX|AVX2]
Thread count: 40 physical cores, 80 logical processors, using up to 20 threads

Optimize a model with 29168 rows, 50688 columns and 136175 nonzeros
Model fingerprint: 0xbde23bcd
Variable types: 46944 continuous, 3744 integer (3744 binary)
Coefficient statistics:
  Matrix range     [6e-01, 2e+04]
  Objective range  [2e+00, 2e+04]
  Bounds range     [5e-02, 2e+05]
  RHS range        [7e-03, 7e+03]
Presolve removed 14271 rows and 38858 columns
Presolve time: 0.42s
Presolved: 14897 rows, 11830 columns, 63322 nonzeros
Variable types: 8832 continuous, 2998 integer (2998 binary)
Found heuristic solution: objective 635510.42977
Found heuristic solution: objective 589955.92877
Found heuristic solution: objective 504306.32736

Root relaxation: objective 7.027762e+04, 9014 iterations, 0.66 seconds (0.42 work units)

    Nodes    |    Current Node    |     Objective Bounds      |     Work
 Expl Unexpl |  Obj  Depth IntInf | Incumbent    BestBd   Gap | It/Node Time

     0     0 70277.6232    0   66 504306.327 70277.6232  86.1%     -    2s
H    0     0                    504274.11586 70277.6232  86.1%     -    2s
H    0     0                    201635.60714 70277.6232  65.1%     -    2s
     0     0 70277.6232    0   66 201635.607 70277.6232  65.1%     -    2s
     0     2 70277.6232    0   66 201635.607 70277.6232  65.1%     -    3s
H   31    52                    129474.49641 70743.0260  45.4%  66.5    3s
H   33    52                    112431.82247 70743.0260  37.1%  65.9    3s
H   47    52                    104221.73275 70743.0260  32.1%  58.6    3s
H  568   585                    81552.345521 70767.4027  13.2%  38.1    4s
H  569   585                    74350.907525 70767.4027  4.82%  38.1    4s
H  572   585                    73554.163853 70767.4027  3.79%  38.2    4s
H  826   749                    72197.826790 70767.4027  1.98%  34.5    4s
   932   805 71199.2095   16   54 72197.8268 70767.4027  1.98%  33.4    5s
* 1032   853              47    72139.630592 70767.4027  1.90%  32.2    5s
H 1138   908                    72139.630585 70767.4027  1.90%  31.5    5s
H 1145   908                    72139.630571 70767.4027  1.90%  31.5    5s
* 1350  1046              49    72114.888671 70767.4027  1.87%  30.7    5s
H 1785  1159                    72033.393559 70767.4027  1.76%  28.4    6s
H 1880  1159                    72009.336111 70767.4027  1.72%  27.5    6s
H 1990  1126                    72009.125947 70910.0357  1.53%  27.2    6s
* 1991  1126              63    72008.956385 70910.0357  1.53%  27.2    6s
H 2177  1148                    71876.141325 70910.0357  1.34%  26.6    6s
* 2342  1095              58    71862.170818 70976.6757  1.23%  26.2    6s
* 2506  1123              71    71860.339414 70976.6757  1.23%  25.7    6s
* 2507  1123              71    71859.258316 70976.6757  1.23%  25.7    6s
* 2508  1123              70    71854.119479 70976.6757  1.22%  25.7    6s
* 2815  1147              71    71834.965889 70976.6757  1.19%  24.9    7s
* 2817  1147              70    71833.884792 70976.6757  1.19%  24.9    7s
* 2818  1147              69    71828.745952 70976.6757  1.19%  24.9    7s
  3980  1241 71818.6666   24   33 71828.7460 71048.0753  1.09%  24.1   11s
H 3983  1102                    71781.340129 71048.0753  1.02%  24.1   11s
H 3986  1096                    71778.535720 71048.0753  1.02%  24.1   11s
H 4000  1087                    71774.318715 71048.0753  1.01%  24.1   11s
H 5699  1372                    71774.318702 71206.8514  0.79%  23.6   14s
H 5723  1367                    71772.968631 71206.8514  0.79%  23.6   14s
  6244  1437     cutoff   19      71772.9686 71250.0404  0.73%  23.7   22s
H 6248  1437                    71772.966910 71250.0404  0.73%  23.6   22s
H 6250  1436                    71772.777922 71250.0404  0.73%  23.6   22s
H 6252  1436                    71772.777688 71250.2961  0.73%  23.6   22s
H 6255  1365                    71735.740597 71250.2961  0.68%  23.6   22s
  6875  1460 71629.7700   15   46 71735.7406 71286.5214  0.63%  23.5   28s
  8423  1501     cutoff   27      71735.7406 71368.3984  0.51%  23.0   30s
H 9359  1533                    71730.287553 71405.0691  0.45%  22.7   31s
H 9361  1458                    71730.287507 71405.0691  0.45%  22.7   33s
H 9398  1379                    71730.287099 71405.0691  0.45%  23.5   34s
  9447  1423 71405.0691   27   43 71730.2871 71405.0691  0.45%  23.5   35s
H 9488  1373                    71730.286616 71405.0691  0.45%  23.5   35s
H 9669  1339                    71730.286525 71405.0691  0.45%  23.5   37s
H 9736  1280                    71730.286386 71405.0691  0.45%  23.5   38s
H 9737  1219                    71723.930097 71405.0691  0.44%  23.5   38s
H10784  1216                    71723.871466 71405.0691  0.44%  23.1   41s
H10785  1162                    71722.386981 71405.0691  0.44%  23.1   41s
H10809  1103                    71720.284496 71405.0691  0.44%  23.1   41s
H14856  1836                    71719.134603 71405.0691  0.44%  22.3   44s
H14857  1833                    71716.083603 71405.0691  0.43%  22.3   44s
 15186  1979 71405.0691   37   46 71716.0836 71405.0691  0.43%  22.3   45s
H18142  2556                    71716.082553 71405.0691  0.43%  21.9   47s
 20743  2990 71405.0691   37   48 71716.0826 71405.0691  0.43%  21.8   50s
 27370  3724     cutoff   38      71716.0826 71405.0691  0.43%  21.3   55s
 32483  3968 71572.2882   36   29 71716.0826 71445.1453  0.38%  21.0   61s
H32484  3968                    71716.082532 71445.1453  0.38%  21.0   61s
H32498  3959                    71715.051084 71445.1453  0.38%  21.0   61s
 37190  3280     cutoff   41      71715.0511 71493.6315  0.31%  20.8   65s

Explored 38505 nodes (806474 simplex iterations) in 65.66 seconds (61.59 work units)
Thread count was 20 (of 80 available processors)

Solution count 10: 71715.1 71715.1 71716.1 ... 71735.7

Optimal solution found (tolerance 3.00e-03)
Best objective 7.171505110016e+04, best bound 7.150825644308e+04, gap 0.2884%

User-callback calls 90508, time in user-callback 0.05 sec
