
Gurobi 11.0.3 (linux64) logging started Mon 18 Nov 2024 10:36:56 PM CST

Set parameter LogFile to value "/home/dlcole3/graph_abstraction/hierarchical_graphs/git_storage/CS1/HP_low_reserves/gurobi_logs/serial/logfile_ST18_3.log"

Gurobi 11.0.3 (linux64) logging started Mon 18 Nov 2024 10:43:14 PM CST

Set parameter LogFile to value "/home/dlcole3/graph_abstraction/hierarchical_graphs/git_storage/CS1/HP_low_reserves/gurobi_logs/serial/logfile_ST18_3.log"
Gurobi Optimizer version 11.0.3 build v11.0.3rc0 (linux64 - "Ubuntu 18.04.3 LTS")

CPU model: Intel(R) Xeon(R) CPU E5-2698 v4 @ 2.20GHz, instruction set [SSE2|AVX|AVX2]
Thread count: 40 physical cores, 80 logical processors, using up to 20 threads

Optimize a model with 29168 rows, 50688 columns and 136175 nonzeros
Model fingerprint: 0xac744f11
Variable types: 46944 continuous, 3744 integer (3744 binary)
Coefficient statistics:
  Matrix range     [6e-01, 2e+04]
  Objective range  [2e+00, 2e+04]
  Bounds range     [5e-02, 2e+05]
  RHS range        [4e-02, 7e+03]
Presolve removed 13770 rows and 38337 columns
Presolve time: 0.37s
Presolved: 15398 rows, 12351 columns, 65767 nonzeros
Variable types: 9263 continuous, 3088 integer (3088 binary)
Found heuristic solution: objective 1181703.1307
Found heuristic solution: objective 1142623.0537
Found heuristic solution: objective 1066322.6865

Root relaxation: objective 1.059357e+05, 8343 iterations, 0.50 seconds (0.43 work units)

    Nodes    |    Current Node    |     Objective Bounds      |     Work
 Expl Unexpl |  Obj  Depth IntInf | Incumbent    BestBd   Gap | It/Node Time

     0     0 105935.722    0   34 1066322.69 105935.722  90.1%     -    1s
H    0     0                    142300.81403 105935.722  25.6%     -    1s
     0     0 105935.779    0   56 142300.814 105935.779  25.6%     -    1s
H    0     0                    142292.21453 106013.114  25.5%     -    2s
     0     0 106013.114    0   73 142292.215 106013.114  25.5%     -    2s
     0     0 106013.114    0   75 142292.215 106013.114  25.5%     -    2s
     0     0 106013.114    0   86 142292.215 106013.114  25.5%     -    2s
     0     0 106013.114    0   87 142292.215 106013.114  25.5%     -    2s
     0     0 106013.114    0   76 142292.215 106013.114  25.5%     -    2s
     0     0 106013.114    0   76 142292.215 106013.114  25.5%     -    2s
     0     2 106013.114    0   76 142292.215 106013.114  25.5%     -    3s
H   31    52                    142292.21451 106229.702  25.3%   199    4s
H   35    52                    142292.21449 106229.702  25.3%   188    4s
H   38    52                    142260.00353 106229.702  25.3%   195    4s
H   40    52                    116680.88212 106377.832  8.83%   195    4s
    71    92 108448.942    7   44 116680.882 106431.151  8.78%   190    5s
H   95   112                    115411.37776 106431.151  7.78%   166    5s
H   98   112                    111780.91503 106431.151  4.79%   166    5s
H  103   112                    111558.87607 106431.151  4.60%   165    5s
H  104   112                    108132.32703 106431.151  1.57%   166    5s
H  236   136                    108132.03330 106569.077  1.45%  98.1    6s
H  276   167                    108087.83370 106569.077  1.41%  88.0    9s
H  280   167                    108083.76045 106569.077  1.40%  87.9    9s
H  284   167                    108057.59182 106569.077  1.38%  86.8    9s
H  287   167                    108057.59179 106569.077  1.38%  86.0    9s
H  289   167                    108027.87974 106569.077  1.35%  85.5    9s
   417   250 106668.886   20   32 108027.880 106569.077  1.35%  63.8   10s
H  641   407                    108027.87971 106569.077  1.35%  45.4   10s
H  652   407                    108027.87937 106569.077  1.35%  45.1   10s
H 1369  1116                    107781.98570 106569.077  1.13%  26.5   12s
* 1370  1116              83    107779.32127 106569.077  1.12%  26.5   12s
  2549  1691 107120.429   19   34 107779.321 106664.440  1.03%  21.2   15s
H 2771  1690                    107779.02934 106664.440  1.03%  20.6   16s
H 2774  1607                    107779.02925 106664.440  1.03%  20.6   18s
  2787  1620 106664.440   18   19 107779.029 106664.440  1.03%  23.2   20s
H 2809  1541                    107779.02922 106664.440  1.03%  23.8   20s
H 2928  1482                    107779.02870 106664.440  1.03%  25.5   21s
H 2936  1407                    107757.68755 106664.440  1.01%  25.4   21s
H 3123  1412                    107757.68725 106664.440  1.01%  24.6   23s
H 3124  1347                    107480.98668 106664.440  0.76%  24.6   23s
  4169  1622 107292.724   44   30 107480.987 106664.440  0.76%  21.1   26s
H 4176  1557                    107480.98665 106664.440  0.76%  21.0   26s
H 4179  1497                    107480.98661 106664.440  0.76%  21.0   26s
  8759  3509 107224.179   39   34 107480.987 106668.752  0.76%  15.6   30s
H 8773  3509                    107480.98653 106668.752  0.76%  15.6   30s
H 8777  3502                    107479.87708 106668.752  0.75%  15.6   30s
 16465  7193 107141.793   34   30 107479.877 106758.523  0.67%  14.3   35s
 23443 12033 107286.499   75   19 107479.877 106856.146  0.58%  13.1   40s
H23448 11986                    107477.96140 106856.146  0.58%  13.1   40s
 31107 18265 107271.703  115    4 107477.961 106856.866  0.58%  12.2   46s
H31187 18137                    107473.96412 106856.866  0.57%  12.2   46s
H31216 18108                    107472.73990 106856.866  0.57%  12.2   46s
 36508 23836 106987.448   42   25 107472.740 106856.926  0.57%  11.7   50s
 47737 32642 106867.246   51   27 107472.740 106857.442  0.57%  11.0   71s
 58153 39208 106903.452   82   12 107472.740 106857.490  0.57%  10.6   76s
 67258 45028 107066.991   71    2 107472.740 106857.509  0.57%  10.4   80s
H68070 45028                    107472.73977 106857.509  0.57%  10.4   80s
 71856 47855 107159.479   73   76 107472.740 106857.521  0.57%  10.3   86s
H71935 45479                    107472.73956 106857.521  0.57%  10.4   88s
 72298 45673 106857.521   54   27 107472.740 106857.521  0.57%  10.4   90s
H72492 43455                    107472.73947 106857.521  0.57%  10.4   91s
H72832 41463                    107472.73938 106857.521  0.57%  10.4   92s
H72833 39411                    107472.73914 106857.521  0.57%  10.4   92s
 73949 39870 106857.521   93   16 107472.739 106857.521  0.57%  10.4   95s
 77572 42419     cutoff   71      107472.739 106857.521  0.57%  10.6  100s
 86805 44701 106857.521   59   23 107472.739 106857.521  0.57%  10.7  105s
H88865 42082                    107472.73721 106857.521  0.57%  10.8  108s
 88899 42098 106857.521   77   37 107472.737 106857.521  0.57%  10.8  111s
H88936 40235                    107472.73719 106857.521  0.57%  10.8  111s
H88943 38473                    107472.73704 106857.521  0.57%  10.8  111s
 93218 39622     cutoff   72      107472.737 106857.521  0.57%  10.9  116s
H93511 37853                    107472.73617 106857.521  0.57%  10.9  116s
 99331 40866     cutoff   83      107472.736 106857.521  0.57%  11.1  120s
 108589 43296 107319.852   66   32 107472.736 106857.521  0.57%  11.3  126s
 116284 44925 107173.662   76   34 107472.736 106857.521  0.57%  11.5  130s
 125968 46416 106857.521   59   27 107472.736 106857.521  0.57%  11.6  136s
H126464 44663                    107472.73616 106857.521  0.57%  11.6  136s
H127784 43727                    107472.73566 106857.521  0.57%  11.6  139s
 129227 45214 106857.521   67   33 107472.736 106857.521  0.57%  11.7  141s
 136786 46110 107202.730   56   31 107472.736 106857.521  0.57%  11.8  145s
 147117 48272 106857.521   66   31 107472.736 106857.521  0.57%  11.9  151s
 156902 49758 107256.591   61   33 107472.736 106857.521  0.57%  12.0  156s
H160311 50109                    107472.73554 106857.521  0.57%  12.1  158s
 161419 51736     cutoff   58      107472.736 106857.521  0.57%  12.1  161s
 167917 55127 106857.521   69   29 107472.736 106857.521  0.57%  12.2  165s
 177446 59765 106857.521   73   33 107472.736 106857.521  0.57%  12.3  170s
 187279 64688 107316.229   76   15 107472.736 106857.521  0.57%  12.4  176s
 193731 67316     cutoff   61      107472.736 106857.521  0.57%  12.4  180s
H193986 67316                    107472.73541 106857.521  0.57%  12.4  180s
H195053 67316                    107472.73533 106857.521  0.57%  12.5  180s
 199102 71581 106857.521   63   35 107472.735 106857.521  0.57%  12.5  187s
 204478 73431 107001.051   99   10 107472.735 106857.521  0.57%  12.6  190s
 212048 76616     cutoff   55      107472.735 106857.521  0.57%  12.6  195s
 222606 80586 107260.362   68   32 107472.735 106857.521  0.57%  12.7  201s
H222804 80586                    107472.73522 106857.521  0.57%  12.7  201s
 227601 83816 106895.809   71   26 107472.735 106857.521  0.57%  12.7  205s
 237386 88859     cutoff   73      107472.735 106857.521  0.57%  12.8  210s
 246699 93637 107262.314   70   40 107472.735 106857.521  0.57%  12.9  216s
 254046 96724 106857.521   62   30 107472.735 106857.521  0.57%  12.9  220s
H257182 97351                    107472.73518 106857.521  0.57%  12.9  222s
H257496 97351                    107472.73517 106857.521  0.57%  12.9  222s
H257782 97351                    107472.73514 106857.521  0.57%  13.0  222s
 258516 99204 106857.521   65   28 107472.735 106857.521  0.57%  13.0  225s
 268840 104188 106857.521   83   21 107472.735 106857.521  0.57%  13.0  231s
 278441 108638 107186.126   68   31 107472.735 106857.521  0.57%  13.0  236s
 287390 113046 106889.789   80   23 107472.735 106857.521  0.57%  13.1  241s
H291047 113488                    107472.73508 106857.521  0.57%  13.1  243s
H291576 113488                    107472.73490 106857.521  0.57%  13.1  243s
 291828 114792 107238.078   68   30 107472.735 106857.521  0.57%  13.1  245s
 301308 118338 106857.521   78   32 107472.735 106857.521  0.57%  13.2  251s
 306192 121409     cutoff   69      107472.735 106857.521  0.57%  13.2  255s
 316157 126127     cutoff   65      107472.735 106857.521  0.57%  13.2  260s
H323603 128177                    107472.73486 106857.521  0.57%  13.2  264s
H323946 128177                    107472.73482 106857.521  0.57%  13.2  264s
 324083 128806 106857.521   80   26 107472.735 106857.521  0.57%  13.2  268s
H324162 128796                    107472.51745 106857.521  0.57%  13.2  268s
 325370 130655 106857.521   81   26 107472.517 106857.521  0.57%  13.2  270s
 336224 135100 107396.226   72   33 107472.517 106857.521  0.57%  13.3  276s
 346406 139659     cutoff   83      107472.517 106857.521  0.57%  13.3  281s
 352333 142664     cutoff   93      107472.517 106857.521  0.57%  13.3  285s
H355554 142964                    107471.19133 106857.521  0.57%  13.3  287s
 359939 145842 106857.521   75   24 107471.191 106857.521  0.57%  13.3  290s
 369505 150021     cutoff   86      107471.191 106857.521  0.57%  13.3  296s
 378830 152977 106857.521   79   31 107471.191 106857.521  0.57%  13.3  300s

Cutting planes:
  Gomory: 2

Explored 378853 nodes (5057392 simplex iterations) in 300.05 seconds (317.14 work units)
Thread count was 20 (of 80 available processors)

Solution count 10: 107471 107471 107473 ... 107779

Time limit reached
Best objective 1.074711913294e+05, best bound 1.068575205712e+05, gap 0.5710%

User-callback calls 784091, time in user-callback 0.24 sec
