
Gurobi 11.0.3 (linux64) logging started Mon 18 Nov 2024 11:26:58 PM CST

Set parameter LogFile to value "/home/dlcole3/graph_abstraction/hierarchical_graphs/git_storage/CS1/HP_low_reserves/gurobi_logs/serial/logfile_ST21_4.log"

Gurobi 11.0.3 (linux64) logging started Mon 18 Nov 2024 11:28:51 PM CST

Set parameter LogFile to value "/home/dlcole3/graph_abstraction/hierarchical_graphs/git_storage/CS1/HP_low_reserves/gurobi_logs/serial/logfile_ST21_4.log"
Gurobi Optimizer version 11.0.3 build v11.0.3rc0 (linux64 - "Ubuntu 18.04.3 LTS")

CPU model: Intel(R) Xeon(R) CPU E5-2698 v4 @ 2.20GHz, instruction set [SSE2|AVX|AVX2]
Thread count: 40 physical cores, 80 logical processors, using up to 20 threads

Optimize a model with 29168 rows, 50688 columns and 136175 nonzeros
Model fingerprint: 0x77f2a5d2
Variable types: 46944 continuous, 3744 integer (3744 binary)
Coefficient statistics:
  Matrix range     [6e-01, 2e+04]
  Objective range  [2e+00, 2e+04]
  Bounds range     [5e-02, 2e+05]
  RHS range        [5e-02, 7e+03]
Presolve removed 14711 rows and 39095 columns
Presolve time: 0.35s
Presolved: 14457 rows, 11593 columns, 62065 nonzeros
Variable types: 8550 continuous, 3043 integer (3043 binary)
Found heuristic solution: objective 7729736.9383
Found heuristic solution: objective 7083888.7244
Found heuristic solution: objective 6963232.6332

Root relaxation: objective 2.176801e+05, 8199 iterations, 0.41 seconds (0.32 work units)

    Nodes    |    Current Node    |     Objective Bounds      |     Work
 Expl Unexpl |  Obj  Depth IntInf | Incumbent    BestBd   Gap | It/Node Time

     0     0 217680.130    0   34 6963232.63 217680.130  96.9%     -    1s
H    0     0                    262801.73020 217680.130  17.2%     -    1s
     0     0 217734.596    0   53 262801.730 217734.596  17.1%     -    1s
     0     0 218017.213    0   59 262801.730 218017.213  17.0%     -    2s
     0     0 218036.561    0   59 262801.730 218036.561  17.0%     -    2s
     0     0 218036.561    0   74 262801.730 218036.561  17.0%     -    2s
     0     0 218036.561    0   44 262801.730 218036.561  17.0%     -    2s
     0     0 218036.561    0   59 262801.730 218036.561  17.0%     -    2s
     0     0 218036.561    0   56 262801.730 218036.561  17.0%     -    3s
     0     2 218036.561    0   55 262801.730 218036.561  17.0%     -    3s
H   50    52                    251475.53530 218107.086  13.3%  62.4    4s
H   91   112                    251475.53525 218107.086  13.3%  55.8    5s
H   97   112                    251357.21469 218107.086  13.2%  53.0    5s
H  101   112                    239001.40548 218107.086  8.74%  52.6    5s
H  139   157                    236358.42241 218107.086  7.72%  56.2    5s
H  141   157                    234489.14160 218107.086  6.99%  58.0    5s
H  225   228                    231952.00665 218107.086  5.97%  66.3    6s
H  358   379                    221064.31491 218107.086  1.34%  62.3   10s
H  359   379                    220182.41725 218107.086  0.94%  62.2   10s
H 1206  1036                    220157.99047 218107.086  0.93%  36.4   13s
H 1541  1233                    220134.16063 218107.086  0.92%  36.4   14s
H 1789  1393                    220118.61782 218163.836  0.89%  36.2   14s
* 1790  1393              70    220118.11040 218163.836  0.89%  36.2   14s
  1878  1491 218772.124   13   23 220118.110 218163.836  0.89%  36.2   15s
H 2038  1463                    219985.77213 218163.836  0.83%  36.0   18s
H 2053  1463                    219983.57348 218163.836  0.83%  36.1   18s
  2505  1806 219229.278   25   36 219983.573 218168.169  0.83%  37.4   20s
H 3270  2151                    219983.28441 218359.391  0.74%  36.8   21s
H 3342  2123                    219956.67702 218359.391  0.73%  36.6   21s
H 3368  2109                    219939.46155 218359.391  0.72%  36.5   23s
  3372  2109 219050.382   19   51 219939.462 218359.391  0.72%  36.5   25s
H 3475  2051                    219939.46152 218359.391  0.72%  39.1   27s
H 3477  1949                    219939.46147 218359.391  0.72%  39.1   27s
H 3640  1907                    219738.70472 218359.391  0.63%  39.4   29s
H 3649  1813                    219697.47387 218359.391  0.61%  39.4   29s
  3661  1821 218760.010   22   25 219697.474 218359.391  0.61%  39.5   30s
H 3667  1733                    219697.47381 218359.391  0.61%  39.6   30s
H 4692  1786                    219687.16231 218359.391  0.60%  37.3   32s
H 5000  1738                    219618.38705 218359.391  0.57%  36.9   32s
  6569  2120 219326.620   55   20 219618.387 218416.656  0.55%  33.9   35s
 11241  4253 218821.978   39   27 219618.387 218695.094  0.42%  28.9   40s
 17099  7202 219515.034   20   20 219618.387 218758.248  0.39%  26.9   45s
H18742  7530                    219618.38628 218774.468  0.38%  26.3   47s
H18745  5885                    219296.98849 218774.468  0.24%  26.3   47s

Cutting planes:
  Gomory: 10
  MIR: 2

Explored 18770 nodes (501995 simplex iterations) in 47.22 seconds (46.85 work units)
Thread count was 20 (of 80 available processors)

Solution count 10: 219297 219618 219687 ... 220158

Optimal solution found (tolerance 3.00e-03)
Best objective 2.192969884884e+05, best bound 2.187744675388e+05, gap 0.2383%

User-callback calls 46538, time in user-callback 0.02 sec
