
Gurobi 11.0.3 (linux64) logging started Mon 18 Nov 2024 11:23:05 PM CST

Set parameter LogFile to value "/home/dlcole3/graph_abstraction/hierarchical_graphs/git_storage/CS1/HP_low_reserves/gurobi_logs/serial/logfile_DA_21.log"
Set parameter TimeLimit to value 900

Gurobi 11.0.3 (linux64) logging started Mon 18 Nov 2024 11:23:07 PM CST

Set parameter LogFile to value "/home/dlcole3/graph_abstraction/hierarchical_graphs/git_storage/CS1/HP_low_reserves/gurobi_logs/serial/logfile_DA_21.log"
Gurobi Optimizer version 11.0.3 build v11.0.3rc0 (linux64 - "Ubuntu 18.04.3 LTS")

CPU model: Intel(R) Xeon(R) CPU E5-2698 v4 @ 2.20GHz, instruction set [SSE2|AVX|AVX2]
Thread count: 40 physical cores, 80 logical processors, using up to 20 threads

Optimize a model with 35850 rows, 31725 columns and 164765 nonzeros
Model fingerprint: 0xa83971a7
Variable types: 19950 continuous, 11775 integer (11775 binary)
Coefficient statistics:
  Matrix range     [5e-02, 2e+04]
  Objective range  [1e+00, 8e+04]
  Bounds range     [5e-02, 2e+05]
  RHS range        [5e-02, 7e+03]
Presolve removed 5803 rows and 7048 columns
Presolve time: 0.69s
Presolved: 30047 rows, 24677 columns, 139348 nonzeros
Variable types: 14732 continuous, 9945 integer (9945 binary)
Found heuristic solution: objective 8.242062e+08
Found heuristic solution: objective 5.763048e+08
Deterministic concurrent LP optimizer: primal and dual simplex
Showing primal log only...

Concurrent spin time: 0.00s

Solved with dual simplex

Root relaxation: objective 8.651237e+06, 14300 iterations, 1.35 seconds (1.04 work units)

    Nodes    |    Current Node    |     Objective Bounds      |     Work
 Expl Unexpl |  Obj  Depth IntInf | Incumbent    BestBd   Gap | It/Node Time

     0     0 8651237.17    0   78 5.7630e+08 8651237.17  98.5%     -    3s
H    0     0                    5.733096e+08 8651237.17  98.5%     -    3s
H    0     0                    1.286139e+07 8656647.00  32.7%     -    4s
H    0     0                    1.017463e+07 8656647.00  14.9%     -    4s
     0     0 8656647.00    0  104 1.0175e+07 8656647.00  14.9%     -    4s
     0     0 8660182.49    0  163 1.0175e+07 8660182.49  14.9%     -    5s
     0     0 8661587.73    0  167 1.0175e+07 8661587.73  14.9%     -    5s
     0     0 8661587.73    0  170 1.0175e+07 8661587.73  14.9%     -    5s
     0     0 8661659.23    0  170 1.0175e+07 8661659.23  14.9%     -    6s
     0     0 8661836.15    0  170 1.0175e+07 8661836.15  14.9%     -    7s
     0     2 8662843.79    0  170 1.0175e+07 8662843.79  14.9%     -    8s
     7    16 8682639.27    3  107 1.0175e+07 8662843.79  14.9%   417   10s
H   31    52                    1.003637e+07 8662843.79  13.7%   494   13s
H   32    52                    9845000.9592 8662843.79  12.0%   480   13s
H   36    52                    8977476.2373 8663633.20  3.50%   448   13s
H   37    52                    8960376.3583 8663633.20  3.31%   443   13s
    51    72 8695350.41    6   99 8960376.36 8663953.49  3.31%   444   15s
H   65    72                    8826883.8316 8664965.61  1.83%   441   15s
H   70    72                    8786787.6217 8664965.61  1.39%   430   15s
   131   148 8691492.73    8   97 8786787.62 8665966.22  1.38%   346   20s
H  199   214                    8740724.8037 8665966.22  0.86%   292   27s
H  201   214                    8730105.3507 8665966.22  0.73%   291   27s
H  203   214                    8725000.0519 8665966.22  0.68%   288   27s
H  210   214                    8718529.4332 8665966.22  0.60%   284   27s
   289   268 8706064.71   14   95 8718529.43 8665966.22  0.60%   275   30s
   507   413 8717881.72   22  104 8718529.43 8665966.22  0.60%   273   35s
   684   564 8682576.76   12  115 8718529.43 8665966.22  0.60%   258   44s
   748   634     cutoff   15      8718529.43 8665966.22  0.60%   253   45s
H 1278   941                    8718148.8440 8665966.22  0.60%   214   51s
H 1284   941                    8718131.7593 8665966.22  0.60%   215   51s
H 1299   959                    8715505.2595 8665966.22  0.57%   214   63s
H 1302   959                    8710717.7528 8665966.22  0.51%   213   63s
H 1303   959                    8708568.9121 8665966.22  0.49%   213   63s
H 1309   959                    8707611.2518 8665966.22  0.48%   213   63s
  1476  1115 8706717.82   52   37 8707611.25 8668297.08  0.45%   203   66s
  1956  1210     cutoff   12      8707611.25 8668320.92  0.45%   186   70s
H 2296  1398                    8707524.1557 8670369.63  0.43%   181   72s
H 2300  1398                    8707517.0037 8670369.63  0.43%   180   72s
  2668  1672 8687507.15   25   86 8707517.00 8670369.63  0.43%   171   75s
H 2697  1671                    8707516.4203 8670369.63  0.43%   170   75s
H 2703  1671                    8707516.0123 8670369.63  0.43%   170   75s
* 2712  1671             136    8707515.5595 8670369.63  0.43%   169   75s
H 3421  1882                    8706954.5476 8670369.63  0.42%   162   79s
H 3610  1853                    8706911.0183 8670369.63  0.42%   160   82s
  3611  1846 8706470.20  112  170 8706911.02 8670369.63  0.42%   160   86s
  3613  1847 8705578.12   83   60 8706911.02 8670369.63  0.42%   160   91s
  3614  1848 8699992.74   35  129 8706911.02 8670369.63  0.42%   160   95s
  3617  1850 8700448.21   44  167 8706911.02 8670369.63  0.42%   160  101s
  3619  1851 8701776.16   59  167 8706911.02 8670369.63  0.42%   160  105s
  3627  1859 8684035.03   14   84 8706911.02 8670369.63  0.42%   167  110s
H 3658  1769                    8706911.0173 8670369.63  0.42%   170  113s
H 3667  1678                    8706911.0123 8670369.63  0.42%   170  113s
  3692  1677 8703564.76   19   82 8706911.01 8670369.63  0.42%   172  115s
  3775  1660 8688662.04   23  117 8706911.01 8670369.63  0.42%   175  120s
  3851  1623     cutoff   24      8706911.01 8670369.63  0.42%   178  125s
H 3852  1539                    8706906.5156 8670369.63  0.42%   178  125s
  3900  1520 8700925.59   22   72 8706906.52 8670369.63  0.42%   182  134s
H 3904  1438                    8703722.0606 8670369.63  0.38%   183  134s
H 3906  1363                    8703701.0969 8670369.63  0.38%   183  134s
H 3907  1290                    8702051.3179 8670369.63  0.36%   182  134s
  3921  1298     cutoff   23      8702051.32 8670369.63  0.36%   183  135s
  4094  1304 8695515.70   38   84 8702051.32 8670369.63  0.36%   182  140s
H 4371  1242                    8700698.1964 8670369.63  0.35%   179  149s
H 4387  1171                    8700369.7965 8670369.63  0.34%   179  149s
  4395  1182     cutoff   57      8700369.80 8671018.74  0.34%   179  150s
  5117  1263     cutoff   38      8700369.80 8675210.58  0.29%   170  155s
H 5413  1171                    8700299.5959 8675210.58  0.29%   166  160s
H 5425  1108                    8700297.5948 8675210.58  0.29%   166  160s
H 5441  1048                    8700294.5654 8675210.58  0.29%   166  160s
H 5443   994                    8700281.3131 8675210.58  0.29%   165  160s
  6244  1207 8699967.65  117   17 8700281.31 8683168.45  0.20%   154  166s
H 6328  1129                    8699988.7679 8683168.45  0.19%   153  166s
H 6330  1083                    8699986.6079 8683168.45  0.19%   153  166s
H 6763  1217                    8699986.1068 8685293.20  0.17%   148  168s
H 6765  1217                    8699985.4616 8685293.20  0.17%   148  168s
H 6798  1188                    8699971.9853 8685293.20  0.17%   147  168s
H 6801  1188                    8699971.5773 8685293.20  0.17%   147  168s
  7127  1336 8690648.45   42  102 8699971.58 8686858.62  0.15%   145  171s
* 7166  1336             188    8699970.1174 8686858.62  0.15%   145  171s
  7872  1594     cutoff   45      8699970.12 8688175.80  0.14%   140  183s
  7977  1697 8691532.97   40   88 8699970.12 8688175.80  0.14%   140  185s
  8473  1862     cutoff   55      8699970.12 8688307.51  0.13%   137  191s
  9144  2193 8698086.85   39  104 8699970.12 8688999.41  0.13%   133  195s
H10226  2509                    8699963.7629 8689585.88  0.12%   127  199s
H10249  2444                    8699951.1149 8689585.88  0.12%   127  199s
H10252  2443                    8699950.4429 8689585.88  0.12%   127  199s
 10499  2582 8697179.22   42  132 8699950.44 8689614.85  0.12%   126  201s
 11387  2883 8694563.62   41   76 8699950.44 8690126.33  0.11%   124  206s
 12200  3119 8698066.49   56   86 8699950.44 8690440.42  0.11%   123  212s
 13086  3392 8696572.67   38  107 8699950.44 8690825.60  0.10%   121  217s
 13728  3573 8698811.40   50   85 8699950.44 8691052.42  0.10%   120  220s

Cutting planes:
  Gomory: 14
  Flow cover: 1

Explored 14479 nodes (1742786 simplex iterations) in 220.71 seconds (220.85 work units)
Thread count was 20 (of 80 available processors)

Solution count 10: 8.69995e+06 8.69995e+06 8.69995e+06 ... 8.69999e+06

Optimal solution found (tolerance 1.00e-03)
Best objective 8.699950442931e+06, best bound 8.691410568920e+06, gap 0.0982%

User-callback calls 82625, time in user-callback 0.20 sec
