
Gurobi 11.0.3 (linux64) logging started Mon 18 Nov 2024 08:45:40 PM CST

Set parameter LogFile to value "/home/dlcole3/graph_abstraction/hierarchical_graphs/git_storage/CS1/HP_low_reserves/gurobi_logs/serial/logfile_ST10_6.log"

Gurobi 11.0.3 (linux64) logging started Mon 18 Nov 2024 08:59:32 PM CST

Set parameter LogFile to value "/home/dlcole3/graph_abstraction/hierarchical_graphs/git_storage/CS1/HP_low_reserves/gurobi_logs/serial/logfile_ST10_6.log"
Gurobi Optimizer version 11.0.3 build v11.0.3rc0 (linux64 - "Ubuntu 18.04.3 LTS")

CPU model: Intel(R) Xeon(R) CPU E5-2698 v4 @ 2.20GHz, instruction set [SSE2|AVX|AVX2]
Thread count: 40 physical cores, 80 logical processors, using up to 20 threads

Optimize a model with 29168 rows, 50688 columns and 136175 nonzeros
Model fingerprint: 0xbc83a88c
Variable types: 46944 continuous, 3744 integer (3744 binary)
Coefficient statistics:
  Matrix range     [6e-01, 2e+04]
  Objective range  [2e+00, 2e+04]
  Bounds range     [5e-02, 2e+05]
  RHS range        [5e-02, 7e+03]
Presolve removed 14283 rows and 38605 columns
Presolve time: 0.33s
Presolved: 14885 rows, 12083 columns, 64102 nonzeros
Variable types: 8999 continuous, 3084 integer (3084 binary)
Found heuristic solution: objective 4004598.9366
Found heuristic solution: objective 3139722.6449

Root relaxation: objective 1.598653e+05, 8027 iterations, 0.39 seconds (0.31 work units)

    Nodes    |    Current Node    |     Objective Bounds      |     Work
 Expl Unexpl |  Obj  Depth IntInf | Incumbent    BestBd   Gap | It/Node Time

     0     0 159865.277    0   57 3139722.64 159865.277  94.9%     -    1s
H    0     0                    172548.46936 159866.157  7.35%     -    1s
H    0     0                    171588.53991 159866.157  6.83%     -    1s
     0     0 159866.157    0   63 171588.540 159866.157  6.83%     -    1s
     0     0 159892.509    0   91 171588.540 159892.509  6.82%     -    1s
     0     0 159893.203    0  100 171588.540 159893.203  6.82%     -    2s
     0     0 159893.203    0   95 171588.540 159893.203  6.82%     -    2s
     0     0 159953.091    0   95 171588.540 159953.091  6.78%     -    2s
     0     2 159953.091    0   95 171588.540 159953.091  6.78%     -    2s
H   36    52                    171588.53987 160065.439  6.72%  90.4    4s
H   47    52                    171466.43209 160065.439  6.65%  77.4    4s
H  104   112                    166581.69108 160102.439  3.89%  86.2    4s
H  104   112                    165608.07836 160102.439  3.32%  86.2    4s
   111   128 160181.468    9   73 165608.078 160102.439  3.32%  86.6    5s
H  159   147                    165586.73484 160102.439  3.31%  88.4    5s
H  216   216                    164746.87217 160102.439  2.82%  91.3    9s
H  217   216                    164720.07375 160102.439  2.80%  91.1    9s
H  218   216                    164023.56551 160102.439  2.39%  90.8    9s
H  221   216                    163686.23248 160102.439  2.19%  90.3    9s
H  226   216                    163670.90607 160102.439  2.18%  89.9    9s
   236   218 160516.025   16   61 163670.906 160102.439  2.18%  89.2   10s
   492   421 161506.037   20   63 163670.906 160102.439  2.18%  81.7   15s
H  548   440                    163670.90555 160102.439  2.18%  82.2   16s
H 1628  1288                    163541.47296 160102.439  2.10%  44.0   19s
H 1630  1224                    163479.39061 160102.439  2.07%  43.9   19s
H 1644  1222                    163472.91405 160102.439  2.06%  43.9   19s
  1805  1434 162607.446   80   29 163472.914 160102.439  2.06%  42.4   20s
H 2695  1911                    163445.37919 160131.452  2.03%  42.1   22s
H 2705  1910                    163442.39907 160131.452  2.03%  42.1   22s
H 2880  1924                    163442.39895 160131.452  2.03%  42.5   25s
H 2881  1828                    163442.39857 160131.452  2.03%  42.5   25s
H 2920  1777                    163442.39836 160131.452  2.03%  45.4   27s
H 2928  1688                    163442.39806 160131.452  2.03%  45.3   27s
H 3184  1699                    163442.39804 160131.452  2.03%  47.8   30s
H 3185  1620                    163441.98630 160131.452  2.03%  47.9   30s
H 4244  1879                    163440.63878 160131.452  2.02%  50.8   34s
H 4251  1806                    163435.60369 160131.452  2.02%  50.8   34s
  4262  1856     cutoff   43      163435.604 160131.452  2.02%  50.8   35s
H 6155  2375                    163435.60338 160131.452  2.02%  51.6   39s
H 6157  2307                    163426.67066 160131.452  2.02%  51.6   39s
H 6168  2237                    163418.57955 160131.452  2.01%  51.5   39s
H 6178  2177                    163416.60529 160131.452  2.01%  51.5   39s
  6696  2631 161993.217   60   34 163416.605 160131.452  2.01%  50.3   40s
H 6798  2448                    163244.20057 160131.452  1.91%  50.3   40s
  6929  2471 162064.467   66   39 163244.201 160131.452  1.91%  49.9   47s
H 6931  2471                    163244.19890 160131.452  1.91%  49.9   47s
H 6935  2356                    163140.47803 160131.452  1.84%  49.9   47s
H 6947  2245                    163017.99404 160131.452  1.77%  49.9   47s
H 6964  2093                    162920.70521 160131.452  1.71%  49.9   47s
H 6979  2059                    162887.53610 160131.452  1.69%  49.8   47s
  8926  3317     cutoff   43      162887.536 160795.909  1.28%  49.8   50s
H10725  4001                    162887.53600 160911.379  1.21%  49.4   53s
H10742  4001                    162887.53562 160911.379  1.21%  49.4   53s
 11206  4495     cutoff   60      162887.536 160919.888  1.21%  49.3   55s
H12210  4685                    162866.98053 161012.845  1.14%  49.2   57s
 13580  5619 162788.827   28   37 162866.981 161057.370  1.11%  49.1   60s
 17687  7868 162559.497   53   59 162866.981 161205.969  1.02%  47.8   65s
 21392  9422 161812.591   56   64 162866.981 161308.116  0.96%  47.1   70s
 25109 10984 162346.076   61   38 162866.981 161396.023  0.90%  47.7   75s
H26059 10999                    162866.98050 161399.698  0.90%  47.6   77s
H26061 10999                    162866.98048 161399.698  0.90%  47.6   77s
 28202 12455 162374.344   59   46 162866.980 161431.420  0.88%  47.6   80s
H30530 12951                    162866.98023 161438.878  0.88%  47.3   83s
H30537 12951                    162866.98017 161438.878  0.88%  47.3   83s
 30564 13295 162457.576   73   40 162866.980 161453.212  0.87%  47.3   85s
 35532 15370 162046.645   37   43 162866.980 161521.732  0.83%  47.0   91s
 40149 17268 162398.130   24   76 162866.980 161573.458  0.79%  46.8   96s
H40780 16360                    162771.51082 161573.906  0.74%  46.6   96s
 43672 17289 162490.422   37   78 162771.511 161601.001  0.72%  46.2  100s
 46580 18881 162446.937   29   56 162771.511 161620.476  0.71%  46.0  119s
H47610 18861                    162769.69405 161628.275  0.70%  45.9  119s
 49309 19412     cutoff   58      162769.694 161647.930  0.69%  45.8  121s
H50872 19419                    162747.17209 161661.065  0.67%  46.0  123s
H51789 18880                    162712.58116 161663.527  0.64%  46.0  123s
 51840 19594 162336.800   31   47 162712.581 161665.251  0.64%  46.0  126s
 56534 21250 161773.035   48   65 162712.581 161696.226  0.62%  46.0  131s
 61259 22324 162360.652   37   57 162712.581 161723.293  0.61%  46.0  136s
H63806 22647                    162689.49611 161737.680  0.59%  45.9  139s
*63809 22472             126    162679.38338 161737.680  0.58%  45.9  139s
 65322 23166 162136.504   30   57 162679.383 161747.699  0.57%  45.8  142s
 67671 23819     cutoff   52      162679.383 161766.539  0.56%  45.8  145s
 72575 24883     cutoff   45      162679.383 161793.144  0.54%  45.8  151s
H72576 24883                    162679.38320 161793.144  0.54%  45.8  151s
H72995 24883                    162679.38288 161795.581  0.54%  45.8  151s
H73135 24883                    162679.38185 161795.802  0.54%  45.9  151s
 76372 26094     cutoff   39      162679.382 161812.426  0.53%  46.0  157s
 80835 27155     cutoff   32      162679.382 161832.974  0.52%  46.1  162s
 83464 27902 162524.392   45   61 162679.382 161847.229  0.51%  46.0  165s
 88716 29759     cutoff   91      162679.382 161872.095  0.50%  45.8  171s
*89218 29713             106    162677.84237 161873.278  0.49%  45.7  171s
H91820 30190                    162677.84231 161880.288  0.49%  45.5  174s
H92533 30190                    162677.84222 161882.776  0.49%  45.5  174s
 93034 31181 162289.467   54   49 162677.842 161886.769  0.49%  45.4  177s
 96427 31951 162638.589   76   33 162677.842 161894.313  0.48%  45.2  180s
*102270 33098             118    162677.45312 161908.669  0.47%  44.8  184s
 103297 33839     cutoff   40      162677.453 161916.069  0.47%  44.7  187s
H105595 33465                    162664.28140 161918.324  0.46%  44.6  187s
H105599 33465                    162664.27060 161918.324  0.46%  44.6  187s
H105600 33465                    162664.26693 161918.324  0.46%  44.6  187s
*105601 33464             120    162664.25247 161918.324  0.46%  44.6  187s
 105768 34078     cutoff   57      162664.252 161921.615  0.46%  44.6  190s
 110630 35336     cutoff   37      162664.252 161934.666  0.45%  44.4  195s
 115680 36255     cutoff   46      162664.252 161952.366  0.44%  44.2  200s
H115681 36255                    162664.25205 161952.366  0.44%  44.2  200s
 120329 37442 162510.354   26   64 162664.252 161965.519  0.43%  44.0  206s
 125193 39106 162394.954   36   46 162664.252 161977.289  0.42%  43.8  212s
 127999 39944 162657.568   59   52 162664.252 161984.820  0.42%  43.7  215s
 134160 41452     cutoff   52      162664.252 161996.003  0.41%  43.3  221s
 137269 42255     cutoff   52      162664.252 161999.829  0.41%  43.2  225s
H139476 42143                    162662.02046 162001.293  0.41%  43.0  225s
*139480 42087             132    162661.03886 162001.293  0.41%  43.0  225s
H140501 42701                    162661.03861 162004.995  0.40%  43.0  229s
 143040 44003 162568.673   35   45 162661.039 162008.943  0.40%  42.9  233s
H146975 43618                    162654.68873 162010.069  0.40%  42.6  233s
*147014 43610             113    162654.51026 162010.069  0.40%  42.6  233s
 147932 44401 162185.319   46   49 162654.510 162015.391  0.39%  42.5  236s
 154128 45678 162371.463   55   69 162654.510 162025.859  0.39%  42.2  242s
H155676 45678                    162654.50997 162028.138  0.39%  42.2  242s
 156974 46306     cutoff   45      162654.510 162032.285  0.38%  42.1  245s
 163139 47705 162646.932  105   22 162654.510 162042.615  0.38%  41.9  251s
*166136 48256             116    162653.81176 162048.298  0.37%  41.7  254s
*166140 48170             118    162652.77087 162048.298  0.37%  41.7  254s
*166454 48095             121    162651.76480 162048.585  0.37%  41.7  254s
 168567 48964     cutoff   45      162651.765 162053.052  0.37%  41.6  259s
 173165 49797     cutoff   55      162651.765 162059.345  0.36%  41.5  262s
 176645 50431 162585.376   49   39 162651.765 162068.423  0.36%  41.3  265s
*181374 50904             113    162650.46229 162072.457  0.36%  41.1  268s
*181383 50732             115    162648.63437 162072.457  0.35%  41.1  268s
 183119 51365 162414.698   33   43 162648.634 162076.922  0.35%  41.1  271s
 189541 52604 162245.943   54   45 162648.634 162086.684  0.35%  40.9  278s
 193479 52800     cutoff   58      162648.634 162090.695  0.34%  40.8  281s
H193567 52800                    162648.63435 162090.981  0.34%  40.8  281s
H194362 52800                    162648.63423 162092.303  0.34%  40.8  281s
 195216 53114 162631.184   37   54 162648.634 162095.053  0.34%  40.8  285s
H196220 53114                    162648.63419 162095.815  0.34%  40.7  285s
H196800 53114                    162648.63292 162095.952  0.34%  40.7  285s
 201418 54041     cutoff   51      162648.633 162102.222  0.34%  40.6  292s
 205022 54531 162637.613   54   51 162648.633 162106.815  0.33%  40.6  295s
*208697 54848             108    162646.71143 162112.318  0.33%  40.5  299s
*208699 54790             106    162646.22273 162112.318  0.33%  40.5  299s
 211941 54872 162624.116   52   37 162646.223 162116.340  0.33%  40.4  300s

Cutting planes:
  Gomory: 16
  MIR: 6

Explored 212727 nodes (8607327 simplex iterations) in 300.05 seconds (342.56 work units)
Thread count was 20 (of 80 available processors)

Solution count 10: 162646 162647 162649 ... 162661

Time limit reached
Best objective 1.626462227272e+05, best bound 1.621184512698e+05, gap 0.3245%

User-callback calls 450375, time in user-callback 0.12 sec
