
Gurobi 11.0.3 (linux64) logging started Tue 19 Nov 2024 01:39:19 AM CST

Set parameter LogFile to value "/home/dlcole3/graph_abstraction/hierarchical_graphs/git_storage/CS1/HP_low_reserves/gurobi_logs/serial/logfile_ST31_6.log"

Gurobi 11.0.3 (linux64) logging started Tue 19 Nov 2024 01:47:24 AM CST

Set parameter LogFile to value "/home/dlcole3/graph_abstraction/hierarchical_graphs/git_storage/CS1/HP_low_reserves/gurobi_logs/serial/logfile_ST31_6.log"
Gurobi Optimizer version 11.0.3 build v11.0.3rc0 (linux64 - "Ubuntu 18.04.3 LTS")

CPU model: Intel(R) Xeon(R) CPU E5-2698 v4 @ 2.20GHz, instruction set [SSE2|AVX|AVX2]
Thread count: 40 physical cores, 80 logical processors, using up to 20 threads

Optimize a model with 29168 rows, 50688 columns and 136175 nonzeros
Model fingerprint: 0x61a145a1
Variable types: 46944 continuous, 3744 integer (3744 binary)
Coefficient statistics:
  Matrix range     [6e-01, 2e+04]
  Objective range  [2e+00, 2e+04]
  Bounds range     [5e-02, 2e+05]
  RHS range        [5e-02, 7e+03]
Presolve removed 14107 rows and 38518 columns
Presolve time: 0.35s
Presolved: 15061 rows, 12170 columns, 64607 nonzeros
Variable types: 9103 continuous, 3067 integer (3067 binary)
Found heuristic solution: objective 1540494.1094
Found heuristic solution: objective 1476426.8234
Found heuristic solution: objective 1121095.9396

Root relaxation: objective 7.379547e+04, 10046 iterations, 0.69 seconds (0.61 work units)

    Nodes    |    Current Node    |     Objective Bounds      |     Work
 Expl Unexpl |  Obj  Depth IntInf | Incumbent    BestBd   Gap | It/Node Time

     0     0 73795.4651    0   38 1121095.94 73795.4651  93.4%     -    1s
H    0     0                    165363.40339 73795.4651  55.4%     -    2s
     0     0 73795.4651    0   38 165363.403 73795.4651  55.4%     -    2s
H    0     0                    156680.02816 73795.4651  52.9%     -    2s
     0     2 73795.4651    0   38 156680.028 73795.4651  52.9%     -    2s
H   31    52                    89336.180204 73859.6910  17.3%  84.2    3s
H   32    52                    82922.548979 73859.6910  10.9%  82.4    3s
H   36    52                    77968.039117 73859.6910  5.27%  89.8    3s
H   42    52                    75822.860869 73859.6910  2.59%  83.1    3s
H   43    52                    75792.742395 73859.6910  2.55%  82.0    3s
H  427   324                    75792.742370 73859.6910  2.55%  37.5    4s
H  447   350                    75445.288272 73859.6910  2.10%  37.0    4s
   710   558 75049.4680   27   36 75445.2883 73859.6910  2.10%  32.4    5s
H  780   599                    75428.670079 73859.6910  2.08%  31.2    5s
H  824   655                    75424.647427 73859.6910  2.07%  30.4    5s
H  887   672                    75347.801466 73859.6910  1.97%  29.9    6s
H  887   672                    75336.408077 73859.6910  1.96%  29.9    6s
H  892   672                    75158.449286 73859.6910  1.73%  29.7    6s
H  895   672                    75130.538778 73859.6910  1.69%  29.6    6s
H  909   672                    74931.612609 73859.6910  1.43%  29.7    6s
* 1117   768              50    74925.899251 73859.6910  1.42%  29.1    6s
H 1666  1091                    74902.193484 73860.1705  1.39%  28.4    7s
H 1669  1091                    74902.004153 73860.1705  1.39%  28.3    7s
H 1676  1091                    74901.978500 73860.1705  1.39%  28.2    7s
H 1769  1139                    74881.707879 73860.1705  1.36%  27.8    7s
H 1774  1139                    74881.311138 73860.1705  1.36%  27.7    7s
H 1877  1127                    74869.522480 73860.1705  1.35%  27.6    8s
H 2391  1176                    74814.159549 73860.1705  1.28%  27.6    8s
H 2396  1176                    74813.762783 73860.1705  1.27%  27.6    8s
H 2542  1148                    74801.974126 73860.1705  1.26%  27.2    9s
H 2545  1148                    74797.553835 73860.1705  1.25%  27.2    9s
H 2549  1148                    74790.916913 73860.1705  1.24%  27.2    9s
* 2551  1148              67    74790.467454 73860.1705  1.24%  27.1    9s
  3297  1390 74329.3142   26   21 74790.4675 73864.0500  1.24%  26.3   10s
H 3686  1498                    74790.467339 74007.4859  1.05%  26.2   11s
  3708  1504 74296.5375   24   23 74790.4673 74007.4859  1.05%  26.1   15s
H 3747  1468                    74790.467320 74007.4859  1.05%  28.4   15s
H 3748  1395                    74790.467278 74007.4859  1.05%  28.4   15s
H 3756  1325                    74790.467138 74007.4859  1.05%  28.4   15s
H 3759  1260                    74790.466854 74007.4859  1.05%  28.3   15s
H 3953  1288                    74790.466758 74007.4859  1.05%  28.3   17s
H 3962  1227                    74790.466432 74007.4859  1.05%  28.4   17s
H 3963  1172                    74790.466394 74007.4859  1.05%  28.4   17s
  4980  1340     cutoff   40      74790.4664 74007.4859  1.05%  27.0   20s
H 6277  1465                    74755.971976 74007.4859  1.00%  25.0   21s
* 6490  1420              75    74748.178192 74007.4859  0.99%  24.7   22s
H 6951  1598                    74731.116453 74007.4859  0.97%  24.3   22s
H 6957  1597                    74730.574160 74007.4859  0.97%  24.3   22s
H 6966  1587                    74726.173192 74007.4859  0.96%  24.3   22s
H 6971  1587                    74726.173154 74007.4859  0.96%  24.3   22s
H 7093  1599                    74693.497628 74007.4859  0.92%  24.2   22s
H 9126  1925                    74682.192267 74029.7741  0.87%  23.1   24s
H 9127  1914                    74680.077172 74029.7741  0.87%  23.1   24s
* 9352  1903              64    74676.381054 74029.7741  0.87%  23.0   24s
* 9648  2091              64    74675.575458 74036.8951  0.86%  22.8   24s
H 9772  2089                    74675.359296 74036.8951  0.85%  22.7   24s
* 9775  2072              62    74673.244201 74036.8951  0.85%  22.6   24s
  9828  2228 74170.4008   35   23 74673.2442 74041.9764  0.85%  22.6   25s
H11419  2705                    74673.244160 74095.8437  0.77%  22.1   28s
H11429  2631                    74669.838061 74095.8437  0.77%  22.1   28s
 13409  3407 74322.5451   26   11 74669.8381 74141.2174  0.71%  21.9   30s
H17610  4365                    74669.838030 74199.5827  0.63%  21.6   33s
 19239  4601 74647.8236   43   22 74669.8380 74209.3647  0.62%  21.5   35s
 26331  4741 74355.4012   32   11 74669.8380 74287.6038  0.51%  21.1   40s
 31663  4251     cutoff   29      74669.8380 74340.0139  0.44%  20.9   45s
 37455  3159 74629.9586   37   16 74669.8380 74409.2341  0.35%  20.3   50s

Explored 40884 nodes (824992 simplex iterations) in 51.38 seconds (51.04 work units)
Thread count was 20 (of 80 available processors)

Solution count 10: 74669.8 74669.8 74673.2 ... 74756

Optimal solution found (tolerance 3.00e-03)
Best objective 7.466983806329e+04, best bound 7.445917037084e+04, gap 0.2821%

User-callback calls 88777, time in user-callback 0.04 sec
