
Gurobi 11.0.3 (linux64) logging started Mon 18 Nov 2024 11:27:00 PM CST

Set parameter LogFile to value "/home/dlcole3/graph_abstraction/hierarchical_graphs/git_storage/CS1/HP_low_reserves/gurobi_logs/serial/logfile_ST21_5.log"

Gurobi 11.0.3 (linux64) logging started Mon 18 Nov 2024 11:29:48 PM CST

Set parameter LogFile to value "/home/dlcole3/graph_abstraction/hierarchical_graphs/git_storage/CS1/HP_low_reserves/gurobi_logs/serial/logfile_ST21_5.log"
Gurobi Optimizer version 11.0.3 build v11.0.3rc0 (linux64 - "Ubuntu 18.04.3 LTS")

CPU model: Intel(R) Xeon(R) CPU E5-2698 v4 @ 2.20GHz, instruction set [SSE2|AVX|AVX2]
Thread count: 40 physical cores, 80 logical processors, using up to 20 threads

Optimize a model with 29168 rows, 50688 columns and 136175 nonzeros
Model fingerprint: 0x36644f60
Variable types: 46944 continuous, 3744 integer (3744 binary)
Coefficient statistics:
  Matrix range     [6e-01, 2e+04]
  Objective range  [2e+00, 2e+04]
  Bounds range     [5e-02, 2e+05]
  RHS range        [5e-02, 7e+03]
Presolve removed 14598 rows and 39006 columns
Presolve time: 0.35s
Presolved: 14570 rows, 11682 columns, 62539 nonzeros
Variable types: 8643 continuous, 3039 integer (3039 binary)
Found heuristic solution: objective 9854862.6104
Found heuristic solution: objective 9448913.6132
Found heuristic solution: objective 7664941.2218

Root relaxation: objective 2.620218e+05, 8069 iterations, 0.42 seconds (0.32 work units)

    Nodes    |    Current Node    |     Objective Bounds      |     Work
 Expl Unexpl |  Obj  Depth IntInf | Incumbent    BestBd   Gap | It/Node Time

     0     0 262021.787    0   32 7664941.22 262021.787  96.6%     -    1s
H    0     0                    305722.02758 262021.787  14.3%     -    1s
     0     0 262021.787    0   41 305722.028 262021.787  14.3%     -    1s
H    0     0                    291942.75709 262022.148  10.2%     -    2s
     0     0 262022.148    0   42 291942.757 262022.148  10.2%     -    2s
     0     0 262022.905    0   48 291942.757 262022.905  10.2%     -    2s
     0     0 262024.180    0   52 291942.757 262024.180  10.2%     -    2s
     0     0 262024.437    0   59 291942.757 262024.437  10.2%     -    2s
     0     0 262024.437    0   58 291942.757 262024.437  10.2%     -    2s
H    0     0                    290935.08903 262024.437  9.94%     -    2s
     0     2 262024.437    0   47 290935.089 262024.437  9.94%     -    3s
H   31    52                    279715.05388 262142.442  6.28%  74.3    4s
H   32    52                    278381.51061 262142.442  5.83%  73.2    4s
H   38    52                    264093.55397 262160.254  0.73%  69.2    4s
H  177   173                    263698.36496 262188.254  0.57%  47.5    4s
   179   186 262677.397   13   31 263698.365 262188.254  0.57%  47.3    5s
H  693   564                    263558.38700 262188.254  0.52%  27.9    7s
H  694   564                    263557.92126 262188.254  0.52%  27.8    7s
H  694   564                    263551.03600 262188.254  0.52%  27.8    7s
H  757   576                    263542.21266 262188.254  0.51%  27.5    8s
  1455  1042 262996.852    8   31 263542.213 262290.271  0.48%  26.8   10s
H 1734  1160                    263455.80983 262290.271  0.44%  25.6   10s
* 1890  1180              71    263441.88647 262306.890  0.43%  25.3   10s
* 1892  1178              72    263441.49360 262306.890  0.43%  25.3   10s
H 3200  1691                    263441.49355 262453.862  0.37%  25.0   15s
H 3525  1723                    263441.49319 262453.862  0.37%  28.4   19s
  3654  1750 262915.759   26   29 263441.493 262453.862  0.37%  28.7   20s
H 4576  1816                    263441.49308 262453.862  0.37%  28.4   22s
  6890  2239 262592.618   24   32 263441.493 262453.862  0.37%  27.5   25s
H 9491  3218                    263402.13748 262481.591  0.35%  26.7   27s
* 9864  3401              62    263387.07490 262540.153  0.32%  26.4   27s
* 9867  3400              63    263386.68202 262540.153  0.32%  26.4   27s
 12198  4382 262997.153   29   37 263386.682 262590.920  0.30%  26.1   30s
H12215  4382                    263386.68198 262590.920  0.30%  26.1   30s

Explored 13899 nodes (364026 simplex iterations) in 32.09 seconds (30.58 work units)
Thread count was 20 (of 80 available processors)

Solution count 10: 263387 263387 263387 ... 263698

Optimal solution found (tolerance 3.00e-03)
Best objective 2.633866819822e+05, best bound 2.626086448072e+05, gap 0.2954%

User-callback calls 32321, time in user-callback 0.01 sec
