
Gurobi 11.0.3 (linux64) logging started Tue 19 Nov 2024 01:14:47 AM CST

Set parameter LogFile to value "/home/dlcole3/graph_abstraction/hierarchical_graphs/git_storage/CS1/HP_low_reserves/gurobi_logs/serial/logfile_ST29_3.log"

Gurobi 11.0.3 (linux64) logging started Tue 19 Nov 2024 01:17:44 AM CST

Set parameter LogFile to value "/home/dlcole3/graph_abstraction/hierarchical_graphs/git_storage/CS1/HP_low_reserves/gurobi_logs/serial/logfile_ST29_3.log"
Gurobi Optimizer version 11.0.3 build v11.0.3rc0 (linux64 - "Ubuntu 18.04.3 LTS")

CPU model: Intel(R) Xeon(R) CPU E5-2698 v4 @ 2.20GHz, instruction set [SSE2|AVX|AVX2]
Thread count: 40 physical cores, 80 logical processors, using up to 20 threads

Optimize a model with 29168 rows, 50688 columns and 136175 nonzeros
Model fingerprint: 0xda9afc3d
Variable types: 46944 continuous, 3744 integer (3744 binary)
Coefficient statistics:
  Matrix range     [6e-01, 2e+04]
  Objective range  [2e+00, 2e+04]
  Bounds range     [5e-02, 2e+05]
  RHS range        [8e-03, 7e+03]
Presolve removed 14490 rows and 38949 columns
Presolve time: 0.39s
Presolved: 14678 rows, 11739 columns, 62873 nonzeros
Variable types: 8709 continuous, 3030 integer (3030 binary)
Found heuristic solution: objective 219086.90396
Found heuristic solution: objective 173511.78604

Root relaxation: objective 3.180010e+04, 7884 iterations, 0.36 seconds (0.26 work units)

    Nodes    |    Current Node    |     Objective Bounds      |     Work
 Expl Unexpl |  Obj  Depth IntInf | Incumbent    BestBd   Gap | It/Node Time

     0     0 31800.1011    0   46 173511.786 31800.1011  81.7%     -    1s
H    0     0                    116721.82049 31800.1011  72.8%     -    1s
     0     0 31800.1011    0   54 116721.820 31800.1011  72.8%     -    1s
     0     0 31800.1011    0   52 116721.820 31800.1011  72.8%     -    2s
     0     0 31800.1144    0   52 116721.820 31800.1144  72.8%     -    2s
     0     0 31800.1144    0   52 116721.820 31800.1144  72.8%     -    2s
     0     0 31800.1144    0   52 116721.820 31800.1144  72.8%     -    2s
     0     0 31838.7749    0   52 116721.820 31838.7749  72.7%     -    2s
     0     2 31838.7749    0   52 116721.820 31838.7749  72.7%     -    3s
H   31    52                    116721.82048 31964.2944  72.6%  73.6    3s
H   32    52                    116721.82036 31964.2944  72.6%  74.5    3s
H   40    52                    116721.82024 31964.2944  72.6%  89.7    3s
H   41    52                    93132.668407 31964.2944  65.7%  94.0    3s
H   44    52                    73348.307971 31964.2944  56.4%   106    3s
   151   172 33758.8226   11   54 73348.3080 32247.2164  56.0%   126    5s
H  160   172                    56900.473565 32247.2164  43.3%   124    5s
H  170   172                    40904.590563 32247.2164  21.2%   123    5s
H  194   215                    38151.461605 32247.2164  15.5%   120    6s
H  197   215                    38145.354830 32247.2164  15.5%   119    6s
H  201   215                    37597.415580 32247.2164  14.2%   118    6s
H  205   215                    34693.821017 32247.2164  7.05%   119    6s
H  211   215                    34637.324356 32247.2164  6.90%   118    6s
H  283   294                    33249.331047 32247.2164  3.01%  98.2   10s
H  286   294                    33164.406280 32247.2164  2.77%  97.5   10s
H  288   294                    33085.914340 32247.2164  2.53%  97.1   10s
H  295   294                    33084.400137 32247.2164  2.53%  95.2   10s
H 2010  1217                    33084.072818 32703.2046  1.15%  22.7   13s
H 2046  1185                    33080.011090 32703.2046  1.14%  22.4   13s
H 2047  1185                    33079.720108 32703.2046  1.14%  22.4   13s
H 2202  1147                    33076.858033 32909.6369  0.51%  21.3   13s
H 2207  1143                    33073.995958 32909.6369  0.50%  21.3   13s
H 2781  1313                    33055.944334 32909.6369  0.44%  18.6   14s
H 2999  1131                    33055.118225 32909.6369  0.44%  17.8   16s
  3041  1114 32909.6369   18   35 33055.1182 32909.6369  0.44%  20.7   20s
H 4267  1551                    33055.118207 32909.6369  0.44%  18.8   24s
H 4278  1495                    33050.557152 32909.6369  0.43%  18.8   24s
  4754  1726 32909.6369   48   29 33050.5572 32909.6369  0.43%  18.3   25s
 12143  5728     cutoff   47      33050.5572 32909.6369  0.43%  15.1   30s
H17231  8941                    33050.557108 32909.6369  0.43%  13.7   33s
H17238  8941                    33050.556958 32909.6369  0.43%  13.7   33s
H17246  8941                    33050.556773 32909.6369  0.43%  13.7   33s
 18498  9882 33009.1101   89   19 33050.5568 32909.6369  0.43%  13.6   35s
H18501  9882                    33050.556707 32909.6369  0.43%  13.6   35s
H18502  9882                    33050.556659 32909.6369  0.43%  13.6   35s
H18515  9882                    33050.554982 32909.6369  0.43%  13.6   35s
 26774 16347 32909.6369   57   18 33050.5550 32909.6369  0.43%  12.3   40s
 35185 21808 32976.4905   65   34 33050.5550 32909.6369  0.43%  12.0   45s
H42272 26184                    33050.554908 32909.6369  0.43%  11.5   48s
H42407 26184                    33050.554834 32909.6369  0.43%  11.5   48s
H42524 26184                    33050.554774 32909.6369  0.43%  11.5   48s
H42781 27032                    33050.554762 32909.6369  0.43%  11.5   49s
H43915 27032                    33050.554751 32909.6369  0.43%  11.5   49s
 44005 28933 32909.6369   51   31 33050.5548 32909.6369  0.43%  11.5   50s
 46784 28952 32909.6369   29   35 33050.5548 32909.6369  0.43%  11.5   55s
H46851 27507                    33050.554125 32909.6369  0.43%  11.5   55s
H47854 26371                    33050.554085 32909.6369  0.43%  11.6   58s
H47858 25064                    33050.554077 32909.6369  0.43%  11.6   58s
H47862 23822                    33050.554057 32909.6369  0.43%  11.6   58s
 47876 23829     cutoff   49      33050.5541 32909.6369  0.43%  11.6   60s
H47879 22649                    33050.553401 32909.6369  0.43%  11.6   60s
 53766 22966     cutoff   36      33050.5534 32909.6369  0.43%  12.4   65s
H55010 21504                    33050.553390 32909.6369  0.43%  12.6   66s
H55053 20425                    33050.553380 32909.6369  0.43%  12.6   66s
H55088 19404                    33050.553376 32909.6369  0.43%  12.6   66s
H55131 18429                    33050.553353 32909.6369  0.43%  12.6   66s
 59865 17540 33038.8649   67   31 33050.5534 32909.6369  0.43%  12.8   70s

Explored 68475 nodes (842129 simplex iterations) in 74.67 seconds (67.90 work units)
Thread count was 20 (of 80 available processors)

Solution count 10: 33050.6 33050.6 33055.1 ... 33084.4

Optimal solution found (tolerance 3.00e-03)
Best objective 3.305055715396e+04, best bound 3.299195766572e+04, gap 0.1773%

User-callback calls 146497, time in user-callback 0.04 sec
