
Gurobi 11.0.3 (linux64) logging started Mon 18 Nov 2024 07:54:01 PM CST

Set parameter LogFile to value "/home/dlcole3/graph_abstraction/hierarchical_graphs/git_storage/CS1/HP_low_reserves/gurobi_logs/serial/logfile_ST6_5.log"

Gurobi 11.0.3 (linux64) logging started Mon 18 Nov 2024 08:01:14 PM CST

Set parameter LogFile to value "/home/dlcole3/graph_abstraction/hierarchical_graphs/git_storage/CS1/HP_low_reserves/gurobi_logs/serial/logfile_ST6_5.log"
Gurobi Optimizer version 11.0.3 build v11.0.3rc0 (linux64 - "Ubuntu 18.04.3 LTS")

CPU model: Intel(R) Xeon(R) CPU E5-2698 v4 @ 2.20GHz, instruction set [SSE2|AVX|AVX2]
Thread count: 40 physical cores, 80 logical processors, using up to 20 threads

Optimize a model with 29168 rows, 50688 columns and 136175 nonzeros
Model fingerprint: 0x93310fda
Variable types: 46944 continuous, 3744 integer (3744 binary)
Coefficient statistics:
  Matrix range     [6e-01, 2e+04]
  Objective range  [2e+00, 2e+04]
  Bounds range     [5e-02, 2e+05]
  RHS range        [5e-02, 7e+03]
Presolve removed 14393 rows and 38681 columns
Presolve time: 0.33s
Presolved: 14775 rows, 12007 columns, 62874 nonzeros
Variable types: 9053 continuous, 2954 integer (2954 binary)
Found heuristic solution: objective 186482.60457
Found heuristic solution: objective 182080.16045
Found heuristic solution: objective 158439.05032

Root relaxation: objective 5.835856e+04, 7108 iterations, 0.28 seconds (0.20 work units)

    Nodes    |    Current Node    |     Objective Bounds      |     Work
 Expl Unexpl |  Obj  Depth IntInf | Incumbent    BestBd   Gap | It/Node Time

     0     0 58358.5589    0   10 158439.050 58358.5589  63.2%     -    1s
H    0     0                    69328.809169 58358.5589  15.8%     -    1s
     0     0 58375.7506    0   15 69328.8092 58375.7506  15.8%     -    1s
     0     0 58376.2286    0   15 69328.8092 58376.2286  15.8%     -    1s
     0     2 58376.2286    0   15 69328.8092 58376.2286  15.8%     -    2s
H   37    52                    66290.634498 58436.5379  11.8%  35.8    2s
H   40    52                    64654.227798 58436.5379  9.62%  33.3    2s
H   94   112                    64654.227781 58436.7480  9.62%  23.8    2s
H   95   112                    64149.205583 58436.7480  8.90%  24.5    2s
H  109   112                    63263.128120 58436.7480  7.63%  24.4    2s
H  140   161                    60306.211318 58436.7480  3.10%  26.7    3s
H  345   263                    59801.189100 58436.7480  2.28%  25.6    4s
H  349   263                    59289.123884 58436.7480  1.44%  25.4    4s
H  520   287                    59204.977267 58436.7480  1.30%  21.5    4s
H  654   275                    59183.688482 58436.7480  1.26%  19.2    4s
H  770   286                    59183.620289 58436.7480  1.26%  17.9    4s
   812   304 58951.2097   31   30 59183.6203 58436.7480  1.26%  17.4    5s
* 1480   593              35    59182.979416 58722.1485  0.78%  13.2    5s
H 1891   793                    59182.979407 58722.2084  0.78%  12.3    6s
  3656  1511 59088.0796   54   15 59182.9794 58932.1795  0.42%  10.1   10s
H 4364  1426                    59182.979399 58932.1795  0.42%  11.1   13s
H 4373  1351                    59182.979387 58932.1795  0.42%  11.1   13s
  5455  1396 58932.1795   37   11 59182.9794 58932.1795  0.42%  10.4   15s
H 5467  1323                    59182.979195 58932.1795  0.42%  10.4   15s
H 7710  1538                    59182.979075 58932.1795  0.42%   9.8   16s
H 7719  1538                    59182.978809 58932.1795  0.42%   9.8   16s
H 7730  1538                    59182.978631 58932.1795  0.42%   9.8   16s
 14111  3198 58932.1795   46    1 59182.9786 58932.1795  0.42%   8.9   20s
H21765  5008                    59182.976126 58932.1795  0.42%   8.1   23s
 23002  5353 58932.1795   39    1 59182.9761 58932.1795  0.42%   8.0   25s
 32136  7747     cutoff   43      59182.9761 58932.1795  0.42%   7.4   30s
 42490  9666 58932.1795   32    1 59182.9761 58932.1795  0.42%   7.1   35s
H47406  9791                    59182.975814 58932.1795  0.42%   7.1   39s
 48056  9760 58932.1795   44   26 59182.9758 58932.1795  0.42%   7.1   40s
H48099  9264                    59182.975798 58932.1795  0.42%   7.1   40s
H49113  8885                    59182.975792 58932.1795  0.42%   7.1   42s
H50375  8458                    59182.975281 58932.1795  0.42%   7.1   43s
 53875  8514 58932.1795   53    1 59182.9753 58932.1795  0.42%   7.1   45s
 64122  7239 58932.1795   56    1 59182.9753 58932.1795  0.42%   7.2   50s
 70229  6772 59114.2752   43    1 59182.9753 58932.1795  0.42%   7.1   58s
 74661  6658 58932.1795   58    1 59182.9753 58932.1795  0.42%   7.0   60s
H74858  6658                    59182.975150 58932.1795  0.42%   7.0   60s
 82785  7749     cutoff   56      59182.9751 58932.1795  0.42%   7.0   65s
 93477  8559 58932.1795   54   15 59182.9751 58932.1795  0.42%   6.9   70s
 94820  8703 58964.4564   73    2 59182.9751 58932.1795  0.42%   6.9   75s
*95056  8356              76    59181.570437 58932.1795  0.42%   6.9   75s
*95436  8109              75    59181.507579 58932.1795  0.42%   6.9   75s
H96470  7893                    59181.507539 58932.1795  0.42%   6.9   77s
H96480  7523                    59181.507115 58932.1795  0.42%   6.9   77s
 101682  8570 58932.1795   71    9 59181.5071 58932.1795  0.42%   6.8   80s
 115532 12478 59093.5583   97    2 59181.5071 58932.1795  0.42%   6.5   85s
 125005 17292 58932.1795   70    2 59181.5071 58932.1795  0.42%   6.4   90s
 136559 21705 58932.1795   78    8 59181.5071 58932.1795  0.42%   6.3   95s
 148993 26173 58932.1795   75   15 59181.5071 58932.1795  0.42%   6.2  100s
 162144 30680 58932.1795   69    7 59181.5071 58932.1795  0.42%   6.1  105s
H162238 30466                    59169.239455 58932.1795  0.40%   6.1  105s
H163901 30945                    59169.239445 58932.1795  0.40%   6.1  107s
H164161 30945                    59169.239436 58932.1795  0.40%   6.1  107s
H164412 30945                    59169.239400 58932.1795  0.40%   6.1  107s
 168679 33069 58932.1795   73    9 59169.2394 58932.1795  0.40%   6.1  110s
H170829 33069                    59169.239336 58932.1795  0.40%   6.0  110s
 179352 36959 59053.4809   97   14 59169.2393 58932.1795  0.40%   6.0  115s
H180164 36959                    59169.239329 58932.1795  0.40%   6.0  115s
H180403 36959                    59169.239323 58932.1795  0.40%   6.0  115s
 192300 41765 58932.1795   74    2 59169.2393 58932.1795  0.40%   5.9  121s
 202221 44620 58932.1795   73    2 59169.2393 58932.1795  0.40%   5.9  125s
 214561 48942 59061.6369   83   20 59169.2393 58932.1795  0.40%   5.8  130s
 227907 52869 59027.9565   82    2 59169.2393 58932.1795  0.40%   5.8  136s
 237166 55843 59050.8744   86    2 59169.2393 58932.1795  0.40%   5.8  140s
 245468 58591 59007.3151   84    2 59169.2393 58932.1795  0.40%   5.7  145s
 261267 62599 59016.9980   93    2 59169.2393 58932.1795  0.40%   5.7  150s
 271306 65436 58958.2741   83    7 59169.2393 58932.1795  0.40%   5.7  155s
 284146 68856 58942.2772   74    2 59169.2393 58932.1795  0.40%   5.7  160s
 297100 72125 58974.8413   78    2 59169.2393 58932.1795  0.40%   5.6  165s
H301162 72794                    59169.239296 58932.1795  0.40%   5.6  167s
 303952 74000     cutoff   87      59169.2393 58932.1795  0.40%   5.6  170s
 318329 77825 59111.3419   77    9 59169.2393 58932.1795  0.40%   5.6  175s
 331239 80362 59127.1403   80    2 59169.2393 58932.1795  0.40%   5.6  181s
 337674 81065 58990.9990   77    2 59169.2393 58932.1795  0.40%   5.6  186s
H337677 81065                    59169.238922 58932.1795  0.40%   5.6  186s
H337685 81065                    59169.238705 58932.1795  0.40%   5.6  186s
H341733 82500                    59169.237041 58932.1795  0.40%   5.6  189s
H341835 82500                    59169.236682 58932.1795  0.40%   5.6  189s
 342969 83044 58947.5540   79    2 59169.2367 58932.1795  0.40%   5.6  191s
H343733 83044                    59169.236656 58932.1795  0.40%   5.6  191s
H344576 83044                    59169.236441 58932.1795  0.40%   5.6  191s
H350241 84782                    59169.236204 58932.1795  0.40%   5.6  194s
 351354 85395 59055.2242  101    2 59169.2362 58932.1795  0.40%   5.5  196s
H351613 85395                    59169.236174 58932.1795  0.40%   5.5  196s
H354164 86515                    59169.236166 58932.1795  0.40%   5.5  198s
H356798 86515                    59169.236122 58932.1795  0.40%   5.5  198s
 361365 87892 58974.7285   77    2 59169.2361 58932.1795  0.40%   5.5  201s
H361885 87892                    59169.236024 58932.1795  0.40%   5.5  201s
H366657 89333                    59169.236017 58932.1795  0.40%   5.5  204s
H367701 89333                    59169.236004 58932.1795  0.40%   5.5  204s
 368706 90543 59017.0865   81    2 59169.2360 58932.1795  0.40%   5.5  206s
 379986 92706 59040.2982   75    2 59169.2360 58932.1795  0.40%   5.5  211s
 390673 94831 58999.6647   74    2 59169.2360 58932.1795  0.40%   5.5  215s
 403716 97766 58994.1246   74    2 59169.2360 58932.1795  0.40%   5.5  221s
 413527 99842     cutoff   77      59169.2360 58932.1795  0.40%   5.5  225s
 426563 102636 59166.0756   88    2 59169.2360 58932.1795  0.40%   5.5  230s
 439563 105306 58932.1795   75    2 59169.2360 58932.1795  0.40%   5.4  235s
 452442 107732 59007.0359   81    2 59169.2360 58932.1795  0.40%   5.4  240s
 461197 109894 58995.5092   76    2 59169.2360 58932.1795  0.40%   5.4  245s
 474486 112069 58933.2658   77    9 59169.2360 58932.1795  0.40%   5.4  250s
 487732 114608 58967.1655   76   12 59169.2360 58932.1795  0.40%   5.4  256s
 497347 116460 58932.1795   87    9 59169.2360 58932.1795  0.40%   5.4  260s
H510153 118717                    59169.235895 58932.1795  0.40%   5.4  265s
H511072 118717                    59169.235753 58932.1795  0.40%   5.4  265s
H512688 118820                    59169.235629 58932.1795  0.40%   5.4  267s
 513353 121557 58933.7549   78    2 59169.2356 58932.1795  0.40%   5.4  274s
 527765 121983     cutoff   85      59169.2356 58932.1795  0.40%   5.4  275s
H529820 121983                    59169.235208 58932.1795  0.40%   5.4  275s
 536289 123550 59114.5729   77    2 59169.2352 58932.1795  0.40%   5.4  280s
 549366 126798 59051.7585   67    2 59169.2352 58932.1795  0.40%   5.4  285s
 562531 129660 58961.0095   86    8 59169.2352 58932.1795  0.40%   5.4  291s
 575480 132501 59032.2801   81    2 59169.2352 58932.1795  0.40%   5.3  296s
 585394 134765 59120.4209   79    2 59169.2352 58932.1795  0.40%   5.3  300s

Cutting planes:
  Gomory: 3

Explored 588533 nodes (3144946 simplex iterations) in 300.09 seconds (305.57 work units)
Thread count was 20 (of 80 available processors)

Solution count 10: 59169.2 59169.2 59181.5 ... 59801.2

Time limit reached
Best objective 5.916923449995e+04, best bound 5.893217949334e+04, gap 0.4006%

User-callback calls 1196190, time in user-callback 0.42 sec
