
Gurobi 11.0.3 (linux64) logging started Mon 18 Nov 2024 06:56:58 PM CST

Set parameter LogFile to value "/home/dlcole3/graph_abstraction/hierarchical_graphs/git_storage/CS1/HP_low_reserves/gurobi_logs/serial/logfile_ST1_5.log"
Set parameter TimeLimit to value 300

Gurobi 11.0.3 (linux64) logging started Mon 18 Nov 2024 07:04:07 PM CST

Set parameter LogFile to value "/home/dlcole3/graph_abstraction/hierarchical_graphs/git_storage/CS1/HP_low_reserves/gurobi_logs/serial/logfile_ST1_5.log"
Gurobi Optimizer version 11.0.3 build v11.0.3rc0 (linux64 - "Ubuntu 18.04.3 LTS")

CPU model: Intel(R) Xeon(R) CPU E5-2698 v4 @ 2.20GHz, instruction set [SSE2|AVX|AVX2]
Thread count: 40 physical cores, 80 logical processors, using up to 32 threads

Optimize a model with 29168 rows, 50688 columns and 136175 nonzeros
Model fingerprint: 0x262a2b6c
Variable types: 46944 continuous, 3744 integer (3744 binary)
Coefficient statistics:
  Matrix range     [6e-01, 2e+04]
  Objective range  [2e+00, 2e+04]
  Bounds range     [5e-02, 2e+05]
  RHS range        [5e-02, 7e+03]
Presolve removed 14183 rows and 38765 columns
Presolve time: 0.35s
Presolved: 14985 rows, 11923 columns, 64121 nonzeros
Variable types: 8847 continuous, 3076 integer (3076 binary)
Found heuristic solution: objective 328830.05743
Found heuristic solution: objective 251676.77569

Root relaxation: objective 5.616203e+04, 8892 iterations, 0.56 seconds (0.44 work units)

    Nodes    |    Current Node    |     Objective Bounds      |     Work
 Expl Unexpl |  Obj  Depth IntInf | Incumbent    BestBd   Gap | It/Node Time

     0     0 56162.0317    0   11 251676.776 56162.0317  77.7%     -    1s
H    0     0                    79096.452423 56162.0317  29.0%     -    1s
H    0     0                    75601.445919 56162.0317  25.7%     -    1s
H    0     0                    75586.919919 56162.0317  25.7%     -    1s
     0     0 56162.0317    0   11 75586.9199 56162.0317  25.7%     -    2s
     0     2 56162.0317    0   11 75586.9199 56162.0317  25.7%     -    2s
H   31    64                    75160.308870 56162.1317  25.3%  32.5    2s
H   32    64                    63944.533035 56162.1317  12.2%  31.5    2s
H   34    64                    60046.646433 56162.1317  6.47%  30.1    2s
H  101   113                    58942.684999 56200.8554  4.65%  39.5    2s
H  117   113                    58187.392327 56200.8554  3.41%  39.5    2s
H  705   566                    58035.316089 56200.8554  3.16%  21.5    3s
H  744   566                    58000.121697 56200.8554  3.10%  21.1    3s
H  853   660                    57932.466213 56200.8554  2.99%  19.9    3s
H  870   660                    57521.265807 56200.8554  2.30%  19.9    3s
H  870   660                    57514.429427 56200.8554  2.28%  19.9    3s
H  991   724                    57379.586108 56217.2961  2.03%  19.1    3s
H 1050   751                    57376.034809 56217.2961  2.02%  19.0    4s
H 1054   751                    57351.242859 56217.2961  1.98%  19.0    4s
H 1054   751                    57351.061206 56217.2961  1.98%  19.0    4s
H 1345   820                    57297.601915 56217.2961  1.89%  18.4    4s
H 1357   820                    57240.660442 56217.2961  1.79%  18.6    4s
H 1425   842                    57206.966749 56220.7327  1.72%  18.7    4s
* 1509   889              49    57206.070661 56220.7327  1.72%  18.7    4s
H 1945  1116                    57195.001893 56220.7327  1.70%  18.6    4s
H 2011  1129                    57194.432758 56220.7327  1.70%  18.4    4s
  2111  1190 57058.7657   22   18 57194.4328 56220.7327  1.70%  18.6    5s
H 2140  1190                    57194.245344 56220.7327  1.70%  18.5    5s
* 2141  1190              42    57193.017126 56220.7327  1.70%  18.5    5s
* 2383  1253              40    57192.938424 56220.7857  1.70%  18.3    5s
H 2596  1264                    56812.820482 56220.7857  1.04%  18.8    5s
H 2603  1264                    56812.449438 56220.7857  1.04%  18.7    5s
* 2604  1264              37    56811.588480 56220.7857  1.04%  18.8    5s
H 2708  1273                    56753.468602 56220.7857  0.94%  19.0    5s
H 2855  1313                    56749.917304 56220.7857  0.93%  19.0    5s
H 3091  1374                    56749.838599 56220.7857  0.93%  18.9    5s
H 3213  1362                    56749.471337 56220.7857  0.93%  18.7    6s
H 3235  1362                    56748.853741 56220.7857  0.93%  18.8    6s
H 3244  1362                    56748.606601 56220.7857  0.93%  18.8    6s
H 3278  1357                    56748.606194 56220.7857  0.93%  18.8   10s
H 3283  1357                    56712.922600 56220.7857  0.87%  18.8   10s
H 3297  1357                    56704.408133 56220.7857  0.85%  18.8   10s
H 4472  1219                    56704.407501 56233.7499  0.83%  18.3   14s
H 4555  1219                    56704.407225 56233.7499  0.83%  18.5   14s
* 4847  1059              27    56704.329429 56338.6784  0.64%  18.4   14s
  5450   996 56492.0136   32   17 56704.3294 56362.7542  0.60%  17.8   15s

Explored 6319 nodes (111946 simplex iterations) in 15.36 seconds (10.98 work units)
Thread count was 32 (of 80 available processors)

Solution count 10: 56704.3 56704.3 56704.4 ... 57192.9

Optimal solution found (tolerance 3.00e-03)
Best objective 5.670432943031e+04, best bound 5.660625562968e+04, gap 0.1730%

User-callback calls 17570, time in user-callback 0.01 sec
