
Gurobi 11.0.3 (linux64) logging started Tue 19 Nov 2024 12:30:09 AM CST

Set parameter LogFile to value "/home/dlcole3/graph_abstraction/hierarchical_graphs/git_storage/CS1/HP_low_reserves/gurobi_logs/serial/logfile_ST26_5.log"

Gurobi 11.0.3 (linux64) logging started Tue 19 Nov 2024 12:37:23 AM CST

Set parameter LogFile to value "/home/dlcole3/graph_abstraction/hierarchical_graphs/git_storage/CS1/HP_low_reserves/gurobi_logs/serial/logfile_ST26_5.log"
Gurobi Optimizer version 11.0.3 build v11.0.3rc0 (linux64 - "Ubuntu 18.04.3 LTS")

CPU model: Intel(R) Xeon(R) CPU E5-2698 v4 @ 2.20GHz, instruction set [SSE2|AVX|AVX2]
Thread count: 40 physical cores, 80 logical processors, using up to 20 threads

Optimize a model with 29168 rows, 50688 columns and 136175 nonzeros
Model fingerprint: 0x9ab74973
Variable types: 46944 continuous, 3744 integer (3744 binary)
Coefficient statistics:
  Matrix range     [6e-01, 2e+04]
  Objective range  [2e+00, 2e+04]
  Bounds range     [5e-02, 2e+05]
  RHS range        [2e-03, 7e+03]
Presolve removed 14305 rows and 38616 columns
Presolve time: 0.37s
Presolved: 14863 rows, 12072 columns, 63879 nonzeros
Variable types: 9015 continuous, 3057 integer (3057 binary)
Found heuristic solution: objective 3937298.6507
Found heuristic solution: objective 3828809.0915
Found heuristic solution: objective 3554436.7256

Root relaxation: objective 1.262633e+05, 7877 iterations, 0.39 seconds (0.29 work units)

    Nodes    |    Current Node    |     Objective Bounds      |     Work
 Expl Unexpl |  Obj  Depth IntInf | Incumbent    BestBd   Gap | It/Node Time

     0     0 126263.336    0   69 3554436.73 126263.336  96.4%     -    1s
     0     0 126263.336    0   99 3554436.73 126263.336  96.4%     -    1s
H    0     0                    173059.25206 126718.417  26.8%     -    2s
H    0     0                    147991.80442 126718.417  14.4%     -    2s
H    0     0                    147106.90662 126718.417  13.9%     -    2s
H    0     0                    137441.02709 126984.480  7.61%     -    2s
     0     0 126984.480    0   94 137441.027 126984.480  7.61%     -    2s
     0     0 126992.773    0   83 137441.027 126992.773  7.60%     -    2s
     0     0 126992.773    0   83 137441.027 126992.773  7.60%     -    3s
     0     2 126992.773    0   83 137441.027 126992.773  7.60%     -    3s
    91   112 127524.637    8   72 137441.027 126992.773  7.60%  63.2    5s
H   92   112                    137409.18359 126992.773  7.58%  62.5    5s
H   97   112                    137377.34005 126992.773  7.56%  62.3    5s
H  101   112                    137303.72493 126992.773  7.51%  61.6    5s
H  374   402                    137098.73258 126992.773  7.37%  46.8    6s
H  865   881                    131834.96236 126992.773  3.67%  36.9   13s
H  866   881                    131132.68517 126992.773  3.16%  36.9   13s
H  869   881                    130963.81065 126992.773  3.03%  37.0   13s
H  885   891                    130815.20485 126992.773  2.92%  36.7   13s
H  891   891                    130700.63995 126992.773  2.84%  36.8   13s
  1310  1173 129902.957   10   66 130700.640 126992.773  2.84%  39.6   15s
H 2030  1618                    130664.10368 127075.603  2.75%  37.7   16s
H 3079  2187                    130608.39225 127109.267  2.68%  38.6   20s
H 3187  2140                    130608.39223 127109.267  2.68%  41.2   24s
H 3194  2034                    130565.70522 127109.267  2.65%  41.1   24s
  3217  2062 127109.267   20   72 130565.705 127109.267  2.65%  41.1   25s
H 3374  2016                    130565.70518 127109.267  2.65%  41.7   27s
H 3376  1921                    130565.62390 127109.267  2.65%  41.7   27s
  4052  2199 127961.979   51   50 130565.624 127109.267  2.65%  43.6   30s
H 4499  2255                    130002.94589 127109.267  2.23%  43.2   32s
H 4514  2165                    129900.14861 127109.267  2.15%  43.2   32s
H 5130  2151                    129885.51311 127109.267  2.14%  42.3   34s
H 5144  2068                    129878.19536 127109.267  2.13%  42.2   34s
  5590  2358 129411.563   95   41 129878.195 127109.267  2.13%  41.4   35s
* 6993  2450             127    129772.02874 127109.267  2.05%  40.3   36s
  9570  3863 129674.540   42   37 129772.029 127342.249  1.87%  42.1   40s
*13451  5342             124    129634.25018 127534.673  1.62%  42.2   44s
*13452  5326             124    129625.29743 127534.673  1.61%  42.2   44s
*13453  5315             123    129618.36088 127534.673  1.61%  42.2   44s
 13600  5497     cutoff   40      129618.361 127534.673  1.61%  42.2   45s
*16628  6522             111    129601.82050 127616.463  1.53%  42.8   48s
 17542  7195 129008.752   44   40 129601.821 127680.021  1.48%  42.5   50s
*17855  5936             103    129311.48360 127685.572  1.26%  42.2   50s
H19116  6171                    129304.36457 127721.421  1.22%  42.1   52s
 21752  7290 129074.363   40   63 129304.365 127805.849  1.16%  41.9   55s
*22239  7274              95    129300.98526 127807.248  1.16%  41.8   55s
*24323  7110             112    129156.39427 127863.660  1.00%  41.6   58s
H26015  7305                    129117.61092 127904.741  0.94%  41.6   59s
 26231  7505     cutoff   40      129117.611 127913.828  0.93%  41.6   60s
 30081  8466     cutoff   39      129117.611 127987.671  0.88%  42.0   65s
H33190  8475                    129050.14731 128057.458  0.77%  41.8   67s
*33193  8458             106    129049.28438 128057.458  0.77%  41.8   67s
 34994  8771 128598.805   54   46 129049.284 128098.836  0.74%  41.6   70s
 40395  9611 128590.287   46   41 129049.284 128203.472  0.66%  41.0   76s
 43942  9866     cutoff   44      129049.284 128260.381  0.61%  40.6   80s
 47848  9829 128363.352   46   49 129049.284 128324.518  0.56%  40.5   86s
 51411  9730 128645.598   54   52 129049.284 128374.596  0.52%  40.3  105s
 58017  9590 128940.885   45   78 129049.284 128483.220  0.44%  40.1  111s
*61004  9602             112    129042.25408 128509.322  0.41%  39.8  113s
*62137  9389             106    129032.03305 128511.553  0.40%  39.6  113s
 62699  9284 128888.295   51   48 129032.033 128531.323  0.39%  39.5  116s
H62910  9279                    129031.76565 128531.557  0.39%  39.5  116s
H63345  9251                    129030.90225 128531.557  0.39%  39.4  116s
*63877  9207             101    129030.65935 128534.151  0.38%  39.4  119s
 65860  9059 128659.628   52   43 129030.659 128561.552  0.36%  39.3  121s
 69217  8550 129027.407   56   54 129030.659 128601.117  0.33%  39.1  125s

Cutting planes:
  Gomory: 10
  MIR: 2
  Flow cover: 3

Explored 74150 nodes (2880964 simplex iterations) in 128.38 seconds (130.26 work units)
Thread count was 20 (of 80 available processors)

Solution count 10: 129031 129031 129031 ... 129301

Optimal solution found (tolerance 3.00e-03)
Best objective 1.290306593939e+05, best bound 1.286693042657e+05, gap 0.2801%

User-callback calls 163332, time in user-callback 0.07 sec
