
Gurobi 11.0.3 (linux64) logging started Tue 19 Nov 2024 02:01:18 AM CST

Set parameter LogFile to value "/home/dlcole3/graph_abstraction/hierarchical_graphs/git_storage/CS1/HP_low_reserves/gurobi_logs/serial/logfile_ST32_3.log"

Gurobi 11.0.3 (linux64) logging started Tue 19 Nov 2024 02:04:04 AM CST

Set parameter LogFile to value "/home/dlcole3/graph_abstraction/hierarchical_graphs/git_storage/CS1/HP_low_reserves/gurobi_logs/serial/logfile_ST32_3.log"
Gurobi Optimizer version 11.0.3 build v11.0.3rc0 (linux64 - "Ubuntu 18.04.3 LTS")

CPU model: Intel(R) Xeon(R) CPU E5-2698 v4 @ 2.20GHz, instruction set [SSE2|AVX|AVX2]
Thread count: 40 physical cores, 80 logical processors, using up to 20 threads

Optimize a model with 29168 rows, 50688 columns and 136175 nonzeros
Model fingerprint: 0x16c1d68d
Variable types: 46944 continuous, 3744 integer (3744 binary)
Coefficient statistics:
  Matrix range     [6e-01, 2e+04]
  Objective range  [2e+00, 2e+04]
  Bounds range     [5e-02, 2e+05]
  RHS range        [5e-02, 7e+03]
Presolve removed 13860 rows and 38597 columns
Presolve time: 0.39s
Presolved: 15308 rows, 12091 columns, 65013 nonzeros
Variable types: 9045 continuous, 3046 integer (3046 binary)
Found heuristic solution: objective 3464017.3349
Found heuristic solution: objective 2500443.3826

Root relaxation: objective 1.303168e+05, 8711 iterations, 0.55 seconds (0.46 work units)

    Nodes    |    Current Node    |     Objective Bounds      |     Work
 Expl Unexpl |  Obj  Depth IntInf | Incumbent    BestBd   Gap | It/Node Time

     0     0 130316.792    0   60 2500443.38 130316.792  94.8%     -    1s
H    0     0                    330527.08329 130316.792  60.6%     -    2s
H    0     0                    329714.12679 130316.792  60.5%     -    2s
     0     0 130316.792    0   78 329714.127 130316.792  60.5%     -    2s
H    0     0                    329714.12638 130346.303  60.5%     -    2s
     0     0 130346.303    0   91 329714.126 130346.303  60.5%     -    2s
H    0     0                    281195.97720 130346.303  53.6%     -    2s
H    0     0                    181864.43955 130346.303  28.3%     -    2s
     0     0 130346.303    0   83 181864.440 130346.303  28.3%     -    2s
     0     0 130346.303    0   71 181864.440 130346.303  28.3%     -    3s
     0     0 130346.303    0   68 181864.440 130346.303  28.3%     -    3s
H    0     0                    181392.95201 130346.303  28.1%     -    3s
     0     2 130346.303    0   68 181392.952 130346.303  28.1%     -    4s
    15    32 132285.525    4   44 181392.952 130464.216  28.1%  92.9    5s
H   31    52                    181384.14997 130602.495  28.0%  91.8    5s
H   34    52                    181344.54094 130602.495  28.0%   100    5s
H   36    52                    135039.16508 130727.794  3.19%  99.1    5s
H  167   183                    134977.89121 130749.104  3.13%  72.5    6s
H  339   349                    134956.54772 130749.104  3.12%  62.9    8s
H  341   349                    134935.20422 130749.104  3.10%  62.6    8s
H  343   349                    134780.57102 130749.104  2.99%  62.9    8s
H  348   349                    133682.91714 130749.104  2.19%  63.2    8s
H  424   396                    133217.65128 130749.104  1.85%  58.7    8s
H  502   445                    132838.15715 130835.589  1.51%  56.2   14s
H  503   445                    132838.05717 130835.589  1.51%  56.1   14s
H  504   445                    132820.76059 130835.589  1.49%  56.0   14s
H  505   445                    132718.19073 130835.589  1.42%  55.9   14s
H  512   445                    132651.92639 130835.589  1.37%  55.4   14s
H  514   445                    132635.76215 130835.589  1.36%  55.4   14s
H  522   445                    132438.60924 130835.589  1.21%  55.0   14s
   765   611 132382.512   13   56 132438.609 130861.971  1.19%  47.4   15s
H 1580  1086                    132398.32944 130869.572  1.15%  37.6   18s
H 1581  1086                    132394.94382 130869.572  1.15%  37.6   18s
H 1584  1086                    132394.94379 130869.572  1.15%  37.6   18s
H 1590  1086                    132394.62402 130869.572  1.15%  37.6   18s
H 2333  1167                    132256.44050 130887.258  1.04%  33.6   19s
H 2334  1167                    132253.90742 130887.258  1.03%  33.6   19s
H 2335  1167                    132253.65700 130887.258  1.03%  33.6   19s
H 2339  1167                    132253.34394 130887.258  1.03%  33.5   19s
H 2341  1167                    132252.76381 130887.258  1.03%  33.5   19s
* 2345  1167             111    132248.86974 130887.258  1.03%  33.4   19s
  2431  1172     cutoff   28      132248.870 131031.343  0.92%  33.1   20s
* 2769  1155             103    131864.58223 131031.343  0.63%  32.9   20s
H 2826  1065                    131829.28418 131031.343  0.61%  32.7   21s
H 2928  1121                    131750.06776 131081.955  0.51%  32.6   21s
* 3642  1074              85    131749.96783 131231.788  0.39%  30.7   22s
  3929   986     cutoff   38      131749.968 131236.257  0.39%  30.5   30s
H 4000   986                    131749.96732 131268.529  0.37%  30.3   30s

Cutting planes:
  Gomory: 4

Explored 5493 nodes (156417 simplex iterations) in 32.24 seconds (27.42 work units)
Thread count was 20 (of 80 available processors)

Solution count 10: 131750 131750 131750 ... 132439

Optimal solution found (tolerance 3.00e-03)
Best objective 1.317499673454e+05, best bound 1.313929942444e+05, gap 0.2709%

User-callback calls 22722, time in user-callback 0.03 sec
