
Gurobi 11.0.3 (linux64) logging started Mon 18 Nov 2024 11:34:38 PM CST

Set parameter LogFile to value "/home/dlcole3/graph_abstraction/hierarchical_graphs/git_storage/CS1/HP_low_reserves/gurobi_logs/serial/logfile_ST22_7.log"

Gurobi 11.0.3 (linux64) logging started Mon 18 Nov 2024 11:45:35 PM CST

Set parameter LogFile to value "/home/dlcole3/graph_abstraction/hierarchical_graphs/git_storage/CS1/HP_low_reserves/gurobi_logs/serial/logfile_ST22_7.log"
Gurobi Optimizer version 11.0.3 build v11.0.3rc0 (linux64 - "Ubuntu 18.04.3 LTS")

CPU model: Intel(R) Xeon(R) CPU E5-2698 v4 @ 2.20GHz, instruction set [SSE2|AVX|AVX2]
Thread count: 40 physical cores, 80 logical processors, using up to 20 threads

Optimize a model with 29168 rows, 50688 columns and 136175 nonzeros
Model fingerprint: 0x667cbcf6
Variable types: 46944 continuous, 3744 integer (3744 binary)
Coefficient statistics:
  Matrix range     [6e-01, 2e+04]
  Objective range  [2e+00, 2e+04]
  Bounds range     [5e-02, 2e+05]
  RHS range        [5e-02, 7e+03]
Presolve removed 14417 rows and 38710 columns
Presolve time: 0.36s
Presolved: 14751 rows, 11978 columns, 63173 nonzeros
Variable types: 8963 continuous, 3015 integer (3015 binary)
Found heuristic solution: objective 725414.91881
Found heuristic solution: objective 632612.74833

Root relaxation: objective 7.136589e+04, 8525 iterations, 0.45 seconds (0.34 work units)

    Nodes    |    Current Node    |     Objective Bounds      |     Work
 Expl Unexpl |  Obj  Depth IntInf | Incumbent    BestBd   Gap | It/Node Time

     0     0 71365.8882    0   33 632612.748 71365.8882  88.7%     -    1s
H    0     0                    202724.36613 71365.8882  64.8%     -    1s
     0     0 71365.8882    0   46 202724.366 71365.8882  64.8%     -    1s
H    0     0                    195034.90515 71365.8882  63.4%     -    2s
     0     0 71365.8882    0   62 195034.905 71365.8882  63.4%     -    2s
     0     0 71365.8882    0   74 195034.905 71365.8882  63.4%     -    2s
     0     0 71371.5339    0   63 195034.905 71371.5339  63.4%     -    2s
     0     0 71371.5339    0   64 195034.905 71371.5339  63.4%     -    2s
H    0     0                    193145.27448 71371.5339  63.0%     -    2s
     0     0 71371.5339    0   64 193145.274 71371.5339  63.0%     -    3s
     0     2 71380.6198    0   64 193145.274 71380.6198  63.0%     -    3s
H   31    52                    188927.84320 71570.6260  62.1%  79.0    4s
H   38    52                    140303.54284 71614.3761  49.0%  86.2    4s
H   43    52                    118405.19323 71614.3761  39.5%  94.2    4s
    91   112 73418.5120    7   32 118405.193 71614.3761  39.5%   122    5s
H  104   112                    85323.329406 71710.5069  16.0%   133    5s
H  154   175                    76176.296851 71722.8884  5.85%   139    6s
H  742   644                    74184.386037 71722.8884  3.32%  75.9    9s
H  743   644                    73880.134312 71722.8884  2.92%  76.6    9s
H  784   644                    73774.910757 71722.8884  2.78%  73.6    9s
H  975   707                    73762.609323 71900.2209  2.52%  69.5    9s
H  976   707                    73761.658549 71900.2209  2.52%  69.5    9s
   992   788 73476.4547   13   32 73761.6585 71900.2209  2.52%  68.8   10s
* 1564  1184              78    73480.852628 72007.5545  2.01%  52.4   10s
H 1746  1082                    73471.177808 72007.5545  1.99%  49.3   11s
H 1876  1175                    73465.459283 72007.5545  1.98%  48.9   11s
* 1879  1175              85    73464.499207 72007.5545  1.98%  48.8   11s
  2192  1074     cutoff   25      73464.4992 72425.4739  1.41%  45.9   16s
H 2194  1074                    73370.583403 72425.4739  1.29%  45.9   16s
H 2198  1074                    73324.253158 72574.3150  1.02%  46.3   16s
H 2200  1074                    73263.286768 72574.3150  0.94%  46.3   16s
H 2937  1156                    73263.192297 72964.6000  0.41%  40.2   17s
H 2938  1156                    73263.130219 72964.6000  0.41%  40.2   17s
H 2941  1156                    73263.067312 72964.6000  0.41%  40.1   17s
H 3212  1169                    73263.005234 73068.5747  0.27%  37.8   17s
* 3213  1169              68    73262.128835 73068.7520  0.26%  37.7   17s

Cutting planes:
  Gomory: 12

Explored 3424 nodes (132637 simplex iterations) in 17.88 seconds (16.01 work units)
Thread count was 20 (of 80 available processors)

Solution count 10: 73262.1 73263.3 73324.3 ... 73880.1

Optimal solution found (tolerance 3.00e-03)
Best objective 7.326212883409e+04, best bound 7.308942686081e+04, gap 0.2357%

User-callback calls 12339, time in user-callback 0.02 sec
