
Gurobi 11.0.3 (linux64) logging started Mon 18 Nov 2024 09:11:19 PM CST

Set parameter LogFile to value "/home/dlcole3/graph_abstraction/hierarchical_graphs/git_storage/CS1/HP_low_reserves/gurobi_logs/serial/logfile_ST11_5.log"

Gurobi 11.0.3 (linux64) logging started Mon 18 Nov 2024 09:21:51 PM CST

Set parameter LogFile to value "/home/dlcole3/graph_abstraction/hierarchical_graphs/git_storage/CS1/HP_low_reserves/gurobi_logs/serial/logfile_ST11_5.log"
Gurobi Optimizer version 11.0.3 build v11.0.3rc0 (linux64 - "Ubuntu 18.04.3 LTS")

CPU model: Intel(R) Xeon(R) CPU E5-2698 v4 @ 2.20GHz, instruction set [SSE2|AVX|AVX2]
Thread count: 40 physical cores, 80 logical processors, using up to 20 threads

Optimize a model with 29168 rows, 50688 columns and 136175 nonzeros
Model fingerprint: 0xc5b314f1
Variable types: 46944 continuous, 3744 integer (3744 binary)
Coefficient statistics:
  Matrix range     [6e-01, 2e+04]
  Objective range  [2e+00, 2e+04]
  Bounds range     [5e-02, 2e+05]
  RHS range        [5e-02, 7e+03]
Presolve removed 13961 rows and 38446 columns
Presolve time: 0.36s
Presolved: 15207 rows, 12242 columns, 64978 nonzeros
Variable types: 9185 continuous, 3057 integer (3057 binary)
Found heuristic solution: objective 2715247.1055
Found heuristic solution: objective 2696373.8499

Root relaxation: objective 8.141675e+04, 9147 iterations, 0.58 seconds (0.47 work units)

    Nodes    |    Current Node    |     Objective Bounds      |     Work
 Expl Unexpl |  Obj  Depth IntInf | Incumbent    BestBd   Gap | It/Node Time

     0     0 81416.7536    0   34 2696373.85 81416.7536  97.0%     -    1s
     0     0 81416.7536    0   34 2696373.85 81416.7536  97.0%     -    2s
H    0     0                    237119.59221 81416.7536  65.7%     -    2s
     0     2 81416.7536    0   34 237119.592 81416.7536  65.7%     -    2s
H   31    52                    132297.74447 81448.3530  38.4%  38.3    3s
H   32    52                    109645.02115 81448.3530  25.7%  37.4    3s
H   34    52                    96042.732279 81448.3530  15.2%  37.4    3s
H  154   157                    96018.000275 81448.3530  15.2%  43.9    3s
H  201   222                    90363.793489 81448.3530  9.87%  52.1    4s
H  217   222                    88591.319361 81448.3530  8.06%  51.5    4s
H  234   242                    87989.398598 81448.3530  7.43%  51.7    4s
   241   274 81885.9441   12   29 87989.3986 81448.3530  7.43%  52.3    5s
H  460   491                    85432.976176 81448.3530  4.66%  47.6    5s
H  461   491                    84437.793747 81448.3530  3.54%  47.5    5s
H  856   818                    84406.446394 81448.3530  3.50%  41.3    6s
H  925   874                    84405.688979 81448.3530  3.50%  40.6    6s
H 1077  1004                    84394.629050 81448.3530  3.49%  39.0    6s
* 1168  1064              68    84390.398776 81448.3530  3.49%  37.9    7s
H 1341  1151                    84305.904554 81448.3530  3.39%  36.2    7s
H 1342  1151                    84304.709048 81448.3530  3.39%  36.2    7s
H 1359  1148                    84293.261333 81448.3530  3.38%  36.0    7s
H 1362  1148                    84288.813913 81448.3530  3.37%  35.9    7s
H 1480  1134                    83630.911370 81448.3530  2.61%  35.0    7s
H 1557  1126                    83502.088971 81448.3530  2.46%  34.6    7s
* 1558  1126              54    83497.062060 81448.3530  2.45%  34.6    7s
H 2184  1203                    83164.831223 81448.8700  2.06%  33.8   13s
H 2190  1179                    83122.189343 81448.8700  2.01%  33.8   13s
H 3133  1670                    82965.256688 81453.2062  1.82%  32.6   15s
H 3232  1664                    82965.256661 81453.2062  1.82%  34.6   18s
H 3233  1585                    82965.256604 81453.2062  1.82%  34.6   18s
H 3236  1508                    82965.256558 81453.2062  1.82%  34.6   18s
H 3238  1436                    82965.256544 81453.2062  1.82%  34.6   18s
H 3242  1366                    82935.110711 81453.2062  1.79%  34.5   18s
H 3486  1439                    82935.110638 81453.2062  1.79%  33.9   21s
H 3487  1376                    82930.710231 81453.2062  1.78%  33.9   21s
H 3490  1317                    82909.343702 81453.2062  1.76%  33.9   21s
H 4303  1536                    82902.215861 81453.2062  1.75%  32.3   23s
H 4323  1477                    82902.215815 81453.2062  1.75%  32.2   23s
H 4369  1411                    82902.215645 81453.2062  1.75%  32.1   23s
  5393  1631 82147.9349   41   32 82902.2156 81477.3539  1.72%  30.2   25s
H 5404  1579                    82902.215235 81477.3539  1.72%  30.1   25s
H 5415  1531                    82902.215070 81477.3539  1.72%  30.1   25s
 10164  3744 82881.2437   72   12 82902.2151 81578.7811  1.60%  25.5   30s
*14038  5378              85    82900.553883 81620.5814  1.54%  23.8   32s
 16523  6484 81713.8106   31   49 82900.5539 81636.1989  1.53%  23.3   35s
H17690  6736                    82888.630303 81642.6173  1.50%  23.0   35s
H17694  6732                    82887.506817 81642.6173  1.50%  23.0   35s
H17695  6732                    82887.498332 81642.6173  1.50%  23.0   35s
H20432  7749                    82887.481360 81651.1479  1.49%  22.5   37s
H21089  8047                    82886.898509 81651.1479  1.49%  22.4   38s
H21091  8047                    82886.898475 81651.1479  1.49%  22.4   38s
H21096  8045                    82886.335209 81651.1479  1.49%  22.4   38s
H21099  8041                    82885.781793 81651.1479  1.49%  22.4   38s
*21101  8036              69    82885.228433 81651.1479  1.49%  22.4   38s
 23004  9011 81810.6892   30   31 82885.2284 81671.6885  1.46%  22.4   40s
*23219  9011              71    82885.228425 81674.5243  1.46%  22.4   40s
H24338  9495                    82883.992158 81679.8676  1.45%  22.2   41s
H24340  9454                    82877.365163 81679.8676  1.44%  22.2   41s
H25458  9860                    82875.343584 81684.2066  1.44%  22.2   42s
*25902  9825              78    82869.418721 81685.6303  1.43%  22.1   42s
*25904  9818              79    82868.098742 81685.6303  1.43%  22.1   42s
H27186 10137                    82865.804801 81692.6981  1.42%  22.0   43s
H27192 10135                    82865.577859 81692.6981  1.42%  22.0   43s
H27193 10134                    82865.350923 81692.6981  1.42%  22.0   43s
*27196 10134              69    82865.341041 81692.6981  1.42%  22.0   43s
H28965 10415                    82804.140748 81699.8225  1.33%  21.9   44s
H28967 10325                    82794.096748 81699.8225  1.32%  21.9   44s
 29571 10657 82106.3538   31   17 82794.0967 81701.6565  1.32%  21.8   45s
H30106 10655                    82793.770446 81703.8956  1.32%  21.8   45s
H30107 10641                    82792.596602 81703.8956  1.31%  21.8   45s
*30108 10641              77    82792.544648 81703.8956  1.31%  21.8   45s
H33586 11291                    82774.533122 81722.9948  1.27%  21.6   48s
 33725 11305     cutoff   41      82774.5331 81723.5234  1.27%  21.6   50s
H33766 11305                    82774.533099 81723.5234  1.27%  21.6   50s
H33821 11305                    82774.532975 81723.5234  1.27%  21.6   50s
H33845 11305                    82774.532814 81723.5234  1.27%  21.6   50s
 39729 13473     cutoff   31      82774.5328 81745.1276  1.24%  21.3   55s
H40612 12799                    82715.519960 81746.7503  1.17%  21.3   55s
H40615 12791                    82715.248339 81746.7503  1.17%  21.3   55s
H40617 12789                    82714.731386 81746.7503  1.17%  21.3   55s
H40620 12763                    82712.146610 81746.7503  1.17%  21.3   55s
H40631 12761                    82712.116971 81746.7503  1.17%  21.3   55s
H40632 12761                    82712.107092 81746.7503  1.17%  21.3   55s
H40634 12761                    82712.097209 81746.7503  1.17%  21.3   55s
H40636 12761                    82712.087331 81746.7503  1.17%  21.3   55s
*42304 13149              76    82712.077451 81751.8311  1.16%  21.2   57s
H47182 13939                    82712.077418 81775.4275  1.13%  21.1   62s
 47186 13942 82459.0828   49   21 82712.0774 81775.4275  1.13%  21.1   65s
H47217 13276                    82712.077181 81775.4275  1.13%  21.2   65s
H47224 12611                    82712.076900 81775.4275  1.13%  21.2   65s
H47980 12064                    82712.076879 81775.4275  1.13%  21.2   68s
H47988 11464                    82712.076632 81775.4275  1.13%  21.2   68s
 48075 11470 81879.4845   52   29 82712.0766 81775.4275  1.13%  21.1   70s
H48080 10900                    82694.765165 81775.4275  1.11%  21.1   70s
H49115 10515                    82693.254503 81775.4275  1.11%  21.0   72s
H49116 10002                    82693.021174 81775.4275  1.11%  21.0   72s
H49119  9514                    82692.576579 81775.4275  1.11%  21.0   72s
H49122  9051                    82691.510517 81775.4275  1.11%  21.0   72s
H49139  8605                    82691.205365 81775.4275  1.11%  21.0   72s
 51332  8826 82555.0672   54   26 82691.2054 81775.4275  1.11%  20.8   75s
H55051  8229                    82691.205348 81775.4275  1.11%  20.5   77s
 57976  8374 82681.6410   43   36 82691.2053 81844.3685  1.02%  20.3   80s
H61527  7484                    82691.205332 81900.7696  0.96%  20.0   83s
H61539  7104                    82691.205285 81900.7696  0.96%  20.0   83s
H61540  6745                    82691.205265 81900.7696  0.96%  20.0   83s
 63196  6640     cutoff   45      82691.2053 81922.7371  0.93%  19.9   85s
 70823  6477     cutoff   50      82691.2053 82002.4101  0.83%  19.5   90s
H75701  7154                    82691.204612 82052.1721  0.77%  19.3   93s
 76997  7542 82209.6711   47   24 82691.2046 82058.6903  0.76%  19.3   95s
 84402  8829 82136.4222   47   40 82691.2046 82128.3616  0.68%  19.0  100s
H87502  9103                    82691.204603 82153.4823  0.65%  18.9  102s
H87788  9103                    82691.204017 82154.4818  0.65%  18.9  102s
 91897 10101 82593.9079   49   46 82691.2040 82171.8489  0.63%  18.8  106s
H92623 10101                    82691.203804 82178.9917  0.62%  18.8  106s
 97890 11402 82275.1153   42   34 82691.2038 82210.0959  0.58%  18.7  110s
 106846 13048 82621.4261   45   36 82691.2038 82240.8197  0.54%  18.5  115s
H111637 13494                    82691.203466 82251.3611  0.53%  18.4  118s
 112456 13796 82547.6777   50   25 82691.2035 82257.9872  0.52%  18.3  120s
 122612 15182 82428.7263   43   23 82691.2035 82290.0147  0.49%  18.2  126s
 129575 16215 82463.5261   48   29 82691.2035 82308.3547  0.46%  18.1  130s
H134157 16734                    82691.203239 82319.0345  0.45%  18.1  133s
 135244 16742     cutoff   53      82691.2032 82321.2931  0.45%  18.1  138s
H135270 16737                    82690.652486 82321.2931  0.45%  18.1  138s
 135271 17089 82388.6626   39   23 82690.6525 82321.8112  0.45%  18.1  140s
 143062 18251 82446.5872   46   24 82690.6525 82336.9278  0.43%  18.0  145s
H148876 18844                    82690.652474 82348.3275  0.41%  18.0  148s
H149350 18844                    82690.652346 82348.8213  0.41%  18.0  148s
 153579 19526 82646.3344   53   26 82690.6523 82358.3376  0.40%  18.0  151s
 161144 20353 82604.5116   57   33 82690.6523 82369.6414  0.39%  18.0  156s
 169623 21033     cutoff   59      82690.6523 82384.6139  0.37%  18.0  161s
 177379 21581     cutoff   41      82690.6523 82398.2498  0.35%  18.0  166s
 185579 22145 82659.7024   52   57 82690.6523 82410.6764  0.34%  18.1  171s
 190999 22461 82631.3495   56   39 82690.6523 82419.4273  0.33%  18.0  175s
 199977 22951     cutoff   52      82690.6523 82431.6947  0.31%  18.0  180s

Explored 208633 nodes (3770409 simplex iterations) in 184.06 seconds (209.68 work units)
Thread count was 20 (of 80 available processors)

Solution count 10: 82690.7 82690.7 82691.2 ... 82774.5

Optimal solution found (tolerance 3.00e-03)
Best objective 8.269065386971e+04, best bound 8.244434718564e+04, gap 0.2979%

User-callback calls 432007, time in user-callback 0.10 sec
