
Gurobi 11.0.3 (linux64) logging started Mon 18 Nov 2024 07:30:12 PM CST

Set parameter LogFile to value "/home/dlcole3/graph_abstraction/hierarchical_graphs/git_storage/CS1/HP_low_reserves/gurobi_logs/serial/logfile_ST4_4.log"

Gurobi 11.0.3 (linux64) logging started Mon 18 Nov 2024 07:38:48 PM CST

Set parameter LogFile to value "/home/dlcole3/graph_abstraction/hierarchical_graphs/git_storage/CS1/HP_low_reserves/gurobi_logs/serial/logfile_ST4_4.log"
Gurobi Optimizer version 11.0.3 build v11.0.3rc0 (linux64 - "Ubuntu 18.04.3 LTS")

CPU model: Intel(R) Xeon(R) CPU E5-2698 v4 @ 2.20GHz, instruction set [SSE2|AVX|AVX2]
Thread count: 40 physical cores, 80 logical processors, using up to 20 threads

Optimize a model with 29168 rows, 50688 columns and 136175 nonzeros
Model fingerprint: 0x8f92525d
Variable types: 46944 continuous, 3744 integer (3744 binary)
Coefficient statistics:
  Matrix range     [6e-01, 2e+04]
  Objective range  [2e+00, 2e+04]
  Bounds range     [5e-02, 2e+05]
  RHS range        [5e-02, 7e+03]
Presolve removed 14370 rows and 38903 columns
Presolve time: 0.39s
Presolved: 14798 rows, 11785 columns, 63039 nonzeros
Variable types: 8785 continuous, 3000 integer (3000 binary)
Found heuristic solution: objective 2091664.2968
Found heuristic solution: objective 1647943.8809

Root relaxation: objective 8.404440e+04, 8777 iterations, 0.56 seconds (0.44 work units)

    Nodes    |    Current Node    |     Objective Bounds      |     Work
 Expl Unexpl |  Obj  Depth IntInf | Incumbent    BestBd   Gap | It/Node Time

     0     0 84044.4046    0   56 1647943.88 84044.4046  94.9%     -    1s
H    0     0                    384272.21052 84044.4046  78.1%     -    1s
     0     0 84044.4046    0   62 384272.211 84044.4046  78.1%     -    2s
H    0     0                    183840.20622 84044.4070  54.3%     -    2s
     0     0 84044.4070    0   53 183840.206 84044.4070  54.3%     -    2s
     0     0 84044.4070    0   53 183840.206 84044.4070  54.3%     -    2s
     0     0 84044.4094    0   53 183840.206 84044.4094  54.3%     -    2s
     0     0 84049.1101    0   53 183840.206 84049.1101  54.3%     -    2s
H    0     0                    156499.58630 84049.1101  46.3%     -    2s
     0     2 84049.1101    0   53 156499.586 84049.1101  46.3%     -    3s
H   31    52                    156499.58624 84049.1101  46.3%  53.0    3s
H   32    52                    93768.308138 84049.1101  10.4%  51.5    3s
H   33    52                    93768.300095 84049.1101  10.4%  50.1    3s
H  138   159                    93721.519574 84049.1101  10.3%  49.7    5s
H  139   159                    88998.148857 84049.1101  5.56%  49.8    5s
H  140   159                    88611.718444 84049.1101  5.15%  50.3    5s
H  145   159                    88560.513144 84049.1101  5.09%  51.9    5s
H  207   227                    88281.858627 84049.1101  4.79%  50.1    7s
H  208   227                    88275.519320 84049.1101  4.79%  49.9    7s
H  209   227                    87947.965390 84049.1101  4.43%  50.1    7s
H  214   227                    87830.080479 84049.1101  4.30%  49.8    7s
   785   775 86309.0686   43   29 87830.0805 84049.1101  4.30%  48.3   10s
H 1120  1048                    87825.679479 84049.1101  4.30%  42.3   12s
H 1130  1048                    87763.813822 84049.1101  4.23%  42.2   12s
H 1151  1048                    87740.305477 84049.1101  4.21%  41.7   12s
H 2077  1728                    87601.035429 84049.1101  4.05%  32.3   14s
H 2086  1728                    87599.926406 84049.1101  4.05%  32.2   14s
H 2119  1633                    87414.031621 84049.1101  3.85%  32.3   14s
  2780  2075 86866.2192   20   57 87414.0316 84049.1101  3.85%  31.9   15s
H 2992  2054                    87370.040582 84049.1101  3.80%  31.4   16s
  3069  2122 84432.2809   19   39 87370.0406 84049.1101  3.80%  33.8   20s
H 3089  2032                    87370.040472 84049.1101  3.80%  34.0   20s
H 3093  1933                    87370.039520 84049.1101  3.80%  34.0   20s
H 3156  1877                    87370.039509 84049.1101  3.80%  34.5   20s
H 3162  1787                    87370.039438 84049.1101  3.80%  34.5   20s
H 3320  1790                    87370.039399 84049.1101  3.80%  35.6   23s
  3897  2135 85748.3120   40   19 87370.0394 84049.1101  3.80%  37.8   25s
H 4402  2152                    87295.582415 84049.1101  3.72%  36.5   27s
H 4891  2165                    87294.158643 84049.1101  3.72%  36.2   29s
H 4892  2084                    87266.910743 84049.1101  3.69%  36.2   29s
  5682  2441 86689.0758   49   25 87266.9107 84049.1101  3.69%  36.1   30s
H 6091  2102                    86962.928809 84049.1101  3.35%  35.8   37s
H 6107  1890                    86828.057555 84049.1101  3.20%  35.7   37s
  7917  2981 85934.3514   42   24 86828.0576 84271.6063  2.94%  35.6   40s
H 9415  3734                    86828.057539 84598.1207  2.57%  34.0   42s
H 9419  3734                    86828.056165 84598.1207  2.57%  34.0   42s
 11948  5351 85635.8251   41   20 86828.0562 84618.6983  2.54%  33.9   45s
 16487  7999     cutoff   50      86828.0562 84766.2016  2.37%  33.9   50s
 21573 10587     cutoff   32      86828.0562 84861.2989  2.27%  33.7   55s
 22931 12705 85715.8126   33   33 86828.0562 84878.6782  2.25%  34.5   63s
H24532 12705                    86828.056032 84884.9544  2.24%  34.5   63s
 26931 13470 85411.3084   31   21 86828.0560 84896.8815  2.22%  34.5   65s
 32444 16125 86232.6433   35   40 86828.0560 84990.9714  2.12%  34.4   70s
 38136 19081 85842.9579   31   28 86828.0560 85034.9304  2.07%  33.8   75s
H38342 19081                    86828.055977 85039.1750  2.06%  33.8   75s
H38477 19081                    86828.055955 85039.1750  2.06%  33.8   75s
H40282 19817                    86819.631926 85058.1267  2.03%  33.9   77s
H40286 19764                    86809.849569 85058.1267  2.02%  33.9   77s
H40298 19753                    86807.338567 85058.1267  2.02%  33.9   77s
H40301 19753                    86807.330425 85058.1267  2.02%  33.9   77s
*40317 19753              96    86807.320416 85058.1267  2.02%  33.9   77s
 42163 21503 86357.7399   53   36 86807.3204 85063.8957  2.01%  33.8   80s
H45940 22464                    86807.220484 85079.9648  1.99%  33.8  103s
 45943 22466 85831.5625   47   48 86807.2205 85079.9648  1.99%  33.8  105s
H45948 21346                    86807.220470 85079.9648  1.99%  33.8  106s
H45952 20280                    86807.220455 85079.9648  1.99%  33.8  108s
 45955 20282 86618.1992   44   92 86807.2205 85079.9648  1.99%  33.8  110s
H45993 19308                    86807.220005 85079.9648  1.99%  34.0  111s
H46001 18341                    86807.219817 85079.9648  1.99%  34.0  111s
H46438 17624                    86807.219486 85079.9648  1.99%  34.3  115s
H46454 16749                    86807.219465 85079.9648  1.99%  34.3  115s
H46877 16095                    86807.219415 85079.9648  1.99%  34.5  122s
H46878 15310                    86807.218281 85079.9648  1.99%  34.5  122s
H46879 14563                    86764.737712 85079.9648  1.94%  34.5  122s
H46891 13851                    86737.736396 85079.9648  1.91%  34.5  122s
 47764 14123 85441.4874   73   28 86737.7364 85079.9648  1.91%  34.6  125s
H47928 13411                    86737.734356 85079.9648  1.91%  34.6  128s
H47934 12770                    86737.734052 85079.9648  1.91%  34.6  128s
H47948 12182                    86737.733869 85079.9648  1.91%  34.6  128s
H47960 11601                    86737.733782 85079.9648  1.91%  34.7  128s
H47975 11048                    86737.733562 85079.9648  1.91%  34.7  128s
 48374 11200 85442.3602   89   17 86737.7336 85079.9648  1.91%  34.9  130s
 51411 11869 86670.8656   39   48 86737.7336 85079.9648  1.91%  35.6  135s
 55201 12999 86132.8887   36   38 86737.7336 85079.9648  1.91%  35.8  140s
 60045 13635 86114.9527   42   37 86737.7336 85079.9648  1.91%  36.1  145s
H61584 13102                    86737.728155 85079.9648  1.91%  36.3  151s
H61590 12606                    86737.727778 85079.9648  1.91%  36.3  151s
H61598 12133                    86737.727468 85079.9648  1.91%  36.3  151s
 64464 12935 85972.5517   61   30 86737.7275 85079.9648  1.91%  36.3  155s
H64536 12464                    86737.726847 85079.9648  1.91%  36.3  155s
H65870 12045                    86737.726837 85079.9648  1.91%  36.4  158s
H65933 11621                    86737.726573 85079.9648  1.91%  36.5  158s
 66985 12383 86566.5334   44   32 86737.7266 85079.9648  1.91%  36.5  161s
 70934 13462     cutoff   76      86737.7266 85079.9648  1.91%  36.4  166s
 74807 15047 86104.5324   44   25 86737.7266 85079.9648  1.91%  36.5  170s
 80070 17689 85727.0823   52   20 86737.7266 85079.9648  1.91%  36.6  176s
 84375 18910 86378.7073   47   29 86737.7266 85098.2894  1.89%  36.9  182s
H84441 18910                    86737.726360 85098.2894  1.89%  36.9  182s
H84641 18910                    86737.726070 85098.2894  1.89%  36.9  182s
 86408 20474 86317.9242   44   22 86737.7261 85141.1341  1.84%  37.0  185s
 91764 22651 86102.6431   53   33 86737.7261 85218.6562  1.75%  37.0  191s
 97454 25736 85534.9780   41   27 86737.7261 85266.9040  1.70%  36.6  196s
 103695 29095 86215.7714   48   53 86737.7261 85292.6787  1.67%  36.1  201s
 109341 31068     cutoff   58      86737.7261 85330.1629  1.62%  35.9  206s
 115539 34676 86360.8994   53   29 86737.7261 85361.2130  1.59%  35.4  211s
H117801 35791                    86737.726029 85363.6617  1.58%  35.2  215s
H118162 35791                    86737.725953 85368.4236  1.58%  35.2  215s
H118508 35790                    86737.725771 85369.3042  1.58%  35.1  215s
 123612 39668 86300.3314   48   41 86737.7258 85376.1153  1.57%  34.7  220s
 131367 43547 86455.9410   67   22 86737.7258 85394.2144  1.55%  33.9  225s
 137402 46890 86272.4422   55   46 86737.7258 85423.8022  1.51%  33.7  230s
 142213 49398 86503.9005   74   21 86737.7258 85437.7886  1.50%  33.3  235s
 149685 51606 86418.8090   54   26 86737.7258 85449.1034  1.49%  32.9  242s
H149706 51606                    86737.725660 85449.1034  1.49%  32.9  242s
 150097 51797 86496.3953   73   24 86737.7257 85450.3554  1.48%  32.8  246s
H150221 51797                    86737.724275 85451.8000  1.48%  32.8  246s
 152788 53774 86414.5881   40   34 86737.7243 85459.9781  1.47%  32.8  251s
 157611 55676 85783.0010   46   20 86737.7243 85491.5942  1.44%  32.6  255s
 164147 58602 85799.0072   46   27 86737.7243 85512.5501  1.41%  32.6  261s
 170194 61571 85608.5150   56   28 86737.7243 85528.9186  1.39%  32.3  266s
 176550 64246 85789.6743   43   25 86737.7243 85535.4871  1.39%  31.8  270s
 184435 67442 86080.5896   60   34 86737.7243 85535.5871  1.39%  31.3  275s
H188943 68330                    86737.723820 85540.8350  1.38%  31.0  279s
 189048 69394 85847.6425   56   29 86737.7238 85541.0745  1.38%  31.0  280s
 194192 71593 86476.0272   48   30 86737.7238 85552.0591  1.37%  30.9  285s
 201394 75222 86606.4690   66   27 86737.7238 85578.7806  1.34%  30.7  291s
 207882 77991 86653.7465   61   29 86737.7238 85580.3577  1.33%  30.5  296s
 215586 80124     cutoff   62      86737.7238 85580.5460  1.33%  30.1  300s

Cutting planes:
  Gomory: 7
  MIR: 1

Explored 216907 nodes (6515659 simplex iterations) in 300.10 seconds (320.75 work units)
Thread count was 20 (of 80 available processors)

Solution count 10: 86737.7 86737.7 86737.7 ... 86828.1

Time limit reached
Best objective 8.673772379118e+04, best bound 8.558097653280e+04, gap 1.3336%

User-callback calls 467393, time in user-callback 0.37 sec
