
Gurobi 11.0.3 (linux64) logging started Mon 18 Nov 2024 11:07:21 PM CST

Set parameter LogFile to value "/home/dlcole3/graph_abstraction/hierarchical_graphs/git_storage/CS1/HP_low_reserves/gurobi_logs/serial/logfile_ST20_2.log"

Gurobi 11.0.3 (linux64) logging started Mon 18 Nov 2024 11:08:36 PM CST

Set parameter LogFile to value "/home/dlcole3/graph_abstraction/hierarchical_graphs/git_storage/CS1/HP_low_reserves/gurobi_logs/serial/logfile_ST20_2.log"
Gurobi Optimizer version 11.0.3 build v11.0.3rc0 (linux64 - "Ubuntu 18.04.3 LTS")

CPU model: Intel(R) Xeon(R) CPU E5-2698 v4 @ 2.20GHz, instruction set [SSE2|AVX|AVX2]
Thread count: 40 physical cores, 80 logical processors, using up to 20 threads

Optimize a model with 29168 rows, 50688 columns and 136175 nonzeros
Model fingerprint: 0x0cda66c4
Variable types: 46944 continuous, 3744 integer (3744 binary)
Coefficient statistics:
  Matrix range     [6e-01, 2e+04]
  Objective range  [2e+00, 2e+04]
  Bounds range     [5e-02, 2e+05]
  RHS range        [5e-02, 7e+03]
Presolve removed 13805 rows and 38600 columns
Presolve time: 0.38s
Presolved: 15363 rows, 12088 columns, 65079 nonzeros
Variable types: 9056 continuous, 3032 integer (3032 binary)
Found heuristic solution: objective 2426500.0915

Root relaxation: objective 1.079017e+05, 9371 iterations, 0.57 seconds (0.46 work units)

    Nodes    |    Current Node    |     Objective Bounds      |     Work
 Expl Unexpl |  Obj  Depth IntInf | Incumbent    BestBd   Gap | It/Node Time

     0     0 107901.666    0   58 2426500.09 107901.666  95.6%     -    1s
H    0     0                    2426496.5420 107901.666  95.6%     -    1s
H    0     0                    134696.28601 107901.666  19.9%     -    2s
     0     0 107904.070    0   58 134696.286 107904.070  19.9%     -    2s
     0     0 107911.257    0   71 134696.286 107911.257  19.9%     -    2s
     0     0 107924.552    0   71 134696.286 107924.552  19.9%     -    2s
H    0     0                    134696.28593 107924.552  19.9%     -    2s
     0     2 107924.552    0   71 134696.286 107924.552  19.9%     -    3s
H   43    52                    111832.06909 108191.804  3.26%  61.9    4s
H   93   112                    111832.06907 108191.961  3.25%  71.0    4s
H   96   112                    111832.06904 108191.961  3.25%  72.5    4s
H  103   112                    111832.06874 108196.104  3.25%  74.7    4s
   111   136 109913.979    9   31 111832.069 108196.104  3.25%  77.2    5s
H  293   308                    111026.91119 108196.104  2.55%  58.9    5s
H  440   440                    111002.02086 108196.104  2.53%  49.0    9s
H  441   440                    110908.56779 108196.104  2.45%  48.9    9s
H  443   440                    110313.48248 108196.104  1.92%  48.8    9s
H  448   440                    109870.08563 108196.104  1.52%  48.4    9s
H  449   440                    109793.65054 108196.104  1.46%  48.3    9s
H  471   433                    109781.33759 108202.059  1.44%  47.6    9s
H  481   433                    109781.33754 108202.059  1.44%  47.6    9s
   505   488 108766.452   14   43 109781.338 108202.059  1.44%  46.6   10s
H 1574  1131                    109762.97373 108243.396  1.38%  31.3   12s
H 1595  1131                    109761.58456 108243.396  1.38%  31.2   12s
H 1606  1131                    109760.95253 108243.396  1.38%  31.1   12s
H 1654  1131                    109756.84618 108243.396  1.38%  31.0   12s
H 1750  1144                    109755.05892 108243.396  1.38%  30.9   12s
H 1755  1144                    109705.97741 108243.396  1.33%  30.9   12s
H 1917  1217                    109690.82992 108245.276  1.32%  30.0   12s
H 2046  1272                    109690.69194 108245.276  1.32%  29.9   13s
* 2048  1268              75    109684.49812 108245.276  1.31%  29.8   13s
H 2567  1564                    109608.28803 108276.348  1.22%  28.7   13s
H 3351  1900                    109592.62678 108337.056  1.15%  28.1   16s
H 3354  1806                    109592.62673 108337.056  1.15%  28.1   18s
H 3448  1780                    109587.40224 108337.056  1.14%  30.7   20s
H 3459  1690                    109587.40220 108337.056  1.14%  30.9   20s
H 3467  1606                    109587.40139 108337.056  1.14%  31.0   20s
H 3626  1571                    109587.40115 108337.056  1.14%  31.6   22s
H 3632  1496                    109583.83715 108337.056  1.14%  31.6   22s
H 3644  1422                    109583.83591 108337.056  1.14%  31.6   22s
H 3660  1368                    109583.83577 108337.056  1.14%  31.7   22s
H 4775  1525                    109583.83571 108337.056  1.14%  32.2   26s
H 4776  1464                    109583.83553 108337.056  1.14%  32.1   26s
H 4784  1405                    109583.83551 108337.056  1.14%  32.2   26s
H 4786  1350                    109579.92786 108337.056  1.13%  32.2   26s
H 5856  1353                    109579.92765 108337.056  1.13%  32.7   28s
H 5857  1304                    109579.92753 108337.056  1.13%  32.7   28s
H 5870  1247                    109567.48536 108337.056  1.12%  32.7   28s
H 5877  1197                    109559.04763 108337.056  1.12%  32.7   28s
H 5882  1190                    109556.24913 108337.056  1.11%  32.8   28s
  7255  1824 108683.319   21   30 109556.249 108449.673  1.01%  32.1   30s
H 7592  1864                    109502.70570 108449.673  0.96%  32.1   30s
H 7594  1859                    109498.73086 108449.673  0.96%  32.1   30s
H 8098  2020                    109481.92746 108449.673  0.94%  32.1   30s
H 8099  2020                    109481.60321 108449.673  0.94%  32.1   30s
* 8104  2013              64    109477.72021 108449.673  0.94%  32.1   30s
H 8733  2206                    109421.29282 108566.454  0.78%  31.8   31s
H 9102  2314                    109419.23822 108594.254  0.75%  31.6   31s
H 9104  2301                    109415.13228 108594.288  0.75%  31.6   31s
* 9107  2291              70    109411.48840 108594.288  0.75%  31.6   31s
* 9598  2422              59    109410.09269 108599.791  0.74%  31.3   31s
H10778  2639                    109351.17100 108649.939  0.64%  31.1   33s
H10783  2622                    109345.50856 108649.939  0.64%  31.0   33s
H10786  2598                    109340.43984 108649.939  0.63%  31.0   33s
H11148  2726                    109337.26576 108666.285  0.61%  31.1   33s
H11152  2718                    109334.16884 108666.285  0.61%  31.1   33s
H11156  2718                    109333.73008 108666.285  0.61%  31.1   33s
*11158  2713              66    109332.60617 108666.285  0.61%  31.1   33s
 12871  3146 109004.913   30   31 109332.606 108700.162  0.58%  30.8   35s
H15299  3249                    109294.24230 108800.634  0.45%  30.4   37s
H15304  3245                    109293.09834 108800.634  0.45%  30.4   37s
H15311  3221                    109287.62342 108800.634  0.45%  30.4   37s
H15313  3211                    109284.88931 108800.634  0.44%  30.4   37s
H15314  3201                    109281.28859 108800.634  0.44%  30.4   37s
*15316  3191              69    109278.27026 108800.634  0.44%  30.4   37s
 19179  3274     cutoff   45      109278.270 108905.879  0.34%  29.6   40s

Cutting planes:
  Gomory: 1

Explored 21674 nodes (644015 simplex iterations) in 41.92 seconds (43.52 work units)
Thread count was 20 (of 80 available processors)

Solution count 10: 109278 109278 109333 ... 109559

Optimal solution found (tolerance 3.00e-03)
Best objective 1.092782702626e+05, best bound 1.089524326726e+05, gap 0.2982%

User-callback calls 48764, time in user-callback 0.02 sec
