
Gurobi 11.0.3 (linux64) logging started Mon 18 Nov 2024 07:30:08 PM CST

Set parameter LogFile to value "/home/dlcole3/graph_abstraction/hierarchical_graphs/git_storage/CS1/HP_low_reserves/gurobi_logs/serial/logfile_ST4_2.log"

Gurobi 11.0.3 (linux64) logging started Mon 18 Nov 2024 07:36:09 PM CST

Set parameter LogFile to value "/home/dlcole3/graph_abstraction/hierarchical_graphs/git_storage/CS1/HP_low_reserves/gurobi_logs/serial/logfile_ST4_2.log"
Gurobi Optimizer version 11.0.3 build v11.0.3rc0 (linux64 - "Ubuntu 18.04.3 LTS")

CPU model: Intel(R) Xeon(R) CPU E5-2698 v4 @ 2.20GHz, instruction set [SSE2|AVX|AVX2]
Thread count: 40 physical cores, 80 logical processors, using up to 20 threads

Optimize a model with 29168 rows, 50688 columns and 136175 nonzeros
Model fingerprint: 0x3ad00c98
Variable types: 46944 continuous, 3744 integer (3744 binary)
Coefficient statistics:
  Matrix range     [6e-01, 2e+04]
  Objective range  [2e+00, 2e+04]
  Bounds range     [5e-02, 2e+05]
  RHS range        [5e-02, 7e+03]
Presolve removed 13881 rows and 38620 columns
Presolve time: 0.37s
Presolved: 15287 rows, 12068 columns, 64995 nonzeros
Variable types: 9015 continuous, 3053 integer (3053 binary)
Found heuristic solution: objective 1898152.4348
Found heuristic solution: objective 1882905.1381

Root relaxation: objective 9.791071e+04, 8297 iterations, 0.47 seconds (0.39 work units)

    Nodes    |    Current Node    |     Objective Bounds      |     Work
 Expl Unexpl |  Obj  Depth IntInf | Incumbent    BestBd   Gap | It/Node Time

     0     0 97910.7147    0   46 1882905.14 97910.7147  94.8%     -    1s
H    0     0                    1882905.1375 97910.7147  94.8%     -    1s
H    0     0                    140232.91895 97910.7147  30.2%     -    1s
     0     0 97910.7147    0   46 140232.919 97910.7147  30.2%     -    1s
     0     2 97910.7147    0   46 140232.919 97910.7147  30.2%     -    2s
H   32    52                    104539.16442 97954.9064  6.30%  36.8    2s
H   99   112                    101806.75524 97954.9064  3.78%  44.9    3s
H  534   540                    99622.561239 97954.9064  1.67%  35.0    3s
H  639   524                    99622.441279 97954.9064  1.67%  32.0    4s
H  640   524                    99622.321323 97954.9064  1.67%  31.9    4s
H  668   544                    99610.947167 97954.9064  1.66%  33.0    4s
H  701   558                    99607.572385 97954.9064  1.66%  32.6    4s
H  737   573                    99607.476071 97954.9064  1.66%  32.7    4s
*  740   573              43    99607.461691 97954.9064  1.66%  32.6    4s
   846   591 99592.4695   16   21 99607.4617 97954.9064  1.66%  32.9    7s
H  850   591                    99536.579503 97954.9064  1.59%  32.8    7s
H  865   591                    99536.579460 97954.9064  1.59%  32.6    7s
   880   597     cutoff   17      99536.5795 97961.4156  1.58%  32.9   12s
H  882   597                    99536.579447 97961.4156  1.58%  32.8   12s
H  888   597                    99536.579076 97983.6368  1.56%  33.0   12s
H  897   597                    99536.578657 97983.6368  1.56%  33.0   12s
H 1954   912                    99536.578642 98015.1712  1.53%  31.3   14s
  1982   945     cutoff   14      99536.5786 98078.2263  1.47%  31.4   15s
  3842  1337 99224.4618   23   31 99536.5786 98384.7246  1.16%  30.1   20s
H 3939  1309                    99536.578523 98384.7246  1.16%  32.2   22s
H 3949  1242                    99536.578503 98384.7246  1.16%  32.3   22s
H 4176  1217                    99536.578028 98384.7246  1.16%  32.6   24s
H 4196  1165                    99536.577850 98384.7246  1.16%  32.6   24s
H 4213  1105                    99536.576535 98384.7246  1.16%  32.6   24s
  4457  1140     cutoff   23      99536.5765 98384.7246  1.16%  31.9   25s
H 5306  1106                    99536.576505 98444.7546  1.10%  29.6   27s
H 5315  1053                    99536.576485 98444.7546  1.10%  29.6   27s
H 5320  1005                    99536.576464 98444.7546  1.10%  29.6   27s
H 5325   959                    99536.576392 98444.7546  1.10%  29.6   27s
H 6712  1146                    99536.576162 98720.3162  0.82%  26.6   28s
  8928  2273 99415.7571   44   10 99536.5762 99180.5754  0.36%  22.6   30s

Explored 11371 nodes (229613 simplex iterations) in 31.25 seconds (29.57 work units)
Thread count was 20 (of 80 available processors)

Solution count 10: 99536.6 99536.6 99536.6 ... 1.88291e+06

Optimal solution found (tolerance 3.00e-03)
Best objective 9.953657591516e+04, best bound 9.924546629432e+04, gap 0.2925%

User-callback calls 29223, time in user-callback 0.01 sec
