
Gurobi 11.0.3 (linux64) logging started Mon 18 Nov 2024 11:34:32 PM CST

Set parameter LogFile to value "/home/dlcole3/graph_abstraction/hierarchical_graphs/git_storage/CS1/HP_low_reserves/gurobi_logs/serial/logfile_ST22_4.log"

Gurobi 11.0.3 (linux64) logging started Mon 18 Nov 2024 11:38:32 PM CST

Set parameter LogFile to value "/home/dlcole3/graph_abstraction/hierarchical_graphs/git_storage/CS1/HP_low_reserves/gurobi_logs/serial/logfile_ST22_4.log"
Gurobi Optimizer version 11.0.3 build v11.0.3rc0 (linux64 - "Ubuntu 18.04.3 LTS")

CPU model: Intel(R) Xeon(R) CPU E5-2698 v4 @ 2.20GHz, instruction set [SSE2|AVX|AVX2]
Thread count: 40 physical cores, 80 logical processors, using up to 20 threads

Optimize a model with 29168 rows, 50688 columns and 136175 nonzeros
Model fingerprint: 0x31d57a4b
Variable types: 46944 continuous, 3744 integer (3744 binary)
Coefficient statistics:
  Matrix range     [6e-01, 2e+04]
  Objective range  [2e+00, 2e+04]
  Bounds range     [5e-02, 2e+05]
  RHS range        [5e-02, 7e+03]
Presolve removed 14222 rows and 38606 columns
Presolve time: 0.36s
Presolved: 14946 rows, 12082 columns, 63816 nonzeros
Variable types: 9057 continuous, 3025 integer (3025 binary)
Found heuristic solution: objective 4885038.6948
Found heuristic solution: objective 4281240.8126

Root relaxation: objective 1.332121e+05, 8296 iterations, 0.40 seconds (0.29 work units)

    Nodes    |    Current Node    |     Objective Bounds      |     Work
 Expl Unexpl |  Obj  Depth IntInf | Incumbent    BestBd   Gap | It/Node Time

     0     0 133212.112    0   45 4281240.81 133212.112  96.9%     -    1s
H    0     0                    202398.74708 133452.395  34.1%     -    2s
     0     0 133452.395    0   76 202398.747 133452.395  34.1%     -    2s
H    0     0                    140328.10036 133452.395  4.90%     -    2s
     0     0 133577.896    0   90 140328.100 133577.896  4.81%     -    2s
     0     0 133653.933    0   85 140328.100 133653.933  4.76%     -    2s
     0     0 133946.403    0   87 140328.100 133946.403  4.55%     -    2s
     0     0 133946.403    0   87 140328.100 133946.403  4.55%     -    2s
     0     0 133946.403    0   93 140328.100 133946.403  4.55%     -    2s
     0     0 133946.403    0   86 140328.100 133946.403  4.55%     -    3s
     0     2 133946.403    0   85 140328.100 133946.403  4.55%     -    3s
    29    44 134448.296    5   76 140328.100 133946.403  4.55%   187    5s
H  157   169                    140160.96739 133946.907  4.43%  83.4    6s
H  173   169                    139378.79077 133946.907  3.90%  86.3    6s
H  207   212                    137302.80012 133946.907  2.44%  80.5   11s
H  208   212                    137177.10031 133946.907  2.35%  80.2   11s
H  217   212                    137005.69362 133946.907  2.23%  78.8   11s
H  506   405                    136893.30232 133946.907  2.15%  55.9   14s
H  507   405                    136883.80425 133946.907  2.15%  55.8   14s
H  518   405                    136876.68778 133946.907  2.14%  55.4   14s
H  520   405                    136864.60580 133946.907  2.13%  55.4   14s
H  525   405                    136857.72268 133946.907  2.13%  55.1   14s
   699   557 135206.684   25   62 136857.723 133946.907  2.13%  51.4   15s
* 1691  1158              97    136734.75384 133946.907  2.04%  38.5   17s
  2800  1851 134709.894   14  113 136734.754 133946.966  2.04%  38.2   20s
H 3146  1627                    136429.84993 133960.988  1.81%  38.6   25s
  3153  1606 134614.637   10  122 136429.850 133960.988  1.81%  38.5   30s
  3184  1623 135063.750   16   47 136429.850 134198.535  1.64%  42.7   35s
H 3185  1541                    136408.58010 134198.535  1.62%  42.7   35s
H 3307  1479                    136408.50650 134208.384  1.61%  45.0   37s
  3545  1521 136176.674   35   30 136408.507 134208.384  1.61%  47.0   44s
  3620  1546 134518.139   25   90 136408.507 134208.384  1.61%  47.4   45s
H 3988  1499                    136405.19683 134208.384  1.61%  48.7   48s
H 3989  1428                    136390.38003 134208.384  1.60%  48.7   48s
  4360  1540 135251.852   51   68 136390.380 134208.384  1.60%  48.4   50s
H 5128  1614                    136378.95823 134263.717  1.55%  48.1   55s
H 5132  1549                    136340.10453 134263.717  1.52%  48.1   55s
H 5137  1489                    136328.20495 134263.717  1.51%  48.2   55s
H 5142  1431                    136307.60218 134263.717  1.50%  48.2   55s
H 5181  1364                    136306.58112 134263.717  1.50%  48.3   55s
* 6893  1981             108    136260.70182 134794.381  1.08%  48.0   59s
  7418  2283 135826.536   24   55 136260.702 134831.463  1.05%  47.2   60s
* 7483  2231              90    136245.40839 134831.463  1.04%  47.3   60s
H 8628  2798                    136212.87808 134856.907  1.00%  46.2   61s
* 8992  2944             128    136205.28300 134856.907  0.99%  46.0   62s
*10103  3316              97    136205.08307 134876.459  0.98%  45.6   63s
 11144  3813 136003.462   63   34 136205.083 134953.976  0.92%  44.6   65s
H11762  4052                    136200.65701 134979.191  0.90%  44.5   65s
*12128  4080             106    136198.09636 134979.191  0.89%  44.5   66s
 13622  4938 135365.235   33   80 136198.096 135075.389  0.82%  44.6   71s
 16040  6375 135243.093   47   49 136198.096 135140.262  0.78%  44.5   75s
H16877  6439                    136177.40453 135172.096  0.74%  44.4   76s
*16891  6437             108    136177.24214 135172.096  0.74%  44.4   76s
*16895  6437             107    136176.97679 135172.096  0.74%  44.4   76s
*18523  7224             106    136176.87686 135196.452  0.72%  43.5   78s
*18531  7190             111    136175.16908 135196.452  0.72%  43.5   78s
*18532  7189             111    136174.98231 135196.452  0.72%  43.5   78s
*19253  7188             102    136174.88231 135211.097  0.71%  43.0   78s
 20291  7428 135702.268   46   54 136174.882 135226.540  0.70%  43.0   80s
H20395  7417                    136174.86125 135230.649  0.69%  43.1   81s
 23068  8390 136025.976   51   52 136174.861 135280.817  0.66%  42.6   86s
 27105  9021 135485.131   56   53 136174.861 135330.033  0.62%  41.9   90s
 31325  9994 135657.254   59   86 136174.861 135405.016  0.57%  41.4   96s
 34704 10801 136127.192   50   45 136174.861 135451.464  0.53%  40.9  104s
 34736 11051 136144.645   51   61 136174.861 135452.690  0.53%  40.9  105s
 38970 11692 135575.559   34   71 136174.861 135479.708  0.51%  40.8  110s
 44098 12954     cutoff   62      136174.861 135541.354  0.47%  40.6  116s
 45952 13097 135735.699   40   68 136174.861 135561.218  0.45%  40.4  148s
 48677 13007     cutoff   55      136174.861 135592.090  0.43%  40.4  150s
 51971 13650     cutoff   52      136174.861 135629.468  0.40%  40.4  155s
 56571 13705     cutoff   53      136174.861 135665.210  0.37%  40.1  160s
 61435 13297     cutoff   64      136174.861 135702.757  0.35%  40.1  165s
 65587 13016 135839.782   50   33 136174.861 135734.560  0.32%  40.1  171s

Cutting planes:
  Gomory: 59
  MIR: 27
  Flow cover: 7

Explored 70464 nodes (2824793 simplex iterations) in 174.93 seconds (163.84 work units)
Thread count was 20 (of 80 available processors)

Solution count 10: 136175 136175 136175 ... 136198

Optimal solution found (tolerance 3.00e-03)
Best objective 1.361748617158e+05, best bound 1.357733470961e+05, gap 0.2949%

User-callback calls 171633, time in user-callback 0.36 sec
