
Gurobi 11.0.3 (linux64) logging started Mon 18 Nov 2024 07:53:57 PM CST

Set parameter LogFile to value "/home/dlcole3/graph_abstraction/hierarchical_graphs/git_storage/CS1/HP_low_reserves/gurobi_logs/serial/logfile_ST6_3.log"

Gurobi 11.0.3 (linux64) logging started Mon 18 Nov 2024 07:55:44 PM CST

Set parameter LogFile to value "/home/dlcole3/graph_abstraction/hierarchical_graphs/git_storage/CS1/HP_low_reserves/gurobi_logs/serial/logfile_ST6_3.log"
Gurobi Optimizer version 11.0.3 build v11.0.3rc0 (linux64 - "Ubuntu 18.04.3 LTS")

CPU model: Intel(R) Xeon(R) CPU E5-2698 v4 @ 2.20GHz, instruction set [SSE2|AVX|AVX2]
Thread count: 40 physical cores, 80 logical processors, using up to 20 threads

Optimize a model with 29168 rows, 50688 columns and 136175 nonzeros
Model fingerprint: 0x985cec56
Variable types: 46944 continuous, 3744 integer (3744 binary)
Coefficient statistics:
  Matrix range     [6e-01, 2e+04]
  Objective range  [2e+00, 2e+04]
  Bounds range     [5e-02, 2e+05]
  RHS range        [5e-02, 7e+03]
Presolve removed 14364 rows and 38724 columns
Presolve time: 0.34s
Presolved: 14804 rows, 11964 columns, 62838 nonzeros
Variable types: 9020 continuous, 2944 integer (2944 binary)
Found heuristic solution: objective 175415.42381
Found heuristic solution: objective 169322.11878

Root relaxation: objective 3.897006e+04, 8337 iterations, 0.41 seconds (0.31 work units)

    Nodes    |    Current Node    |     Objective Bounds      |     Work
 Expl Unexpl |  Obj  Depth IntInf | Incumbent    BestBd   Gap | It/Node Time

     0     0 38970.0556    0   26 169322.119 38970.0556  77.0%     -    1s
H    0     0                    53079.093466 38970.0556  26.6%     -    1s
     0     0 38975.8961    0   28 53079.0935 38975.8961  26.6%     -    1s
     0     0 39096.5034    0   31 53079.0935 39096.5034  26.3%     -    2s
H    0     0                    44855.088718 39184.1089  12.6%     -    2s
     0     0 39184.1089    0   42 44855.0887 39184.1089  12.6%     -    2s
     0     0 39184.1089    0   42 44855.0887 39184.1089  12.6%     -    2s
     0     2 39184.1089    0   42 44855.0887 39184.1089  12.6%     -    2s
H   36    48                    41879.243927 39639.4819  5.35%  90.5    3s
H   38    48                    41879.182943 39639.4819  5.35%  85.9    3s
H   96    88                    41879.182934 39639.4819  5.35%  57.0    4s
H   99    88                    41879.182930 39639.4819  5.35%  55.8    4s
H  100    88                    41879.182820 39639.4819  5.35%  56.0    4s
H  244   229                    40751.380140 39639.4819  2.73%  28.3    8s
H  246   229                    40492.796240 39639.4819  2.11%  28.1    8s
H  248   229                    40415.666879 39639.4819  1.92%  28.4    8s
H  259   229                    40390.168808 39639.4819  1.86%  27.6    8s
H  273   208                    40390.168803 39639.4819  1.86%  26.7    8s
H  284   208                    40390.168792 39639.4819  1.86%  25.8    8s
H  300   208                    40390.168786 39639.4819  1.86%  24.9    8s
H  458   305                    40345.434439 39639.4819  1.75%  21.1    9s
H  503   324                    40321.552896 39639.4819  1.69%  20.6    9s
*  504   324              28    40321.524011 39639.4819  1.69%  20.6    9s
H  637   378                    40315.827747 39639.4819  1.68%  18.3    9s
H  638   378                    40314.899812 39639.4819  1.68%  18.2    9s
   991   605 39639.4819    7   14 40314.8998 39639.4819  1.68%  14.9   10s
H 1520   865                    40303.457637 39639.4819  1.65%  13.3   10s
* 1521   865              34    40301.968812 39639.4819  1.64%  13.3   10s
H 2246  1142                    40301.968807 39639.5271  1.64%  12.5   11s
H 3231  1706                    40301.918316 39647.9326  1.62%  11.6   13s
H 3233  1622                    40301.918278 39647.9326  1.62%  11.6   14s
  3234  1622 39972.1996   24   14 40301.9183 39647.9326  1.62%  11.6   15s
H 3284  1575                    40301.917883 39647.9326  1.62%  14.0   16s
H 3550  1575                    40301.917831 39647.9326  1.62%  14.0   18s
H 3656  1534                    40301.917815 39647.9326  1.62%  14.1   18s
H 3659  1464                    40301.917657 39647.9326  1.62%  14.1   18s
H 3669  1393                    40301.917570 39647.9326  1.62%  14.1   18s
  4421  1560 40263.5629   51   11 40301.9176 39647.9326  1.62%  14.7   20s
H 4619  1548                    40266.481689 39647.9326  1.54%  14.8   20s
H 4642  1481                    40192.356826 39647.9326  1.35%  14.8   20s
H 4687  1409                    40183.628240 39647.9326  1.33%  14.8   20s
H 4688  1355                    40183.305147 39647.9326  1.33%  14.8   20s
H 4962  1357                    40171.800240 39647.9326  1.30%  14.7   20s
H 5090  1343                    40169.962307 39647.9326  1.30%  14.7   20s
H 5091  1296                    40168.336819 39647.9326  1.30%  14.7   20s
H 5093  1252                    40168.115194 39647.9326  1.30%  14.7   20s
H 5638  1244                    40133.879658 39647.9326  1.21%  14.4   21s
* 5639  1244              72    40133.553373 39647.9326  1.21%  14.4   21s
H 6818  1844                    40130.021418 39647.9326  1.20%  13.7   22s
H 6819  1844                    40129.978307 39647.9326  1.20%  13.7   22s
H 7532  2305                    40129.978296 39647.9326  1.20%  13.1   23s
H 7533  2292                    40127.251311 39647.9326  1.19%  13.1   23s
H 7549  2290                    40126.414297 39647.9326  1.19%  13.1   23s
 10740  4680     cutoff   53      40126.4143 39647.9326  1.19%  11.9   25s
H17073  8434                    40126.414252 39648.4832  1.19%  10.9   29s
H17131  8434                    40126.413749 39648.6682  1.19%  10.9   29s
H17147  8434                    40126.413730 39648.6682  1.19%  10.9   29s
 18097  9463 39751.0130   54    4 40126.4137 39649.1624  1.19%  10.8   30s
 28240 15310 39900.8981   53    6 40126.4137 39656.6985  1.17%  10.3   35s
H31133 16097                    40123.551673 39657.9718  1.16%  10.2   37s
H33159 17464                    40123.551668 39658.4693  1.16%  10.1   39s
 33676 18737 39673.0144   64    1 40123.5517 39658.8450  1.16%  10.1   40s
 44659 23673 39756.5025   40    4 40123.5517 39661.9566  1.15%   9.7   45s
H46013 23673                    40123.551639 39662.2686  1.15%   9.6   45s
 46488 25134     cutoff   52      40123.5516 39662.2796  1.15%   9.6   59s
 49687 26396 39807.3762   50    2 40123.5516 39662.8209  1.15%   9.5   60s
 60004 30486 39823.4879   42    6 40123.5516 39665.3871  1.14%   9.4   65s
H60395 30486                    40123.551611 39665.5611  1.14%   9.4   65s
 67587 32912     cutoff   47      40123.5516 39667.2293  1.14%   9.4   70s
H70277 33283                    40123.551405 39668.0771  1.14%   9.4   72s
 71427 33978 39763.5975   42   11 40123.5514 39668.5363  1.13%   9.4   76s
H77442 35879                    40123.551240 39669.6187  1.13%   9.4   79s
 79402 37204 39733.8019   37    8 40123.5512 39671.3507  1.13%   9.5   81s
 87030 39392 40058.6158   51   16 40123.5512 39673.3481  1.12%   9.6   85s
H87753 39392                    40123.551174 39673.4331  1.12%   9.6   85s
H88182 39392                    40123.551048 39673.4480  1.12%   9.6   85s
 96404 42160 39677.0042   30   10 40123.5510 39676.4119  1.11%   9.6   90s
H99228 42763                    40123.550462 39677.0765  1.11%   9.6   92s
 104491 44581     cutoff   52      40123.5505 39678.5379  1.11%   9.6   95s
 113532 47303 39885.8362   41   23 40123.5505 39681.3117  1.10%   9.6  100s
H114195 47303                    40123.550067 39681.3723  1.10%   9.6  100s
H114681 47303                    40123.549240 39681.3785  1.10%   9.6  100s
 122701 50277     cutoff   41      40123.5492 39683.5582  1.10%   9.6  105s
H127414 50934                    40123.549234 39684.4536  1.09%   9.6  107s
 131454 52964     cutoff   47      40123.5492 39685.4731  1.09%   9.6  110s
 141559 55313 39769.6967   61    3 40123.5492 39687.2773  1.09%   9.6  116s
 148192 57341 39788.3229   45   11 40123.5492 39688.6628  1.08%   9.6  120s
 158477 60287 39808.7067   49   13 40123.5492 39691.6514  1.08%   9.5  125s
 168533 62812 39694.0830   51    7 40123.5492 39693.4705  1.07%   9.5  130s
 181409 65773     cutoff   47      40123.5492 39696.7088  1.06%   9.5  136s
 190998 68161     cutoff   38      40123.5492 39699.1218  1.06%   9.4  141s
 200778 70708 39752.3808   40   12 40123.5492 39701.4124  1.05%   9.4  146s
 210052 73182     cutoff   46      40123.5492 39703.2308  1.05%   9.4  150s
 218332 76387 39770.0280   43    8 40123.5492 39705.3858  1.04%   9.3  158s
 228899 78403 39852.5386   41    7 40123.5492 39708.2704  1.04%   9.3  161s
 239358 81464     cutoff   51      40123.5492 39710.2072  1.03%   9.3  166s
 249195 84565 39762.9805   37    8 40123.5492 39712.7977  1.02%   9.3  171s
 258556 87572 39713.8489   40   17 40123.5492 39713.6771  1.02%   9.3  175s
 268187 90556     cutoff   53      40123.5492 39715.0138  1.02%   9.3  180s
 280954 94478 39778.9838   43    8 40123.5492 39717.7888  1.01%   9.3  186s
 290524 97003     cutoff   55      40123.5492 39719.4310  1.01%   9.2  191s
H291372 97003                    40123.549211 39719.6694  1.01%   9.2  191s
 293437 99248 39771.6384   35   12 40123.5492 39720.0236  1.01%   9.2  197s
 303616 101518 40022.2986   52    2 40123.5492 39721.5930  1.00%   9.2  201s
 314395 104307 39927.1527   50    2 40123.5492 39723.4565  1.00%   9.2  206s
 324075 106627 39993.4324   50    6 40123.5492 39725.4577  0.99%   9.2  210s
 333432 109174 39882.0111   48    8 40123.5492 39727.2563  0.99%   9.2  215s
 343267 111762     cutoff   48      40123.5492 39729.0253  0.98%   9.2  220s
 355568 114645     cutoff   48      40123.5492 39731.6809  0.98%   9.2  226s
 364968 117089 39783.5040   42   12 40123.5492 39733.3827  0.97%   9.1  230s
 374512 119594 40032.2200   52   12 40123.5492 39735.0492  0.97%   9.1  235s
 377880 120525 39741.9327   37   13 40123.5492 39735.3004  0.97%   9.1  240s
 387650 122074     cutoff   45      40123.5492 39737.3543  0.96%   9.1  245s
H387993 121761                    40115.437198 39737.4428  0.94%   9.1  245s
H392461 122904                    40113.420973 39738.3311  0.94%   9.1  249s
H392592 122805                    40111.389569 39738.3647  0.93%   9.1  249s
H392864 122805                    40111.389537 39738.4224  0.93%   9.1  249s
H393137 122805                    40111.389503 39738.4625  0.93%   9.1  249s
H393406 122805                    40111.389499 39738.5092  0.93%   9.1  249s
H394254 122805                    40111.389494 39738.6864  0.93%   9.1  249s
 394851 123648 39804.6693   41   12 40111.3895 39739.1032  0.93%   9.1  250s
H399355 124333                    40111.389483 39739.8134  0.93%   9.1  252s
H403647 124765                    40111.389465 39740.6067  0.92%   9.1  253s
 404096 125525 39757.9901   37   11 40111.3895 39741.1329  0.92%   9.1  255s
H410062 126138                    40111.389330 39742.1315  0.92%   9.1  257s
 413964 127468 39887.7449   43   14 40111.3893 39743.1401  0.92%   9.1  260s
H415912 127468                    40111.389189 39743.3664  0.92%   9.1  260s
H416040 127468                    40111.388989 39743.3979  0.92%   9.1  260s
H418525 128057                    40111.388963 39744.0027  0.92%   9.1  262s
 423402 129120     cutoff   53      40111.3890 39745.3836  0.91%   9.1  265s
 436902 131763 39905.7631   41    6 40111.3890 39748.3178  0.91%   9.1  271s
 446664 133006 39786.9583   36    5 40111.3890 39750.3078  0.90%   9.1  276s
 456232 134536 39896.5458   40    7 40111.3890 39752.1274  0.90%   9.1  280s
 465982 135724     cutoff   58      40111.3890 39753.4917  0.89%   9.1  285s
 475559 137172     cutoff   51      40111.3890 39755.4183  0.89%   9.0  290s
 485301 138556 40096.1246   47   13 40111.3890 39757.6583  0.88%   9.0  295s
 490510 138856     cutoff   45      40111.3890 39758.2588  0.88%   9.0  300s
H490535 138645                    40108.300366 39758.2588  0.87%   9.0  300s

Cutting planes:
  Gomory: 3

Explored 490927 nodes (4442543 simplex iterations) in 300.15 seconds (281.18 work units)
Thread count was 20 (of 80 available processors)

Solution count 10: 40108.3 40111.4 40123.5 ... 40168.1

Time limit reached
Best objective 4.010830036621e+04, best bound 3.975829455726e+04, gap 0.8727%

User-callback calls 1005899, time in user-callback 0.42 sec
