
Gurobi 11.0.3 (linux64) logging started Tue 19 Nov 2024 12:30:04 AM CST

Set parameter LogFile to value "/home/dlcole3/graph_abstraction/hierarchical_graphs/git_storage/CS1/HP_low_reserves/gurobi_logs/serial/logfile_ST26_3.log"

Gurobi 11.0.3 (linux64) logging started Tue 19 Nov 2024 12:33:43 AM CST

Set parameter LogFile to value "/home/dlcole3/graph_abstraction/hierarchical_graphs/git_storage/CS1/HP_low_reserves/gurobi_logs/serial/logfile_ST26_3.log"
Gurobi Optimizer version 11.0.3 build v11.0.3rc0 (linux64 - "Ubuntu 18.04.3 LTS")

CPU model: Intel(R) Xeon(R) CPU E5-2698 v4 @ 2.20GHz, instruction set [SSE2|AVX|AVX2]
Thread count: 40 physical cores, 80 logical processors, using up to 20 threads

Optimize a model with 29168 rows, 50688 columns and 136175 nonzeros
Model fingerprint: 0x5f05d183
Variable types: 46944 continuous, 3744 integer (3744 binary)
Coefficient statistics:
  Matrix range     [6e-01, 2e+04]
  Objective range  [2e+00, 2e+04]
  Bounds range     [5e-02, 2e+05]
  RHS range        [4e-03, 7e+03]
Presolve removed 14214 rows and 38545 columns
Presolve time: 0.38s
Presolved: 14954 rows, 12143 columns, 64351 nonzeros
Variable types: 9055 continuous, 3088 integer (3088 binary)
Found heuristic solution: objective 6380335.1682
Found heuristic solution: objective 6037549.8265
Found heuristic solution: objective 5486322.8284

Root relaxation: objective 1.995495e+05, 7636 iterations, 0.36 seconds (0.26 work units)

    Nodes    |    Current Node    |     Objective Bounds      |     Work
 Expl Unexpl |  Obj  Depth IntInf | Incumbent    BestBd   Gap | It/Node Time

     0     0 199549.458    0   54 5486322.83 199549.458  96.4%     -    1s
H    0     0                    368552.39163 199549.458  45.9%     -    1s
H    0     0                    284766.59965 199596.901  29.9%     -    1s
     0     0 199596.901    0   56 284766.600 199596.901  29.9%     -    1s
     0     0 199665.506    0   66 284766.600 199665.506  29.9%     -    2s
     0     0 199735.653    0   82 284766.600 199735.653  29.9%     -    2s
     0     0 199735.653    0   82 284766.600 199735.653  29.9%     -    2s
     0     0 199735.653    0   82 284766.600 199735.653  29.9%     -    2s
H    0     0                    284766.59963 199735.653  29.9%     -    3s
H    0     2                    284766.59925 199735.653  29.9%     -    3s
     0     2 199735.653    0   81 284766.599 199735.653  29.9%     -    3s
H   31    52                    270356.83645 199795.092  26.1%   145    5s
H   32    52                    213515.74486 199795.092  6.43%   145    5s
H   37    52                    209553.94534 199795.092  4.66%   140    5s
H   42    52                    205624.32495 199795.092  2.83%   130    5s
H   43    52                    204338.91619 199795.092  2.22%   128    5s
H   91    72                    204219.14390 199800.702  2.16%  95.1    6s
H  103    72                    203053.69341 199800.702  1.60%  97.7    6s
H  158   123                    203029.06940 199800.702  1.59%   109    7s
H  159   123                    203016.75741 199800.702  1.58%   108    7s
H  168   123                    202755.54795 199800.702  1.46%   106    7s
   514   368 200201.952   12   76 202755.548 199861.235  1.43%  83.2   10s
   977   624 202415.334   23   41 202755.548 199861.235  1.43%  74.5   17s
H  982   624                    202294.10262 199861.235  1.20%  75.0   17s
H 1030   634                    202263.06698 199861.235  1.19%  75.1   21s
H 1035   634                    202001.53976 199861.235  1.06%  75.3   21s
H 1036   634                    201887.86715 199861.235  1.00%  75.4   21s
H 1300   804                    201793.43297 199861.235  0.96%  70.1   25s
H 2411  1173                    201786.27760 199900.093  0.93%  57.4   29s
H 2413  1172                    201785.82780 199900.093  0.93%  57.4   29s
  2857  1415     cutoff   53      201785.828 200195.346  0.79%  56.5   30s
H 3436  1594                    201785.82777 200255.826  0.76%  57.1   32s
  3686  1713 201775.985   73   33 201785.828 200277.080  0.75%  56.8   35s
  3843  1763 200514.812   27   35 201785.828 200277.080  0.75%  60.1   40s
H 3850  1675                    201785.82733 200277.080  0.75%  60.0   40s
H 3860  1589                    201785.82724 200277.080  0.75%  60.1   40s
H 4514  1608                    201785.82719 200277.080  0.75%  61.2   44s
  4753  1594 200527.698   26   56 201785.827 200277.080  0.75%  61.2   45s
  5617  1579 200546.871   39   52 201785.827 200277.080  0.75%  62.1   56s
H 5625  1503                    201776.60465 200277.080  0.74%  62.1   56s
H 5637  1429                    201702.39146 200277.080  0.71%  62.1   56s
H 6005  1370                    201701.63179 200277.080  0.71%  61.9   58s
H 6385  1306                    201674.83643 200277.080  0.69%  61.5   59s
* 6864  1189             131    201628.48788 200626.101  0.50%  60.8   59s
* 6872  1129             138    201628.33608 200626.101  0.50%  60.7   59s
  6903  1089     cutoff   33      201628.336 200663.729  0.48%  60.5   60s
H 8236  1366                    201625.41000 200887.565  0.37%  58.0   64s
H 8242  1362                    201625.09474 200887.565  0.37%  58.0   64s
H 8253  1359                    201624.84984 200887.565  0.37%  58.0   64s
H 8971  1553                    201610.70720 200952.018  0.33%  56.7   64s
  9001  1628 201507.409   52   31 201610.707 200961.406  0.32%  56.5   65s
*10037  1706             133    201590.81010 201030.061  0.28%  54.5   66s
H10038  1685                    201581.74915 201030.061  0.27%  54.5   66s
*10040  1685             135    201581.73474 201030.061  0.27%  54.5   66s

Cutting planes:
  Gomory: 5

Explored 10264 nodes (567362 simplex iterations) in 66.32 seconds (68.39 work units)
Thread count was 20 (of 80 available processors)

Solution count 10: 201582 201582 201591 ... 201702

Optimal solution found (tolerance 3.00e-03)
Best objective 2.015817347386e+05, best bound 2.010300606127e+05, gap 0.2737%

User-callback calls 35004, time in user-callback 0.03 sec
