
Gurobi 11.0.3 (linux64) logging started Mon 18 Nov 2024 09:52:43 PM CST

Set parameter LogFile to value "/home/dlcole3/graph_abstraction/hierarchical_graphs/git_storage/CS1/HP_low_reserves/gurobi_logs/serial/logfile_ST14_6.log"

Gurobi 11.0.3 (linux64) logging started Mon 18 Nov 2024 09:58:37 PM CST

Set parameter LogFile to value "/home/dlcole3/graph_abstraction/hierarchical_graphs/git_storage/CS1/HP_low_reserves/gurobi_logs/serial/logfile_ST14_6.log"
Gurobi Optimizer version 11.0.3 build v11.0.3rc0 (linux64 - "Ubuntu 18.04.3 LTS")

CPU model: Intel(R) Xeon(R) CPU E5-2698 v4 @ 2.20GHz, instruction set [SSE2|AVX|AVX2]
Thread count: 40 physical cores, 80 logical processors, using up to 20 threads

Optimize a model with 29168 rows, 50688 columns and 136175 nonzeros
Model fingerprint: 0x4d198344
Variable types: 46944 continuous, 3744 integer (3744 binary)
Coefficient statistics:
  Matrix range     [6e-01, 2e+04]
  Objective range  [2e+00, 2e+04]
  Bounds range     [5e-02, 2e+05]
  RHS range        [5e-02, 7e+03]
Presolve removed 14285 rows and 38619 columns
Presolve time: 0.35s
Presolved: 14883 rows, 12069 columns, 63861 nonzeros
Variable types: 9011 continuous, 3058 integer (3058 binary)
Found heuristic solution: objective 4112873.1140
Found heuristic solution: objective 3766297.9810
Found heuristic solution: objective 3092333.1236

Root relaxation: objective 1.307016e+05, 8024 iterations, 0.41 seconds (0.29 work units)

    Nodes    |    Current Node    |     Objective Bounds      |     Work
 Expl Unexpl |  Obj  Depth IntInf | Incumbent    BestBd   Gap | It/Node Time

     0     0 130701.622    0   49 3092333.12 130701.622  95.8%     -    1s
H    0     0                    166146.03193 130701.622  21.3%     -    1s
     0     0 130701.622    0   74 166146.032 130701.622  21.3%     -    1s
     0     0 130914.361    0   74 166146.032 130914.361  21.2%     -    2s
     0     0 130921.608    0   74 166146.032 130921.608  21.2%     -    2s
     0     2 130921.608    0   74 166146.032 130921.608  21.2%     -    2s
H   31    52                    166140.80767 130921.608  21.2%   119    4s
H   34    52                    166113.82081 130921.608  21.2%   126    4s
H   40    52                    143930.14518 130921.608  9.04%   120    4s
H  137   158                    143833.35133 130921.608  8.98%  72.0    5s
H  138   158                    143533.76967 130921.608  8.79%  71.7    5s
H  139   158                    137670.55600 130921.608  4.90%  71.8    5s
H  147   158                    137248.23388 130921.608  4.61%  69.5    5s
H  250   252                    136538.57149 130921.608  4.11%  62.8    9s
H  251   252                    134573.60423 130921.608  2.71%  62.8    9s
H  258   252                    133629.88254 130921.608  2.03%  62.7    9s
   367   278 131534.450    6   49 133629.883 130921.608  2.03%  57.7   10s
   975   612 132830.196   31   60 133629.883 130921.608  2.03%  59.6   17s
H  983   612                    133470.56139 130921.608  1.91%  59.3   17s
H 1566  1016                    133423.81066 130922.126  1.87%  53.9   19s
* 1567  1016              76    133423.53417 130922.126  1.87%  53.8   19s
* 1756  1125              85    133369.81643 130922.126  1.84%  50.9   19s
  2044  1168 131963.397   22   43 133369.816 130922.126  1.84%  48.2   20s
* 3254  1613              71    133327.43762 130984.247  1.76%  45.4   22s
H 3255  1595                    133318.36495 130984.247  1.75%  45.4   22s
* 3256  1595              72    133318.36224 130984.247  1.75%  45.4   22s
  3374  1594 132635.822   22   28 133318.362 130984.247  1.75%  45.8   25s
  3665  1639     cutoff   24      133318.362 131395.615  1.44%  50.2   30s
H 3685  1552                    133318.36223 131395.615  1.44%  50.2   30s
H 4429  1589                    133292.21585 131395.615  1.42%  50.7   32s
H 4554  1542                    133292.11965 131395.615  1.42%  50.3   32s
H 4555  1472                    133291.83960 131395.615  1.42%  50.3   32s
H 4556  1407                    133290.75821 131395.615  1.42%  50.3   32s
H 4786  1440                    133267.70460 131395.615  1.40%  49.3   32s
H 4791  1380                    133267.15160 131395.615  1.40%  49.3   32s
H 4940  1352                    133265.76911 131395.615  1.40%  48.7   32s
H 4942  1298                    133265.39640 131395.615  1.40%  48.7   32s
* 4943  1248              68    133264.31147 131395.615  1.40%  48.7   32s
H 5324  1309                    133135.50230 131395.615  1.31%  47.1   33s
H 5577  1185                    133135.08419 131395.615  1.31%  46.4   34s
H 5596  1135                    133134.67921 131395.615  1.31%  46.4   34s
H 5598  1094                    133134.52775 131395.615  1.31%  46.4   34s
H 6152  1151                    133096.78647 131486.362  1.21%  45.4   34s
* 6322  1104              93    133096.73767 131486.362  1.21%  45.2   34s
H 6327  1104                    133096.10497 131486.362  1.21%  45.1   34s
H 6328  1104                    133096.05617 131486.362  1.21%  45.1   34s
  6367  1160     cutoff   30      133096.056 131486.362  1.21%  45.1   35s
H 6808  1200                    133056.97671 131688.303  1.03%  44.1   35s
H 7041  1075                    133053.92868 131688.303  1.03%  43.9   35s
H 7042  1075                    133053.78995 131688.303  1.03%  43.9   35s
H 7043  1075                    133052.12945 131688.303  1.03%  43.9   35s
* 7044  1075              91    133052.11182 131688.303  1.03%  43.9   35s
* 7262  1110              97    133022.03957 131688.303  1.00%  43.9   35s
H 8042  1082                    133020.14251 132080.380  0.71%  42.9   36s
H 8043  1082                    133020.00379 132080.380  0.71%  42.9   36s
H 8044  1082                    133018.34328 132080.380  0.71%  42.9   36s
* 8047  1082              95    133018.32565 132080.380  0.71%  42.9   36s
H 9428  1103                    133018.11326 132598.294  0.32%  39.4   39s
 10644  2216 133016.113   81   17 133018.113 132770.715  0.19%  36.0   40s

Explored 11357 nodes (396880 simplex iterations) in 40.29 seconds (36.69 work units)
Thread count was 20 (of 80 available processors)

Solution count 10: 133018 133018 133020 ... 133135

Optimal solution found (tolerance 3.00e-03)
Best objective 1.330181132630e+05, best bound 1.327939409277e+05, gap 0.1685%

User-callback calls 33348, time in user-callback 0.03 sec
