
Gurobi 11.0.3 (linux64) logging started Tue 19 Nov 2024 01:39:12 AM CST

Set parameter LogFile to value "/home/dlcole3/graph_abstraction/hierarchical_graphs/git_storage/CS1/HP_low_reserves/gurobi_logs/serial/logfile_ST31_3.log"

Gurobi 11.0.3 (linux64) logging started Tue 19 Nov 2024 01:41:28 AM CST

Set parameter LogFile to value "/home/dlcole3/graph_abstraction/hierarchical_graphs/git_storage/CS1/HP_low_reserves/gurobi_logs/serial/logfile_ST31_3.log"
Gurobi Optimizer version 11.0.3 build v11.0.3rc0 (linux64 - "Ubuntu 18.04.3 LTS")

CPU model: Intel(R) Xeon(R) CPU E5-2698 v4 @ 2.20GHz, instruction set [SSE2|AVX|AVX2]
Thread count: 40 physical cores, 80 logical processors, using up to 20 threads

Optimize a model with 29168 rows, 50688 columns and 136175 nonzeros
Model fingerprint: 0xada60b7f
Variable types: 46944 continuous, 3744 integer (3744 binary)
Coefficient statistics:
  Matrix range     [6e-01, 2e+04]
  Objective range  [2e+00, 2e+04]
  Bounds range     [5e-02, 2e+05]
  RHS range        [3e-02, 7e+03]
Presolve removed 14273 rows and 38608 columns
Presolve time: 0.42s
Presolved: 14895 rows, 12080 columns, 63722 nonzeros
Variable types: 9053 continuous, 3027 integer (3027 binary)
Found heuristic solution: objective 319059.66771
Found heuristic solution: objective 278568.66852

Root relaxation: objective 5.196497e+04, 8532 iterations, 0.52 seconds (0.41 work units)

    Nodes    |    Current Node    |     Objective Bounds      |     Work
 Expl Unexpl |  Obj  Depth IntInf | Incumbent    BestBd   Gap | It/Node Time

     0     0 51964.9719    0   18 278568.669 51964.9719  81.3%     -    1s
H    0     0                    82513.792100 51964.9719  37.0%     -    2s
     0     0 51964.9758    0   19 82513.7921 51964.9758  37.0%     -    2s
H    0     0                    82513.144100 51964.9842  37.0%     -    2s
     0     0 51964.9842    0   19 82513.1441 51964.9842  37.0%     -    2s
     0     2 51964.9842    0   19 82513.1441 51964.9842  37.0%     -    2s
H   32    52                    73375.246882 52103.1470  29.0%   192    4s
H   34    52                    56735.165796 52103.1470  8.16%   190    4s
H   43    52                    56099.718559 52103.1470  7.12%   172    4s
    91    87 52133.4505    7   16 56099.7186 52117.3536  7.10%   138    5s
H   92    87                    56099.718541 52117.3536  7.10%   137    5s
H  108    87                    55985.665853 52117.3536  6.91%   124    5s
H  108    87                    55973.397728 52117.3536  6.89%   124    5s
H  142   131                    55958.511375 52117.3536  6.86%   113    5s
H  151   131                    55851.621656 52117.3536  6.69%   108    5s
H  162   151                    55476.318360 52117.3536  6.05%   106    5s
H  224   197                    55253.382925 52117.3536  5.68%  86.8    6s
H  298   216                    54334.758147 52117.3536  4.08%  73.3    9s
   372   252 52665.2621   14   22 54334.7581 52117.3536  4.08%  64.6   10s
   685   492 52873.3221   27   22 54334.7581 52117.3536  4.08%  50.5   15s
H  700   492                    53942.604756 52117.3536  3.38%  50.2   15s
H 1738  1152                    53775.566385 52129.6796  3.06%  30.9   17s
H 2143  1246                    53698.767905 52129.6796  2.92%  29.5   18s
H 2281  1336                    53681.830458 52129.6796  2.89%  29.4   18s
H 2920  1689                    53675.136464 52129.6796  2.88%  27.7   20s
  3063  1728 52224.8999   28   16 53675.1365 52129.6796  2.88%  32.0   25s
H 3354  1742                    53530.241814 52129.6796  2.62%  31.5   27s
H 3355  1660                    53527.681164 52129.6796  2.61%  31.5   27s
H 3489  1631                    53527.681152 52129.6796  2.61%  30.9   27s
H 3506  1552                    53527.681144 52129.6796  2.61%  30.8   27s
  4581  1951     cutoff   51      53527.6811 52129.6796  2.61%  27.5   30s
H 4583  1864                    53393.861143 52129.6796  2.37%  27.5   30s
* 5808  1799             112    53336.576319 52129.6796  2.26%  25.2   31s
H 7516  2363                    53330.195312 52129.6796  2.25%  22.8   32s
H 7537  2352                    53326.631314 52129.6796  2.24%  22.9   32s
 10801  4480     cutoff   69      53326.6313 52240.0376  2.04%  20.0   35s
H14352  6600                    53326.157826 52283.8996  1.95%  17.9   36s
H14359  6594                    53325.352262 52283.8996  1.95%  17.9   36s
*14360  6591             115    53325.210120 52283.8996  1.95%  17.9   36s
*14362  6590             117    53325.081544 52283.8996  1.95%  17.9   36s
H15616  7188                    53325.081459 52297.9551  1.93%  17.3   38s
 18698  9460 53225.0444   96    1 53325.0815 52312.9947  1.90%  16.1   40s
H26738 14141                    53321.691849 52332.0263  1.86%  14.3   44s
*27733 13857             100    53298.718392 52333.0893  1.81%  14.1   44s
*28014 13760             131    53295.628172 52333.0893  1.81%  14.1   44s
H28642 13705                    53293.694976 52333.0893  1.80%  14.0   44s
*28645 13684             121    53292.875998 52333.0893  1.80%  14.0   44s
 28661 14086 52333.0893   33   11 53292.8760 52333.0893  1.80%  14.0   45s
*28908 14064             132    53292.089523 52335.2317  1.80%  14.1   45s
*29007 14046             136    53291.347847 52335.2317  1.79%  14.1   45s
*29046 13643             130    53279.443997 52335.2317  1.77%  14.1   45s
*29052 13554             129    53276.581922 52335.2317  1.77%  14.1   45s
*36570 16891             114    53267.912856 52345.4881  1.73%  13.3   48s
 38385 17723 53205.3730   63    9 53267.9129 52347.5777  1.73%  13.1   50s
*43569 17275             113    53213.822243 52353.5817  1.62%  12.8   53s
H47526 18970                    53211.443205 52357.1477  1.61%  12.6   65s
H47621 18057                    53211.443150 52357.1477  1.61%  12.8   69s
 47688 18075 52357.1477   44   25 53211.4431 52357.1477  1.61%  12.8   70s
H47918 17197                    53202.856983 52357.1477  1.59%  12.8   72s
H47920 16340                    53176.786143 52357.1477  1.54%  12.8   72s
H47926 15525                    53176.786134 52357.1477  1.54%  12.8   72s
H48089 14765                    53176.786125 52357.1477  1.54%  12.8   73s
H48099 14027                    53176.786094 52357.1477  1.54%  12.8   73s
H48100 13330                    53176.786083 52357.1477  1.54%  12.8   73s
H48101 12668                    53176.786048 52357.1477  1.54%  12.8   73s
H48105 12036                    53176.786005 52357.1477  1.54%  12.8   73s
 49058 12172 52753.6349   56   27 53176.7860 52357.1477  1.54%  12.9   75s
H49249 11527                    53168.355496 52357.1477  1.53%  12.9   76s
 53854 11499 52932.1880   44   26 53168.3555 52468.3074  1.32%  13.2   80s
H55587 10651                    53168.355461 52549.7253  1.16%  13.3   81s
H56540  9918                    53166.427299 52644.2870  0.98%  13.4   81s
*56677  9460              86    53165.994266 52663.3302  0.95%  13.4   82s
 59847  9104     cutoff   57      53165.9943 52757.2049  0.77%  13.3   85s
H59856  8614                    53165.994215 52757.2049  0.77%  13.3   85s
H59866  8148                    53165.994111 52757.2049  0.77%  13.3   85s
H59877  7705                    53165.994060 52757.2049  0.77%  13.3   85s
 69740  8440 53132.4538   76   15 53165.9941 52790.4303  0.71%  12.9   90s
H73981  8488                    53158.660891 52798.5407  0.68%  12.7   93s
H73991  8444                    53156.918892 52798.5407  0.67%  12.7   93s
 77180 10474 52814.2472   80   13 53156.9189 52802.8105  0.67%  12.4   95s
 88852 15924 52933.6038   86   20 53156.9189 52809.9418  0.65%  11.7  100s
 100572 21528     cutoff  103      53156.9189 52814.4357  0.64%  11.1  105s
H103769 21925                    53156.918103 52815.6009  0.64%  10.9  107s
H105017 22757                    53156.917438 52815.8544  0.64%  10.9  108s
 106595 24377 52888.4664   79   15 53156.9174 52816.1286  0.64%  10.8  110s
 120774 31144 53004.1293   80   24 53156.9174 52819.4305  0.63%  10.2  116s
 135673 37006 52877.2756   89    2 53156.9174 52822.0400  0.63%   9.7  120s
H146119 39920                    53149.243937 52823.1069  0.61%   9.4  124s
 146333 42960 52828.2494   94    2 53149.2439 52823.1431  0.61%   9.4  127s
 157325 46133 52836.6107   89    2 53149.2439 52824.4093  0.61%   9.2  130s
 172466 52083 52969.8335  106    1 53149.2439 52826.0342  0.61%   8.9  135s
 188277 58766 52970.6829   80   18 53149.2439 52827.5551  0.61%   8.6  141s
H199219 62337                    53149.243921 52828.4158  0.60%   8.4  145s
H200989 62380                    53149.243036 52828.5477  0.60%   8.4  147s
H201084 62120                    53147.065242 52828.5477  0.60%   8.4  147s
 207748 66974     cutoff   87      53147.0652 52829.0976  0.60%   8.3  150s
 219347 70828 52834.7266   90   19 53147.0652 52829.7214  0.60%   8.2  155s
H219740 70828                    53147.065046 52829.7774  0.60%   8.2  155s
 234371 77881 52842.0108   87   13 53147.0650 52830.7442  0.60%   8.0  161s
 244885 82565 53111.4316   92    5 53147.0650 52831.2865  0.59%   7.9  165s
H248579 83227                    53147.064466 52831.4961  0.59%   7.8  166s
H249572 83227                    53147.064337 52831.4961  0.59%   7.8  166s
 256689 87437 53122.7377  108   18 53147.0643 52831.8711  0.59%   7.7  170s
 274047 94494 52845.4410   94    1 53147.0643 52832.7192  0.59%   7.6  175s
 284440 98824 53050.9675   80   19 53147.0643 52833.1796  0.59%   7.5  180s
 298380 104088 52841.3993   99    2 53147.0643 52833.7375  0.59%   7.4  185s
 311626 109026 52898.6518  107    2 53147.0643 52834.2786  0.59%   7.3  190s
 321655 112742 53041.0328  100   10 53147.0643 52834.6890  0.59%   7.3  195s
 335014 118186     cutoff  106      53147.0643 52835.3348  0.59%   7.2  200s
 351228 124235 52849.8361   85   11 53147.0643 52835.9696  0.59%   7.1  205s
 365009 129747 52843.6333   95    1 53147.0643 52836.4110  0.58%   7.1  210s
 381404 136210 52850.3647   82   21 53147.0643 52837.0338  0.58%   7.0  215s
 395347 141624 52854.1999   95    2 53147.0643 52837.4973  0.58%   6.9  220s
 412117 148088 52887.6106   91    8 53147.0643 52838.1017  0.58%   6.9  225s
 424118 153091 53115.1470   92   19 53147.0643 52838.4058  0.58%   6.8  230s
 430976 155718 52874.2804  101    5 53147.0643 52838.6736  0.58%   6.8  235s
 447597 162410 52936.6036   91    2 53147.0643 52839.1899  0.58%   6.7  240s
 461344 167916 52857.8259  101    2 53147.0643 52839.6370  0.58%   6.7  245s
 474759 172777 52905.9091   82   18 53147.0643 52840.0083  0.58%   6.6  250s
 490953 179116 52914.8959  103    2 53147.0643 52840.4308  0.58%   6.6  256s
 504246 184233 52850.7044  108   21 53147.0643 52840.7680  0.58%   6.6  260s
 520520 190209     cutoff   94      53147.0643 52841.1500  0.58%   6.5  265s
 533330 194813 52859.8146   86   15 53147.0643 52841.4605  0.58%   6.5  270s
 549304 200473 53110.4163   90   18 53147.0643 52841.8817  0.57%   6.4  275s
 562495 205078 52875.7729   91   17 53147.0643 52842.1716  0.57%   6.4  280s
 575037 209888 52856.0074   96    2 53147.0643 52842.4930  0.57%   6.4  285s
 591849 216305 52847.2956   83   23 53147.0643 52842.8305  0.57%   6.4  291s
 604798 221168 52898.1783  100    2 53147.0643 52843.1393  0.57%   6.3  295s
 617592 225686 52853.6184   93    1 53147.0643 52843.4142  0.57%   6.3  300s

Cutting planes:
  Gomory: 3

Explored 620857 nodes (3928818 simplex iterations) in 300.07 seconds (290.67 work units)
Thread count was 20 (of 80 available processors)

Solution count 10: 53147.1 53149.2 53149.2 ... 53168.4

Time limit reached
Best objective 5.314706433729e+04, best bound 5.284346481520e+04, gap 0.5712%

User-callback calls 1265067, time in user-callback 0.61 sec
