
Gurobi 11.0.3 (linux64) logging started Tue 19 Nov 2024 01:39:08 AM CST

Set parameter LogFile to value "/home/dlcole3/graph_abstraction/hierarchical_graphs/git_storage/CS1/HP_low_reserves/gurobi_logs/serial/logfile_ST31_1.log"

Gurobi 11.0.3 (linux64) logging started Tue 19 Nov 2024 01:40:08 AM CST

Set parameter LogFile to value "/home/dlcole3/graph_abstraction/hierarchical_graphs/git_storage/CS1/HP_low_reserves/gurobi_logs/serial/logfile_ST31_1.log"
Gurobi Optimizer version 11.0.3 build v11.0.3rc0 (linux64 - "Ubuntu 18.04.3 LTS")

CPU model: Intel(R) Xeon(R) CPU E5-2698 v4 @ 2.20GHz, instruction set [SSE2|AVX|AVX2]
Thread count: 40 physical cores, 80 logical processors, using up to 20 threads

Optimize a model with 29168 rows, 50688 columns and 136175 nonzeros
Model fingerprint: 0xae661ebb
Variable types: 46944 continuous, 3744 integer (3744 binary)
Coefficient statistics:
  Matrix range     [6e-01, 2e+04]
  Objective range  [2e+00, 2e+04]
  Bounds range     [5e-02, 2e+05]
  RHS range        [6e-03, 7e+03]
Presolve removed 14476 rows and 38714 columns
Presolve time: 0.39s
Presolved: 14692 rows, 11974 columns, 63002 nonzeros
Variable types: 8962 continuous, 3012 integer (3012 binary)
Found heuristic solution: objective 1635850.2979
Found heuristic solution: objective 1526451.9931

Root relaxation: objective 9.814075e+04, 7787 iterations, 0.40 seconds (0.30 work units)

    Nodes    |    Current Node    |     Objective Bounds      |     Work
 Expl Unexpl |  Obj  Depth IntInf | Incumbent    BestBd   Gap | It/Node Time

     0     0 98140.7529    0   30 1526451.99 98140.7529  93.6%     -    1s
H    0     0                    222804.24249 98140.7529  56.0%     -    1s
H    0     0                    204026.22013 98140.7529  51.9%     -    1s
     0     0 98143.6882    0   39 204026.220 98143.6882  51.9%     -    1s
     0     0 98182.2932    0   48 204026.220 98182.2932  51.9%     -    2s
     0     0 98182.2932    0   48 204026.220 98182.2932  51.9%     -    2s
     0     0 98182.2932    0   48 204026.220 98182.2932  51.9%     -    2s
     0     0 98182.2932    0   48 204026.220 98182.2932  51.9%     -    2s
H    0     0                    158811.96492 98182.2932  38.2%     -    3s
H    0     0                    158747.54289 98182.2932  38.2%     -    3s
H    0     2                    158726.19907 98182.2932  38.1%     -    3s
     0     2 98182.2932    0   48 158726.199 98182.2932  38.1%     -    3s
H   31    52                    158721.79827 98231.6842  38.1%  80.8    4s
H   33    52                    158702.40165 98234.6575  38.1%  80.4    4s
H   37    52                    158661.77742 98234.6575  38.1%  76.1    4s
H   49    52                    158270.36646 98392.9212  37.8%  66.3    4s
    71    92 98430.9897    7   47 158270.366 98392.9212  37.8%  61.8    5s
H  104   112                    135523.76306 98392.9394  27.4%  66.9    5s
H  136   157                    132063.57783 98392.9394  25.5%  67.8    6s
H  136   157                    129204.75238 98392.9394  23.8%  67.8    6s
H  138   157                    119438.80957 98392.9394  17.6%  71.0    6s
H  140   157                    114382.22826 98392.9394  14.0%  71.2    6s
H  208   229                    107900.44230 98392.9394  8.81%  72.8    9s
H  212   229                    106371.38496 98392.9394  7.50%  71.9    9s
H  221   229                    106092.53763 98392.9394  7.26%  72.8    9s
   302   337 98699.0370   16   36 106092.538 98392.9394  7.26%  66.6   10s
H  591   603                    103855.63590 98392.9394  5.26%  58.5   11s
H  685   691                    101934.17002 98392.9394  3.47%  56.6   11s
H  969   899                    101376.42524 98392.9394  2.94%  52.4   12s
H 1259  1091                    101311.03575 98392.9394  2.88%  51.0   13s
  1969  1312 100011.694   88   38 101311.036 98392.9394  2.88%  46.0   20s
H 1990  1301                    101293.54924 98392.9394  2.86%  45.9   20s
H 2753  1641                    100863.62993 98392.9394  2.45%  42.0   22s
H 2757  1641                    100863.57928 98392.9394  2.45%  41.9   22s
H 2759  1641                    100863.52863 98392.9394  2.45%  41.9   22s
H 2762  1641                    100863.47797 98392.9394  2.45%  41.8   22s
H 2962  1356                    100620.06875 98392.9394  2.21%  41.2   22s
H 2971  1356                    100620.06807 98392.9394  2.21%  41.0   22s
H 2988  1269                    100616.16893 98392.9394  2.21%  41.1   23s
  2992  1236 100195.167   58   23 100616.169 98392.9394  2.21%  41.0   25s
H 3024  1188                    100616.16891 98392.9394  2.21%  43.8   26s
H 3150  1125                    100616.16889 98408.6467  2.19%  45.4   27s
H 3255  1091                    100368.87825 98567.9858  1.79%  45.5   29s
H 3256  1038                    100322.28530 98567.9858  1.75%  45.5   29s
  3356  1020 98912.1102   23   21 100322.285 98625.9731  1.69%  45.3   30s
H 3718   941                    100299.74447 98664.2047  1.63%  44.6   31s
H 3722   893                    100298.09637 98664.2047  1.63%  44.6   31s
H 3733   843                    100297.15610 98664.2047  1.63%  44.7   31s
H 4520  1035                    100154.95822 98664.2047  1.49%  41.8   32s
* 4838  1047              75    100148.25388 98664.2047  1.48%  40.3   32s
H 4851  1003                    100147.89020 98664.2047  1.48%  40.3   32s
H 4855   965                    100146.81580 98664.2047  1.48%  40.3   32s
H 4857   928                    100145.03264 98664.2047  1.48%  40.2   32s
H 4947   941                    100119.52936 98664.2047  1.45%  40.0   33s
H 5033   941                    100087.13256 98664.2047  1.42%  39.6   33s
H 5516  1085                    100074.51013 98668.6040  1.40%  38.7   33s
  6540  1194 99059.5610   39   50 100074.510 98803.3841  1.27%  36.8   35s
*10114  2479              70    100074.13778 99001.4458  1.07%  32.5   38s
H10844  2662                    100061.56384 99054.3564  1.01%  31.7   39s
H10846  2657                    100061.29251 99054.3564  1.01%  31.7   39s
H10847  2650                    100060.29461 99054.3564  1.01%  31.7   39s
H10848  2649                    100060.19333 99054.3564  1.01%  31.7   39s
H11016  2736                    100059.29670 99340.2676  0.72%  31.5   39s
H11017  2726                    100058.61933 99340.2676  0.72%  31.5   39s
*11022  2723              68    100058.06086 99340.2676  0.72%  31.5   39s
 11392  2833 99971.5303   48   40 100058.061 99340.2676  0.72%  31.2   40s
H12266  2864                    100052.29548 99380.6867  0.67%  30.6   40s
*12268  2858              83    100051.87073 99380.6867  0.67%  30.6   40s
H12269  2633                    100034.32542 99380.6867  0.65%  30.6   40s
*12272  2630              84    100033.90066 99380.6867  0.65%  30.6   40s
 15946  3384 99868.8598   48   18 100033.901 99523.1305  0.51%  28.3   45s

Explored 20160 nodes (540329 simplex iterations) in 48.35 seconds (47.05 work units)
Thread count was 20 (of 80 available processors)

Solution count 10: 100034 100034 100034 ... 100087

Optimal solution found (tolerance 3.00e-03)
Best objective 1.000339006646e+05, best bound 9.973832221518e+04, gap 0.2955%

User-callback calls 51290, time in user-callback 0.26 sec
