
Gurobi 11.0.3 (linux64) logging started Tue 19 Nov 2024 02:01:13 AM CST

Set parameter LogFile to value "/home/dlcole3/graph_abstraction/hierarchical_graphs/git_storage/CS1/HP_low_reserves/gurobi_logs/serial/logfile_ST32_1.log"

Gurobi 11.0.3 (linux64) logging started Tue 19 Nov 2024 02:02:14 AM CST

Set parameter LogFile to value "/home/dlcole3/graph_abstraction/hierarchical_graphs/git_storage/CS1/HP_low_reserves/gurobi_logs/serial/logfile_ST32_1.log"
Gurobi Optimizer version 11.0.3 build v11.0.3rc0 (linux64 - "Ubuntu 18.04.3 LTS")

CPU model: Intel(R) Xeon(R) CPU E5-2698 v4 @ 2.20GHz, instruction set [SSE2|AVX|AVX2]
Thread count: 40 physical cores, 80 logical processors, using up to 20 threads

Optimize a model with 29168 rows, 50688 columns and 136175 nonzeros
Model fingerprint: 0x791d21da
Variable types: 46944 continuous, 3744 integer (3744 binary)
Coefficient statistics:
  Matrix range     [6e-01, 2e+04]
  Objective range  [2e+00, 2e+04]
  Bounds range     [5e-02, 2e+05]
  RHS range        [2e-02, 7e+03]
Presolve removed 13766 rows and 38530 columns
Presolve time: 0.39s
Presolved: 15402 rows, 12158 columns, 65364 nonzeros
Variable types: 9097 continuous, 3061 integer (3061 binary)
Found heuristic solution: objective 4054430.1636
Found heuristic solution: objective 3915263.6552

Root relaxation: objective 1.826164e+05, 9483 iterations, 0.63 seconds (0.54 work units)

    Nodes    |    Current Node    |     Objective Bounds      |     Work
 Expl Unexpl |  Obj  Depth IntInf | Incumbent    BestBd   Gap | It/Node Time

     0     0 182616.385    0   54 3915263.66 182616.385  95.3%     -    1s
H    0     0                    193511.99928 182616.385  5.63%     -    2s
     0     0 182616.385    0   54 193511.999 182616.385  5.63%     -    2s
     0     2 182616.385    0   52 193511.999 182616.385  5.63%     -    2s
H   31    52                    193511.99790 183106.583  5.38%   162    3s
H  101   112                    191551.03110 183120.226  4.40%   113    3s
   411   431 185066.554   23   36 191551.031 183120.226  4.40%  62.4    5s
H  720   722                    189356.44799 183120.226  3.29%  50.4    6s
H  721   722                    187588.77004 183120.226  2.38%  50.4    6s
H  729   722                    187584.92204 183120.226  2.38%  50.0    6s
H  941   871                    187505.40831 183120.226  2.34%  45.7    6s
H  985   889                    186444.17148 183120.226  1.78%  45.1   10s
H  986   889                    186225.01707 183120.226  1.67%  45.1   10s
H  995   889                    185117.51562 183120.226  1.08%  45.0   10s
H  996   889                    185061.88192 183120.226  1.05%  45.0   10s
H 1003   889                    185036.58113 183120.226  1.04%  44.8   10s
H 1295  1053                    185024.37311 183366.233  0.90%  41.2   10s
* 1509  1125              68    185023.78294 183448.212  0.85%  38.7   11s
H 2863  1146                    184849.97062 183508.777  0.73%  33.6   14s
H 3042  1159                    184842.61874 183508.777  0.72%  33.1   14s
* 3047  1159              56    184842.29314 183508.777  0.72%  33.0   14s
H 3050  1159                    184841.78174 183508.777  0.72%  33.0   14s
* 3051  1159              58    184841.70296 183508.777  0.72%  33.0   14s
  3244  1292 183620.498   22   46 184841.703 183520.615  0.71%  32.4   15s
H 3624  1268                    184725.30466 183520.615  0.65%  31.7   16s
H 3626  1199                    184725.30452 183520.615  0.65%  31.7   18s
  3640  1207 184259.525   16   48 184725.305 183520.615  0.65%  33.7   20s
H 3661  1146                    184714.94418 183520.615  0.65%  34.1   20s
H 3850  1060                    184714.91782 183520.615  0.65%  33.8   21s
H 3909  1023                    184714.91778 183520.615  0.65%  33.5   22s
H 3920   968                    184708.62985 183520.615  0.64%  33.5   22s
H 3965   929                    184702.87430 183520.615  0.64%  33.3   24s
H 3966   882                    184650.37011 183520.615  0.61%  33.3   24s
H 3971   836                    184647.06805 183520.615  0.61%  33.2   24s
H 3986   789                    184645.79111 183520.615  0.61%  33.2   24s
  4229   840     cutoff   39      184645.791 183520.615  0.61%  32.4   25s
H 4533   768                    184645.79109 183520.615  0.61%  31.5   25s
H 5557   822                    184645.79104 183520.615  0.61%  30.9   28s
  6946  1292 184136.111   42   38 184645.791 183560.957  0.59%  30.2   30s
H 9098  2048                    184644.91334 183795.829  0.46%  29.8   32s
* 9101  2044              78    184639.08602 183795.829  0.46%  29.8   32s
H 9521  2158                    184620.91556 183795.829  0.45%  29.7   33s
H 9523  2061                    184572.50964 183795.829  0.42%  29.7   33s
 10231  2285 184122.216   46   35 184572.510 183844.008  0.39%  29.5   35s
H10822  2421                    184572.50961 183861.203  0.39%  29.5   36s
 13971  3207 184441.346   50   21 184572.510 183961.230  0.33%  28.9   40s

Explored 16328 nodes (476580 simplex iterations) in 41.67 seconds (41.85 work units)
Thread count was 20 (of 80 available processors)

Solution count 10: 184573 184573 184621 ... 184715

Optimal solution found (tolerance 3.00e-03)
Best objective 1.845725096272e+05, best bound 1.840210839442e+05, gap 0.2988%

User-callback calls 38616, time in user-callback 0.02 sec
