
Gurobi 11.0.3 (linux64) logging started Mon 18 Nov 2024 11:51:26 PM CST

Set parameter LogFile to value "/home/dlcole3/graph_abstraction/hierarchical_graphs/git_storage/CS1/HP_low_reserves/gurobi_logs/serial/logfile_ST23_5.log"

Gurobi 11.0.3 (linux64) logging started Mon 18 Nov 2024 11:57:35 PM CST

Set parameter LogFile to value "/home/dlcole3/graph_abstraction/hierarchical_graphs/git_storage/CS1/HP_low_reserves/gurobi_logs/serial/logfile_ST23_5.log"
Gurobi Optimizer version 11.0.3 build v11.0.3rc0 (linux64 - "Ubuntu 18.04.3 LTS")

CPU model: Intel(R) Xeon(R) CPU E5-2698 v4 @ 2.20GHz, instruction set [SSE2|AVX|AVX2]
Thread count: 40 physical cores, 80 logical processors, using up to 20 threads

Optimize a model with 29168 rows, 50688 columns and 136175 nonzeros
Model fingerprint: 0xe054e805
Variable types: 46944 continuous, 3744 integer (3744 binary)
Coefficient statistics:
  Matrix range     [6e-01, 2e+04]
  Objective range  [2e+00, 2e+04]
  Bounds range     [5e-02, 2e+05]
  RHS range        [5e-02, 7e+03]
Presolve removed 14195 rows and 38596 columns
Presolve time: 0.36s
Presolved: 14973 rows, 12092 columns, 63814 nonzeros
Variable types: 9105 continuous, 2987 integer (2987 binary)
Found heuristic solution: objective 5302645.2797
Found heuristic solution: objective 4188537.3500

Root relaxation: objective 1.922571e+05, 8999 iterations, 0.58 seconds (0.47 work units)

    Nodes    |    Current Node    |     Objective Bounds      |     Work
 Expl Unexpl |  Obj  Depth IntInf | Incumbent    BestBd   Gap | It/Node Time

     0     0 192257.092    0   31 4188537.35 192257.092  95.4%     -    1s
H    0     0                    194652.22396 192257.092  1.23%     -    1s
     0     0 192257.092    0   31 194652.224 192257.092  1.23%     -    2s
     0     0 192257.092    0   29 194652.224 192257.092  1.23%     -    3s
     0     0 192257.256    0   37 194652.224 192257.256  1.23%     -    3s
     0     0 192347.449    0   54 194652.224 192347.449  1.18%     -    3s
     0     0 192370.298    0   54 194652.224 192370.298  1.17%     -    3s
     0     2 192370.298    0   54 194652.224 192370.298  1.17%     -    4s
H   50    52                    194652.22387 192370.298  1.17%  27.2    4s
    51    72 192782.962    6   34 194652.224 192370.298  1.17%  27.8    5s
H  106   112                    194145.10935 192370.298  0.91%  22.1    5s
H  720   700                    194145.10831 192370.298  0.91%  16.4    7s
H  785   760                    194057.84257 192370.298  0.87%  17.1    8s
H  786   760                    193892.16344 192370.298  0.78%  17.1    8s
H  788   760                    193868.13775 192370.298  0.77%  17.0    8s
H 1519  1230                    193861.52995 192370.298  0.77%  15.7    9s
H 1524  1229                    193858.33599 192370.298  0.77%  15.7    9s
  1533  1293     cutoff   33      193858.336 192519.243  0.69%  15.6   10s
H 1638  1292                    193855.92741 192519.243  0.69%  15.7   10s
* 1639  1292              53    193855.38880 192519.243  0.69%  15.7   10s
H 3526  2364                    193855.28880 192568.381  0.66%  16.2   14s
  3527  2365 193333.325   17   31 193855.289 192568.381  0.66%  16.2   15s
H 3624  2332                    193855.28878 192568.381  0.66%  18.4   18s
H 3635  2215                    193855.28859 192568.381  0.66%  18.4   18s
  3851  2360 193186.597   24   29 193855.289 192568.381  0.66%  18.2   20s
H 3852  2253                    193855.28851 192568.381  0.66%  18.2   20s
H 3867  2147                    193855.28831 192568.381  0.66%  18.2   20s
H 3871  2066                    193855.28826 192568.381  0.66%  18.2   20s
H 6039  2508                    193713.71823 192568.381  0.59%  17.7   24s
H 6040  2398                    193695.26960 192568.381  0.58%  17.7   24s
* 6216  2344              74    193692.89598 192568.381  0.58%  17.7   24s
  6399  2363 193609.357   44   18 193692.896 192568.381  0.58%  17.7   25s
H 6412  2280                    193692.89573 192568.381  0.58%  17.7   25s
 11816  4810 193660.943   39   26 193692.896 192810.321  0.46%  16.8   30s
H13615  5729                    193690.10477 192841.853  0.44%  16.7   31s
H13618  5726                    193688.30266 192841.961  0.44%  16.7   31s
H13620  5703                    193681.14006 192841.961  0.43%  16.7   31s
*13621  5702              61    193680.55962 192841.961  0.43%  16.7   31s
H13625  5702                    193680.46406 192841.961  0.43%  16.7   31s
*13626  5700              62    193680.02576 192841.961  0.43%  16.7   31s
 18424  7944 193462.147   22   37 193680.026 192881.814  0.41%  16.5   35s
*18909  7882              56    193666.67946 192886.118  0.40%  16.5   35s
*21106  8747              66    193657.59544 192897.719  0.39%  16.5   36s
 25600 10894 193627.070   35   21 193657.595 192918.866  0.38%  16.5   40s
 30783 13057 193314.577   24   20 193657.595 192942.259  0.37%  16.4   45s
 36636 15103     cutoff   29      193657.595 192959.945  0.36%  16.3   51s
H36656 15103                    193657.59535 192960.192  0.36%  16.3   51s
 40325 17450 193244.867   33   23 193657.595 192973.565  0.35%  16.3   55s
 48487 20414 193230.488   27   26 193657.595 192995.234  0.34%  16.3   84s
 51496 21254 193271.420   34   68 193657.595 192999.885  0.34%  16.3   86s
H54024 21575                    193654.35460 193006.480  0.33%  16.3   88s
H54177 21457                    193645.81087 193006.965  0.33%  16.3   88s
H54233 21432                    193643.07037 193006.965  0.33%  16.3   88s
 54977 22271 193088.355   29   40 193643.070 193006.965  0.33%  16.3   90s
H60668 23352                    193634.28490 193018.516  0.32%  16.4   94s
 61609 24294 193618.479   44   16 193634.285 193022.312  0.32%  16.4   97s
H61710 24195                    193627.95951 193022.312  0.31%  16.4   97s
H61717 24071                    193622.92290 193022.312  0.31%  16.3   97s
H61725 24056                    193622.59154 193022.312  0.31%  16.3   97s
 67987 25836 193499.891   37   24 193622.592 193035.764  0.30%  16.4  101s

Cutting planes:
  Gomory: 3
  MIR: 5

Explored 74068 nodes (1234361 simplex iterations) in 103.97 seconds (92.40 work units)
Thread count was 20 (of 80 available processors)

Solution count 10: 193622 193623 193634 ... 193681

Optimal solution found (tolerance 3.00e-03)
Best objective 1.936215762132e+05, best bound 1.930465201966e+05, gap 0.2970%

User-callback calls 166343, time in user-callback 0.06 sec
