
Gurobi 11.0.3 (linux64) logging started Tue 19 Nov 2024 01:10:21 AM CST

Set parameter LogFile to value "/home/dlcole3/graph_abstraction/hierarchical_graphs/git_storage/CS1/HP_low_reserves/gurobi_logs/serial/logfile_DA_29.log"
Set parameter TimeLimit to value 900

Gurobi 11.0.3 (linux64) logging started Tue 19 Nov 2024 01:10:22 AM CST

Set parameter LogFile to value "/home/dlcole3/graph_abstraction/hierarchical_graphs/git_storage/CS1/HP_low_reserves/gurobi_logs/serial/logfile_DA_29.log"
Gurobi Optimizer version 11.0.3 build v11.0.3rc0 (linux64 - "Ubuntu 18.04.3 LTS")

CPU model: Intel(R) Xeon(R) CPU E5-2698 v4 @ 2.20GHz, instruction set [SSE2|AVX|AVX2]
Thread count: 40 physical cores, 80 logical processors, using up to 20 threads

Optimize a model with 35850 rows, 31725 columns and 164765 nonzeros
Model fingerprint: 0xe6b7dadc
Variable types: 19950 continuous, 11775 integer (11775 binary)
Coefficient statistics:
  Matrix range     [5e-02, 2e+04]
  Objective range  [1e+00, 8e+04]
  Bounds range     [5e-02, 2e+05]
  RHS range        [4e-15, 7e+03]
Presolve removed 4460 rows and 6109 columns
Presolve time: 0.83s
Presolved: 31390 rows, 25616 columns, 145283 nonzeros
Variable types: 15111 continuous, 10505 integer (10505 binary)
Found heuristic solution: objective 8.914793e+08
Found heuristic solution: objective 6.795319e+08
Found heuristic solution: objective 5.229583e+08
Deterministic concurrent LP optimizer: primal and dual simplex
Showing primal log only...

Concurrent spin time: 0.00s

Solved with dual simplex

Root relaxation: objective 9.167547e+06, 13741 iterations, 1.14 seconds (0.86 work units)

    Nodes    |    Current Node    |     Objective Bounds      |     Work
 Expl Unexpl |  Obj  Depth IntInf | Incumbent    BestBd   Gap | It/Node Time

     0     0 9167547.27    0   71 5.2296e+08 9167547.27  98.2%     -    3s
H    0     0                    5.227168e+08 9167547.27  98.2%     -    3s
H    0     0                    2.217418e+07 9175313.45  58.6%     -    4s
H    0     0                    2.121229e+07 9175313.45  56.7%     -    4s
     0     0 9175313.45    0  152 2.1212e+07 9175313.45  56.7%     -    4s
H    0     0                    2.109676e+07 9176844.52  56.5%     -    4s
     0     0 9176844.52    0  152 2.1097e+07 9176844.52  56.5%     -    4s
     0     0 9176844.52    0  158 2.1097e+07 9176844.52  56.5%     -    5s
H    0     0                    2.109320e+07 9176844.52  56.5%     -    5s
     0     0 9176844.52    0  168 2.1093e+07 9176844.52  56.5%     -    5s
H    0     0                    2.084771e+07 9176844.52  56.0%     -    6s
     0     0 9176844.52    0  168 2.0848e+07 9176844.52  56.0%     -    7s
     0     2 9176844.52    0  168 2.0848e+07 9176844.52  56.0%     -    8s
     7    16 9180402.57    3  127 2.0848e+07 9176844.52  56.0%   325   10s
H   32    52                    2.078862e+07 9177207.52  55.9%   297   13s
H   33    52                    9346075.7115 9177207.52  1.81%   288   13s
H   52    72                    9335086.4442 9177207.52  1.69%   281   14s
H   57    72                    9328709.5337 9177207.52  1.62%   290   14s
H   67    72                    9310403.7259 9177835.95  1.42%   340   14s
    71    92 9190808.62    6   88 9310403.73 9177835.95  1.42%   330   16s
H   97   112                    9305931.9585 9177972.69  1.38%   333   17s
H  109   112                    9301190.6918 9178938.96  1.31%   352   17s
   153   174 9209432.06   10   88 9301190.69 9178975.71  1.31%   331   20s
H  162   174                    9288949.2870 9178975.71  1.18%   329   20s
H  218   239                    9264494.5045 9178975.71  0.92%   389   28s
   302   321 9238537.53   14  134 9264494.50 9178975.71  0.92%   396   30s
H  385   381                    9262231.1318 9178975.71  0.90%   367   35s
H  390   381                    9261244.5196 9178975.71  0.89%   364   35s
   607   575 9222166.95   22  137 9261244.52 9178975.71  0.89%   338   40s
   904   807 9237344.64   28  110 9261244.52 9178975.71  0.89%   289   45s
H  930   807                    9256981.8846 9178975.71  0.84%   290   45s
   970   874 9238808.23   29  107 9256981.88 9178975.71  0.84%   292   65s
H 1007   874                    9252176.3244 9178975.71  0.79%   288   65s
  1396  1191 9246723.96   47   44 9252176.32 9178975.71  0.79%   257   70s
H 2059  1421                    9248763.9027 9184354.55  0.70%   214   75s
* 2282  1454              81    9247995.3943 9184354.55  0.69%   207   77s
  2655  1839 9243856.85   24   62 9247995.39 9184547.69  0.69%   202   81s
H 2825  1633                    9244506.6710 9184673.24  0.65%   200   86s
  2828  1626 9243557.71   20   71 9244506.67 9184673.24  0.65%   200   93s
  2829  1627 9240840.55   43  182 9244506.67 9184673.24  0.65%   200   97s
  2830  1628 9235119.56   46  187 9244506.67 9184673.24  0.65%   200  101s
  2831  1628 9237565.72   46  192 9244506.67 9184673.24  0.65%   200  105s
  2833  1630 9209543.88   13  193 9244506.67 9184673.24  0.65%   200  110s
  2841  1644 9184673.24   18  180 9244506.67 9184673.24  0.65%   209  115s
  2925  1698 9194126.09   22  136 9244506.67 9184673.24  0.65%   215  121s
  3015  1711 9213104.72   24   83 9244506.67 9184673.24  0.65%   223  125s
  3040  1714 9223959.63   25  117 9244506.67 9184673.24  0.65%   226  131s
H 3046  1630                    9242347.0992 9184673.24  0.62%   226  131s
  3167  1662 9222862.99   28   78 9242347.10 9184673.24  0.62%   229  135s
H 3365  1604                    9237993.9745 9184673.24  0.58%   229  146s
H 3372  1529                    9237647.2809 9184673.24  0.57%   229  146s
H 3390  1453                    9237550.0276 9184673.24  0.57%   229  146s
  3606  1514 9232596.15   29   97 9237550.03 9184673.24  0.57%   226  150s
H 3847  1429                    9236200.1005 9192248.80  0.48%   224  153s
H 3849  1365                    9235865.7889 9192248.80  0.47%   223  153s
H 3974  1309                    9234898.1681 9192248.80  0.46%   224  154s
  4001  1333     cutoff   25      9234898.17 9192248.80  0.46%   224  155s
H 4033  1266                    9234511.4593 9192248.80  0.46%   224  155s
* 4035  1211              76    9234496.4233 9192248.80  0.46%   224  155s
H 4038  1158                    9234474.6497 9192248.80  0.46%   224  155s
  4308  1147 9222980.94   31  120 9234474.65 9192248.80  0.46%   226  163s
H 4313  1096                    9233885.7957 9192248.80  0.45%   226  163s
H 4317  1049                    9232966.7630 9192248.80  0.44%   227  163s
  4461  1075     cutoff   33      9232966.76 9192248.80  0.44%   228  165s
  4950  1072 9210397.83   24  118 9232966.76 9193520.49  0.43%   227  170s
H 5485  1001                    9232522.3804 9198188.37  0.37%   223  178s
  5696  1113 9232417.65   30   87 9232522.38 9199242.68  0.36%   224  181s
  5901  1073 9216826.17   35   97 9232522.38 9199242.68  0.36%   223  193s
  5992  1105 9227411.81   39  113 9232522.38 9203282.87  0.32%   224  195s
  6609  1183 9230818.64   23  160 9232522.38 9208531.80  0.26%   225  201s
  6959  1321 9221794.78   39   90 9232522.38 9209159.81  0.25%   225  205s
  7757  1481 9228340.33   45  120 9232522.38 9213187.36  0.21%   221  212s
  8452  1668     cutoff   47      9232522.38 9215296.37  0.19%   216  217s
  9219  1856 9230832.69   43  103 9232522.38 9216435.31  0.17%   212  222s
  9609  1977     cutoff   57      9232522.38 9217519.68  0.16%   210  225s
 10522  2273     cutoff   44      9232522.38 9218670.84  0.15%   204  231s
 11635  2530 9231986.87   30   77 9232522.38 9220312.09  0.13%   198  238s
 12275  2524 9226141.12   46   81 9232522.38 9220636.25  0.13%   195  241s
 12538  2598 9226495.85   38   99 9232522.38 9221011.75  0.12%   195  245s
 13557  2879     cutoff   33      9232522.38 9222193.08  0.11%   190  252s
 14344  2931 9229716.14   52   90 9232522.38 9222825.77  0.11%   187  256s

Cutting planes:
  Gomory: 27
  MIR: 2
  Flow cover: 1

Explored 15011 nodes (2780040 simplex iterations) in 256.60 seconds (262.60 work units)
Thread count was 20 (of 80 available processors)

Solution count 10: 9.23252e+06 9.23252e+06 9.23297e+06 ... 9.23765e+06

Optimal solution found (tolerance 1.00e-03)
Best objective 9.232522380395e+06, best bound 9.223435521773e+06, gap 0.0984%

User-callback calls 95676, time in user-callback 0.28 sec
