
Gurobi 11.0.3 (linux64) logging started Tue 19 Nov 2024 01:14:54 AM CST

Set parameter LogFile to value "/home/dlcole3/graph_abstraction/hierarchical_graphs/git_storage/CS1/HP_low_reserves/gurobi_logs/serial/logfile_ST29_6.log"

Gurobi 11.0.3 (linux64) logging started Tue 19 Nov 2024 01:24:34 AM CST

Set parameter LogFile to value "/home/dlcole3/graph_abstraction/hierarchical_graphs/git_storage/CS1/HP_low_reserves/gurobi_logs/serial/logfile_ST29_6.log"
Gurobi Optimizer version 11.0.3 build v11.0.3rc0 (linux64 - "Ubuntu 18.04.3 LTS")

CPU model: Intel(R) Xeon(R) CPU E5-2698 v4 @ 2.20GHz, instruction set [SSE2|AVX|AVX2]
Thread count: 40 physical cores, 80 logical processors, using up to 20 threads

Optimize a model with 29168 rows, 50688 columns and 136175 nonzeros
Model fingerprint: 0x3cc2352a
Variable types: 46944 continuous, 3744 integer (3744 binary)
Coefficient statistics:
  Matrix range     [6e-01, 2e+04]
  Objective range  [2e+00, 2e+04]
  Bounds range     [5e-02, 2e+05]
  RHS range        [4e-03, 7e+03]
Presolve removed 14712 rows and 39065 columns
Presolve time: 0.32s
Presolved: 14456 rows, 11623 columns, 61228 nonzeros
Variable types: 8748 continuous, 2875 integer (2875 binary)
Found heuristic solution: objective 403782.86995
Found heuristic solution: objective 238584.61750

Root relaxation: objective 5.630239e+04, 7913 iterations, 0.43 seconds (0.35 work units)

    Nodes    |    Current Node    |     Objective Bounds      |     Work
 Expl Unexpl |  Obj  Depth IntInf | Incumbent    BestBd   Gap | It/Node Time

     0     0 56302.3933    0   14 238584.618 56302.3933  76.4%     -    1s
H    0     0                    238584.61739 56302.3933  76.4%     -    1s
H    0     0                    90552.384098 56302.3933  37.8%     -    1s
     0     0 56302.3933    0   24 90552.3841 56302.3933  37.8%     -    1s
H    0     0                    84101.702937 56302.4127  33.1%     -    1s
     0     0 56302.4241    0   24 84101.7029 56302.4241  33.1%     -    2s
     0     2 56302.4241    0   23 84101.7029 56302.4241  33.1%     -    2s
H   91   112                    84101.702915 56410.7962  32.9%  88.0    3s
H   92   112                    84101.702706 56410.7962  32.9%  87.2    3s
H   93   112                    84101.701872 56410.7962  32.9%  86.3    3s
H  162   182                    84101.701832 56410.7962  32.9%  74.1    4s
H  165   182                    80460.636829 56410.7962  29.9%  73.4    4s
H  167   182                    75285.743898 56410.7962  25.1%  74.1    4s
H  168   182                    74033.661723 56410.7962  23.8%  74.1    4s
   206   232 56679.5004   13   16 74033.6617 56410.7962  23.8%  78.3    5s
H  227   232                    72990.582363 56410.7962  22.7%  78.6    5s
H  266   287                    58327.776398 56410.7962  3.29%  74.8    8s
H  267   287                    57711.859494 56410.7962  2.25%  74.5    8s
H  270   287                    57711.759341 56410.7962  2.25%  74.2    8s
H  274   287                    57682.987032 56410.7962  2.21%  73.7    8s
H  278   287                    57629.377188 56410.7962  2.11%  73.0    8s
H  730   397                    57491.899691 56669.2897  1.43%  39.2    9s
   880   463 57324.3836   31   26 57491.8997 56669.2897  1.43%  35.0   10s
H 1869   902                    57484.100616 56683.6983  1.39%  24.6   11s
H 1872   902                    57483.966755 56683.6983  1.39%  24.7   11s
H 1880   902                    57483.966742 56683.6983  1.39%  24.7   11s
H 2100   980                    57482.871428 56683.6983  1.39%  23.6   12s
* 2101   980              49    57482.319635 56683.6983  1.39%  23.6   12s
H 2211  1080                    57481.084828 56724.3800  1.32%  22.9   12s
H 2215  1080                    57480.602693 56724.3800  1.32%  22.9   12s
H 2390  1177                    57426.319178 56724.3800  1.22%  22.4   12s
* 2614  1120              62    57425.172431 56780.6912  1.12%  21.6   12s
H 3828  1064                    57425.172424 56995.9795  0.75%  19.5   14s
H 3830  1064                    57425.172402 56995.9795  0.75%  19.5   14s
H 4795  1284                    57424.972495 57144.1754  0.49%  18.0   16s
H 4797  1221                    57424.972426 57144.1754  0.49%  18.0   17s
H 4890  1172                    57424.972380 57144.1754  0.49%  19.8   18s
H 4891  1113                    57424.972194 57144.1754  0.49%  19.8   18s
H 4896  1057                    57424.971896 57144.1754  0.49%  19.8   18s
H 4897  1003                    57424.971413 57144.1754  0.49%  19.8   18s
H 5178   985                    57424.971374 57144.1754  0.49%  19.6   20s
H 5208   937                    57424.970327 57144.1754  0.49%  19.6   20s
H 6215  1006                    57424.970306 57144.1754  0.49%  19.3   23s
H 6243   961                    57424.969506 57144.1754  0.49%  19.3   23s
* 6799   959              95    57424.453297 57144.1754  0.49%  19.1   23s
  8358  1663 57332.4297   54    8 57424.4533 57144.1754  0.49%  18.5   25s
 16941  5136     cutoff   38      57424.4533 57144.1754  0.49%  15.9   30s
H20706  6477                    57424.453035 57144.1754  0.49%  15.0   32s
H20708  6477                    57424.453023 57144.1754  0.49%  15.0   32s
H20723  6477                    57424.452369 57144.1754  0.49%  15.0   32s
H20837  6596                    57424.452079 57144.1754  0.49%  15.0   33s
 22019  7537     cutoff   35      57424.4521 57144.1754  0.49%  14.8   35s
 31783 10463     cutoff   58      57424.4521 57144.1754  0.49%  14.2   40s
 40184 12719     cutoff   71      57424.4521 57144.1754  0.49%  13.8   45s
 47226 14686 57214.9974   54    5 57424.4521 57144.1754  0.49%  13.2   50s
H47322 14002                    57424.452061 57144.1754  0.49%  13.3   51s
H48336 13533                    57424.452054 57144.1754  0.49%  13.2   54s
 48737 13654 57144.1754   51    6 57424.4521 57144.1754  0.49%  13.2   55s
H49021 13059                    57424.452033 57144.1754  0.49%  13.1   55s
H49026 12428                    57424.451201 57144.1754  0.49%  13.1   55s
 56921 15432 57367.6547   62   19 57424.4512 57144.1754  0.49%  12.6   60s
H62635 16389                    57424.450997 57144.1754  0.49%  12.4   63s
H63446 16061                    57424.450976 57144.1754  0.49%  12.4   64s
H63464 15515                    57424.450806 57144.1754  0.49%  12.4   64s
 64215 16393 57144.1754   46   19 57424.4508 57144.1754  0.49%  12.4   65s
 71153 18684 57382.0721   92    4 57424.4508 57144.1754  0.49%  12.2   84s
 72614 18549 57144.1754   49    6 57424.4508 57144.1754  0.49%  12.2   85s
 80355 20423 57145.7268   56   17 57424.4508 57144.1754  0.49%  12.5   90s
 88383 23929 57144.1754   57   27 57424.4508 57144.1754  0.49%  12.8   95s
 96053 27353 57371.2028   57   31 57424.4508 57144.1754  0.49%  13.0  100s
 105190 31889 57144.1754   60    5 57424.4508 57144.1754  0.49%  13.3  105s
H107532 31471                    57410.358845 57144.1754  0.46%  13.3  108s
 107569 32298 57144.1754   56   13 57410.3588 57144.1754  0.46%  13.3  110s
H110744 32741                    57410.358836 57144.1754  0.46%  13.4  111s
H113572 34086                    57410.358728 57144.1754  0.46%  13.4  114s
 114658 34859 57144.1754   68   16 57410.3587 57144.1754  0.46%  13.5  115s
*118477 35664              64    57406.411671 57144.1754  0.46%  13.6  117s
 123615 37816     cutoff   67      57406.4117 57144.1754  0.46%  13.7  121s
H124056 37816                    57406.411592 57144.1754  0.46%  13.7  121s
H124457 37816                    57406.411500 57144.1754  0.46%  13.7  121s
 129558 40616 57144.1754   45    7 57406.4115 57144.1754  0.46%  13.8  125s
 139219 43821 57144.1754   49   29 57406.4115 57144.1754  0.46%  13.9  130s
H144020 45324                    57406.411486 57144.1754  0.46%  14.0  133s
H144952 45324                    57406.411090 57144.1754  0.46%  14.0  133s
 145389 46233     cutoff   56      57406.4111 57144.1754  0.46%  14.0  135s
 153636 49206 57144.1754   61   14 57406.4111 57144.1754  0.46%  14.1  140s
 163874 52987 57144.1754   66    7 57406.4111 57144.1754  0.46%  14.2  146s
 170266 55753 57144.1754   29   21 57406.4111 57144.1754  0.46%  14.2  150s
 179008 58896 57144.1754   54   23 57406.4111 57144.1754  0.46%  14.3  155s
 188569 61990 57144.1754   76    7 57406.4111 57144.1754  0.46%  14.4  161s
H189147 61990                    57406.410729 57144.1754  0.46%  14.4  161s
 192735 64247 57145.2106   55   16 57406.4107 57144.1754  0.46%  14.4  165s
 202362 67421     cutoff   86      57406.4107 57144.1754  0.46%  14.5  170s
 210993 70447     cutoff   83      57406.4107 57144.1754  0.46%  14.5  175s
 219023 72765 57144.1754   58   18 57406.4107 57144.1754  0.46%  14.5  180s
 228956 76208 57144.1754   61   18 57406.4107 57144.1754  0.46%  14.6  186s
H237021 78407                    57406.311670 57144.1754  0.46%  14.6  191s
H237245 78407                    57406.311662 57144.1754  0.46%  14.6  191s
 237775 81516 57144.1754   59   16 57406.3117 57144.1754  0.46%  14.6  198s
H248489 82047                    57405.563710 57144.1754  0.46%  14.7  199s
 250061 82604 57155.7876   49   16 57405.5637 57144.1754  0.46%  14.7  201s
H251526 82598                    57405.457528 57144.1754  0.46%  14.7  201s
 255395 84402 57193.4275   66   20 57405.4575 57144.1754  0.46%  14.7  205s
 263804 86998 57216.6427   69    9 57405.4575 57144.1754  0.46%  14.7  211s
 269066 87731 57146.0718   70   13 57405.4575 57144.1754  0.46%  14.8  219s
 269091 88411     cutoff   70      57405.4575 57144.1754  0.46%  14.8  221s
 277434 90810     cutoff   57      57405.4575 57144.1754  0.46%  14.8  226s
 286374 93554 57219.3871   65   14 57405.4575 57144.1754  0.46%  14.9  231s
 292636 95202     cutoff   53      57405.4575 57144.1754  0.46%  14.9  235s
 301516 97746 57144.1754   54   18 57405.4575 57144.1754  0.46%  14.9  240s
 310416 100090 57144.1754   82   12 57405.4575 57144.1754  0.46%  14.9  245s
 316850 101669 57385.4903   68   16 57405.4575 57144.1754  0.46%  15.0  250s
 326416 104275 57356.0158   65   16 57405.4575 57144.1754  0.46%  15.0  256s
 335744 106852 57144.1754   75    5 57405.4575 57144.1754  0.46%  15.0  261s
 341818 108471 57179.7072   56   16 57405.4575 57144.1754  0.46%  15.0  265s
 345982 110010 57144.1754   58   23 57405.4575 57144.1754  0.46%  15.1  270s
 356256 112858 57226.7674   62   20 57405.4575 57144.1754  0.46%  15.1  275s
 365729 114897 57318.5114   72   20 57405.4575 57144.1754  0.46%  15.1  280s
 374749 117180     cutoff   53      57405.4575 57144.1754  0.46%  15.1  286s
 383824 119093     cutoff   58      57405.4575 57144.1754  0.46%  15.1  291s
 390054 120514 57291.4319   69   12 57405.4575 57144.1754  0.46%  15.1  295s
 399615 122638 57144.1754   43   25 57405.4575 57144.1754  0.46%  15.1  300s

Cutting planes:
  Gomory: 10
  MIR: 1
  Flow cover: 1

Explored 402443 nodes (6101576 simplex iterations) in 300.08 seconds (320.49 work units)
Thread count was 20 (of 80 available processors)

Solution count 10: 57405.5 57405.5 57406.3 ... 57482.3

Time limit reached
Best objective 5.740545753193e+04, best bound 5.714417544413e+04, gap 0.4552%

User-callback calls 830127, time in user-callback 0.45 sec
