
Gurobi 11.0.3 (linux64) logging started Mon 18 Nov 2024 09:29:27 PM CST

Set parameter LogFile to value "/home/dlcole3/graph_abstraction/hierarchical_graphs/git_storage/CS1/HP_low_reserves/gurobi_logs/serial/logfile_ST12_7.log"

Gurobi 11.0.3 (linux64) logging started Mon 18 Nov 2024 09:44:05 PM CST

Set parameter LogFile to value "/home/dlcole3/graph_abstraction/hierarchical_graphs/git_storage/CS1/HP_low_reserves/gurobi_logs/serial/logfile_ST12_7.log"
Gurobi Optimizer version 11.0.3 build v11.0.3rc0 (linux64 - "Ubuntu 18.04.3 LTS")

CPU model: Intel(R) Xeon(R) CPU E5-2698 v4 @ 2.20GHz, instruction set [SSE2|AVX|AVX2]
Thread count: 40 physical cores, 80 logical processors, using up to 20 threads

Optimize a model with 29168 rows, 50688 columns and 136175 nonzeros
Model fingerprint: 0xdd8ddd6e
Variable types: 46944 continuous, 3744 integer (3744 binary)
Coefficient statistics:
  Matrix range     [6e-01, 2e+04]
  Objective range  [2e+00, 2e+04]
  Bounds range     [5e-02, 2e+05]
  RHS range        [2e-16, 7e+03]
Presolve removed 14588 rows and 38992 columns
Presolve time: 0.32s
Presolved: 14580 rows, 11696 columns, 62569 nonzeros
Variable types: 8659 continuous, 3037 integer (3037 binary)
Found heuristic solution: objective 306972.94593

Root relaxation: objective 2.419238e+04, 8845 iterations, 0.52 seconds (0.45 work units)

    Nodes    |    Current Node    |     Objective Bounds      |     Work
 Expl Unexpl |  Obj  Depth IntInf | Incumbent    BestBd   Gap | It/Node Time

     0     0 24192.3819    0   33 306972.946 24192.3819  92.1%     -    1s
     0     0 24192.4554    0   47 306972.946 24192.4554  92.1%     -    1s
H    0     0                    33400.988036 24204.9367  27.5%     -    2s
     0     0 24204.9367    0   72 33400.9880 24204.9367  27.5%     -    2s
     0     0 24805.9094    0   88 33400.9880 24805.9094  25.7%     -    2s
     0     0 24805.9094    0   57 33400.9880 24805.9094  25.7%     -    2s
     0     0 24807.1752    0   55 33400.9880 24807.1752  25.7%     -    2s
     0     0 24831.0602    0   70 33400.9880 24831.0602  25.7%     -    2s
     0     0 24831.0602    0   85 33400.9880 24831.0602  25.7%     -    2s
     0     0 24831.0602    0   84 33400.9880 24831.0602  25.7%     -    2s
     0     0 24831.0602    0   84 33400.9880 24831.0602  25.7%     -    2s
     0     0 24831.0602    0   84 33400.9880 24831.0602  25.7%     -    2s
     0     0 24831.0602    0   84 33400.9880 24831.0602  25.7%     -    2s
     0     0 24831.0602    0   84 33400.9880 24831.0602  25.7%     -    3s
     0     2 24831.0602    0   84 33400.9880 24831.0602  25.7%     -    3s
H   34    51                    33400.987963 24857.5183  25.6%   258    4s
H   39    51                    33400.987896 24857.5183  25.6%   247    4s
H   40    51                    33400.987821 24857.5183  25.6%   244    4s
H   44    51                    33400.987782 24857.5183  25.6%   253    4s
H   45    51                    33162.434451 24857.5183  25.0%   248    4s
    51    70 24857.5183    6   45 33162.4345 24857.5183  25.0%   241    5s
H  103   107                    29911.478457 24864.0209  16.9%   154    5s
H  286   235                    27391.244730 24864.0209  9.23%  88.8    6s
H  331   206                    27385.520579 24864.0209  9.21%  77.7    7s
H  380   237                    26762.380119 24864.0209  7.09%  70.9    8s
H  381   237                    26636.414154 24864.0209  6.65%  70.7    8s
H  383   237                    25821.766871 24864.0209  3.71%  71.4    8s
H  388   237                    25707.221598 24864.0209  3.28%  70.7    8s
H  391   237                    25706.704506 24864.0209  3.28%  70.7    8s
  1140   688 25464.2950   42   20 25706.7045 24864.0209  3.28%  33.4   10s
H 1249   688                    25702.851793 24864.0209  3.26%  31.3   10s
H 1352   773                    25624.886139 24864.0209  2.97%  29.8   10s
* 1711  1008              72    25623.763593 25131.4030  1.92%  26.3   10s
H 1758  1008                    25483.545102 25131.4030  1.38%  26.0   10s
H 1759  1008                    25483.529852 25131.4030  1.38%  26.0   10s
H 1760  1008                    25483.495349 25131.4030  1.38%  26.0   10s
H 1907  1029                    25482.468027 25175.0992  1.21%  24.9   10s
* 1911  1029             101    25482.433525 25175.0992  1.21%  24.9   10s
H 2658  1141                    25464.455847 25194.3553  1.06%  21.3   11s
H 2713  1067                    25464.455842 25194.3553  1.06%  21.0   11s
H 2714  1067                    25464.358195 25194.3553  1.06%  21.0   11s
H 2731  1067                    25464.357982 25194.3553  1.06%  21.0   11s
H 2733  1067                    25464.256691 25194.3553  1.06%  21.0   11s
* 2905  1165              62    25463.291930 25197.9176  1.04%  20.4   11s
  2940  1213 25345.8087   25   17 25463.2919 25197.9176  1.04%  20.4   16s
H 3112  1213                    25461.600762 25197.9176  1.04%  19.8   16s
  4118  1192 25355.8805   36   42 25461.6008 25216.6559  0.96%  18.1   20s
H 4535  1145                    25449.964442 25216.6559  0.92%  19.2   23s
H 4658  1082                    25449.964430 25216.6559  0.92%  19.1   23s
H 4661  1027                    25449.964422 25216.6559  0.92%  19.1   23s
H 4667   974                    25449.964415 25216.6559  0.92%  19.1   23s
H 4677   921                    25449.964402 25216.6559  0.92%  19.1   23s
  5760  1022 25331.8138   46   36 25449.9644 25223.5779  0.89%  17.2   25s
H 6266  1076                    25449.964382 25223.5779  0.89%  16.4   25s
H 6267  1031                    25449.964373 25223.5779  0.89%  16.4   25s
H 6269   990                    25449.964309 25223.5779  0.89%  16.4   25s
H 6271   949                    25449.964128 25223.5779  0.89%  16.4   25s
H 6273   916                    25449.964089 25223.5779  0.89%  16.4   25s
H 6281   916                    25449.963996 25223.5779  0.89%  16.4   25s
 14396  4895 25438.7356   67    2 25449.9640 25307.4211  0.56%  11.9   30s
H19778  6618                    25449.963066 25326.3972  0.49%  10.8   33s
 22200  7796 25350.6712   41   32 25449.9631 25332.6809  0.46%  10.5   35s
 32113 11357 25352.5821   74    3 25449.9631 25344.9273  0.41%   9.4   40s
 46503 17585 25358.6675   67    3 25449.9631 25351.0723  0.39%   8.3   62s
 54171 17145 25382.6055   55   42 25449.9631 25356.6479  0.37%   8.4   65s
 64816 15488 25401.1972   52   60 25449.9631 25362.4039  0.34%   9.0   71s
 72399 13040     cutoff   65      25449.9631 25369.5135  0.32%   9.7   75s
H72566 13040                    25449.963057 25369.5826  0.32%   9.7   75s
H72893 13040                    25449.963014 25369.9127  0.31%   9.7   75s

Cutting planes:
  Gomory: 2
  MIR: 2
  Flow cover: 6
  Relax-and-lift: 8

Explored 76061 nodes (766612 simplex iterations) in 77.67 seconds (69.25 work units)
Thread count was 20 (of 80 available processors)

Solution count 10: 25450 25450 25461.6 ... 25707.2

Optimal solution found (tolerance 3.00e-03)
Best objective 2.544996444283e+04, best bound 2.537549044100e+04, gap 0.2926%

User-callback calls 168411, time in user-callback 0.05 sec
