
Gurobi 11.0.3 (linux64) logging started Tue 19 Nov 2024 12:30:14 AM CST

Set parameter LogFile to value "/home/dlcole3/graph_abstraction/hierarchical_graphs/git_storage/CS1/HP_low_reserves/gurobi_logs/serial/logfile_ST26_7.log"

Gurobi 11.0.3 (linux64) logging started Tue 19 Nov 2024 12:40:53 AM CST

Set parameter LogFile to value "/home/dlcole3/graph_abstraction/hierarchical_graphs/git_storage/CS1/HP_low_reserves/gurobi_logs/serial/logfile_ST26_7.log"
Gurobi Optimizer version 11.0.3 build v11.0.3rc0 (linux64 - "Ubuntu 18.04.3 LTS")

CPU model: Intel(R) Xeon(R) CPU E5-2698 v4 @ 2.20GHz, instruction set [SSE2|AVX|AVX2]
Thread count: 40 physical cores, 80 logical processors, using up to 20 threads

Optimize a model with 29168 rows, 50688 columns and 136175 nonzeros
Model fingerprint: 0xb37be384
Variable types: 46944 continuous, 3744 integer (3744 binary)
Coefficient statistics:
  Matrix range     [6e-01, 2e+04]
  Objective range  [2e+00, 2e+04]
  Bounds range     [5e-02, 2e+05]
  RHS range        [2e-03, 7e+03]
Presolve removed 14330 rows and 38626 columns
Presolve time: 0.37s
Presolved: 14838 rows, 12062 columns, 63873 nonzeros
Variable types: 8989 continuous, 3073 integer (3073 binary)
Found heuristic solution: objective 1364503.6816
Found heuristic solution: objective 1363064.1472
Found heuristic solution: objective 1273626.9759

Root relaxation: objective 7.696291e+04, 8721 iterations, 0.52 seconds (0.43 work units)

    Nodes    |    Current Node    |     Objective Bounds      |     Work
 Expl Unexpl |  Obj  Depth IntInf | Incumbent    BestBd   Gap | It/Node Time

     0     0 76962.9084    0   73 1273626.98 76962.9084  94.0%     -    1s
H    0     0                    560118.31337 76962.9084  86.3%     -    2s
H    0     0                    411165.92711 76962.9084  81.3%     -    2s
     0     0 76962.9084    0   87 411165.927 76962.9084  81.3%     -    2s
     0     0 76963.1024    0   80 411165.927 76963.1024  81.3%     -    2s
     0     0 76963.1024    0   96 411165.927 76963.1024  81.3%     -    2s
H    0     0                    162919.86908 76963.8135  52.8%     -    2s
     0     0 76963.8135    0   95 162919.869 76963.8135  52.8%     -    3s
     0     0 76963.8135    0   96 162919.869 76963.8135  52.8%     -    3s
     0     0 76963.8135    0  103 162919.869 76963.8135  52.8%     -    3s
     0     0 76963.8135    0  103 162919.869 76963.8135  52.8%     -    3s
     0     2 76963.8135    0  103 162919.869 76963.8135  52.8%     -    3s
    31    52 77441.9062    5   77 162919.869 77309.4622  52.5%   102    5s
H   32    52                    162919.86901 77309.4622  52.5%  99.1    5s
H   34    52                    102122.62930 77311.3530  24.3%  95.5    5s
H   38    52                    94947.605330 77311.3530  18.6%  92.8    5s
H   50    52                    82905.252267 77334.6099  6.72%   105    5s
H  110   110                    82867.592673 77334.6099  6.68%   104    6s
H  209   219                    82867.592660 77334.6099  6.68%   106    7s
H  301   323                    82769.647278 77334.6099  6.57%  95.4    8s
H  315   323                    82287.322003 77334.6099  6.02%  94.9    8s
H  340   355                    81866.901196 77334.6099  5.54%  92.2    8s
H  379   398                    81512.403099 77334.6099  5.13%  91.0    8s
   733   736 78862.9429   33   50 81512.4031 77334.6099  5.13%  69.0   10s
H 1343  1087                    80080.775734 77508.6678  3.21%  51.2   16s
H 1344  1087                    79775.899627 77508.6678  2.84%  51.2   16s
H 1345  1087                    79732.230952 77508.6678  2.79%  51.3   16s
H 1347  1087                    79722.866442 77508.6678  2.78%  51.2   16s
H 1349  1087                    79722.866186 77508.6678  2.78%  51.2   16s
H 1350  1087                    79655.584928 77508.6678  2.70%  51.2   16s
H 1356  1087                    79652.328279 77508.6678  2.69%  51.1   16s
  2397  1111 79183.9387   18   55 79652.3283 78083.8303  1.97%  50.1   20s
H 2398  1111                    79652.328271 78083.8303  1.97%  50.1   20s
H 2401  1111                    79651.944266 78083.8303  1.97%  50.2   20s
H 2404  1111                    79651.944238 78083.8303  1.97%  50.2   20s
H 2433  1133                    79651.943517 78083.8303  1.97%  50.3   20s
H 2445  1133                    79651.943484 78083.8303  1.97%  50.3   20s
H 2822  1202                    79164.521933 78083.8303  1.37%  47.4   21s
  2940  1214     cutoff   28      79164.5219 78261.2172  1.14%  46.3   29s
H 2978  1214                    79148.889800 78272.2141  1.11%  46.1   29s
H 3272  1292                    79135.014349 78301.3968  1.05%  44.1   29s
H 3276  1292                    79134.996877 78301.3968  1.05%  44.1   29s
* 3280  1292              86    79134.979405 78301.3968  1.05%  44.0   29s
H 3348  1292                    78993.789115 78308.2232  0.87%  43.5   29s
H 3350  1292                    78993.123224 78308.2232  0.87%  43.4   29s
H 3352  1292                    78992.944562 78308.2232  0.87%  43.4   29s
* 3354  1292              91    78992.765896 78308.2232  0.87%  43.4   29s
H 3591   474                    78674.066531 78308.2232  0.47%  42.4   31s
  3613   408 78308.2232   17   42 78674.0665 78308.2232  0.47%  44.5   35s
H 3691   403                    78674.066388 78308.2232  0.47%  45.1   36s
H 3700   381                    78674.066149 78308.2232  0.47%  45.2   36s
H 3834   342                    78674.066129 78308.2232  0.47%  46.0   37s
H 3835   325                    78674.066113 78308.2232  0.47%  46.0   37s
H 3837   307                    78674.066041 78308.2232  0.47%  46.0   37s
H 3848   289                    78674.065108 78308.2232  0.47%  46.1   37s
H 3857   279                    78660.094436 78308.2232  0.45%  46.2   39s
H 3872   260                    78654.730983 78308.2232  0.44%  46.2   39s
  4069   202     cutoff   24      78654.7310 78308.2232  0.44%  46.4   40s
H 5038   148                    78654.730748 78308.2232  0.44%  43.1   42s
H 5047   148                    78654.730303 78308.2232  0.44%  43.0   42s
H 5375   326                    78653.426872 78313.0397  0.43%  40.8   42s
H 5376   326                    78653.347314 78313.0397  0.43%  40.8   42s
* 5378   326              95    78652.760977 78313.0397  0.43%  40.8   42s
H 5864   440                    78650.016163 78345.9212  0.39%  38.0   43s
H 5866   440                    78649.837504 78345.9212  0.39%  38.0   43s
H 6079   421                    78649.837496 78345.9212  0.39%  36.9   43s
H 6080   421                    78649.574785 78345.9212  0.39%  36.9   43s
H 6170   475                    78649.539089 78378.4467  0.34%  36.4   43s
* 6171   475              96    78649.171603 78378.4467  0.34%  36.4   43s

Cutting planes:
  Gomory: 2

Explored 6631 nodes (236014 simplex iterations) in 43.71 seconds (38.92 work units)
Thread count was 20 (of 80 available processors)

Solution count 10: 78649.2 78649.2 78652.8 ... 79164.5

Optimal solution found (tolerance 3.00e-03)
Best objective 7.864917160349e+04, best bound 7.842301606562e+04, gap 0.2875%

User-callback calls 26744, time in user-callback 0.04 sec
