
Gurobi 11.0.3 (linux64) logging started Mon 18 Nov 2024 08:45:38 PM CST

Set parameter LogFile to value "/home/dlcole3/graph_abstraction/hierarchical_graphs/git_storage/CS1/HP_low_reserves/gurobi_logs/serial/logfile_ST10_5.log"

Gurobi 11.0.3 (linux64) logging started Mon 18 Nov 2024 08:55:02 PM CST

Set parameter LogFile to value "/home/dlcole3/graph_abstraction/hierarchical_graphs/git_storage/CS1/HP_low_reserves/gurobi_logs/serial/logfile_ST10_5.log"
Gurobi Optimizer version 11.0.3 build v11.0.3rc0 (linux64 - "Ubuntu 18.04.3 LTS")

CPU model: Intel(R) Xeon(R) CPU E5-2698 v4 @ 2.20GHz, instruction set [SSE2|AVX|AVX2]
Thread count: 40 physical cores, 80 logical processors, using up to 20 threads

Optimize a model with 29168 rows, 50688 columns and 136175 nonzeros
Model fingerprint: 0x2b0c9394
Variable types: 46944 continuous, 3744 integer (3744 binary)
Coefficient statistics:
  Matrix range     [6e-01, 2e+04]
  Objective range  [2e+00, 2e+04]
  Bounds range     [5e-02, 2e+05]
  RHS range        [5e-02, 7e+03]
Presolve removed 14287 rows and 38617 columns
Presolve time: 0.35s
Presolved: 14881 rows, 12071 columns, 63905 nonzeros
Variable types: 9007 continuous, 3064 integer (3064 binary)
Found heuristic solution: objective 3383985.8231
Found heuristic solution: objective 3102003.6988

Root relaxation: objective 1.174771e+05, 9014 iterations, 0.61 seconds (0.49 work units)

    Nodes    |    Current Node    |     Objective Bounds      |     Work
 Expl Unexpl |  Obj  Depth IntInf | Incumbent    BestBd   Gap | It/Node Time

     0     0 117477.082    0   52 3102003.70 117477.082  96.2%     -    1s
H    0     0                    195080.88606 117477.082  39.8%     -    1s
     0     0 117477.082    0   53 195080.886 117477.082  39.8%     -    2s
H    0     0                    194267.92456 117477.082  39.5%     -    2s
     0     0 117477.082    0   52 194267.925 117477.082  39.5%     -    2s
     0     0 117477.139    0   69 194267.925 117477.139  39.5%     -    2s
     0     0 117477.246    0   69 194267.925 117477.246  39.5%     -    2s
     0     2 117477.246    0   69 194267.925 117477.246  39.5%     -    3s
H   91   112                    194267.92453 117495.276  39.5%  40.7    4s
H   92   112                    189269.44020 117495.276  37.9%  40.3    4s
H   93   112                    125626.12935 117495.276  6.47%  40.3    4s
   139   160 119112.807    9   35 125626.129 117495.276  6.47%  38.3    5s
H  159   180                    125604.78585 117495.276  6.46%  41.0    5s
H  161   180                    125604.78583 117495.276  6.46%  41.3    5s
H  173   180                    123532.16977 117495.276  4.89%  45.1    5s
H  256   277                    123532.16976 117495.276  4.89%  63.3   10s
H  257   277                    121243.49143 117495.276  3.09%  63.6   10s
H  259   277                    120729.47524 117495.276  2.68%  65.2   10s
H  261   277                    120601.84730 117495.276  2.58%  65.6   10s
H  285   295                    120601.84650 117495.276  2.58%  68.9   10s
   298   325 119776.126   14   28 120601.846 117495.276  2.58%  71.5   16s
   808   680 119752.028   15   44 120601.846 117495.276  2.58%  54.0   21s
H  809   680                    120601.84629 117495.276  2.58%  54.0   21s
H  822   680                    120598.40915 117495.276  2.57%  53.3   21s
H  826   680                    120598.34527 117495.276  2.57%  53.1   21s
  1956  1364 118104.465   11   48 120598.345 117865.308  2.27%  47.5   26s
H 1970  1364                    120598.34522 117865.308  2.27%  47.6   26s
* 2114  1345              82    120361.97628 117865.308  2.07%  46.9   26s
H 2567  1521                    120320.22414 117865.308  2.04%  46.0   27s
H 2570  1513                    120317.95962 117865.308  2.04%  46.0   27s
* 2572  1510              66    120316.34047 117865.308  2.04%  46.0   27s
H 3564  1998                    120316.09464 117920.623  1.99%  44.6   31s
  3585  2023 119148.988   14   27 120316.095 117920.623  1.99%  46.6   35s
H 3624  1941                    120316.09462 117920.623  1.99%  46.9   35s
H 3627  1845                    120316.09458 117920.623  1.99%  46.9   35s
H 3630  1753                    120316.09456 117920.623  1.99%  46.9   35s
H 3799  1729                    120316.09444 117920.623  1.99%  47.6   37s
H 3803  1647                    120316.09424 117920.623  1.99%  47.7   37s
H 3812  1566                    120316.09373 117920.623  1.99%  47.7   37s
H 3918  1517                    120316.09371 117920.623  1.99%  48.3   39s
H 3935  1442                    120316.09248 117920.623  1.99%  48.2   39s
  4044  1482 119483.708   27   47 120316.092 117920.623  1.99%  48.4   40s
H 5055  1560                    120316.09232 117920.623  1.99%  47.6   44s
  5298  1674     cutoff   34      120316.092 117920.623  1.99%  47.3   45s
H 5577  1601                    120308.09909 117920.623  1.98%  46.4   45s
H 5578  1541                    120294.89609 117920.623  1.97%  46.4   45s
H 5914  1518                    120286.34300 117920.623  1.97%  46.0   45s
H 7149  1849                    120219.87684 117920.623  1.91%  45.1   47s
H 7152  1845                    120218.97105 117920.623  1.91%  45.1   47s
H 7154  1845                    120218.06526 117920.623  1.91%  45.1   47s
H 7155  1843                    120217.15948 117920.623  1.91%  45.1   47s
H 7156  1839                    120208.41927 117920.623  1.90%  45.1   47s
H 7387  1985                    120205.00644 117920.623  1.90%  44.9   47s
H 7391  1985                    120204.48822 117920.623  1.90%  44.9   47s
H 7394  1983                    120202.67575 117920.623  1.90%  44.9   47s
H 7402  1981                    120201.75438 117920.623  1.90%  44.8   47s
* 7406  1979              82    120200.15162 117920.623  1.90%  44.8   47s
  9183  3162 119284.697   30   16 120200.152 118453.378  1.45%  43.8   50s
H10684  3832                    120154.03122 118533.394  1.35%  42.8   51s
H11656  4387                    120153.99691 118533.453  1.35%  41.5   52s
H11663  4384                    120151.72334 118533.453  1.35%  41.5   52s
 13587  5573 119571.692   50   36 120151.723 118622.239  1.27%  40.8   55s
H17904  7588                    120151.72330 118800.916  1.12%  39.3   60s
H17909  7588                    120151.72328 118800.916  1.12%  39.3   60s
H17915  7588                    120151.72323 118800.916  1.12%  39.3   60s
 22428  9777 119700.646   33   31 120151.723 118872.805  1.06%  38.1   65s
 27373 11716 119610.470   34   27 120151.723 118925.750  1.02%  37.4   70s
 32052 12858     cutoff   51      120151.723 118965.474  0.99%  35.8   75s
H32062 12858                    120151.72264 118965.801  0.99%  35.8   75s
H32078 12858                    120151.72202 118965.801  0.99%  35.8   75s
H32102 12905                    120151.23899 118965.897  0.99%  35.8   77s
H32904 13608                    120151.05626 118965.993  0.99%  35.5   78s
*32906 13603              81    120150.91445 118965.993  0.99%  35.5   78s
H33588 13601                    120150.81189 118965.993  0.99%  35.3   78s
*33590 13599              82    120150.67009 118965.993  0.99%  35.3   78s
 33866 14313 120032.209   46   19 120150.670 118968.596  0.98%  35.2   80s
H34831 14301                    120150.34428 118974.438  0.98%  34.9   80s
H34833 14063                    120144.63656 118974.438  0.97%  34.9   80s
*34850 13985              78    120138.89100 118974.438  0.97%  34.9   80s
H40046 16312                    120138.89090 119000.846  0.95%  33.8   86s
H40067 16312                    120138.89082 119000.846  0.95%  33.8   86s
H40092 16312                    120138.89067 119000.846  0.95%  33.8   86s
 44679 18257 119459.995   54   27 120138.891 119019.717  0.93%  32.4   91s
 47232 19008 120128.389   50   19 120138.891 119021.972  0.93%  31.7  114s
 49873 19463     cutoff   44      120138.891 119034.303  0.92%  31.6  115s
 56218 21110     cutoff   49      120138.891 119072.298  0.89%  30.8  121s
 60828 21519     cutoff   50      120138.891 119093.525  0.87%  30.5  125s
 66665 23213 119831.680   45   37 120138.891 119191.167  0.79%  30.6  130s
H70294 23855                    120138.89050 119236.912  0.75%  30.6  134s
 71030 23866 119577.752   27   52 120138.890 119242.021  0.75%  30.6  145s
H71031 23848                    120138.41859 119242.021  0.75%  30.6  145s
H71032 23833                    120137.96927 119242.021  0.75%  30.6  145s
H71036 23815                    120137.49644 119242.021  0.75%  30.6  145s
 71055 25469 119606.342   28   15 120137.496 119243.491  0.74%  30.6  150s
H79320 26200                    120136.73746 119292.371  0.70%  30.4  152s
H79321 26180                    120136.33148 119292.371  0.70%  30.4  152s
*79322 26170              71    120135.92550 119292.371  0.70%  30.4  152s
 82417 27357     cutoff   33      120135.926 119329.149  0.67%  30.3  156s
*83897 27355              74    120135.85057 119333.342  0.67%  30.2  156s
 87498 28060     cutoff   45      120135.851 119356.632  0.65%  30.0  161s
H87499 28060                    120135.85048 119356.632  0.65%  30.0  161s
 93501 29084 119652.304   51   36 120135.850 119398.403  0.61%  30.0  167s
 98480 29723 119759.602   28   45 120135.850 119447.594  0.57%  29.9  171s
 103266 29674     cutoff   41      120135.850 119484.655  0.54%  29.8  175s
H103403 29674                    120135.84881 119485.675  0.54%  29.8  175s
 107178 30147     cutoff   34      120135.849 119513.319  0.52%  29.8  180s
 114340 30585 119573.330   39   30 120135.849 119566.292  0.47%  29.6  185s
 118945 30566     cutoff   37      120135.849 119604.456  0.44%  29.5  190s
 126730 31763     cutoff   48      120135.849 119653.434  0.40%  29.2  196s
 130771 32295 119776.337   32   42 120135.849 119672.749  0.39%  29.1  200s
 139433 35938 120103.639   42   36 120135.849 119699.413  0.36%  28.5  207s
 145645 36226 119921.757   57   22 120135.849 119712.428  0.35%  28.0  210s
 152892 39855 119875.009   49    9 120135.849 119748.294  0.32%  27.5  215s
 164265 46137 119838.420   56    9 120135.849 119748.959  0.32%  26.3  222s
 173276 48724 119926.270   67   10 120135.849 119749.844  0.32%  25.5  225s
 182602 52716 120056.926   59    9 120135.849 119750.173  0.32%  24.7  230s
 189010 56212 119924.451   48    9 120135.849 119751.033  0.32%  24.2  235s
 200594 60549     cutoff   64      120135.849 119752.196  0.32%  23.4  240s
 210211 65167 119830.972   42   20 120135.849 119752.296  0.32%  22.8  245s
 221684 68791     cutoff   68      120135.849 119753.607  0.32%  22.2  251s
H221695 68791                    120135.82557 119753.607  0.32%  22.2  251s
 225237 71498     cutoff   39      120135.826 119756.442  0.32%  22.0  255s
 232587 73347     cutoff   44      120135.826 119768.145  0.31%  21.8  260s

Cutting planes:
  Gomory: 23
  MIR: 9

Explored 234997 nodes (5125004 simplex iterations) in 260.57 seconds (264.17 work units)
Thread count was 20 (of 80 available processors)

Solution count 10: 120136 120136 120136 ... 120151

Optimal solution found (tolerance 3.00e-03)
Best objective 1.201358255771e+05, best bound 1.197768613489e+05, gap 0.2988%

User-callback calls 499630, time in user-callback 0.13 sec
