
Gurobi 11.0.3 (linux64) logging started Mon 18 Nov 2024 09:26:47 PM CST

Set parameter LogFile to value "/home/dlcole3/graph_abstraction/hierarchical_graphs/git_storage/CS1/HP_low_reserves/gurobi_logs/serial/logfile_DA_12.log"
Set parameter TimeLimit to value 900

Gurobi 11.0.3 (linux64) logging started Mon 18 Nov 2024 09:26:48 PM CST

Set parameter LogFile to value "/home/dlcole3/graph_abstraction/hierarchical_graphs/git_storage/CS1/HP_low_reserves/gurobi_logs/serial/logfile_DA_12.log"
Gurobi Optimizer version 11.0.3 build v11.0.3rc0 (linux64 - "Ubuntu 18.04.3 LTS")

CPU model: Intel(R) Xeon(R) CPU E5-2698 v4 @ 2.20GHz, instruction set [SSE2|AVX|AVX2]
Thread count: 40 physical cores, 80 logical processors, using up to 20 threads

Optimize a model with 35850 rows, 31725 columns and 164765 nonzeros
Model fingerprint: 0x740c17bd
Variable types: 19950 continuous, 11775 integer (11775 binary)
Coefficient statistics:
  Matrix range     [5e-02, 2e+04]
  Objective range  [1e+00, 8e+04]
  Bounds range     [5e-02, 2e+05]
  RHS range        [5e-02, 7e+03]
Presolve removed 4442 rows and 6109 columns
Presolve time: 0.81s
Presolved: 31408 rows, 25616 columns, 145265 nonzeros
Variable types: 15102 continuous, 10514 integer (10514 binary)
Found heuristic solution: objective 9.677299e+08
Found heuristic solution: objective 8.620975e+08
Found heuristic solution: objective 5.564939e+08
Deterministic concurrent LP optimizer: primal and dual simplex
Showing primal log only...

Concurrent spin time: 0.00s

Solved with dual simplex

Use crossover to convert LP symmetric solution to basic solution...

Root relaxation: objective 9.884443e+06, 12904 iterations, 1.27 seconds (0.87 work units)

    Nodes    |    Current Node    |     Objective Bounds      |     Work
 Expl Unexpl |  Obj  Depth IntInf | Incumbent    BestBd   Gap | It/Node Time

     0     0 9884443.49    0  112 5.5649e+08 9884443.49  98.2%     -    3s
H    0     0                    5.558777e+08 9884443.49  98.2%     -    3s
H    0     0                    1.441099e+07 9884443.49  31.4%     -    3s
     0     0 9885502.59    0  114 1.4411e+07 9885502.59  31.4%     -    4s
     0     0 9892931.90    0  132 1.4411e+07 9892931.90  31.4%     -    4s
     0     0 9892931.90    0  122 1.4411e+07 9892931.90  31.4%     -    5s
     0     0 9892931.90    0  121 1.4411e+07 9892931.90  31.4%     -    5s
H    0     0                    1.441060e+07 9892931.90  31.3%     -    5s
     0     0 9892931.90    0  121 1.4411e+07 9892931.90  31.3%     -    5s
     0     2 9892931.90    0  121 1.4411e+07 9892931.90  31.3%     -    7s
H   31    52                    1.011455e+07 9895466.97  2.17%   220   10s
H   91   112                    1.011454e+07 9895498.03  2.17%   198   13s
H   96   112                    1.011452e+07 9895498.03  2.17%   198   13s
H  101   112                    1.011450e+07 9895498.03  2.17%   195   13s
H  108   112                    1.010994e+07 9895498.03  2.12%   198   13s
H  156   177                    1.010884e+07 9895498.03  2.11%   184   16s
H  161   177                    1.008743e+07 9895498.03  1.90%   182   16s
H  164   177                    1.005585e+07 9895498.03  1.59%   183   16s
H  244   267                    9989664.3350 9895498.03  0.94%   161   18s
   406   429 9914185.35   20   59 9989664.34 9895498.03  0.94%   134   20s
   877   860 9945575.39   35  113 9989664.34 9895498.03  0.94%   120   34s
H  887   860                    9963807.2900 9895498.03  0.69%   119   34s
H  952   842                    9951515.2504 9895498.03  0.56%   118   39s
H  978   842                    9942415.0705 9895498.03  0.47%   117   39s
  1007   895 9940053.84   37   27 9942415.07 9895694.67  0.47%   117   40s
  1890  1164 9924815.51   14   60 9942415.07 9896247.53  0.46%   107   45s
H 2064  1090                    9942405.8764 9896247.53  0.46%   104   46s
H 2075  1090                    9942401.0200 9896247.53  0.46%   104   46s
H 2150  1179                    9942095.3875 9896247.53  0.46%   103   46s
H 2151  1179                    9941919.9274 9896247.53  0.46%   103   46s
H 2152  1179                    9941916.7786 9896247.53  0.46%   103   46s
* 2650  1401              77    9941728.5405 9897164.37  0.45%  97.9   49s
* 2653  1398              79    9941692.5019 9897164.37  0.45%  97.8   49s
  2893  1480 9935872.69   33   51 9941692.50 9897164.37  0.45%  96.0   50s
H 3517  1588                    9940542.8968 9899907.63  0.41%  96.1   55s
  3520  1587 9917640.69   15   89 9940542.90 9899907.63  0.41%  96.0   61s
  3538  1611 9899907.63   17  101 9940542.90 9899907.63  0.41%   101   66s
  3699  1662 9912533.83   22   52 9940542.90 9901134.59  0.40%   103   70s
  3744  1668 9915921.09   23   59 9940542.90 9901134.59  0.40%   104   76s
H 3746  1587                    9936727.0594 9901134.59  0.36%   104   76s
H 3748  1510                    9935608.1959 9901134.59  0.35%   104   76s
H 3752  1438                    9935551.8581 9901134.59  0.35%   104   76s
H 3755  1368                    9934157.3381 9901134.59  0.33%   104   76s
H 3813  1293                    9934084.1397 9901134.59  0.33%   104   79s
  3886  1318 9919414.47   26   61 9934084.14 9901134.59  0.33%   104   80s
  4590  1312     cutoff   37      9934084.14 9902697.61  0.32%   102   85s
H 4836  1251                    9932952.1062 9902697.61  0.30%   102   89s
H 4839  1192                    9932777.8528 9902697.61  0.30%   102   89s
H 4863  1128                    9932748.5252 9902697.61  0.30%   102   89s
  4865  1170     cutoff   32      9932748.53 9905320.68  0.28%   102   90s
  5598  1119 9929892.13   33   57 9932748.53 9908317.24  0.25%   100   95s
  6823  1007     cutoff   31      9932748.53 9913058.97  0.20%  98.6  100s
  7950  1212 9924243.46   31   50 9932748.53 9914510.37  0.18%  98.4  105s
  8682  1308     cutoff   40      9932748.53 9915936.01  0.17%  98.5  111s
  9367  1365 9927406.73   31   54 9932748.53 9916466.82  0.16%  96.9  118s
H 9373  1365                    9932743.9932 9916466.82  0.16%  96.9  118s
  9741  1445 9931311.05   28   49 9932743.99 9917318.71  0.16%  96.1  121s
 11128  1623 9931585.42   35   31 9932743.99 9918801.55  0.14%  94.3  126s
 12321  1651 9926246.03   30   76 9932743.99 9919673.50  0.13%  93.1  130s
 14319  1683     cutoff   33      9932743.99 9920907.45  0.12%  91.1  136s
 15100  1638 9930244.95   37   63 9932743.99 9921511.13  0.11%  90.2  142s

Cutting planes:
  Gomory: 1

Explored 16820 nodes (1497935 simplex iterations) in 144.90 seconds (148.27 work units)
Thread count was 20 (of 80 available processors)

Solution count 10: 9.93274e+06 9.93274e+06 9.93278e+06 ... 9.94054e+06

Optimal solution found (tolerance 1.00e-03)
Best objective 9.932743993327e+06, best bound 9.922874280824e+06, gap 0.0994%

User-callback calls 59001, time in user-callback 0.08 sec
