
Gurobi 11.0.3 (linux64) logging started Mon 18 Nov 2024 08:33:01 PM CST

Set parameter LogFile to value "/home/dlcole3/graph_abstraction/hierarchical_graphs/git_storage/CS1/HP_low_reserves/gurobi_logs/serial/logfile_DA_9.log"
Set parameter TimeLimit to value 900

Gurobi 11.0.3 (linux64) logging started Mon 18 Nov 2024 08:33:02 PM CST

Set parameter LogFile to value "/home/dlcole3/graph_abstraction/hierarchical_graphs/git_storage/CS1/HP_low_reserves/gurobi_logs/serial/logfile_DA_9.log"
Gurobi Optimizer version 11.0.3 build v11.0.3rc0 (linux64 - "Ubuntu 18.04.3 LTS")

CPU model: Intel(R) Xeon(R) CPU E5-2698 v4 @ 2.20GHz, instruction set [SSE2|AVX|AVX2]
Thread count: 40 physical cores, 80 logical processors, using up to 20 threads

Optimize a model with 35850 rows, 31725 columns and 164765 nonzeros
Model fingerprint: 0xbc967a51
Variable types: 19950 continuous, 11775 integer (11775 binary)
Coefficient statistics:
  Matrix range     [5e-02, 2e+04]
  Objective range  [1e+00, 8e+04]
  Bounds range     [5e-02, 2e+05]
  RHS range        [5e-02, 7e+03]
Presolve removed 4520 rows and 6156 columns
Presolve time: 0.81s
Presolved: 31330 rows, 25569 columns, 144944 nonzeros
Variable types: 15090 continuous, 10479 integer (10479 binary)
Found heuristic solution: objective 9.281146e+08
Found heuristic solution: objective 6.886801e+08
Found heuristic solution: objective 5.407968e+08
Deterministic concurrent LP optimizer: primal and dual simplex
Showing primal log only...

Concurrent spin time: 0.04s

Solved with dual simplex

Use crossover to convert LP symmetric solution to basic solution...

Root relaxation: objective 9.571971e+06, 12800 iterations, 1.46 seconds (1.02 work units)

    Nodes    |    Current Node    |     Objective Bounds      |     Work
 Expl Unexpl |  Obj  Depth IntInf | Incumbent    BestBd   Gap | It/Node Time

     0     0 9571970.68    0   87 5.4080e+08 9571970.68  98.2%     -    3s
H    0     0                    5.367079e+08 9571970.68  98.2%     -    3s
H    0     0                    1.358324e+07 9572635.27  29.5%     -    4s
     0     0 9572635.27    0   88 1.3583e+07 9572635.27  29.5%     -    4s
H    0     0                    1.331643e+07 9574466.86  28.1%     -    4s
     0     0 9574466.86    0   90 1.3316e+07 9574466.86  28.1%     -    4s
     0     0 9574757.23    0   90 1.3316e+07 9574757.23  28.1%     -    5s
H    0     0                    1.317602e+07 9574757.23  27.3%     -    5s
H    0     2                    1.317602e+07 9574757.23  27.3%     -    6s
     0     2 9574757.23    0   90 1.3176e+07 9574757.23  27.3%     -    6s
    31    52 9578263.51    5   77 1.3176e+07 9577129.11  27.3%   249   10s
H   58    72                    1.057245e+07 9578539.45  9.40%   215   11s
H   63    72                    9750134.6456 9578539.45  1.76%   213   11s
H   91   109                    9750116.9887 9578539.45  1.76%   198   12s
H   99   109                    9750056.1656 9578539.45  1.76%   196   12s
H  153   164                    9750049.5676 9578539.45  1.76%   164   15s
H  153   164                    9749904.9739 9578539.45  1.76%   164   15s
H  157   164                    9749880.0043 9578539.45  1.76%   161   15s
H  159   164                    9749834.7926 9578539.45  1.76%   161   15s
H  204   209                    9653449.4571 9578539.45  0.78%   157   23s
H  205   209                    9635385.2944 9578539.45  0.59%   156   23s
   267   255 9593143.05   15   71 9635385.29 9578539.45  0.59%   143   25s
   492   424 9605938.05   22   45 9635385.29 9578539.45  0.59%   138   36s
H  494   424                    9633471.9469 9578539.45  0.57%   137   36s
   721   592 9610386.63   32   55 9633471.95 9578539.45  0.57%   129   40s
  1480  1110 9618916.30   64   49 9633471.95 9578539.45  0.57%   102   45s
H 1583  1090                    9633350.0201 9578539.45  0.57%   100   48s
H 1585  1090                    9633320.9168 9578539.45  0.57%   100   48s
H 1591  1090                    9633120.1560 9578539.45  0.57%   100   48s
  1879  1400 9615025.50   79   40 9633120.16 9578539.45  0.57%  95.0   50s
* 2144  1434             101    9630531.1497 9578539.45  0.54%  92.0   51s
* 2283  1497             106    9629906.9832 9578539.45  0.53%  90.3   52s
  2588  1816 9616616.43   99   31 9629906.98 9578539.45  0.53%  86.7   55s
H 2945  1920                    9629789.2158 9578539.45  0.53%  83.5   59s
  2946  1921 9616939.92   46   90 9629789.22 9578539.45  0.53%  83.5   61s
  2950  1924 9624944.96   39   77 9629789.22 9578539.45  0.53%  83.4   65s
  3021  1988 9589690.33   19   72 9629789.22 9581935.85  0.50%  89.7   70s
  3175  2071 9597887.24   23   61 9629789.22 9581935.85  0.50%  94.0   79s
H 3177  1973                    9629715.5364 9581935.85  0.50%  94.0   79s
H 3178  1882                    9626523.0763 9581935.85  0.46%  94.0   79s
H 3179  1794                    9625827.1208 9581935.85  0.46%  94.0   79s
  3233  1823 9599098.99   24   60 9625827.12 9581935.85  0.46%  95.4   80s
  3737  1886 9619138.94   39   58 9625827.12 9581935.85  0.46%   102   85s
  4330  1955     cutoff   22      9625827.12 9584151.00  0.43%   102   90s
H 4566  1859                    9625410.3474 9584151.00  0.43%   101   95s
H 4567  1781                    9625374.8928 9584151.00  0.43%   101   95s
H 4568  1706                    9620051.2808 9584151.00  0.37%   101   95s
  5420  1761     cutoff   27      9620051.28 9588261.64  0.33%   100  100s
H 5609  1553                    9619942.9696 9588261.64  0.33%  99.4  104s
  5631  1629 9611455.85   26   62 9619942.97 9589749.02  0.31%  99.5  105s
  6781  1635 9601485.99   25   58 9619942.97 9592820.26  0.28%   101  111s
  7991  2010     cutoff   32      9619942.97 9595972.62  0.25%   101  115s
  9470  2535 9602605.80   30   46 9619942.97 9597757.01  0.23%  98.5  120s
 10395  2833 9616051.75   22   71 9619942.97 9598821.94  0.22%  98.3  125s
 11611  3231 9610816.01   28   77 9619942.97 9600009.91  0.21%  96.7  130s
 13287  3663 9616933.24   26   83 9619942.97 9600891.18  0.20%  95.1  136s
 14396  3958 9608901.98   31   55 9619942.97 9601369.94  0.19%  94.9  140s
 15797  4303     cutoff   34      9619942.97 9602566.80  0.18%  94.1  146s
 17473  4648     cutoff   29      9619942.97 9603406.45  0.17%  93.5  151s
 18316  4765     cutoff   25      9619942.97 9603676.22  0.17%  93.1  155s
 19295  4778 9611476.56   29   46 9619942.97 9604313.88  0.16%  92.8  161s
H19308  4610                    9619279.6446 9604313.88  0.16%  92.8  161s
H19315  4596                    9619225.9954 9604313.88  0.16%  92.8  161s
H19319  4586                    9619190.5409 9604313.88  0.15%  92.8  162s
 19326  4766 9614371.08   30   48 9619190.54 9604345.99  0.15%  92.8  165s
 20730  4891     cutoff   53      9619190.54 9604860.57  0.15%  92.3  171s
*22514  5061              80    9619188.3794 9605645.81  0.14%  91.8  174s
*22515  5061              80    9619187.2455 9605645.81  0.14%  91.8  174s
 22822  5122     cutoff   33      9619187.25 9605896.68  0.14%  91.7  179s
 24325  5159     cutoff   27      9619187.25 9606567.82  0.13%  91.0  183s
 24852  5247     cutoff   28      9619187.25 9606731.42  0.13%  90.7  187s
 25990  5331 9611192.33   34   87 9619187.25 9607260.08  0.12%  90.5  191s
 27286  5441     cutoff   36      9619187.25 9607793.79  0.12%  90.1  195s
 30304  5507 9615615.62   38   40 9619187.25 9609084.29  0.11%  88.4  203s
 31759  5616 9618481.81   88   46 9619187.25 9609587.03  0.10%  88.2  208s

Explored 33504 nodes (2933103 simplex iterations) in 208.54 seconds (217.64 work units)
Thread count was 20 (of 80 available processors)

Solution count 10: 9.61919e+06 9.61919e+06 9.61919e+06 ... 9.62541e+06

Optimal solution found (tolerance 1.00e-03)
Best objective 9.619187245546e+06, best bound 9.610037935339e+06, gap 0.0951%

User-callback calls 90127, time in user-callback 0.09 sec
