
Gurobi 11.0.3 (linux64) logging started Mon 18 Nov 2024 10:59:53 PM CST

Set parameter LogFile to value "/home/dlcole3/graph_abstraction/hierarchical_graphs/git_storage/CS1/HP_low_reserves/gurobi_logs/serial/logfile_DA_20.log"
Set parameter TimeLimit to value 900

Gurobi 11.0.3 (linux64) logging started Mon 18 Nov 2024 10:59:54 PM CST

Set parameter LogFile to value "/home/dlcole3/graph_abstraction/hierarchical_graphs/git_storage/CS1/HP_low_reserves/gurobi_logs/serial/logfile_DA_20.log"
Gurobi Optimizer version 11.0.3 build v11.0.3rc0 (linux64 - "Ubuntu 18.04.3 LTS")

CPU model: Intel(R) Xeon(R) CPU E5-2698 v4 @ 2.20GHz, instruction set [SSE2|AVX|AVX2]
Thread count: 40 physical cores, 80 logical processors, using up to 20 threads

Optimize a model with 35850 rows, 31725 columns and 164765 nonzeros
Model fingerprint: 0xe5fb0f36
Variable types: 19950 continuous, 11775 integer (11775 binary)
Coefficient statistics:
  Matrix range     [5e-02, 2e+04]
  Objective range  [1e+00, 8e+04]
  Bounds range     [5e-02, 2e+05]
  RHS range        [5e-02, 7e+03]
Presolve removed 4379 rows and 6058 columns
Presolve time: 0.75s
Presolved: 31471 rows, 25667 columns, 145626 nonzeros
Variable types: 15114 continuous, 10553 integer (10553 binary)
Found heuristic solution: objective 1.099066e+09
Found heuristic solution: objective 1.010241e+09
Found heuristic solution: objective 6.375749e+08
Deterministic concurrent LP optimizer: primal and dual simplex
Showing primal log only...

Concurrent spin time: 0.00s

Solved with dual simplex

Use crossover to convert LP symmetric solution to basic solution...

Root relaxation: objective 1.146230e+07, 11085 iterations, 0.88 seconds (0.53 work units)

    Nodes    |    Current Node    |     Objective Bounds      |     Work
 Expl Unexpl |  Obj  Depth IntInf | Incumbent    BestBd   Gap | It/Node Time

     0     0 1.1462e+07    0  112 6.3757e+08 1.1462e+07  98.2%     -    3s
H    0     0                    6.365960e+08 1.1462e+07  98.2%     -    3s
H    0     0                    1.530964e+07 1.1462e+07  25.1%     -    3s
H    0     0                    1.501410e+07 1.1462e+07  23.7%     -    3s
     0     0 1.1462e+07    0  137 1.5014e+07 1.1462e+07  23.7%     -    3s
H    0     0                    1.487668e+07 1.1464e+07  22.9%     -    3s
     0     0 1.1464e+07    0  118 1.4877e+07 1.1464e+07  22.9%     -    4s
     0     0 1.1469e+07    0  118 1.4877e+07 1.1469e+07  22.9%     -    4s
     0     2 1.1469e+07    0  118 1.4877e+07 1.1469e+07  22.9%     -    5s
H   31    52                    1.304826e+07 1.1472e+07  12.1%   128    8s
H   33    52                    1.287885e+07 1.1472e+07  10.9%   125    8s
H   34    52                    1.191495e+07 1.1472e+07  3.72%   128    8s
H   92   112                    1.191494e+07 1.1475e+07  3.69%   100    9s
H   93   112                    1.191491e+07 1.1475e+07  3.69%  98.8    9s
   111   132 1.1487e+07    8   81 1.1915e+07 1.1475e+07  3.69%  91.2   10s
H  293   314                    1.153833e+07 1.1477e+07  0.54%  72.2   19s
H  313   314                    1.153832e+07 1.1477e+07  0.54%  73.8   21s
H  314   314                    1.153813e+07 1.1477e+07  0.53%  73.7   21s
H  328   314                    1.153807e+07 1.1477e+07  0.53%  71.9   21s
   801   748 1.1515e+07   38   69 1.1538e+07 1.1477e+07  0.53%  74.3   25s
H 1396  1136                    1.153300e+07 1.1477e+07  0.49%  68.1   27s
H 1711  1202                    1.153299e+07 1.1479e+07  0.47%  65.3   29s
H 1851  1318                    1.153299e+07 1.1479e+07  0.47%  65.4   29s
  1903  1412 1.1503e+07   15   64 1.1533e+07 1.1479e+07  0.47%  64.6   30s
H 2631  1824                    1.153299e+07 1.1481e+07  0.45%  59.7   32s
* 2799  1959             146    1.153299e+07 1.1481e+07  0.45%  59.2   32s
H 2852  1720                    1.152899e+07 1.1481e+07  0.41%  58.8   36s
  2855  1714 1.1520e+07    8  112 1.1529e+07 1.1481e+07  0.41%  58.8   41s
  2897  1747 1.1521e+07   16   65 1.1529e+07 1.1481e+07  0.41%  64.7   45s
H 2906  1658                    1.152899e+07 1.1481e+07  0.41%  64.7   45s
  3083  1728 1.1523e+07   23   63 1.1529e+07 1.1481e+07  0.41%  65.6   56s
H 3089  1644                    1.152844e+07 1.1481e+07  0.41%  65.6   56s
H 3095  1565                    1.152764e+07 1.1481e+07  0.40%  65.7   56s
H 3098  1490                    1.152283e+07 1.1481e+07  0.36%  65.7   56s
H 3100  1420                    1.152209e+07 1.1481e+07  0.35%  65.6   56s
  3617  1597     cutoff   29      1.1522e+07 1.1481e+07  0.35%  68.0   60s
  4561  1837     cutoff   20      1.1522e+07 1.1481e+07  0.35%  65.0   65s
  5779  2302 1.1522e+07   35   77 1.1522e+07 1.1483e+07  0.34%  64.2   70s
  7244  2888 1.1514e+07   43   62 1.1522e+07 1.1483e+07  0.34%  62.0   75s
H 8391  3253                    1.151952e+07 1.1483e+07  0.32%  60.5   78s
H 8707  3460                    1.151951e+07 1.1483e+07  0.32%  60.3   79s
H 9063  3651                    1.151951e+07 1.1483e+07  0.32%  59.4   79s
  9099  3841     cutoff   84      1.1520e+07 1.1487e+07  0.28%  59.2   80s
H 9442  3838                    1.151950e+07 1.1488e+07  0.28%  58.8   80s
H 9458  3838                    1.151950e+07 1.1488e+07  0.28%  58.7   80s
 10877  4824 1.1497e+07   29  112 1.1520e+07 1.1488e+07  0.27%  58.5   87s
H10909  4728                    1.151946e+07 1.1488e+07  0.27%  58.4   87s
 11381  5263 1.1506e+07   32   63 1.1519e+07 1.1489e+07  0.27%  57.8   90s
H13472  6175                    1.151945e+07 1.1489e+07  0.26%  57.0   97s
H13480  6174                    1.151945e+07 1.1489e+07  0.26%  57.0   97s
H13481  6173                    1.151945e+07 1.1489e+07  0.26%  57.0   97s
H13491  5933                    1.151837e+07 1.1489e+07  0.25%  57.0   97s
 14016  6301     cutoff   51      1.1518e+07 1.1490e+07  0.24%  57.2  100s
 15489  7201 1.1515e+07   40   80 1.1518e+07 1.1491e+07  0.24%  57.2  106s
 17716  8174     cutoff   32      1.1518e+07 1.1492e+07  0.23%  58.0  112s
 19418  9088 1.1500e+07   31   86 1.1518e+07 1.1492e+07  0.23%  58.3  116s
H20325  9323                    1.151837e+07 1.1493e+07  0.22%  58.6  119s
H20710  9320                    1.151836e+07 1.1493e+07  0.22%  58.5  119s
 20742  9906 1.1507e+07   30   81 1.1518e+07 1.1493e+07  0.22%  58.6  122s
 21822 10457     cutoff   31      1.1518e+07 1.1493e+07  0.22%  58.2  125s
 24279 11334 1.1512e+07   30   74 1.1518e+07 1.1493e+07  0.22%  58.1  131s
 24807 12004 1.1505e+07   36  101 1.1518e+07 1.1494e+07  0.21%  58.1  135s
 27714 13317     cutoff   36      1.1518e+07 1.1494e+07  0.21%  58.4  142s
 28882 13676 1.1501e+07   28   59 1.1518e+07 1.1494e+07  0.21%  58.7  146s
 29542 14188 1.1501e+07   29   67 1.1518e+07 1.1495e+07  0.21%  58.4  150s
 32529 15770 1.1516e+07   61   50 1.1518e+07 1.1495e+07  0.20%  59.0  159s
 34521 16536 1.1508e+07   37   64 1.1518e+07 1.1495e+07  0.20%  58.7  163s
 36314 16550     cutoff   57      1.1518e+07 1.1496e+07  0.20%  58.6  170s
 36373 16871 1.1517e+07   54   75 1.1518e+07 1.1496e+07  0.20%  58.7  184s
 37107 17967 1.1503e+07   27   84 1.1518e+07 1.1496e+07  0.20%  58.9  189s
 39384 18674 1.1501e+07   35   97 1.1518e+07 1.1496e+07  0.19%  58.7  194s
 40961 19918 1.1507e+07   30   80 1.1518e+07 1.1496e+07  0.19%  58.2  200s
 43668 21150     cutoff   35      1.1518e+07 1.1497e+07  0.19%  57.8  206s
 46385 22743 1.1516e+07   36   82 1.1518e+07 1.1497e+07  0.19%  57.7  219s
 49714 23681 1.1518e+07   42   79 1.1518e+07 1.1497e+07  0.18%  57.4  225s
 51924 24385 1.1515e+07   29   75 1.1518e+07 1.1498e+07  0.18%  57.2  231s
H52007 24360                    1.151831e+07 1.1498e+07  0.18%  57.2  231s
 53492 25144 1.1517e+07   39   54 1.1518e+07 1.1498e+07  0.18%  57.1  238s
H54221 25144                    1.151831e+07 1.1498e+07  0.18%  57.2  238s
 55448 26292 1.1504e+07   32   75 1.1518e+07 1.1498e+07  0.18%  57.2  245s
 58124 27497 1.1505e+07   27  108 1.1518e+07 1.1498e+07  0.18%  57.1  252s
 61147 28184 1.1515e+07   27   98 1.1518e+07 1.1498e+07  0.17%  57.0  259s
 63326 29600 1.1511e+07   38   66 1.1518e+07 1.1499e+07  0.17%  57.1  267s
 66627 31058     cutoff   51      1.1518e+07 1.1499e+07  0.17%  56.9  274s
 69831 32770 1.1518e+07   47   41 1.1518e+07 1.1499e+07  0.17%  56.8  283s
 74035 33655 1.1506e+07   31   73 1.1518e+07 1.1500e+07  0.16%  56.7  290s
 76817 34846     cutoff   29      1.1518e+07 1.1500e+07  0.16%  56.7  297s
 79644 36163 1.1513e+07   33   78 1.1518e+07 1.1500e+07  0.16%  56.7  304s
H79774 35952                    1.151807e+07 1.1500e+07  0.16%  56.7  304s
H79777 35950                    1.151807e+07 1.1500e+07  0.16%  56.7  304s
H79780 34053                    1.151673e+07 1.1500e+07  0.15%  56.7  304s
H79781 33581                    1.151649e+07 1.1500e+07  0.14%  56.7  304s
H79782 30556                    1.151521e+07 1.1500e+07  0.13%  56.7  304s
H79794 29305                    1.151474e+07 1.1500e+07  0.13%  56.7  304s
 82833 29041 1.1515e+07   73    4 1.1515e+07 1.1500e+07  0.13%  56.8  313s
H82840 29036                    1.151474e+07 1.1500e+07  0.13%  56.8  313s
H82841 29017                    1.151473e+07 1.1500e+07  0.13%  56.8  313s
H82855 28657                    1.151460e+07 1.1500e+07  0.13%  56.7  313s
 83223 29431     cutoff   86      1.1515e+07 1.1500e+07  0.13%  56.8  320s
 86420 29831 1.1504e+07   37   78 1.1515e+07 1.1500e+07  0.12%  56.8  328s
H87131 29826                    1.151460e+07 1.1500e+07  0.12%  56.8  328s
H87218 29825                    1.151460e+07 1.1500e+07  0.12%  56.8  328s
H87886 29822                    1.151460e+07 1.1500e+07  0.12%  56.9  328s
 88716 30657 1.1510e+07   47   68 1.1515e+07 1.1501e+07  0.12%  56.9  336s
 92179 31136 1.1512e+07   32  104 1.1515e+07 1.1501e+07  0.12%  56.9  344s
H92775 31136                    1.151460e+07 1.1501e+07  0.12%  57.0  344s
H93657 31136                    1.151460e+07 1.1501e+07  0.12%  57.0  344s
 94829 31795     cutoff   35      1.1515e+07 1.1501e+07  0.12%  57.1  354s
H95815 31795                    1.151460e+07 1.1501e+07  0.12%  57.1  354s
 97987 32574 1.1513e+07   34   99 1.1515e+07 1.1501e+07  0.12%  57.1  363s
 101711 33142 1.1511e+07   31   82 1.1515e+07 1.1501e+07  0.11%  57.2  370s
 104557 33846     cutoff   40      1.1515e+07 1.1502e+07  0.11%  57.2  380s
H105024 33845                    1.151460e+07 1.1502e+07  0.11%  57.1  380s
 107518 34548 1.1507e+07   33   86 1.1515e+07 1.1502e+07  0.11%  57.1  388s
 111101 35417 1.1509e+07   33   73 1.1515e+07 1.1502e+07  0.11%  57.0  396s
 114887 36071     cutoff   38      1.1515e+07 1.1502e+07  0.11%  57.0  404s
H118356 36544                    1.151460e+07 1.1502e+07  0.11%  57.0  414s
 121216 37255     cutoff   31      1.1515e+07 1.1503e+07  0.10%  56.9  424s
 124397 37914 1.1511e+07   46   51 1.1515e+07 1.1503e+07  0.10%  56.9  432s
 127935 38722 1.1509e+07   29   84 1.1515e+07 1.1503e+07  0.10%  56.8  441s

Cutting planes:
  Gomory: 1

Explored 131811 nodes (7492109 simplex iterations) in 442.25 seconds (447.88 work units)
Thread count was 20 (of 80 available processors)

Solution count 10: 1.15146e+07 1.15146e+07 1.15146e+07 ... 1.15147e+07

Optimal solution found (tolerance 1.00e-03)
Best objective 1.151459569191e+07, best bound 1.150318270393e+07, gap 0.0991%

User-callback calls 298540, time in user-callback 0.15 sec
