
Gurobi 11.0.3 (linux64) logging started Mon 18 Nov 2024 11:07:28 PM CST

Set parameter LogFile to value "/home/dlcole3/graph_abstraction/hierarchical_graphs/git_storage/CS1/HP_low_reserves/gurobi_logs/serial/logfile_ST20_5.log"

Gurobi 11.0.3 (linux64) logging started Mon 18 Nov 2024 11:13:33 PM CST

Set parameter LogFile to value "/home/dlcole3/graph_abstraction/hierarchical_graphs/git_storage/CS1/HP_low_reserves/gurobi_logs/serial/logfile_ST20_5.log"
Gurobi Optimizer version 11.0.3 build v11.0.3rc0 (linux64 - "Ubuntu 18.04.3 LTS")

CPU model: Intel(R) Xeon(R) CPU E5-2698 v4 @ 2.20GHz, instruction set [SSE2|AVX|AVX2]
Thread count: 40 physical cores, 80 logical processors, using up to 20 threads

Optimize a model with 29168 rows, 50688 columns and 136175 nonzeros
Model fingerprint: 0xf0f7b590
Variable types: 46944 continuous, 3744 integer (3744 binary)
Coefficient statistics:
  Matrix range     [6e-01, 2e+04]
  Objective range  [2e+00, 2e+04]
  Bounds range     [5e-02, 2e+05]
  RHS range        [5e-02, 7e+03]
Presolve removed 14141 rows and 38741 columns
Presolve time: 0.37s
Presolved: 15027 rows, 11947 columns, 64331 nonzeros
Variable types: 8868 continuous, 3079 integer (3079 binary)
Found heuristic solution: objective 3035835.5194

Root relaxation: objective 1.607352e+05, 9590 iterations, 0.68 seconds (0.61 work units)

    Nodes    |    Current Node    |     Objective Bounds      |     Work
 Expl Unexpl |  Obj  Depth IntInf | Incumbent    BestBd   Gap | It/Node Time

     0     0 160735.195    0   42 3035835.52 160735.195  94.7%     -    1s
H    0     0                    226240.34856 160735.451  29.0%     -    2s
     0     0 160735.451    0   47 226240.349 160735.451  29.0%     -    2s
H    0     0                    226170.32406 160738.793  28.9%     -    2s
     0     0 160762.797    0   47 226170.324 160762.797  28.9%     -    2s
     0     2 160762.797    0   47 226170.324 160762.797  28.9%     -    2s
H   46    52                    192651.14121 160984.260  16.4%  53.7    3s
H   91   112                    192577.41220 160986.505  16.4%  40.6    3s
H   94   112                    192565.76720 160986.505  16.4%  41.6    3s
H   98   112                    176832.74516 160986.505  8.96%  41.7    3s
H  151   173                    166331.95905 160986.505  3.21%  35.4    4s
H  169   173                    164426.26027 160986.505  2.09%  34.7    4s
   320   314 161887.797   16   45 164426.260 160986.505  2.09%  26.4    5s
H  394   359                    163879.08254 160986.505  1.77%  23.0    5s
H  651   601                    163204.34046 160986.505  1.36%  17.9    5s
H  777   678                    162199.24789 160986.505  0.75%  17.9   10s
H  785   678                    162188.92881 160986.505  0.74%  17.9   10s
H  788   678                    162056.15536 160986.505  0.66%  17.8   10s
H  832   642                    162056.15527 161238.113  0.50%  17.8   10s
  1657   992 161749.470   22   39 162056.155 161471.471  0.36%  15.1   15s
H 1834  1004                    162056.15376 161494.366  0.35%  14.6   16s
H 3483  1293                    162052.33031 161566.328  0.30%  12.8   18s

Cutting planes:
  Gomory: 2

Explored 3519 nodes (54559 simplex iterations) in 18.27 seconds (16.42 work units)
Thread count was 20 (of 80 available processors)

Solution count 10: 162052 162052 162056 ... 164426

Optimal solution found (tolerance 3.00e-03)
Best objective 1.620523303165e+05, best bound 1.615663280066e+05, gap 0.2999%

User-callback calls 13766, time in user-callback 0.02 sec
