
Gurobi 11.0.3 (linux64) logging started Mon 18 Nov 2024 11:07:23 PM CST

Set parameter LogFile to value "/home/dlcole3/graph_abstraction/hierarchical_graphs/git_storage/CS1/HP_low_reserves/gurobi_logs/serial/logfile_ST20_3.log"

Gurobi 11.0.3 (linux64) logging started Mon 18 Nov 2024 11:09:29 PM CST

Set parameter LogFile to value "/home/dlcole3/graph_abstraction/hierarchical_graphs/git_storage/CS1/HP_low_reserves/gurobi_logs/serial/logfile_ST20_3.log"
Gurobi Optimizer version 11.0.3 build v11.0.3rc0 (linux64 - "Ubuntu 18.04.3 LTS")

CPU model: Intel(R) Xeon(R) CPU E5-2698 v4 @ 2.20GHz, instruction set [SSE2|AVX|AVX2]
Thread count: 40 physical cores, 80 logical processors, using up to 20 threads

Optimize a model with 29168 rows, 50688 columns and 136175 nonzeros
Model fingerprint: 0x05947659
Variable types: 46944 continuous, 3744 integer (3744 binary)
Coefficient statistics:
  Matrix range     [6e-01, 2e+04]
  Objective range  [2e+00, 2e+04]
  Bounds range     [5e-02, 2e+05]
  RHS range        [5e-02, 7e+03]
Presolve removed 13994 rows and 38666 columns
Presolve time: 0.37s
Presolved: 15174 rows, 12022 columns, 64568 nonzeros
Variable types: 8987 continuous, 3035 integer (3035 binary)
Found heuristic solution: objective 3561825.6296

Root relaxation: objective 1.522275e+05, 8903 iterations, 0.60 seconds (0.53 work units)

    Nodes    |    Current Node    |     Objective Bounds      |     Work
 Expl Unexpl |  Obj  Depth IntInf | Incumbent    BestBd   Gap | It/Node Time

     0     0 152227.469    0   56 3561825.63 152227.469  95.7%     -    1s
H    0     0                    3561825.6291 152227.469  95.7%     -    1s
H    0     0                    157274.36270 152227.469  3.21%     -    2s
     0     0 152228.000    0   56 157274.363 152228.000  3.21%     -    2s
     0     0 152327.457    0   56 157274.363 152327.457  3.15%     -    2s
     0     2 152327.457    0   56 157274.363 152327.457  3.15%     -    3s
H   40    52                    156529.34503 152327.457  2.68%  48.0    4s
H   91   112                    156529.34489 152327.958  2.68%  41.4    4s
H   94   112                    156508.00173 152327.958  2.67%  42.2    4s
H   95   112                    156508.00148 152327.958  2.67%  42.0    4s
H  103   112                    156499.52888 152344.463  2.66%  41.5    4s
   111   132 152616.249    9   44 156499.529 152344.463  2.66%  41.6    5s
H  267   287                    154696.32918 152349.479  1.52%  39.1   10s
H  270   287                    154651.74031 152349.479  1.49%  39.5   10s
H  271   287                    154472.08335 152349.479  1.37%  40.6   10s
H  283   287                    154451.92249 152349.479  1.36%  41.7   10s
H  290   300                    154451.92207 152349.479  1.36%  43.9   10s
H 1350  1004                    154451.92092 152352.251  1.36%  29.4   14s
  1936  1386 153467.890   41   30 154451.921 152352.251  1.36%  27.8   15s
H 2470  1626                    154451.92088 152503.187  1.26%  27.0   16s
  3467  2115 153923.012   11   48 154451.921 152588.491  1.21%  27.7   20s
H 3504  2042                    154451.92062 152588.491  1.21%  30.3   22s
H 3719  1978                    154451.91928 152588.491  1.21%  31.1   24s
  3751  2006 153771.034   33   35 154451.919 152588.491  1.21%  31.3   25s
H 4745  2261                    154448.47853 152588.491  1.20%  29.6   29s
H 4755  2168                    154448.47807 152588.491  1.20%  29.6   29s
  5319  2432 154162.629   75   28 154448.478 152588.491  1.20%  28.4   30s
H 6958  2822                    154443.18818 152613.110  1.18%  26.1   32s
H 6976  2746                    154443.18808 152613.110  1.18%  26.1   39s
H 6977  2668                    154443.18598 152613.110  1.18%  26.1   39s
H 6979  2591                    154438.45767 152613.110  1.18%  26.1   39s
H 6981  2519                    154438.44690 152613.110  1.18%  26.1   39s
H 6985  2426                    154358.44236 152613.110  1.13%  26.1   39s
H 6986  2354                    154345.29509 152613.110  1.12%  26.1   39s
H 6989  2184                    154173.77550 152613.110  1.01%  26.1   39s
  7195  2502 152925.213   53   17 154173.775 152613.110  1.01%  25.8   40s
 13812  5865 154045.128   62   30 154173.775 152827.251  0.87%  23.6   45s
 20915  8302 153666.106   43   32 154173.775 152909.804  0.82%  22.3   51s
H20920  8302                    154173.77547 152909.804  0.82%  22.3   51s
H20923  8302                    154173.77541 152909.804  0.82%  22.3   51s
H20924  8302                    154173.77531 152909.804  0.82%  22.3   51s
 25185 10087 154139.427   53   37 154173.775 152962.076  0.79%  21.8   55s
 32604 11951 153627.599   65   21 154173.775 153026.087  0.74%  21.4   60s
H32607 11951                    154173.77523 153026.087  0.74%  21.4   60s
H32613 11951                    154173.77514 153026.087  0.74%  21.4   60s
 38614 13768     cutoff   53      154173.775 153075.245  0.71%  21.1   65s
 45218 15638 153602.999   60   37 154173.775 153120.147  0.68%  20.9   70s
 50372 16746 154033.071   58   34 154173.775 153145.746  0.67%  20.8   75s
 57026 17971     cutoff   56      154173.775 153181.213  0.64%  20.8   80s
 65892 19780 153561.503   38   40 154173.775 153226.538  0.61%  20.7   86s
 70791 20596     cutoff   47      154173.775 153247.020  0.60%  20.6   90s
 80664 21713 153824.698   40   34 154173.775 153291.340  0.57%  20.5   96s
H80674 21713                    154173.77441 153291.340  0.57%  20.5   96s
 83266 22425 153418.495   50   28 154173.774 153304.924  0.56%  20.5  100s
 93866 23882 153780.193   40   37 154173.774 153343.828  0.54%  20.4  107s
 101707 24510     cutoff   55      154173.774 153376.731  0.52%  20.4  111s
 109458 25198 153426.972   39   27 154173.774 153408.240  0.50%  20.4  116s
 117492 25956 153919.393   56   29 154173.774 153436.492  0.48%  20.3  122s
 123257 26285 153889.686   53   34 154173.774 153455.247  0.47%  20.3  125s
 131448 26653 154011.189   37   29 154173.774 153481.749  0.45%  20.3  130s
 137305 27118     cutoff   43      154173.774 153499.429  0.44%  20.2  136s
 143910 27305     cutoff   41      154173.774 153517.714  0.43%  20.2  140s
 152456 27740 153967.395   48   37 154173.774 153541.466  0.41%  20.1  145s
 161328 27763     cutoff   59      154173.774 153565.828  0.39%  20.1  151s
 167870 27824 153961.871   40   31 154173.774 153586.230  0.38%  20.0  155s
 176917 27697 154125.690   58   17 154173.774 153608.864  0.37%  20.0  161s
 182978 27557     cutoff   54      154173.774 153626.637  0.35%  19.9  165s
 192753 27192 154106.395   56   32 154173.774 153653.795  0.34%  19.9  171s
 199137 27000 154054.257   38   32 154173.774 153669.522  0.33%  19.9  175s
 208609 26612 154151.394   44   38 154173.774 153692.316  0.31%  19.8  181s
 215093 26155     cutoff   42      154173.774 153710.345  0.30%  19.7  185s

Explored 218241 nodes (4313855 simplex iterations) in 185.81 seconds (198.87 work units)
Thread count was 20 (of 80 available processors)

Solution count 10: 154174 154174 154345 ... 154472

Optimal solution found (tolerance 3.00e-03)
Best objective 1.541737755035e+05, best bound 1.537180217218e+05, gap 0.2956%

User-callback calls 448776, time in user-callback 0.51 sec
