
Gurobi 11.0.3 (linux64) logging started Mon 18 Nov 2024 09:11:26 PM CST

Set parameter LogFile to value "/home/dlcole3/graph_abstraction/hierarchical_graphs/git_storage/CS1/HP_low_reserves/gurobi_logs/serial/logfile_ST11_8.log"

Gurobi 11.0.3 (linux64) logging started Mon 18 Nov 2024 09:25:46 PM CST

Set parameter LogFile to value "/home/dlcole3/graph_abstraction/hierarchical_graphs/git_storage/CS1/HP_low_reserves/gurobi_logs/serial/logfile_ST11_8.log"
Gurobi Optimizer version 11.0.3 build v11.0.3rc0 (linux64 - "Ubuntu 18.04.3 LTS")

CPU model: Intel(R) Xeon(R) CPU E5-2698 v4 @ 2.20GHz, instruction set [SSE2|AVX|AVX2]
Thread count: 40 physical cores, 80 logical processors, using up to 20 threads

Optimize a model with 29168 rows, 50688 columns and 136175 nonzeros
Model fingerprint: 0x6e704a26
Variable types: 46944 continuous, 3744 integer (3744 binary)
Coefficient statistics:
  Matrix range     [6e-01, 2e+04]
  Objective range  [2e+00, 2e+04]
  Bounds range     [5e-02, 2e+05]
  RHS range        [1e-02, 7e+03]
Presolve removed 14053 rows and 38560 columns
Presolve time: 0.32s
Presolved: 15115 rows, 12128 columns, 64141 nonzeros
Variable types: 9120 continuous, 3008 integer (3008 binary)
Found heuristic solution: objective 4005465.0363

Root relaxation: objective 1.821466e+05, 9510 iterations, 0.55 seconds (0.49 work units)

    Nodes    |    Current Node    |     Objective Bounds      |     Work
 Expl Unexpl |  Obj  Depth IntInf | Incumbent    BestBd   Gap | It/Node Time

     0     0 182146.613    0   72 4005465.04 182146.613  95.5%     -    1s
H    0     0                    4005465.0356 182146.613  95.5%     -    1s
H    0     0                    185004.36362 182146.613  1.54%     -    1s
     0     0 182146.613    0   72 185004.364 182146.613  1.54%     -    2s
     0     0 182146.613    0   64 185004.364 182146.613  1.54%     -    3s
H    0     0                    185004.36358 182146.613  1.54%     -    3s
     0     0 182195.833    0   64 185004.364 182195.833  1.52%     -    3s
H    0     2                    185004.36347 182195.833  1.52%     -    4s
     0     2 182195.833    0   64 185004.363 182195.833  1.52%     -    4s
    31    50 182894.466    5   71 185004.363 182199.560  1.52%  59.2    5s
H   33    50                    185004.36279 182199.560  1.52%  57.2    5s
H   34    50                    184950.26040 182199.560  1.49%  56.8    5s
H  158   169                    184925.63640 182285.777  1.43%  48.8    6s
H  169   169                    184904.29289 182285.777  1.42%  47.8    6s
H  392   383                    184898.03202 182296.476  1.41%  34.1    8s
H  393   383                    184876.76594 182296.476  1.40%  34.1    8s
H  395   383                    184865.41709 182296.476  1.39%  33.9    8s
H  397   383                    184796.00150 182296.476  1.35%  33.9    8s
H  404   383                    184696.71000 182296.476  1.30%  33.7    8s
   753   660 183333.157   27   69 184696.710 182296.476  1.30%  31.5   10s
H 1467   997                    184664.49900 182388.180  1.23%  29.9   12s
H 2074  1310                    184660.09800 182388.180  1.23%  28.3   13s
H 2307  1409                    184611.96282 182767.336  1.00%  27.9   13s
H 2308  1409                    184611.89051 182767.336  1.00%  27.9   13s
H 2309  1409                    184611.81865 182767.336  1.00%  27.8   13s
H 2311  1409                    184611.60935 182767.336  1.00%  27.8   13s
H 2316  1408                    184610.45199 182767.336  1.00%  27.8   13s
* 2318  1408             136    184610.38572 182767.336  1.00%  27.7   13s
* 3501  1804             104    184551.71216 182767.494  0.97%  26.1   14s
H 4016  1963                    184541.75636 182767.494  0.96%  25.2   16s
H 4018  1865                    184541.75632 182767.494  0.96%  25.2   18s
  4022  1870 183848.586   10   94 184541.756 182767.494  0.96%  27.0   20s
H 4061  1797                    184541.75615 182767.494  0.96%  27.4   21s
H 4071  1705                    184541.75609 182767.494  0.96%  27.5   21s
H 4192  1637                    184541.75591 182767.494  0.96%  28.2   22s
H 4193  1556                    184541.75580 182767.494  0.96%  28.2   22s
H 4299  1481                    184494.41048 182767.494  0.94%  28.3   24s
H 4309  1405                    184478.93041 182767.494  0.93%  28.4   24s
  4414  1446 183870.181   27   50 184478.930 182767.494  0.93%  28.5   25s
H 5392  1447                    184474.67153 182767.494  0.93%  27.7   27s
H 5395  1380                    184470.00692 182767.494  0.92%  27.7   27s
H 5397  1317                    184464.62364 182767.494  0.92%  27.7   27s
H 5409  1254                    184437.75118 182767.494  0.91%  27.7   27s
  7351  1153     cutoff   43      184437.751 183578.920  0.47%  27.0   30s

Explored 9243 nodes (254265 simplex iterations) in 31.48 seconds (29.61 work units)
Thread count was 20 (of 80 available processors)

Solution count 10: 184438 184438 184465 ... 184610

Optimal solution found (tolerance 3.00e-03)
Best objective 1.844377511773e+05, best bound 1.838958934691e+05, gap 0.2938%

User-callback calls 23509, time in user-callback 0.01 sec
