
Gurobi 11.0.3 (linux64) logging started Mon 18 Nov 2024 06:56:54 PM CST

Set parameter LogFile to value "/home/dlcole3/graph_abstraction/hierarchical_graphs/git_storage/CS1/HP_low_reserves/gurobi_logs/serial/logfile_ST1_3.log"
Set parameter TimeLimit to value 300

Gurobi 11.0.3 (linux64) logging started Mon 18 Nov 2024 06:58:23 PM CST

Set parameter LogFile to value "/home/dlcole3/graph_abstraction/hierarchical_graphs/git_storage/CS1/HP_low_reserves/gurobi_logs/serial/logfile_ST1_3.log"
Gurobi Optimizer version 11.0.3 build v11.0.3rc0 (linux64 - "Ubuntu 18.04.3 LTS")

CPU model: Intel(R) Xeon(R) CPU E5-2698 v4 @ 2.20GHz, instruction set [SSE2|AVX|AVX2]
Thread count: 40 physical cores, 80 logical processors, using up to 32 threads

Optimize a model with 29168 rows, 50688 columns and 136175 nonzeros
Model fingerprint: 0xf302103d
Variable types: 46944 continuous, 3744 integer (3744 binary)
Coefficient statistics:
  Matrix range     [6e-01, 2e+04]
  Objective range  [2e+00, 2e+04]
  Bounds range     [5e-02, 2e+05]
  RHS range        [5e-02, 7e+03]
Presolve removed 14607 rows and 39021 columns
Presolve time: 0.34s
Presolved: 14561 rows, 11667 columns, 62413 nonzeros
Variable types: 8647 continuous, 3020 integer (3020 binary)
Found heuristic solution: objective 618259.96794

Root relaxation: objective 4.098133e+04, 8575 iterations, 0.53 seconds (0.43 work units)

    Nodes    |    Current Node    |     Objective Bounds      |     Work
 Expl Unexpl |  Obj  Depth IntInf | Incumbent    BestBd   Gap | It/Node Time

     0     0 40981.3281    0   19 618259.968 40981.3281  93.4%     -    1s
H    0     0                    114888.88748 40981.3281  64.3%     -    1s
     0     0 40981.3281    0   24 114888.887 40981.3281  64.3%     -    1s
H    0     0                    95559.769721 40981.3949  57.1%     -    1s
     0     0 40981.3949    0   19 95559.7697 40981.3949  57.1%     -    2s
H    0     0                    56011.931054 40981.3949  26.8%     -    2s
     0     0 40981.4103    0   19 56011.9311 40981.4103  26.8%     -    2s
H    0     2                    56011.930864 41026.9150  26.8%     -    2s
     0     2 41026.9150    0   19 56011.9309 41026.9150  26.8%     -    2s
H   32    64                    55998.488440 41037.2434  26.7%   141    3s
H  178   192                    53987.327748 41037.2434  24.0%   118    4s
H  191   224                    53981.473859 41037.2434  24.0%   113    8s
H  193   224                    43074.886091 41037.2434  4.73%   115    8s
H  199   224                    43000.729931 41037.2434  4.57%   115    8s
H  223   201                    42907.188684 41037.2434  4.36%   114   12s
H  228   201                    42902.640535 41037.2434  4.35%   115   12s
H 1228   914                    42879.454991 41037.2434  4.30%  38.6   15s
H 1229   914                    42876.971018 41037.2434  4.29%  38.5   15s
H 1230   914                    42861.971797 41037.2434  4.26%  38.5   15s
H 2891  1892                    42770.383039 41139.9693  3.81%  26.7   17s
H 2955  1892                    42739.520289 41139.9693  3.74%  26.4   17s
H 3189  1818                    42710.116968 41335.8746  3.22%  25.5   17s
H 3267  1818                    42695.804923 41335.8746  3.19%  25.3   17s
* 3560  1893              90    42695.389541 41335.8746  3.18%  24.5   17s
H 4308  2277                    42695.192696 41467.5587  2.88%  22.8   20s
H 4395  2190                    42695.192663 41467.5587  2.88%  25.0   23s
H 4397  2082                    42695.192620 41467.5587  2.88%  25.0   23s
H 4401  1977                    42695.192597 41467.5587  2.88%  25.0   23s
H 4406  1878                    42695.192432 41467.5587  2.88%  25.1   23s
H 4609  1838                    42695.192415 41467.5587  2.88%  25.6   25s
H 4616  1748                    42695.191015 41467.5587  2.88%  25.6   25s
H 4662  1666                    42695.188031 41467.5587  2.88%  25.6   25s
H 5682  1811                    42678.112608 41467.5587  2.84%  23.2   26s
* 6077  1788              71    42677.697226 41467.5587  2.84%  23.0   27s
H 7133  1887                    42677.697177 41467.5587  2.84%  22.5   28s
H 7146  1814                    42677.697167 41467.5587  2.84%  22.5   28s
H 7730  1901                    42671.190553 41467.5587  2.82%  22.0   29s
H 7963  1859                    42671.131069 41467.5587  2.82%  21.9   29s
* 7964  1856              84    42669.772741 41467.5587  2.82%  21.9   29s
  9023  2695 42184.1123   36   21 42669.7727 41467.5587  2.82%  20.9   30s
H 9040  2671                    42656.978904 41467.5587  2.79%  20.9   30s
H 9082  2656                    42653.937051 41467.5587  2.78%  20.8   30s
H 9085  2656                    42653.875211 41467.5587  2.78%  20.8   30s
H 9395  2800                    42653.813370 41467.5587  2.78%  20.5   30s
* 9396  2798              88    42653.428241 41467.5587  2.78%  20.5   30s
H10385  2788                    42570.732519 41620.4293  2.23%  19.6   31s
H10737  3013                    42570.723161 41620.4293  2.23%  19.3   31s
H10738  3012                    42570.607612 41620.4293  2.23%  19.3   31s
*10741  3012              71    42570.243861 41620.4293  2.23%  19.3   31s
H12131  3576                    42557.976739 41620.4293  2.20%  18.1   31s
H12142  3572                    42557.561358 41620.4293  2.20%  18.1   31s
H12143  3569                    42557.291742 41620.4293  2.20%  18.1   31s
*12144  3565              84    42556.927991 41620.4293  2.20%  18.1   31s
 20174  7049 42459.2030   37   16 42556.9280 42074.9790  1.13%  14.8   35s
H26347  9265                    42556.927920 42091.4226  1.09%  13.3   38s
H26350  9265                    42556.927905 42091.4226  1.09%  13.3   38s
H26352  9265                    42556.927878 42091.4226  1.09%  13.3   38s
H26368  9265                    42556.927584 42091.4226  1.09%  13.3   38s
 29860 11472 42341.6872   33    3 42556.9276 42104.8196  1.06%  12.8   40s
H31477 11493                    42556.927568 42110.5490  1.05%  12.6   41s
H31480 11292                    42551.608750 42110.5490  1.04%  12.6   41s
H31506 11097                    42547.222691 42110.5490  1.03%  12.6   41s
 41893 16746 42164.7604   51   17 42547.2227 42164.3433  0.90%  11.5   45s
H50767 20762                    42547.222640 42167.6898  0.89%  10.5   48s
H50784 20762                    42547.222391 42167.6898  0.89%  10.5   48s
H50801 20762                    42547.221879 42167.6898  0.89%  10.5   48s
 55192 23906 42307.7010   58   10 42547.2219 42170.2155  0.89%  10.2   50s
 60164 26850     cutoff   76      42547.2219 42172.1504  0.88%  10.0   68s
 65832 28737 42316.1946   79    5 42547.2219 42176.1595  0.87%   9.7   70s
 80236 34558 42240.0379   50   14 42547.2219 42181.0734  0.86%   9.3   75s
*86124 36224             102    42547.025847 42183.4696  0.85%   9.2   76s
 96657 40687 42345.6104   85   13 42547.0258 42190.1476  0.84%   8.9   80s
 113973 46922     cutoff   61      42547.0258 42205.4744  0.80%   8.6   85s
*115538 46644              70    42544.297383 42206.7431  0.79%   8.6   85s
*116172 46500              70    42543.722008 42206.7877  0.79%   8.6   85s
H117865 46479                    42543.721983 42209.3933  0.79%   8.5   86s
H117896 46479                    42543.721921 42209.3933  0.79%   8.5   86s
 126959 51045 42499.2701   43   16 42543.7219 42214.6189  0.77%   8.4   90s
 145736 58706 42293.0187   76    3 42543.7219 42223.6510  0.75%   8.0   95s
 157367 65038     cutoff   81      42543.7219 42228.0958  0.74%   7.9  100s
 177365 74387 42330.2128   56   12 42543.7219 42229.3557  0.74%   7.5  105s
H182541 75294                    42543.524733 42230.1205  0.74%   7.5  107s
 184303 80403     cutoff   88      42543.5247 42230.3851  0.74%   7.4  111s
H198050 80978                    42543.524401 42231.5208  0.73%   7.3  113s
 205046 85937 42261.6085   79   14 42543.5244 42232.4961  0.73%   7.2  116s
 222611 92368     cutoff   98      42543.5244 42234.9480  0.73%   7.0  121s
 237190 99072 42292.3294   81   19 42543.5244 42236.2743  0.72%   6.9  125s
 254118 105835 42345.7907  105    1 42543.5244 42237.4784  0.72%   6.7  130s
 273476 111306 42265.4496   92   11 42543.5244 42238.6587  0.72%   6.6  135s
 291288 120248 42312.6508   74    1 42543.5244 42239.2987  0.72%   6.5  141s
 306174 125752 42348.1085  102    9 42543.5244 42240.1026  0.71%   6.4  145s
 327566 133469 42482.0046  103    1 42543.5244 42241.1369  0.71%   6.3  150s
 342216 139641 42352.6932   92    1 42543.5244 42241.8086  0.71%   6.2  155s
 362999 147546 42252.3041   94   13 42543.5244 42242.3529  0.71%   6.1  160s
 379587 153517 42258.5837   83   15 42543.5244 42243.0035  0.71%   6.0  165s
 400652 160100     cutoff  113      42543.5244 42243.8792  0.70%   6.0  171s
H400685 160100                    42543.523969 42243.8792  0.70%   6.0  171s
H406377 162751                    42543.523943 42244.0829  0.70%   5.9  174s
H406629 162751                    42543.523931 42244.0829  0.70%   5.9  174s
 406715 170741 42370.9196  111    1 42543.5239 42244.1333  0.70%   5.9  179s
 424346 170741     cutoff  103      42543.5239 42244.2536  0.70%   5.9  180s
 444333 177949     cutoff   67      42543.5239 42244.8154  0.70%   5.8  185s
H444469 177949                    42543.523924 42244.8154  0.70%   5.8  185s
 459491 186171 42533.3278   86    1 42543.5239 42245.3114  0.70%   5.8  191s
 475764 192509 42259.6908   65   14 42543.5239 42245.5885  0.70%   5.7  195s
 496924 200554 42272.0644   64    7 42543.5239 42246.0209  0.70%   5.7  200s
 513556 206390     cutoff   70      42543.5239 42246.3108  0.70%   5.7  205s
H513659 206390                    42543.523695 42246.3108  0.70%   5.7  205s
H513774 206390                    42543.523340 42246.3156  0.70%   5.7  205s
H527678 211617                    42543.523334 42246.5232  0.70%   5.6  209s
 528398 214122 42249.0544   72   17 42543.5233 42246.5346  0.70%   5.6  210s
 544556 221631     cutoff   82      42543.5233 42246.7858  0.70%   5.6  215s
 565141 229729 42247.2601   64   30 42543.5233 42247.1898  0.70%   5.6  220s
 585828 236756 42510.3861   85   12 42543.5233 42247.6435  0.70%   5.5  226s
 601579 242413 42484.1743   88    1 42543.5233 42247.8749  0.69%   5.5  230s
 617627 247729 42332.8317   86   13 42543.5233 42248.0847  0.69%   5.5  236s
 632434 253975     cutoff   86      42543.5233 42248.2876  0.69%   5.5  240s
 653634 260834 42458.7989   60   17 42543.5233 42248.6852  0.69%   5.5  245s
 669247 266536     cutoff   76      42543.5233 42248.8804  0.69%   5.5  250s
 689263 274345 42415.7972   99    3 42543.5233 42249.1379  0.69%   5.4  255s
 711151 282828 42318.0506   72    1 42543.5233 42249.5266  0.69%   5.4  260s
 725761 289406 42256.0659   87   14 42543.5233 42249.7658  0.69%   5.4  265s
 746026 295973 42255.1475   76    3 42543.5233 42249.9294  0.69%   5.4  270s
H751013 296255                    42543.523325 42250.0129  0.69%   5.3  272s
H751239 296255                    42543.523281 42250.0129  0.69%   5.3  272s
 751917 306536 42250.8068   86   13 42543.5233 42250.0129  0.69%   5.3  278s
 777717 307143 42451.6516  105    1 42543.5233 42250.3082  0.69%   5.3  280s
H778632 307143                    42543.522789 42250.3477  0.69%   5.3  280s
H786793 310795                    42543.522782 42250.4990  0.69%   5.3  284s
 787531 323324     cutoff  104      42543.5228 42250.5052  0.69%   5.3  291s
 824731 325751 42481.4665  104    1 42543.5228 42251.0429  0.69%   5.3  300s

Cutting planes:
  Gomory: 7
  MIR: 3
  Flow cover: 1

Explored 824786 nodes (4368706 simplex iterations) in 300.06 seconds (250.12 work units)
Thread count was 32 (of 80 available processors)

Solution count 10: 42543.5 42543.5 42543.7 ... 42653.4

Time limit reached
Best objective 4.254352278480e+04, best bound 4.225104288766e+04, gap 0.6875%

User-callback calls 1675684, time in user-callback 0.53 sec
