
Gurobi 11.0.3 (linux64) logging started Mon 18 Nov 2024 09:29:19 PM CST

Set parameter LogFile to value "/home/dlcole3/graph_abstraction/hierarchical_graphs/git_storage/CS1/HP_low_reserves/gurobi_logs/serial/logfile_ST12_3.log"

Gurobi 11.0.3 (linux64) logging started Mon 18 Nov 2024 09:35:49 PM CST

Set parameter LogFile to value "/home/dlcole3/graph_abstraction/hierarchical_graphs/git_storage/CS1/HP_low_reserves/gurobi_logs/serial/logfile_ST12_3.log"
Gurobi Optimizer version 11.0.3 build v11.0.3rc0 (linux64 - "Ubuntu 18.04.3 LTS")

CPU model: Intel(R) Xeon(R) CPU E5-2698 v4 @ 2.20GHz, instruction set [SSE2|AVX|AVX2]
Thread count: 40 physical cores, 80 logical processors, using up to 20 threads

Optimize a model with 29168 rows, 50688 columns and 136175 nonzeros
Model fingerprint: 0xdd83c8d6
Variable types: 46944 continuous, 3744 integer (3744 binary)
Coefficient statistics:
  Matrix range     [6e-01, 2e+04]
  Objective range  [2e+00, 2e+04]
  Bounds range     [5e-02, 2e+05]
  RHS range        [5e-02, 7e+03]
Presolve removed 14212 rows and 38765 columns
Presolve time: 0.34s
Presolved: 14956 rows, 11923 columns, 64068 nonzeros
Variable types: 8847 continuous, 3076 integer (3076 binary)
Found heuristic solution: objective 5312350.3665
Found heuristic solution: objective 3967415.2099

Root relaxation: objective 1.704528e+05, 8684 iterations, 0.51 seconds (0.43 work units)

    Nodes    |    Current Node    |     Objective Bounds      |     Work
 Expl Unexpl |  Obj  Depth IntInf | Incumbent    BestBd   Gap | It/Node Time

     0     0 170452.843    0   91 3967415.21 170452.843  95.7%     -    1s
H    0     0                    245555.04612 170452.843  30.6%     -    1s
     0     0 170452.843    0   92 245555.046 170452.843  30.6%     -    1s
     0     0 170588.010    0  113 245555.046 170588.010  30.5%     -    2s
     0     0 170920.364    0  109 245555.046 170920.364  30.4%     -    2s
H    0     2                    245533.70259 170920.364  30.4%     -    3s
     0     2 170920.364    0  109 245533.703 170920.364  30.4%     -    3s
H   31    52                    207772.73836 170938.221  17.7%  57.3    4s
H  156   173                    207249.17171 170938.221  17.5%  46.3    4s
   172   193 171262.660   10   70 207249.172 170938.221  17.5%  50.9    5s
H  174   193                    190904.66659 170938.221  10.5%  50.6    5s
H  188   193                    176421.75898 170938.221  3.11%  50.5    5s
H  467   476                    175914.01571 170938.221  2.83%  41.9    6s
H  584   592                    175881.80432 170938.221  2.81%  41.5    7s
H  585   592                    175848.37867 170938.221  2.79%  41.5    7s
H  598   592                    175845.85430 170938.221  2.79%  41.5    7s
H  726   723                    173511.83965 170938.221  1.48%  41.0   12s
H  732   723                    173193.94186 170938.221  1.30%  41.0   12s
H  736   723                    172865.44044 170938.221  1.11%  41.0   12s
  1831  1300 172780.167   86    5 172865.440 170983.807  1.09%  36.0   15s
H 1835  1278                    172800.78448 170983.807  1.05%  35.9   15s
* 1842  1278              93    172800.40623 170983.807  1.05%  35.8   15s
H 1904  1189                    172479.40785 170983.807  0.87%  35.4   15s
* 2009  1170              84    172479.38609 170983.807  0.87%  34.8   15s
  3126  1728 172308.929   29  109 172479.386 170983.807  0.87%  31.3   21s
H 3128  1642                    172479.38598 170983.807  0.87%  31.3   22s
  3222  1705 171144.698   18   53 172479.386 170983.807  0.87%  34.0   25s
H 3224  1622                    172479.38591 170983.807  0.87%  34.0   25s
H 3229  1542                    172479.38555 170983.807  0.87%  34.0   25s
H 3232  1467                    172479.38489 170983.807  0.87%  34.0   25s
H 3448  1446                    172479.38475 170983.807  0.87%  34.1   27s
H 3451  1378                    172434.77606 170983.807  0.84%  34.1   27s
H 3452  1314                    172366.95479 170983.807  0.80%  34.1   27s
H 3478  1249                    172366.95475 170983.807  0.80%  34.1   28s
  4414  1509 172064.097   46   36 172366.955 170983.807  0.80%  32.8   30s
H 4524  1432                    172366.95319 170983.807  0.80%  32.6   31s
H 4525  1378                    172329.92177 170983.807  0.78%  32.6   31s
H 4526  1325                    172304.54286 170983.807  0.77%  32.6   31s
H 4527  1276                    172304.54282 170983.807  0.77%  32.6   31s
H 4534  1227                    172303.78683 170983.807  0.77%  32.6   31s
H 5676  1372                    172303.78672 171091.694  0.70%  30.7   33s
  7047  2131 171849.172   28   68 172303.787 171311.592  0.58%  29.4   35s
*11805  4424              91    172295.47663 171551.730  0.43%  26.5   39s
*11812  4421              92    172294.18141 171551.730  0.43%  26.5   39s
 12348  4543 172253.072   41   31 172294.181 171555.986  0.43%  26.3   40s
 19007  7570 172116.576   43   45 172294.181 171618.972  0.39%  24.1   45s
H22268  8734                    172294.18136 171634.385  0.38%  23.6   48s
 23426  9833     cutoff   37      172294.181 171642.165  0.38%  23.5   50s
H26228 10748                    172286.89668 171655.696  0.37%  23.1   52s
H26230 10721                    172284.14325 171655.696  0.36%  23.1   52s
H26307 10721                    172284.12149 171656.041  0.36%  23.1   52s
H26372 10634                    172275.54041 171656.041  0.36%  23.1   52s
H26387 10598                    172270.91599 171656.041  0.36%  23.0   52s
H26393 10561                    172266.72783 171656.041  0.35%  23.0   52s
 29175 11927     cutoff   57      172266.728 171665.989  0.35%  22.8   55s
H29614 11901                    172263.70636 171667.878  0.35%  22.7   55s
H29617 11879                    172261.96224 171667.878  0.34%  22.7   55s
H29618 11873                    172261.49510 171667.878  0.34%  22.7   55s
H29619 11873                    172261.48589 171667.878  0.34%  22.7   55s
*29620 11872              85    172261.46059 171667.878  0.34%  22.7   55s
H30521 11929                    172222.02052 171672.815  0.32%  22.6   56s
H30530 11829                    172215.90014 171672.815  0.32%  22.6   56s
*30533 11710              88    172209.71592 171672.815  0.31%  22.6   56s
 35672 13442     cutoff   41      172209.716 171686.486  0.30%  22.3   60s

Cutting planes:
  Gomory: 3

Explored 38945 nodes (869165 simplex iterations) in 62.18 seconds (64.58 work units)
Thread count was 20 (of 80 available processors)

Solution count 10: 172210 172210 172222 ... 172294

Optimal solution found (tolerance 3.00e-03)
Best objective 1.722097159187e+05, best bound 1.716998377033e+05, gap 0.2961%

User-callback calls 85285, time in user-callback 0.17 sec
