
Gurobi 11.0.3 (linux64) logging started Mon 18 Nov 2024 08:45:33 PM CST

Set parameter LogFile to value "/home/dlcole3/graph_abstraction/hierarchical_graphs/git_storage/CS1/HP_low_reserves/gurobi_logs/serial/logfile_ST10_3.log"

Gurobi 11.0.3 (linux64) logging started Mon 18 Nov 2024 08:47:38 PM CST

Set parameter LogFile to value "/home/dlcole3/graph_abstraction/hierarchical_graphs/git_storage/CS1/HP_low_reserves/gurobi_logs/serial/logfile_ST10_3.log"
Gurobi Optimizer version 11.0.3 build v11.0.3rc0 (linux64 - "Ubuntu 18.04.3 LTS")

CPU model: Intel(R) Xeon(R) CPU E5-2698 v4 @ 2.20GHz, instruction set [SSE2|AVX|AVX2]
Thread count: 40 physical cores, 80 logical processors, using up to 20 threads

Optimize a model with 29168 rows, 50688 columns and 136175 nonzeros
Model fingerprint: 0x9bd0ef4c
Variable types: 46944 continuous, 3744 integer (3744 binary)
Coefficient statistics:
  Matrix range     [6e-01, 2e+04]
  Objective range  [2e+00, 2e+04]
  Bounds range     [5e-02, 2e+05]
  RHS range        [5e-02, 7e+03]
Presolve removed 14186 rows and 38562 columns
Presolve time: 0.34s
Presolved: 14982 rows, 12126 columns, 64333 nonzeros
Variable types: 9053 continuous, 3073 integer (3073 binary)
Found heuristic solution: objective 3479973.8500
Found heuristic solution: objective 3049309.7397

Root relaxation: objective 1.445951e+05, 7493 iterations, 0.34 seconds (0.24 work units)

    Nodes    |    Current Node    |     Objective Bounds      |     Work
 Expl Unexpl |  Obj  Depth IntInf | Incumbent    BestBd   Gap | It/Node Time

     0     0 144595.053    0   40 3049309.74 144595.053  95.3%     -    1s
H    0     0                    190449.38165 144706.380  24.0%     -    1s
     0     0 144706.380    0   61 190449.382 144706.380  24.0%     -    1s
     0     0 145417.515    0   78 190449.382 145417.515  23.6%     -    2s
H    0     0                    155805.99250 145417.515  6.67%     -    2s
     0     0 145417.515    0   73 155805.992 145417.515  6.67%     -    2s
     0     0 145459.052    0   77 155805.992 145459.052  6.64%     -    2s
     0     0 145459.052    0   73 155805.992 145459.052  6.64%     -    2s
     0     0 145459.052    0   73 155805.992 145459.052  6.64%     -    2s
     0     0 145459.052    0   78 155805.992 145459.052  6.64%     -    3s
     0     0 145459.052    0   77 155805.992 145459.052  6.64%     -    3s
     0     2 145459.052    0   77 155805.992 145459.052  6.64%     -    3s
H   34    52                    155784.64899 145580.074  6.55%  71.6    4s
H   43    52                    155773.78152 145580.074  6.54%  63.1    4s
H   57    72                    155657.99551 145580.074  6.47%  68.7    4s
    71    92 146192.925    7   47 155657.996 145580.074  6.47%  67.3    5s
H  110   112                    153516.21632 145580.074  5.17%  61.4    5s
H  324   343                    153475.55431 145580.074  5.14%  39.6    6s
H  327   343                    153409.49882 145580.074  5.10%  39.4    6s
H  329   343                    153409.49880 145580.074  5.10%  39.1    6s
H  546   570                    151040.17280 145580.074  3.61%  37.5    7s
H  628   624                    150934.16825 145580.074  3.55%  38.2    7s
H  717   670                    148991.57211 145580.074  2.29%  38.1   12s
H  719   670                    148571.95401 145580.074  2.01%  38.0   12s
  1772  1159 147923.564   42   29 148571.954 145686.600  1.94%  36.8   15s
H 1775  1147                    148533.40016 145686.600  1.92%  36.7   15s
H 2305  1408                    148529.84995 145686.600  1.91%  36.3   17s
H 2306  1408                    148529.84976 145686.600  1.91%  36.2   17s
H 2320  1407                    148529.08784 145686.600  1.91%  36.2   17s
  3446  1942 148325.836   51   77 148529.088 145912.984  1.76%  35.0   21s
H 3545  1906                    148529.08782 145912.984  1.76%  37.3   24s
H 3546  1813                    148529.08776 145912.984  1.76%  37.3   24s
  3720  1880 146409.732   22   50 148529.088 145912.984  1.76%  38.0   25s
H 3804  1795                    148529.08772 145912.984  1.76%  38.5   26s
H 3809  1709                    148529.08769 145912.984  1.76%  38.5   26s
H 3827  1637                    148529.08637 145912.984  1.76%  38.5   27s
H 3839  1557                    148529.08547 145912.984  1.76%  38.7   27s
  4913  1747     cutoff   42      148529.085 145912.984  1.76%  41.2   31s
H 4914  1676                    148529.08544 145912.984  1.76%  41.2   31s
H 4915  1607                    148529.08520 145912.984  1.76%  41.2   31s
H 4920  1541                    148515.92653 145912.984  1.75%  41.2   31s
H 4925  1477                    148511.45356 145912.984  1.75%  41.2   31s
H 4926  1419                    148511.29660 145912.984  1.75%  41.2   31s
  7037  2012 146522.633   26   43 148511.297 145912.984  1.75%  41.2   35s
 10904  3728 148305.689   23   38 148511.297 146408.005  1.42%  42.2   40s
H13493  4528                    148414.68178 146548.778  1.26%  41.7   43s
H13498  4526                    148413.04139 146548.778  1.26%  41.7   43s
H13498  4526                    148412.36478 146548.778  1.26%  41.7   43s
H13996  4696                    148411.35389 146553.923  1.25%  41.7   43s
 15495  5501 147899.572   31   37 148411.354 146647.464  1.19%  41.5   45s
H17516  6059                    148411.35386 146725.008  1.14%  41.3   48s
H17518  6059                    148411.01153 146725.008  1.14%  41.3   48s
 19060  6969 148222.686   31   25 148411.012 146789.131  1.09%  40.9   50s
 22978  8477     cutoff   30      148411.012 146921.927  1.00%  40.2   55s
 27899 10170 148379.112   31   39 148411.012 147040.138  0.92%  39.3   60s
H31029 10924                    148411.01149 147084.404  0.89%  38.9   64s
H31031 10924                    148411.01133 147084.404  0.89%  38.9   64s
 31073 11410 147583.355   26   40 148411.011 147090.220  0.89%  38.9   65s
H33525 11932                    148411.00961 147116.379  0.87%  38.4   68s
H33678 11932                    148411.00890 147122.561  0.87%  38.4   68s
*33790 11868             140    148405.32461 147122.561  0.86%  38.4   68s
H33861 11100                    148302.55859 147122.561  0.80%  38.3   68s
H33861 11094                    148301.30494 147122.561  0.79%  38.3   68s
 35238 11646 148141.063   43   30 148301.305 147151.130  0.78%  38.3   70s
H36252 11753                    148301.30490 147170.748  0.76%  38.1   72s
H36327 10365                    148168.38592 147170.748  0.67%  38.1   72s
 38200 11377 147975.012   51   31 148168.386 147197.395  0.66%  37.8   75s
H39947 11403                    148167.84827 147223.209  0.64%  37.7   78s
H39980 11403                    148167.84826 147224.343  0.64%  37.7   78s
 40069 11878 147779.991   31   36 148167.848 147226.115  0.64%  37.7   80s
 45518 13036     cutoff   34      148167.848 147298.647  0.59%  37.3   85s
 47512 13037 147778.109   36   77 148167.848 147309.874  0.58%  37.1  112s
 47517 13040 147847.497   46  210 148167.848 147309.874  0.58%  37.1  115s
 47525 13046 147804.350   25  256 148167.848 147309.874  0.58%  37.1  120s
 47532 13050 147730.802   33  283 148167.848 147309.874  0.58%  37.1  125s
 47549 13078 147309.874   29  170 148167.848 147309.874  0.58%  37.4  130s
H47566 12435                    148167.18521 147309.874  0.58%  37.6  134s
H47570 11813                    148167.18514 147309.874  0.58%  37.6  134s
H47577 11221                    148166.50852 147309.874  0.58%  37.6  134s
 47605 11242 147309.874   31  184 148166.509 147309.874  0.58%  37.8  135s
 47800 11283     cutoff   35      148166.509 147309.874  0.58%  38.6  140s
 48065 11269 147572.716   41   91 148166.509 147309.874  0.58%  39.3  145s
H48223 10701                    148165.83865 147309.874  0.58%  39.7  151s
 48451 10716 147309.874   36  146 148165.839 147309.874  0.58%  40.2  155s
 48872 10752 147520.361   52  167 148165.839 147309.874  0.58%  40.7  160s
H49380 10253                    148165.83863 147309.874  0.58%  41.5  164s
H49395  9743                    148165.83767 147309.874  0.58%  41.6  164s
 49513  9779     cutoff   61      148165.838 147309.874  0.58%  41.8  165s
 50694  9870 147309.874   43  196 148165.838 147309.874  0.58%  43.5  170s
H50768  9366                    148165.83757 147309.874  0.58%  43.6  170s
 51899  9441 147309.874   60  210 148165.838 147309.874  0.58%  45.0  176s
 52954  9544     cutoff   37      148165.838 147309.874  0.58%  46.3  180s
 54093  9474 148006.939   38  175 148165.838 147309.874  0.58%  47.8  187s
H54158  8997                    148165.83678 147309.874  0.58%  47.9  187s
H54195  8551                    148165.58150 147309.874  0.58%  47.9  187s
 54732  8692 147818.836   53  126 148165.581 147309.874  0.58%  48.5  190s
H56169  8138                    148165.58145 147309.874  0.58%  50.2  194s
 56310  8149     cutoff   66      148165.581 147309.874  0.58%  50.3  196s
 57737  8217 147901.583   52   97 148165.581 147315.902  0.57%  51.8  201s
 58809  8115     cutoff   61      148165.581 147361.761  0.54%  52.9  206s
 60183  8109     cutoff   74      148165.581 147434.566  0.49%  54.0  210s
 61782  7904     cutoff   55      148165.581 147479.448  0.46%  55.3  215s
 63483  7726 147942.305   73   68 148165.581 147515.601  0.44%  56.6  220s
 65343  7584 148007.340   58  156 148165.581 147555.418  0.41%  57.9  225s
H65618  7098                    148165.14261 147556.221  0.41%  58.0  225s
H65632  6721                    148164.62773 147556.221  0.41%  58.0  225s
*65651  6361             112    148164.51935 147556.221  0.41%  58.0  225s
 67616  5884 147887.990   55  101 148164.519 147587.296  0.39%  59.1  231s
 69236  6262 148120.227   69   88 148164.519 147610.978  0.37%  60.1  237s
 70556  6429 148083.813   65  117 148164.519 147620.927  0.37%  60.7  242s
H70628  6429                    148164.51933 147622.101  0.37%  60.7  242s
H70703  6429                    148164.51897 147622.101  0.37%  60.7  242s
 71787  6584     cutoff   68      148164.519 147639.081  0.35%  61.3  245s
 74333  6926 148122.297   71  104 148164.519 147681.740  0.33%  62.1  252s
 75756  7044     cutoff   61      148164.519 147691.025  0.32%  62.6  255s

Cutting planes:
  Gomory: 113
  Implied bound: 1
  MIR: 8
  Flow cover: 3

Explored 78601 nodes (4991802 simplex iterations) in 259.29 seconds (295.87 work units)
Thread count was 20 (of 80 available processors)

Solution count 10: 148165 148165 148166 ... 148301

Optimal solution found (tolerance 3.00e-03)
Best objective 1.481645193451e+05, best bound 1.477228213108e+05, gap 0.2981%

User-callback calls 190865, time in user-callback 0.08 sec
