
Gurobi 11.0.3 (linux64) logging started Tue 19 Nov 2024 12:20:18 AM CST

Set parameter LogFile to value "/home/dlcole3/graph_abstraction/hierarchical_graphs/git_storage/CS1/HP_low_reserves/gurobi_logs/serial/logfile_DA_25.log"
Set parameter TimeLimit to value 900

Gurobi 11.0.3 (linux64) logging started Tue 19 Nov 2024 12:20:20 AM CST

Set parameter LogFile to value "/home/dlcole3/graph_abstraction/hierarchical_graphs/git_storage/CS1/HP_low_reserves/gurobi_logs/serial/logfile_DA_25.log"
Gurobi Optimizer version 11.0.3 build v11.0.3rc0 (linux64 - "Ubuntu 18.04.3 LTS")

CPU model: Intel(R) Xeon(R) CPU E5-2698 v4 @ 2.20GHz, instruction set [SSE2|AVX|AVX2]
Thread count: 40 physical cores, 80 logical processors, using up to 20 threads

Optimize a model with 35850 rows, 31725 columns and 164765 nonzeros
Model fingerprint: 0x207cde66
Variable types: 19950 continuous, 11775 integer (11775 binary)
Coefficient statistics:
  Matrix range     [5e-02, 2e+04]
  Objective range  [1e+00, 8e+04]
  Bounds range     [5e-02, 2e+05]
  RHS range        [2e-02, 7e+03]
Presolve removed 4502 rows and 6136 columns
Presolve time: 0.78s
Presolved: 31348 rows, 25589 columns, 145068 nonzeros
Variable types: 15100 continuous, 10489 integer (10489 binary)
Found heuristic solution: objective 7.995124e+08
Found heuristic solution: objective 5.778419e+08
Found heuristic solution: objective 4.605988e+08
Deterministic concurrent LP optimizer: primal and dual simplex
Showing primal log only...

Concurrent spin time: 0.01s

Solved with dual simplex

Use crossover to convert LP symmetric solution to basic solution...

Root relaxation: objective 8.009611e+06, 13223 iterations, 1.30 seconds (0.96 work units)

    Nodes    |    Current Node    |     Objective Bounds      |     Work
 Expl Unexpl |  Obj  Depth IntInf | Incumbent    BestBd   Gap | It/Node Time

     0     0 8009611.02    0   69 4.6060e+08 8009611.02  98.3%     -    3s
H    0     0                    3.106767e+07 8018553.03  74.2%     -    4s
H    0     0                    3.015071e+07 8018553.03  73.4%     -    4s
H    0     0                    1.096477e+07 8018553.03  26.9%     -    4s
     0     0 8018553.03    0  140 1.0965e+07 8018553.03  26.9%     -    4s
H    0     0                    1.032643e+07 8021545.34  22.3%     -    5s
     0     0 8021545.34    0  143 1.0326e+07 8021545.34  22.3%     -    5s
     0     0 8021776.71    0  204 1.0326e+07 8021776.71  22.3%     -    6s
     0     0 8021812.72    0  202 1.0326e+07 8021812.72  22.3%     -    6s
     0     0 8025169.53    0  205 1.0326e+07 8025169.53  22.3%     -    6s
     0     0 8025249.82    0  205 1.0326e+07 8025249.82  22.3%     -    8s
     0     2 8025249.82    0  205 1.0326e+07 8025249.82  22.3%     -    9s
     1     4 8025249.82    1  162 1.0326e+07 8025249.82  22.3%   371   10s
    15    32 8029473.62    4  151 1.0326e+07 8026712.03  22.3%   652   15s
H   18    32                    9780811.4715 8026712.03  17.9%   583   15s
H   20    32                    9387041.3991 8026712.03  14.5%   625   15s
H   22    32                    8779052.8541 8026712.03  8.57%   628   15s
H   31    52                    8779018.8371 8029566.34  8.54%   732   16s
H   32    52                    8660934.2735 8029566.34  7.29%   710   16s
H   40    52                    8586008.7972 8029566.34  6.48%   661   16s
H   48    52                    8561181.4208 8029813.49  6.21%   637   16s
    91   112 8035634.61    8   68 8561181.42 8029869.27  6.21%   587   20s
H  156   177                    8460041.8245 8029869.27  5.08%   559   26s
H  159   177                    8362328.4441 8029869.27  3.98%   564   26s
H  165   177                    8337439.2035 8029869.27  3.69%   572   26s
H  167   177                    8303899.5055 8029869.27  3.30%   575   26s
H  228   249                    8110177.2309 8029869.27  0.99%   517   38s
   297   274 8046014.87   15  103 8110177.23 8029869.27  0.99%   425   40s
   417   373 8049125.33   22   96 8110177.23 8029869.27  0.99%   408   45s
   586   487 8051460.15   30  107 8110177.23 8029869.27  0.99%   354   58s
   724   610 8056444.00   35  112 8110177.23 8029869.27  0.99%   322   61s
   974   771 8076236.32   46   96 8110177.23 8029869.27  0.99%   297   65s
H 1261   940                    8109292.3531 8029869.27  0.98%   273   70s
H 1267   940                    8109003.5223 8029869.27  0.98%   273   70s
H 1271   940                    8108736.4115 8029869.27  0.97%   273   70s
  1678  1303 8101844.44   65   42 8108736.41 8029869.27  0.97%   259   75s
  2235  1714 8104575.07   96   14 8108736.41 8029869.27  0.97%   223   80s
H 2486  1769                    8108721.2267 8029869.27  0.97%   210   82s
H 2735  1895                    8108542.8953 8036173.39  0.89%   203   83s
H 2747  1894                    8108514.4879 8036173.39  0.89%   203   83s
  2796  1910 8058308.72    7   76 8108514.49 8036173.39  0.89%   203   97s
H 2798  1880                    8108259.6014 8036173.39  0.89%   203   97s
H 2800  1880                    8108227.6700 8036173.39  0.89%   203   97s
H 2805  1562                    8103469.4409 8036173.39  0.83%   204   97s
  3011  1754 8072523.20   13  100 8103469.44 8036173.39  0.83%   205  101s
H 3205  1321                    8095438.6427 8036173.39  0.73%   205  109s
  3206  1307 8072000.32   19  205 8095438.64 8036173.39  0.73%   205  113s
  3208  1308 8051808.77   14   69 8095438.64 8036173.39  0.73%   205  117s
  3209  1309 8062237.34   22  130 8095438.64 8036173.39  0.73%   205  120s
  3213  1312 8056217.52   34  238 8095438.64 8036173.39  0.73%   205  127s
  3214  1312 8076018.45   13  238 8095438.64 8036173.39  0.73%   205  130s
  3218  1320 8036173.39   13  185 8095438.64 8036173.39  0.73%   213  135s
  3246  1350 8036173.39   16   96 8095438.64 8036173.39  0.73%   219  142s
  3286  1362 8041813.12   17  137 8095438.64 8036173.39  0.73%   225  145s
  3374  1369 8042956.54   20   77 8095438.64 8036173.39  0.73%   234  151s
  3437  1392 8047180.10   22  161 8095438.64 8036173.39  0.73%   242  158s
H 3438  1326                    8091721.6430 8036173.39  0.69%   241  158s
  3490  1335 8047267.63   23  180 8091721.64 8036173.39  0.69%   246  160s
H 3563  1262                    8090609.9653 8036173.39  0.67%   250  169s
H 3564  1203                    8090256.6199 8036173.39  0.67%   250  169s
  3589  1192 8059348.68   25  101 8090256.62 8036173.39  0.67%   251  171s
  3708  1182 8063000.80   28  142 8090256.62 8036173.39  0.67%   258  176s
  3863  1195 8076222.05   30  123 8090256.62 8036173.39  0.67%   263  181s
  3937  1207 8084645.53   32   83 8090256.62 8036173.39  0.67%   264  196s
  4226  1222 8082782.13   38   84 8090256.62 8036173.39  0.67%   264  201s
  4643  1189     cutoff   46      8090256.62 8036173.39  0.67%   265  207s
H 4649  1130                    8090256.6191 8036173.39  0.67%   265  207s
  4851  1143 8049646.21   18  111 8090256.62 8036709.28  0.66%   267  210s
  5292  1248 8087968.79   37   76 8090256.62 8036770.20  0.66%   268  216s
  5752  1313 8083937.71   37   47 8090256.62 8038077.68  0.64%   259  220s
H 5802  1244                    8090109.2382 8038181.23  0.64%   259  220s
H 6465  1511                    8089913.3612 8038181.23  0.64%   244  224s
H 6467  1511                    8089903.7612 8038181.23  0.64%   244  224s
H 6472  1511                    8089902.5039 8038181.23  0.64%   244  224s
H 6475  1511                    8089900.9571 8038181.23  0.64%   244  224s
H 6484  1511                    8089895.2451 8038181.23  0.64%   244  224s
H 6589  1140                    8085882.3446 8038181.23  0.59%   242  231s
H 6590  1140                    8082467.3951 8038181.23  0.55%   242  231s
H 6595  1140                    8082006.3034 8038181.23  0.54%   242  231s
H 6633  1140                    8079678.8352 8038181.23  0.51%   241  231s
  6898  1064     cutoff   28      8079678.84 8052637.00  0.33%   243  235s
  7355  1018 8079303.29   26   97 8079678.84 8062602.74  0.21%   246  240s
H 7790   997                    8079473.0759 8064844.61  0.18%   248  249s
H 7794   997                    8079309.9368 8064844.61  0.18%   248  249s
  7838  1035 8073115.02   34  104 8079309.94 8064844.61  0.18%   248  252s
  8189  1140     cutoff   31      8079309.94 8068447.74  0.13%   246  255s
H 8843  1579                    8078400.7014 8068859.71  0.12%   233  258s
H 8864  1579                    8078400.2122 8068859.71  0.12%   233  258s
H 8884  1579                    8078399.4519 8068859.71  0.12%   232  258s
H 8886  1579                    8078372.0439 8068859.71  0.12%   232  258s
  9449  1876 8077158.22  170   26 8078372.04 8068859.71  0.12%   222  261s
H 9477  1845                    8078307.9311 8068859.71  0.12%   222  261s
H 9486  1845                    8078305.5838 8068859.71  0.12%   221  261s
H 9568  1845                    8078282.8660 8068859.71  0.12%   220  261s
H 9570  1845                    8077917.2709 8068859.71  0.11%   219  261s
H 9919  1845                    8077228.3821 8068859.71  0.10%   213  261s
H 9988  1845                    8077204.8583 8068859.71  0.10%   211  261s
H10825  1654                    8077177.1302 8070160.56  0.09%   198  263s

Cutting planes:
  Gomory: 31

Explored 11469 nodes (2178048 simplex iterations) in 264.03 seconds (269.47 work units)
Thread count was 20 (of 80 available processors)

Solution count 10: 8.07718e+06 8.07718e+06 8.0772e+06 ... 8.0784e+06

Optimal solution found (tolerance 1.00e-03)
Best objective 8.077177130234e+06, best bound 8.070160559667e+06, gap 0.0869%

User-callback calls 93388, time in user-callback 0.26 sec
