
Gurobi 11.0.3 (linux64) logging started Mon 18 Nov 2024 11:27:04 PM CST

Set parameter LogFile to value "/home/dlcole3/graph_abstraction/hierarchical_graphs/git_storage/CS1/HP_low_reserves/gurobi_logs/serial/logfile_ST21_7.log"

Gurobi 11.0.3 (linux64) logging started Mon 18 Nov 2024 11:30:43 PM CST

Set parameter LogFile to value "/home/dlcole3/graph_abstraction/hierarchical_graphs/git_storage/CS1/HP_low_reserves/gurobi_logs/serial/logfile_ST21_7.log"
Gurobi Optimizer version 11.0.3 build v11.0.3rc0 (linux64 - "Ubuntu 18.04.3 LTS")

CPU model: Intel(R) Xeon(R) CPU E5-2698 v4 @ 2.20GHz, instruction set [SSE2|AVX|AVX2]
Thread count: 40 physical cores, 80 logical processors, using up to 20 threads

Optimize a model with 29168 rows, 50688 columns and 136175 nonzeros
Model fingerprint: 0x2c4076e9
Variable types: 46944 continuous, 3744 integer (3744 binary)
Coefficient statistics:
  Matrix range     [6e-01, 2e+04]
  Objective range  [2e+00, 2e+04]
  Bounds range     [5e-02, 2e+05]
  RHS range        [5e-02, 7e+03]
Presolve removed 14284 rows and 38805 columns
Presolve time: 0.35s
Presolved: 14884 rows, 11883 columns, 63588 nonzeros
Variable types: 8847 continuous, 3036 integer (3036 binary)
Found heuristic solution: objective 3628883.0885

Root relaxation: objective 1.440904e+05, 8538 iterations, 0.48 seconds (0.37 work units)

    Nodes    |    Current Node    |     Objective Bounds      |     Work
 Expl Unexpl |  Obj  Depth IntInf | Incumbent    BestBd   Gap | It/Node Time

     0     0 144090.405    0   31 3628883.09 144090.405  96.0%     -    1s
H    0     0                    149656.72652 144090.405  3.72%     -    1s
     0     0 144090.405    0   40 149656.727 144090.405  3.72%     -    1s
     0     0 144276.522    0   56 149656.727 144276.522  3.60%     -    2s
     0     0 144284.321    0   60 149656.727 144284.321  3.59%     -    2s
     0     0 144285.179    0   78 149656.727 144285.179  3.59%     -    2s
     0     0 144300.473    0   78 149656.727 144300.473  3.58%     -    2s
     0     2 144300.473    0   78 149656.727 144300.473  3.58%     -    3s
    31    50 144434.639    5   44 149656.727 144426.363  3.49%  77.9    5s
H   32    50                    149656.72650 144426.363  3.49%  75.5    5s
H   33    50                    149656.72646 144426.363  3.49%  76.0    5s
H   37    50                    149656.72642 144426.363  3.49%  77.2    5s
H   38    50                    149085.76227 144426.363  3.13%  75.3    5s
H  209   210                    149085.76225 144434.903  3.12%  33.6    6s
H  214   229                    145918.32287 144434.903  1.02%  33.4    6s
H 1252   795                    145823.14873 144478.386  0.92%  22.1   10s
H 2477  1244                    145731.91685 144518.287  0.83%  21.7   12s
H 2478  1244                    145730.03638 144518.287  0.83%  21.7   12s
H 2479  1244                    145729.62226 144518.287  0.83%  21.7   12s
* 2637  1308             108    145729.14044 144518.287  0.83%  21.5   12s
H 3697  1675                    145660.64002 144518.287  0.78%  22.2   13s
H 3719  1452                    145488.34214 144518.287  0.67%  22.2   14s
  3720  1437 145314.257   50   78 145488.342 144518.287  0.67%  22.2   16s
  3729  1443 144764.575   39   81 145488.342 144518.287  0.67%  22.1   20s
H 3768  1377                    145488.34212 144518.287  0.67%  24.8   23s
H 3771  1307                    145488.34201 144518.287  0.67%  24.8   23s
  3869  1345 145115.347   22   25 145488.342 144518.287  0.67%  25.6   25s
H 3874  1279                    145488.34182 144518.287  0.67%  25.6   25s
H 3878  1215                    145488.34140 144518.287  0.67%  25.6   25s
H 3886  1153                    145488.34129 144518.287  0.67%  25.6   25s
H 4101  1103                    145426.50425 144518.287  0.62%  25.6   31s
H 4102  1050                    145426.50358 144518.287  0.62%  25.6   31s
H 4107   997                    145413.01907 144518.287  0.62%  25.6   31s
H 4118   945                    145413.01872 144518.287  0.62%  25.6   31s
H 4119   900                    145390.29125 144518.287  0.60%  25.6   31s
H 4132   856                    145390.29123 144518.287  0.60%  25.5   31s
  5244   816 144570.853   20   45 145390.291 144518.287  0.60%  25.8   35s
H 5246   774                    145390.29112 144518.287  0.60%  25.8   35s
H 5249   734                    145390.29073 144518.287  0.60%  25.8   35s
H 5267   691                    145390.28996 144518.287  0.60%  25.8   35s
H 6011   686                    145390.28916 144518.287  0.60%  25.3   37s
  8112  1409 145334.581   26   47 145390.289 144694.460  0.48%  23.7   40s
* 9270  1753              70    145389.97236 144944.238  0.31%  22.8   41s
H 9692  1801                    145388.79087 144944.238  0.31%  22.5   41s
* 9696  1800              68    145388.33496 144944.238  0.31%  22.5   41s

Cutting planes:
  Gomory: 25
  MIR: 1
  Flow cover: 2

Explored 10288 nodes (239894 simplex iterations) in 41.88 seconds (40.58 work units)
Thread count was 20 (of 80 available processors)

Solution count 10: 145388 145388 145390 ... 145488

Optimal solution found (tolerance 3.00e-03)
Best objective 1.453883349560e+05, best bound 1.449938316989e+05, gap 0.2713%

User-callback calls 28906, time in user-callback 0.02 sec
