
Gurobi 11.0.3 (linux64) logging started Mon 18 Nov 2024 11:51:19 PM CST

Set parameter LogFile to value "/home/dlcole3/graph_abstraction/hierarchical_graphs/git_storage/CS1/HP_low_reserves/gurobi_logs/serial/logfile_ST23_2.log"

Gurobi 11.0.3 (linux64) logging started Mon 18 Nov 2024 11:52:36 PM CST

Set parameter LogFile to value "/home/dlcole3/graph_abstraction/hierarchical_graphs/git_storage/CS1/HP_low_reserves/gurobi_logs/serial/logfile_ST23_2.log"
Gurobi Optimizer version 11.0.3 build v11.0.3rc0 (linux64 - "Ubuntu 18.04.3 LTS")

CPU model: Intel(R) Xeon(R) CPU E5-2698 v4 @ 2.20GHz, instruction set [SSE2|AVX|AVX2]
Thread count: 40 physical cores, 80 logical processors, using up to 20 threads

Optimize a model with 29168 rows, 50688 columns and 136175 nonzeros
Model fingerprint: 0xec684554
Variable types: 46944 continuous, 3744 integer (3744 binary)
Coefficient statistics:
  Matrix range     [6e-01, 2e+04]
  Objective range  [2e+00, 2e+04]
  Bounds range     [5e-02, 2e+05]
  RHS range        [2e-16, 7e+03]
Presolve removed 14722 rows and 38863 columns
Presolve time: 0.36s
Presolved: 14446 rows, 11825 columns, 62162 nonzeros
Variable types: 8825 continuous, 3000 integer (3000 binary)
Found heuristic solution: objective 2375435.5014
Found heuristic solution: objective 2307294.4918

Root relaxation: objective 8.173339e+04, 8252 iterations, 0.51 seconds (0.43 work units)

    Nodes    |    Current Node    |     Objective Bounds      |     Work
 Expl Unexpl |  Obj  Depth IntInf | Incumbent    BestBd   Gap | It/Node Time

     0     0 81733.3920    0   44 2307294.49 81733.3920  96.5%     -    1s
     0     0 81733.8152    0   61 2307294.49 81733.8152  96.5%     -    1s
H    0     0                    393721.13062 81734.6066  79.2%     -    2s
H    0     0                    143116.84526 81734.6066  42.9%     -    2s
     0     0 81735.5803    0   62 143116.845 81735.5803  42.9%     -    2s
     0     0 81735.5803    0   76 143116.845 81735.5803  42.9%     -    2s
     0     0 81735.5803    0   76 143116.845 81735.5803  42.9%     -    2s
     0     0 81735.5803    0   76 143116.845 81735.5803  42.9%     -    2s
     0     0 81735.5803    0   92 143116.845 81735.5803  42.9%     -    2s
     0     0 81735.5803    0   92 143116.845 81735.5803  42.9%     -    2s
     0     0 81735.5803    0   92 143116.845 81735.5803  42.9%     -    2s
     0     2 81735.5803    0   92 143116.845 81735.5803  42.9%     -    3s
H   31    52                    99173.793816 81739.5866  17.6%   158    4s
H   46    52                    93182.919974 81740.1382  12.3%   158    4s
    51    72 87300.9744    6   68 93182.9200 82386.6149  11.6%   157    5s
H  341   369                    91766.766331 82386.6149  10.2%   108    7s
H  414   431                    90425.979921 82386.6149  8.89%   102    7s
H  485   520                    89632.347691 82386.6149  8.08%  93.5    8s
H  538   561                    88199.513961 82386.6149  6.59%  89.7    8s
   580   567     cutoff   26      88199.5140 82394.0138  6.58%  85.6   12s
H  584   567                    86158.644579 82394.0138  4.37%  85.1   12s
H  588   567                    84233.838711 82398.5023  2.18%  84.9   12s
H  591   567                    84053.144620 82398.5023  1.97%  84.9   12s
  1714  1124     cutoff   22      84053.1446 82402.4467  1.96%  41.5   15s
H 1734  1124                    84053.039322 82402.4467  1.96%  41.4   15s
H 1751  1124                    83820.520135 82402.4467  1.69%  41.1   15s
H 1752  1124                    83819.870980 82402.4467  1.69%  41.1   15s
H 1845  1159                    83818.979526 82969.5238  1.01%  39.8   15s
H 1847  1159                    83818.737227 82969.5238  1.01%  39.8   15s
  1962  1158     cutoff    9      83818.7372 83020.7873  0.95%  38.2   23s
H 2001  1158                    83817.003987 83020.7873  0.95%  37.8   23s
H 2676  1074                    83815.556399 83020.7873  0.95%  33.4   25s
H 2680  1074                    83810.772368 83020.7873  0.94%  33.4   25s
H 2681  1074                    83810.772317 83020.7873  0.94%  33.4   25s
H 2685  1074                    83810.417278 83020.7873  0.94%  33.4   25s
H 2689  1074                    83810.104674 83020.7873  0.94%  33.4   25s
H 3366  1480                    83809.041912 83020.7873  0.94%  30.2   26s
H 3498  1378                    83762.935607 83020.7873  0.89%  29.3   26s
H 3606  1289                    83761.831839 83020.7873  0.88%  28.7   28s
  3607  1279 83697.8943   40   92 83761.8318 83020.7873  0.88%  28.7   30s
H 3615  1221                    83761.831829 83020.7873  0.88%  30.7   31s
H 3801  1166                    83761.831744 83020.7873  0.88%  33.5   34s
H 3813  1104                    83761.831732 83020.7873  0.88%  33.6   34s
H 3824  1046                    83761.831570 83020.7873  0.88%  33.7   34s
  3936  1028 83419.8351   27   24 83761.8316 83020.7873  0.88%  34.7   35s
H 3979   972                    83761.830797 83020.7873  0.88%  34.8   36s
H 3986   921                    83761.830498 83020.7873  0.88%  34.8   36s
H 4396   826                    83761.830125 83020.7873  0.88%  35.8   38s
H 4397   781                    83761.830073 83020.7873  0.88%  35.8   38s
H 4405   736                    83761.829944 83020.7873  0.88%  35.8   38s
H 4406   695                    83761.829565 83020.7873  0.88%  35.9   38s
H 4417   653                    83761.829442 83020.7873  0.88%  35.9   38s
  5337   649 83020.7873   26   43 83761.8294 83020.7873  0.88%  35.5   40s
H 5513   560                    83754.828622 83020.7873  0.88%  35.4   41s
H 5519   523                    83754.141574 83020.7873  0.88%  35.4   41s
H 8798  1897                    83725.075443 83179.6758  0.65%  29.2   44s
H 8812  1852                    83719.976292 83179.6758  0.65%  29.2   44s
H 9221  1814                    83718.821200 83179.6758  0.64%  28.5   44s
H 9223  1809                    83718.480992 83179.6758  0.64%  28.5   44s
H 9224  1804                    83718.334919 83179.6758  0.64%  28.5   44s
  9811  2082 83629.3443   33   49 83718.3349 83236.3592  0.58%  27.7   45s
H11908  2502                    83718.155926 83266.3395  0.54%  25.9   46s
H11911  2497                    83717.815719 83266.3395  0.54%  25.9   46s
 17742  4653 83662.7155   54   25 83717.8157 83385.1944  0.40%  21.9   50s

Cutting planes:
  MIR: 3

Explored 20854 nodes (438110 simplex iterations) in 51.72 seconds (48.70 work units)
Thread count was 20 (of 80 available processors)

Solution count 10: 83717.8 83718.3 83725.1 ... 83815.6

Optimal solution found (tolerance 3.00e-03)
Best objective 8.371781571938e+04, best bound 8.347397158658e+04, gap 0.2913%

User-callback calls 55019, time in user-callback 0.04 sec
