
Gurobi 11.0.3 (linux64) logging started Tue 19 Nov 2024 12:54:51 AM CST

Set parameter LogFile to value "/home/dlcole3/graph_abstraction/hierarchical_graphs/git_storage/CS1/HP_low_reserves/gurobi_logs/serial/logfile_DA_28.log"
Set parameter TimeLimit to value 900

Gurobi 11.0.3 (linux64) logging started Tue 19 Nov 2024 12:54:53 AM CST

Set parameter LogFile to value "/home/dlcole3/graph_abstraction/hierarchical_graphs/git_storage/CS1/HP_low_reserves/gurobi_logs/serial/logfile_DA_28.log"
Gurobi Optimizer version 11.0.3 build v11.0.3rc0 (linux64 - "Ubuntu 18.04.3 LTS")

CPU model: Intel(R) Xeon(R) CPU E5-2698 v4 @ 2.20GHz, instruction set [SSE2|AVX|AVX2]
Thread count: 40 physical cores, 80 logical processors, using up to 20 threads

Optimize a model with 35850 rows, 31725 columns and 164765 nonzeros
Model fingerprint: 0x03abcc8c
Variable types: 19950 continuous, 11775 integer (11775 binary)
Coefficient statistics:
  Matrix range     [5e-02, 2e+04]
  Objective range  [1e+00, 8e+04]
  Bounds range     [5e-02, 2e+05]
  RHS range        [1e-02, 7e+03]
Presolve removed 4396 rows and 6077 columns
Presolve time: 0.81s
Presolved: 31454 rows, 25648 columns, 145169 nonzeros
Variable types: 15155 continuous, 10493 integer (10493 binary)
Found heuristic solution: objective 1.133731e+09
Found heuristic solution: objective 1.017230e+09
Found heuristic solution: objective 6.774050e+08
Deterministic concurrent LP optimizer: primal and dual simplex
Showing primal log only...

Concurrent spin time: 0.00s

Solved with dual simplex

Use crossover to convert LP symmetric solution to basic solution...

Root relaxation: objective 1.231903e+07, 11440 iterations, 0.91 seconds (0.52 work units)

    Nodes    |    Current Node    |     Objective Bounds      |     Work
 Expl Unexpl |  Obj  Depth IntInf | Incumbent    BestBd   Gap | It/Node Time

     0     0 1.2319e+07    0  113 6.7740e+08 1.2319e+07  98.2%     -    3s
H    0     0                    6.753306e+08 1.2319e+07  98.2%     -    3s
H    0     0                    1.714933e+07 1.2319e+07  28.2%     -    3s
     0     0 1.2319e+07    0  123 1.7149e+07 1.2319e+07  28.2%     -    3s
H    0     0                    1.636786e+07 1.2323e+07  24.7%     -    3s
     0     0 1.2323e+07    0  123 1.6368e+07 1.2323e+07  24.7%     -    4s
     0     2 1.2323e+07    0  123 1.6368e+07 1.2323e+07  24.7%     -    5s
H   31    52                    1.498035e+07 1.2326e+07  17.7%   102    7s
H   34    52                    1.461537e+07 1.2326e+07  15.7%   103    7s
H   46    52                    1.315651e+07 1.2326e+07  6.31%  93.6    7s
H   55    72                    1.314409e+07 1.2326e+07  6.22%   101    8s
H   92   112                    1.314407e+07 1.2327e+07  6.21%  91.6    9s
H   94   112                    1.305427e+07 1.2327e+07  5.57%  91.9    9s
H   97   112                    1.266052e+07 1.2327e+07  2.63%  92.3    9s
H   98   112                    1.262671e+07 1.2327e+07  2.37%  91.8    9s
   131   152 1.2359e+07    9   55 1.2627e+07 1.2327e+07  2.37%  84.8   10s
H  168   172                    1.247950e+07 1.2327e+07  1.22%  80.1   10s
   633   691 1.2384e+07   34   61 1.2479e+07 1.2327e+07  1.22%  59.1   15s
H  741   805                    1.240282e+07 1.2327e+07  0.61%  58.7   16s
H  761   805                    1.238448e+07 1.2327e+07  0.46%  58.5   16s
   804   806     cutoff   41      1.2384e+07 1.2327e+07  0.46%  58.5   23s
H  807   806                    1.236308e+07 1.2327e+07  0.29%  58.3   23s
  1060   951 1.2346e+07   20   76 1.2363e+07 1.2328e+07  0.29%  55.9   25s
H 1825  1102                    1.236199e+07 1.2330e+07  0.26%  51.6   28s
H 1831  1102                    1.236182e+07 1.2330e+07  0.26%  51.7   28s
  2172  1135 1.2345e+07   20   72 1.2362e+07 1.2331e+07  0.25%  51.2   30s
H 3000  1405                    1.236182e+07 1.2334e+07  0.23%  49.5   32s
H 3435  1570                    1.236181e+07 1.2338e+07  0.19%  50.8   37s
H 4277  1839                    1.236180e+07 1.2340e+07  0.18%  50.8   42s
  4280  1841 1.2352e+07   16   94 1.2362e+07 1.2340e+07  0.18%  50.8   45s
  4381  1892 1.2343e+07   19   78 1.2362e+07 1.2340e+07  0.18%  54.3   50s
  4508  1938 1.2353e+07   25   62 1.2362e+07 1.2340e+07  0.18%  54.2   55s
H 4520  1841                    1.236086e+07 1.2340e+07  0.17%  54.2   55s
  5481  2043 1.2355e+07   24   78 1.2361e+07 1.2340e+07  0.17%  52.7   60s
H 5592  1930                    1.236083e+07 1.2340e+07  0.17%  52.6   62s
  5902  1999 1.2347e+07   23   66 1.2361e+07 1.2340e+07  0.17%  52.2   70s
H 5912  1911                    1.236061e+07 1.2340e+07  0.17%  52.2   70s
  6924  1954     cutoff   27      1.2361e+07 1.2340e+07  0.17%  52.2   76s
H 6929  1860                    1.236034e+07 1.2340e+07  0.17%  52.1   76s
  7652  2025     cutoff   23      1.2360e+07 1.2341e+07  0.16%  51.3   80s
  8813  2108 1.2358e+07   29   60 1.2360e+07 1.2343e+07  0.14%  50.0   85s
 10908  2752 1.2351e+07   31   71 1.2360e+07 1.2345e+07  0.12%  49.0   90s
 13135  3320 1.2354e+07   34   68 1.2360e+07 1.2347e+07  0.11%  48.5   96s
 14930  3950     cutoff   33      1.2360e+07 1.2348e+07  0.10%  47.2  100s

Explored 15680 nodes (749242 simplex iterations) in 100.86 seconds (89.26 work units)
Thread count was 20 (of 80 available processors)

Solution count 10: 1.23603e+07 1.23603e+07 1.23606e+07 ... 1.23631e+07

Optimal solution found (tolerance 1.00e-03)
Best objective 1.236033817364e+07, best bound 1.234824272038e+07, gap 0.0979%

User-callback calls 48440, time in user-callback 0.05 sec
