
Gurobi 11.0.3 (linux64) logging started Tue 19 Nov 2024 12:30:07 AM CST

Set parameter LogFile to value "/home/dlcole3/graph_abstraction/hierarchical_graphs/git_storage/CS1/HP_low_reserves/gurobi_logs/serial/logfile_ST26_4.log"

Gurobi 11.0.3 (linux64) logging started Tue 19 Nov 2024 12:35:00 AM CST

Set parameter LogFile to value "/home/dlcole3/graph_abstraction/hierarchical_graphs/git_storage/CS1/HP_low_reserves/gurobi_logs/serial/logfile_ST26_4.log"
Gurobi Optimizer version 11.0.3 build v11.0.3rc0 (linux64 - "Ubuntu 18.04.3 LTS")

CPU model: Intel(R) Xeon(R) CPU E5-2698 v4 @ 2.20GHz, instruction set [SSE2|AVX|AVX2]
Thread count: 40 physical cores, 80 logical processors, using up to 20 threads

Optimize a model with 29168 rows, 50688 columns and 136175 nonzeros
Model fingerprint: 0x032c7a89
Variable types: 46944 continuous, 3744 integer (3744 binary)
Coefficient statistics:
  Matrix range     [6e-01, 2e+04]
  Objective range  [2e+00, 2e+04]
  Bounds range     [5e-02, 2e+05]
  RHS range        [3e-03, 7e+03]
Presolve removed 14465 rows and 38741 columns
Presolve time: 0.37s
Presolved: 14703 rows, 11947 columns, 62831 nonzeros
Variable types: 8965 continuous, 2982 integer (2982 binary)
Found heuristic solution: objective 4773083.0463
Found heuristic solution: objective 3675099.8468

Root relaxation: objective 1.453418e+05, 8572 iterations, 0.46 seconds (0.35 work units)

    Nodes    |    Current Node    |     Objective Bounds      |     Work
 Expl Unexpl |  Obj  Depth IntInf | Incumbent    BestBd   Gap | It/Node Time

     0     0 145341.840    0   50 3675099.85 145341.840  96.0%     -    1s
H    0     0                    232558.39730 145341.840  37.5%     -    1s
     0     0 145341.840    0   68 232558.397 145341.840  37.5%     -    1s
     0     0 145346.273    0   63 232558.397 145346.273  37.5%     -    2s
H    0     0                    182154.17564 145576.902  20.1%     -    2s
     0     0 145576.902    0   63 182154.176 145576.902  20.1%     -    2s
     0     0 145576.902    0   63 182154.176 145576.902  20.1%     -    2s
     0     2 145576.902    0   63 182154.176 145576.902  20.1%     -    3s
H   36    52                    169921.73918 145614.056  14.3%   130    4s
H   43    52                    166546.31859 145614.056  12.6%   122    4s
    91   112 155665.031    8   62 166546.319 145614.056  12.6%  95.9    5s
H   96   112                    166524.97507 145614.056  12.6%  93.9    5s
H  100   112                    166490.82737 145614.056  12.5%  95.6    5s
H  115   133                    155585.45439 145614.056  6.41%   107    5s
H  116   133                    154964.51398 145614.056  6.03%   106    5s
H  123   133                    153101.39077 145614.056  4.89%   107    5s
H  298   292                    153049.23266 145614.056  4.86%  65.7    6s
H  360   352                    152963.46716 145614.056  4.80%  59.3    7s
H  362   352                    152885.39665 145614.056  4.76%  59.0    7s
H  365   352                    152819.74615 145614.056  4.72%  59.4    7s
H  375   352                    152810.08016 145614.056  4.71%  60.7    7s
H  376   352                    152786.65765 145614.056  4.69%  60.7    7s
H  384   385                    152208.18202 145614.056  4.33%  59.8    7s
H  549   527                    152074.84193 145614.056  4.25%  58.9   12s
H  550   527                    150910.22771 145614.056  3.51%  58.8   12s
H  552   527                    150337.52252 145614.056  3.14%  58.9   12s
H  559   527                    148968.97575 145614.056  2.25%  59.0   12s
H  567   527                    148785.29539 145614.056  2.13%  58.4   12s
  1275  1076 146105.995   76   43 148785.295 145614.056  2.13%  43.5   15s
H 2826  1794                    148627.56497 145624.471  2.02%  40.8   18s
H 3242  1988                    148551.56870 145624.471  1.97%  41.2   21s
H 3244  1886                    148551.56868 145624.471  1.97%  41.1   23s
H 3291  1811                    148551.56862 145624.471  1.97%  44.1   24s
H 3293  1720                    148551.56846 145624.471  1.97%  44.1   24s
  3309  1727 148183.987   17   36 148551.568 145624.471  1.97%  44.1   25s
H 3520  1692                    148551.56832 145624.471  1.97%  44.4   26s
H 3522  1609                    148551.56828 145624.471  1.97%  44.3   26s
H 3524  1531                    148551.56825 145624.471  1.97%  44.4   26s
H 3525  1458                    148534.29941 145624.471  1.96%  44.4   26s
H 3531  1387                    148518.45612 145624.471  1.95%  44.4   26s
H 3538  1319                    148516.22230 145624.471  1.95%  44.5   26s
H 3706  1274                    148503.05240 145624.471  1.94%  45.8   29s
H 3723  1209                    148497.67400 145624.471  1.93%  46.1   29s
  3886  1277 147098.646   34   54 148497.674 145624.471  1.93%  46.4   30s
H 4683  1315                    148491.44240 145698.998  1.88%  46.6   31s
  5805  1474     cutoff   34      148491.442 145777.542  1.83%  48.9   35s
H 5808  1419                    148491.44224 145777.542  1.83%  48.9   35s
H 5811  1367                    148491.44221 145777.542  1.83%  48.8   35s
H 5819  1316                    148491.44210 145777.542  1.83%  48.8   35s
  8749  2515     cutoff   27      148491.442 146577.393  1.29%  48.4   40s
H 9809  2997                    148491.23846 146628.576  1.25%  47.7   43s
H 9810  2995                    148489.80500 146660.152  1.23%  47.7   43s
H 9835  2993                    148486.05792 146660.152  1.23%  47.7   43s
 10994  3609     cutoff   45      148486.058 146820.546  1.12%  47.0   45s
H14106  4559                    148481.19618 147083.660  0.94%  46.2   48s
 14961  5089 148407.418   63   55 148481.196 147171.536  0.88%  45.8   50s
 19899  7110     cutoff   81      148481.196 147332.500  0.77%  43.2   55s
H21893  7587                    148480.23230 147383.593  0.74%  42.2   57s
H21985  7580                    148479.79759 147387.766  0.74%  42.2   57s
 24638  8525     cutoff   36      148479.798 147452.490  0.69%  41.7   60s
H25036  8431                    148473.43357 147466.555  0.68%  41.6   60s
*25038  8426             111    148472.84692 147466.555  0.68%  41.6   60s
 29275  9245 147862.637   40   51 148472.847 147573.911  0.61%  40.9   65s
H30831  9357                    148471.21127 147606.421  0.58%  40.9   66s
 33548 10147     cutoff   24      148471.211 147674.004  0.54%  40.7   71s
*36911 10671             109    148471.20952 147726.235  0.50%  40.6   73s
 38738 10985 148193.367   58   43 148471.210 147753.319  0.48%  40.5   76s
H39419 10985                    148471.20861 147760.210  0.48%  40.5   76s
H41077 11472                    148470.34344 147774.902  0.47%  40.4   78s
H41622 11414                    148466.59300 147780.946  0.46%  40.2   78s
H41632 11394                    148466.16656 147780.946  0.46%  40.2   78s
*41633 11386             124    148465.42683 147780.946  0.46%  40.2   78s
 41677 11791 147877.233   50   42 148465.427 147784.300  0.46%  40.2   80s
 47502 12844 148448.683   62   46 148465.427 147850.190  0.41%  39.7  112s
 50078 12903 148293.967   56   40 148465.427 147873.687  0.40%  39.5  116s
H50080 12903                    148465.42678 147873.687  0.40%  39.5  116s
H50155 12903                    148465.42676 147873.687  0.40%  39.5  116s
*51630 13526             109    148465.16968 147885.800  0.39%  39.3  118s
 52976 13909     cutoff   69      148465.170 147898.523  0.38%  39.1  120s
*56487 14845              98    148464.71154 147917.938  0.37%  38.4  122s
H57681 14577                    148457.15254 147929.883  0.36%  38.2  122s
H57691 14537                    148456.15809 147929.883  0.35%  38.2  122s
*57693 14511             115    148454.96657 147929.883  0.35%  38.2  122s
H58188 14827                    148452.43692 147930.887  0.35%  38.1  124s
H58192 14823                    148452.41781 147930.887  0.35%  38.1  124s
H58192 14603                    148450.20040 147930.887  0.35%  38.1  124s
H58193 14192                    148445.46275 147930.887  0.35%  38.1  124s
H58195 14192                    148445.46274 147930.887  0.35%  38.1  124s
H58195 14130                    148444.40590 147930.887  0.35%  38.1  124s
 60289 14097     cutoff   69      148444.406 147938.835  0.34%  37.9  126s
H66309 14684                    148443.57188 147976.764  0.31%  37.2  129s
H66311 14681                    148443.48437 147976.764  0.31%  37.2  129s
*66312 14679             100    148443.37819 147976.764  0.31%  37.2  129s
 67046 14828 148097.872   52   29 148443.378 147988.424  0.31%  37.1  131s
*68513 14786             103    148442.96076 147991.353  0.30%  37.0  131s

Cutting planes:
  Gomory: 5

Explored 69381 nodes (2573604 simplex iterations) in 132.04 seconds (122.70 work units)
Thread count was 20 (of 80 available processors)

Solution count 10: 148443 148443 148443 ... 148465

Optimal solution found (tolerance 3.00e-03)
Best objective 1.484429607587e+05, best bound 1.480085283373e+05, gap 0.2927%

User-callback calls 160783, time in user-callback 0.32 sec
