
Gurobi 11.0.3 (linux64) logging started Mon 18 Nov 2024 10:19:06 PM CST

Set parameter LogFile to value "/home/dlcole3/graph_abstraction/hierarchical_graphs/git_storage/CS1/HP_low_reserves/gurobi_logs/serial/logfile_ST16_1.log"

Gurobi 11.0.3 (linux64) logging started Mon 18 Nov 2024 10:20:03 PM CST

Set parameter LogFile to value "/home/dlcole3/graph_abstraction/hierarchical_graphs/git_storage/CS1/HP_low_reserves/gurobi_logs/serial/logfile_ST16_1.log"
Gurobi Optimizer version 11.0.3 build v11.0.3rc0 (linux64 - "Ubuntu 18.04.3 LTS")

CPU model: Intel(R) Xeon(R) CPU E5-2698 v4 @ 2.20GHz, instruction set [SSE2|AVX|AVX2]
Thread count: 40 physical cores, 80 logical processors, using up to 20 threads

Optimize a model with 29168 rows, 50688 columns and 136175 nonzeros
Model fingerprint: 0x3688540a
Variable types: 46944 continuous, 3744 integer (3744 binary)
Coefficient statistics:
  Matrix range     [6e-01, 2e+04]
  Objective range  [2e+00, 2e+04]
  Bounds range     [5e-02, 2e+05]
  RHS range        [2e-03, 7e+03]
Presolve removed 13221 rows and 38300 columns
Presolve time: 0.40s
Presolved: 15947 rows, 12388 columns, 66827 nonzeros
Variable types: 9383 continuous, 3005 integer (3005 binary)
Found heuristic solution: objective 967036.37252

Root relaxation: objective 1.253687e+05, 8284 iterations, 0.48 seconds (0.38 work units)

    Nodes    |    Current Node    |     Objective Bounds      |     Work
 Expl Unexpl |  Obj  Depth IntInf | Incumbent    BestBd   Gap | It/Node Time

     0     0 125368.703    0   44 967036.373 125368.703  87.0%     -    1s
H    0     0                    135729.49636 125368.703  7.63%     -    2s
     0     0 125378.451    0   46 135729.496 125378.451  7.63%     -    2s
H    0     0                    135729.49615 125439.729  7.58%     -    2s
     0     0 125439.729    0   47 135729.496 125439.729  7.58%     -    2s
     0     0 125476.797    0   57 135729.496 125476.797  7.55%     -    2s
     0     0 125476.797    0   61 135729.496 125476.797  7.55%     -    2s
H    0     0                    135450.42700 125476.797  7.36%     -    2s
     0     0 125486.631    0   62 135450.427 125486.631  7.36%     -    2s
     0     0 125512.388    0   63 135450.427 125512.388  7.34%     -    2s
     0     0 125512.388    0   62 135450.427 125512.388  7.34%     -    3s
H    0     0                    135450.42668 125512.388  7.34%     -    3s
     0     2 125512.388    0   62 135450.427 125512.388  7.34%     -    3s
H   34    52                    135450.42658 125703.853  7.20%  96.6    4s
H   36    52                    134806.88299 125703.853  6.75%  98.3    4s
    51    72 125821.659    6   41 134806.883 125703.853  6.75%  86.1    5s
H  101   112                    128487.59171 125730.866  2.15%  67.6    5s
H  290   292                    127646.25761 125730.866  1.50%  43.6   10s
H  295   292                    127443.22149 125730.866  1.34%  42.9   10s
H  298   292                    127443.22135 125730.866  1.34%  42.5   10s
H  299   292                    127148.62092 125730.866  1.12%  42.5   10s
H  304   292                    126982.04703 125730.866  0.99%  42.0   10s
H  431   342                    126982.04702 125730.866  0.99%  37.4   11s
H  432   342                    126982.04699 125730.866  0.99%  37.3   11s
   781   584 126169.854   29   29 126982.047 125730.866  0.99%  29.8   16s
H 1869  1147                    126965.33928 125828.653  0.90%  23.5   18s
* 1870  1147              70    126959.79810 125828.653  0.89%  23.5   18s
H 3103  1652                    126881.99722 125918.186  0.76%  20.6   21s
H 3105  1568                    126881.99615 125918.186  0.76%  20.6   23s
  3111  1575 125918.186   10   31 126881.996 125918.186  0.76%  23.1   25s
H 3401  1616                    126875.37316 125918.186  0.75%  24.5   28s
H 3402  1542                    126852.12642 125918.186  0.74%  24.5   28s
H 3405  1470                    126808.15464 125918.186  0.70%  24.5   28s
H 3413  1399                    126772.36667 125918.186  0.67%  24.5   28s
H 3556  1352                    126772.36665 125918.186  0.67%  24.3   29s
H 3563  1289                    126772.36629 125918.186  0.67%  24.3   29s
  4130  1387 126610.524   36   22 126772.366 125918.186  0.67%  23.4   30s
H 4620  1337                    126769.52394 125918.186  0.67%  23.0   31s
H 4624  1280                    126743.33290 125918.186  0.65%  23.0   31s
H 4639  1223                    126740.86080 125918.186  0.65%  23.0   31s
H 4640  1174                    126738.01783 125918.186  0.65%  23.0   31s
  7153  2106 126372.707   24   21 126738.018 125918.186  0.65%  19.7   35s
H 7273  2106                    126738.01766 125918.186  0.65%  19.6   35s
H 7325  2105                    126737.30903 125918.186  0.65%  19.5   35s
H 7410  2105                    126737.28474 125918.186  0.65%  19.4   35s
 16723  6213 126197.800   59    2 126737.285 126086.160  0.51%  13.8   40s
H21444  7489                    126737.08847 126102.325  0.50%  12.9   43s
H21445  7489                    126737.08736 126102.325  0.50%  12.9   43s
 23655  8830 126162.994   45   11 126737.087 126115.279  0.49%  12.7   45s
 31026 10962 126672.801   61    9 126737.087 126128.612  0.48%  11.9   50s
H31176 10962                    126737.08733 126128.612  0.48%  11.9   50s
 40051 14943 126425.299   62    1 126737.087 126141.423  0.47%  11.1   55s
 47907 17230 126657.095   64    6 126737.087 126147.253  0.47%  10.8   74s
 51793 18302 126691.457   62    1 126737.087 126151.166  0.46%  10.6   75s
 64517 20815 126341.864   69   10 126737.087 126159.743  0.46%  10.3   81s
H65844 20815                    126737.08726 126159.963  0.46%  10.3   81s
 69599 22270     cutoff   37      126737.087 126161.091  0.45%  10.3   85s
 80700 24311     cutoff   66      126737.087 126168.721  0.45%  10.2   90s
 93389 26370 126642.620   63    1 126737.087 126175.233  0.44%  10.1   96s
H95566 26353                    126735.35120 126175.820  0.44%  10.1   96s
*95567 26330              68    126734.21349 126175.820  0.44%  10.1   96s
 102309 27690     cutoff   61      126734.213 126180.970  0.44%  10.1  101s
 113190 29273 126202.640   57    1 126734.213 126185.112  0.43%  10.1  106s
 123783 30898 126715.305   63    6 126734.213 126190.993  0.43%  10.1  111s
 133305 32255 126234.526   55    1 126734.213 126195.483  0.43%  10.1  115s
 143023 34019     cutoff   60      126734.213 126198.443  0.42%  10.1  120s
 153019 34592 126242.422   61    1 126734.213 126203.202  0.42%  10.1  125s
 165854 35078 126210.707   62   13 126734.213 126210.201  0.41%  10.2  131s
 175879 34875 126556.829   62    7 126734.213 126216.335  0.41%  10.2  136s
 185701 34738 126229.254   59    1 126734.213 126220.937  0.41%  10.2  140s
 195627 34841     cutoff   67      126734.213 126227.208  0.40%  10.2  145s
 205472 34851 126300.289   58    1 126734.213 126233.226  0.40%  10.2  150s
 215388 34896 126696.390   19   38 126734.213 126239.226  0.39%  10.2  155s
H216020 34896                    126734.21329 126239.403  0.39%  10.2  155s
H217491 34822                    126734.21308 126240.029  0.39%  10.2  157s
H219552 34825                    126734.21306 126241.439  0.39%  10.2  159s
 221824 34848     cutoff   56      126734.213 126243.165  0.39%  10.2  161s
 229582 34555     cutoff   58      126734.213 126248.368  0.38%  10.2  165s
 241435 34466     cutoff   59      126734.213 126255.924  0.38%  10.2  171s
 251638 34271 126695.262   64    3 126734.213 126264.226  0.37%  10.2  176s
*259305 33065              51    126710.59894 126270.198  0.35%  10.2  179s
 261762 32938 126624.678   61    1 126710.599 126272.930  0.35%  10.2  180s
H266124 32891                    126710.59826 126275.997  0.34%  10.2  183s
 266512 32886 126281.311   55   10 126710.598 126277.847  0.34%  10.2  185s
 270398 32847 126307.041   30   42 126710.598 126281.274  0.34%  10.2  190s
 284315 32943 126332.040   70    1 126710.598 126292.856  0.33%  10.2  195s
H286150 32413                    126700.53458 126293.427  0.32%  10.2  196s
H286151 32377                    126700.01184 126293.427  0.32%  10.2  196s
*286152 32375              63    126699.93061 126293.427  0.32%  10.2  196s
H286584 29851                    126662.52498 126293.473  0.29%  10.2  196s
*286587 29828              69    126662.28000 126293.473  0.29%  10.2  196s
H286590 29828                    126662.27997 126293.473  0.29%  10.2  196s
H286592 29622                    126658.33998 126293.473  0.29%  10.2  196s
*286596 29613              73    126658.25875 126293.473  0.29%  10.2  196s

Cutting planes:
  Gomory: 7
  MIR: 3

Explored 287927 nodes (2938980 simplex iterations) in 196.44 seconds (182.61 work units)
Thread count was 20 (of 80 available processors)

Solution count 10: 126658 126658 126662 ... 126737

Optimal solution found (tolerance 3.00e-03)
Best objective 1.266582587512e+05, best bound 1.262949332000e+05, gap 0.2869%

User-callback calls 595863, time in user-callback 0.20 sec
