
Gurobi 11.0.3 (linux64) logging started Tue 19 Nov 2024 01:31:23 AM CST

Set parameter LogFile to value "/home/dlcole3/graph_abstraction/hierarchical_graphs/git_storage/CS1/HP_low_reserves/gurobi_logs/serial/logfile_ST30_6.log"

Gurobi 11.0.3 (linux64) logging started Tue 19 Nov 2024 01:34:25 AM CST

Set parameter LogFile to value "/home/dlcole3/graph_abstraction/hierarchical_graphs/git_storage/CS1/HP_low_reserves/gurobi_logs/serial/logfile_ST30_6.log"
Gurobi Optimizer version 11.0.3 build v11.0.3rc0 (linux64 - "Ubuntu 18.04.3 LTS")

CPU model: Intel(R) Xeon(R) CPU E5-2698 v4 @ 2.20GHz, instruction set [SSE2|AVX|AVX2]
Thread count: 40 physical cores, 80 logical processors, using up to 20 threads

Optimize a model with 29168 rows, 50688 columns and 136175 nonzeros
Model fingerprint: 0xae89b966
Variable types: 46944 continuous, 3744 integer (3744 binary)
Coefficient statistics:
  Matrix range     [6e-01, 2e+04]
  Objective range  [2e+00, 2e+04]
  Bounds range     [5e-02, 2e+05]
  RHS range        [3e-03, 7e+03]
Presolve removed 14349 rows and 38639 columns
Presolve time: 0.36s
Presolved: 14819 rows, 12049 columns, 63679 nonzeros
Variable types: 8991 continuous, 3058 integer (3058 binary)
Found heuristic solution: objective 3264803.4071
Found heuristic solution: objective 3021178.9384
Found heuristic solution: objective 2982791.8907

Root relaxation: objective 1.015293e+05, 8586 iterations, 0.46 seconds (0.36 work units)

    Nodes    |    Current Node    |     Objective Bounds      |     Work
 Expl Unexpl |  Obj  Depth IntInf | Incumbent    BestBd   Gap | It/Node Time

     0     0 101529.334    0   36 2982791.89 101529.334  96.6%     -    1s
H    0     0                    129162.06315 101529.334  21.4%     -    1s
     0     0 101529.334    0   56 129162.063 101529.334  21.4%     -    1s
     0     0 101529.710    0   72 129162.063 101529.710  21.4%     -    2s
     0     0 101529.710    0   72 129162.063 101529.710  21.4%     -    2s
H    0     2                    129162.06299 101529.710  21.4%     -    2s
     0     2 101529.710    0   63 129162.063 101529.710  21.4%     -    2s
H   39    52                    129162.06286 102414.185  20.7%  83.6    3s
H   43    52                    114920.92564 102414.185  10.9%  90.5    3s
   196   218 105226.026   13   37 114920.926 102414.525  10.9%  81.9    5s
H  198   218                    108528.67667 102414.525  5.63%  81.1    5s
H  275   296                    108405.28666 102414.525  5.53%  83.8    6s
H  276   296                    108361.14266 102414.525  5.49%  83.9    6s
H  278   296                    108281.78866 102414.525  5.42%  84.2    6s
H  280   296                    108271.55741 102414.525  5.41%  83.6    6s
H  285   296                    108253.27481 102414.525  5.39%  84.2    6s
H  291   296                    108221.25566 102414.525  5.37%  85.7    6s
H  336   342                    107105.62420 102414.525  4.38%  83.2    6s
H  614   562                    106446.45174 102414.525  3.79%  76.1   11s
H  616   562                    106170.19421 102414.525  3.54%  76.1   11s
H  617   562                    105710.95573 102414.525  3.12%  76.1   11s
H  620   562                    105205.80984 102414.525  2.65%  75.8   11s
H 1648  1071                    105205.80929 102414.575  2.65%  59.7   15s
H 1977  1179                    105121.65235 102416.383  2.57%  53.9   16s
H 2038  1172                    105113.45913 102416.383  2.57%  52.9   16s
H 2212  1178                    105113.45911 102416.383  2.57%  51.6   17s
* 2219  1178             107    105113.33431 102416.383  2.57%  51.5   17s
* 2224  1178             111    105113.30731 102416.383  2.57%  51.4   17s
H 2259  1178                    105085.56097 102416.383  2.54%  51.0   17s
H 2417  1210                    105082.02902 102426.832  2.53%  50.5   17s
  2952  1466 104829.902   18   40 105082.029 102426.832  2.53%  49.4   27s
H 2958  1444                    105073.77802 102426.832  2.52%  49.4   27s
H 3093  1448                    105073.77044 102426.832  2.52%  49.3   29s
H 3104  1446                    105072.31619 102426.832  2.52%  49.3   29s
H 3112  1257                    104978.28715 102426.832  2.43%  49.3   29s
  3402  1520 103279.338   18   41 104978.287 102712.078  2.16%  48.8   30s
  3756  1564 104335.550   18   53 104978.287 102712.078  2.16%  50.8   35s
H 3764  1484                    104978.28714 102712.078  2.16%  50.8   35s
H 3766  1412                    104978.28711 102712.078  2.16%  50.9   35s
H 3907  1354                    104978.28706 102712.078  2.16%  51.8   36s
H 3912  1286                    104978.28661 102712.078  2.16%  51.8   36s
  4470  1270 103921.827   31   28 104978.287 102872.726  2.01%  54.1   40s
H 5025  1258                    104977.09448 102872.726  2.00%  53.2   42s
H 5034  1196                    104974.24239 102872.726  2.00%  53.3   42s
H 5041  1138                    104973.28576 102872.726  2.00%  53.4   42s
H 5390  1147                    104884.79913 102872.726  1.92%  52.1   43s
H 5565  1027                    104882.28614 103635.766  1.19%  51.8   43s
H 5566   979                    104881.89589 103635.766  1.19%  51.8   43s
H 5568   932                    104881.50563 103635.766  1.19%  51.8   43s
* 5569   889             103    104881.11538 103635.766  1.19%  51.8   43s
  6293  1060 104503.444   58   30 104881.115 103635.766  1.19%  49.5   45s
H 8271  1538                    104877.29719 104034.095  0.80%  44.4   46s
H 8272  1490                    104872.98473 104034.095  0.80%  44.4   46s
* 8277  1487             112    104872.59448 104034.095  0.80%  44.4   46s
H 9901  1903                    104864.55796 104222.242  0.61%  40.8   48s
H 9939  1682                    104846.72751 104222.242  0.60%  40.7   48s
H 9945  1671                    104845.46820 104222.242  0.59%  40.7   48s
H11962  1951                    104840.27320 104362.331  0.46%  37.9   49s
*12121  1857              92    104834.54224 104373.051  0.44%  37.6   49s
*12130  1812              97    104833.33484 104373.051  0.44%  37.6   49s
 12304  1821     cutoff   41      104833.335 104376.535  0.44%  37.4   50s
H13966  1739                    104831.80308 104474.862  0.34%  35.8   51s
H13967  1725                    104831.07857 104474.862  0.34%  35.8   51s

Cutting planes:
  Gomory: 2

Explored 16766 nodes (568232 simplex iterations) in 53.60 seconds (56.54 work units)
Thread count was 20 (of 80 available processors)

Solution count 10: 104831 104831 104833 ... 104877

Optimal solution found (tolerance 3.00e-03)
Best objective 1.048310785707e+05, best bound 1.045480637618e+05, gap 0.2700%

User-callback calls 42478, time in user-callback 0.02 sec
