
Gurobi 11.0.3 (linux64) logging started Tue 19 Nov 2024 01:39:21 AM CST

Set parameter LogFile to value "/home/dlcole3/graph_abstraction/hierarchical_graphs/git_storage/CS1/HP_low_reserves/gurobi_logs/serial/logfile_ST31_7.log"

Gurobi 11.0.3 (linux64) logging started Tue 19 Nov 2024 01:48:27 AM CST

Set parameter LogFile to value "/home/dlcole3/graph_abstraction/hierarchical_graphs/git_storage/CS1/HP_low_reserves/gurobi_logs/serial/logfile_ST31_7.log"
Gurobi Optimizer version 11.0.3 build v11.0.3rc0 (linux64 - "Ubuntu 18.04.3 LTS")

CPU model: Intel(R) Xeon(R) CPU E5-2698 v4 @ 2.20GHz, instruction set [SSE2|AVX|AVX2]
Thread count: 40 physical cores, 80 logical processors, using up to 20 threads

Optimize a model with 29168 rows, 50688 columns and 136175 nonzeros
Model fingerprint: 0x49742741
Variable types: 46944 continuous, 3744 integer (3744 binary)
Coefficient statistics:
  Matrix range     [6e-01, 2e+04]
  Objective range  [2e+00, 2e+04]
  Bounds range     [5e-02, 2e+05]
  RHS range        [5e-02, 7e+03]
Presolve removed 14229 rows and 38595 columns
Presolve time: 0.33s
Presolved: 14939 rows, 12093 columns, 63658 nonzeros
Variable types: 9101 continuous, 2992 integer (2992 binary)
Found heuristic solution: objective 4528868.9253

Root relaxation: objective 1.334884e+05, 8985 iterations, 0.59 seconds (0.54 work units)

    Nodes    |    Current Node    |     Objective Bounds      |     Work
 Expl Unexpl |  Obj  Depth IntInf | Incumbent    BestBd   Gap | It/Node Time

     0     0 133488.423    0   69 4528868.93 133488.423  97.1%     -    1s
H    0     0                    141043.75132 133488.423  5.36%     -    1s
     0     0 133488.423    0   69 141043.751 133488.423  5.36%     -    2s
     0     0 133492.878    0   66 141043.751 133492.878  5.35%     -    2s
     0     2 133492.878    0   66 141043.751 133492.878  5.35%     -    3s
H   33    52                    138479.28214 133582.549  3.54%  63.2    3s
H   93   112                    138479.28209 133651.223  3.49%  33.3    4s
H  101   112                    138479.28206 133651.223  3.49%  32.0    4s
   312   337 134394.504   15   44 138479.282 133651.223  3.49%  21.8    5s
H  433   454                    138457.93857 133651.223  3.47%  19.3    5s
H  537   557                    136353.49773 133651.223  1.98%  22.5   10s
H  541   557                    135707.08512 133651.223  1.51%  22.9   10s
H  542   557                    135537.12525 133651.223  1.39%  22.9   10s
H 1633  1095                    135512.35938 133718.525  1.32%  20.3   12s
H 1641  1095                    135505.76949 133718.525  1.32%  20.4   12s
H 2089  1174                    135505.67349 133718.525  1.32%  20.1   14s
H 2092  1160                    135482.98566 133718.525  1.30%  20.2   14s
H 2294  1200                    135347.42965 133867.912  1.09%  19.8   14s
H 2295  1199                    135345.60714 133867.912  1.09%  19.8   14s
  2769  1458     cutoff   23      135345.607 133867.912  1.09%  19.3   15s
  2953  1523     cutoff   32      135345.607 133899.831  1.07%  19.2   21s
H 2958  1523                    135345.60707 133899.831  1.07%  19.2   21s
H 3509  1702                    135300.38650 133902.624  1.03%  19.1   25s
H 3609  1682                    135300.38648 133902.624  1.03%  21.0   29s
  3841  1811 134135.008   26   46 135300.386 133902.624  1.03%  21.2   31s
H 3842  1729                    135175.25622 133902.624  0.94%  21.2   31s
H 3878  1653                    135175.25620 133902.624  0.94%  21.3   31s
  4936  1841     cutoff   32      135175.256 133902.624  0.94%  21.6   35s
H 4939  1767                    135170.58285 133902.624  0.94%  21.6   35s
H 4940  1696                    135169.02257 133902.624  0.94%  21.6   35s
H 4941  1630                    135169.02040 133902.624  0.94%  21.6   35s
H 5008  1577                    135152.41673 133902.624  0.92%  21.6   35s
H 5011  1517                    135039.52186 133902.624  0.84%  21.6   35s
H 5197  1466                    135025.32051 133902.624  0.83%  21.4   37s
H 5198  1411                    135015.87899 133902.624  0.82%  21.4   37s
H 5201  1359                    135006.19430 133902.624  0.82%  21.4   37s
H 5206  1309                    134926.11547 133902.624  0.76%  21.4   37s
  8150  1382 134898.435   34   25 134926.115 134269.565  0.49%  21.5   40s

Explored 13016 nodes (284827 simplex iterations) in 44.00 seconds (42.41 work units)
Thread count was 20 (of 80 available processors)

Solution count 10: 134926 134926 135006 ... 135175

Optimal solution found (tolerance 3.00e-03)
Best objective 1.349261154745e+05, best bound 1.345246434615e+05, gap 0.2975%

User-callback calls 34630, time in user-callback 0.02 sec
