
Gurobi 11.0.3 (linux64) logging started Mon 18 Nov 2024 09:29:21 PM CST

Set parameter LogFile to value "/home/dlcole3/graph_abstraction/hierarchical_graphs/git_storage/CS1/HP_low_reserves/gurobi_logs/serial/logfile_ST12_4.log"

Gurobi 11.0.3 (linux64) logging started Mon 18 Nov 2024 09:37:02 PM CST

Set parameter LogFile to value "/home/dlcole3/graph_abstraction/hierarchical_graphs/git_storage/CS1/HP_low_reserves/gurobi_logs/serial/logfile_ST12_4.log"
Gurobi Optimizer version 11.0.3 build v11.0.3rc0 (linux64 - "Ubuntu 18.04.3 LTS")

CPU model: Intel(R) Xeon(R) CPU E5-2698 v4 @ 2.20GHz, instruction set [SSE2|AVX|AVX2]
Thread count: 40 physical cores, 80 logical processors, using up to 20 threads

Optimize a model with 29168 rows, 50688 columns and 136175 nonzeros
Model fingerprint: 0x2b88daec
Variable types: 46944 continuous, 3744 integer (3744 binary)
Coefficient statistics:
  Matrix range     [6e-01, 2e+04]
  Objective range  [2e+00, 2e+04]
  Bounds range     [5e-02, 2e+05]
  RHS range        [5e-02, 7e+03]
Presolve removed 14580 rows and 39021 columns
Presolve time: 0.33s
Presolved: 14588 rows, 11667 columns, 62138 nonzeros
Variable types: 8699 continuous, 2968 integer (2968 binary)
Found heuristic solution: objective 3382156.9503
Found heuristic solution: objective 2977199.3694

Root relaxation: objective 1.289797e+05, 8955 iterations, 0.57 seconds (0.45 work units)

    Nodes    |    Current Node    |     Objective Bounds      |     Work
 Expl Unexpl |  Obj  Depth IntInf | Incumbent    BestBd   Gap | It/Node Time

     0     0 128979.676    0   57 2977199.37 128979.676  95.7%     -    1s
H    0     0                    2976788.8643 128979.676  95.7%     -    1s
H    0     0                    389291.02417 128979.676  66.9%     -    1s
H    0     0                    322007.15837 128979.676  59.9%     -    1s
     0     0 128979.676    0   68 322007.158 128979.676  59.9%     -    2s
     0     0 129120.344    0   70 322007.158 129120.344  59.9%     -    2s
     0     0 129120.344    0   79 322007.158 129120.344  59.9%     -    2s
     0     0 129125.535    0  119 322007.158 129125.535  59.9%     -    2s
     0     0 129146.018    0  111 322007.158 129146.018  59.9%     -    2s
H    0     0                    322007.15821 129165.422  59.9%     -    3s
     0     0 129165.422    0  114 322007.158 129165.422  59.9%     -    3s
     0     0 129165.422    0  120 322007.158 129165.422  59.9%     -    3s
H    0     0                    195345.71951 129166.926  33.9%     -    3s
     0     0 129166.926    0  116 195345.720 129166.926  33.9%     -    3s
     0     2 129166.926    0  116 195345.720 129166.926  33.9%     -    3s
    31    52 136346.187    5   71 195345.720 129392.448  33.8%   121    5s
H   34    52                    178119.70470 129392.448  27.4%   123    5s
H   43    52                    153713.57219 129392.448  15.8%   112    5s
H  155   176                    142436.09991 129392.624  9.16%  89.5    7s
H  156   176                    142023.88152 129392.624  8.89%  89.0    7s
H  209   230                    134785.99132 129392.624  4.00%  85.4   13s
H  210   230                    132901.78903 129392.624  2.64%  85.3   13s
H  211   230                    132834.81556 129392.624  2.59%  85.3   13s
   524   427 132030.978   28   40 132834.816 129392.624  2.59%  67.6   15s
H 1234   937                    132813.47206 129513.962  2.48%  55.1   17s
H 1235   937                    132813.47203 129513.962  2.48%  55.1   17s
H 1244   937                    132673.71924 129513.962  2.38%  54.9   17s
H 2336  1536                    132652.37575 129513.962  2.37%  46.1   19s
H 2393  1532                    132649.10085 129513.962  2.36%  45.8   19s
  2424  1635 132211.795   33   29 132649.101 129513.962  2.36%  45.8   20s
  3261  2061 131300.608   14  116 132649.101 129513.962  2.36%  42.7   25s
H 3355  2003                    132649.10045 129513.962  2.36%  45.9   28s
  3464  2053 131049.023   25   65 132649.100 129513.962  2.36%  46.5   30s
H 3489  1964                    132649.10000 129513.962  2.36%  46.6   30s
H 3565  1903                    132583.01193 129513.962  2.31%  47.0   33s
H 3566  1813                    132574.91275 129513.962  2.31%  46.9   33s
H 3567  1729                    132496.57332 129513.962  2.25%  46.9   33s
H 3580  1645                    132213.23927 129513.962  2.04%  46.9   33s
  4196  1775 129912.019   20   48 132213.239 129513.962  2.04%  47.2   35s
H 4200  1698                    132213.23925 129513.962  2.04%  47.2   35s
H 5279  1787                    132213.23850 129612.314  1.97%  45.9   38s
  6363  2116 130528.125   28   43 132213.238 129842.280  1.79%  45.0   40s
H 6511  1754                    131829.76281 129842.280  1.51%  45.0   40s
H 6729  1677                    131820.40815 129842.280  1.50%  45.0   40s
H 8182  2173                    131819.99248 129971.630  1.40%  43.4   41s
* 8183  2172             110    131819.40535 129971.630  1.40%  43.4   41s
 10397  3210 130268.674   28   52 131819.405 130228.939  1.21%  42.8   45s
H10799  3216                    131819.40533 130249.525  1.19%  42.8   46s
H10801  3216                    131819.11565 130249.525  1.19%  42.8   46s
 12933  4363 130528.325   29   47 131819.116 130303.337  1.15%  41.8   50s
H14015  4596                    131812.88790 130346.203  1.11%  41.2   52s
 15686  5412 131575.941   30   46 131812.888 130390.230  1.08%  41.4   55s
 20297  7137 131444.486   30   47 131812.888 130489.510  1.00%  40.8   60s
 25134  8818 131501.067   41   37 131812.888 130581.028  0.93%  39.9   65s
H28179  9386                    131800.58527 130622.522  0.89%  39.4   69s
 28181  9718 131021.895   33   56 131800.585 130624.198  0.89%  39.4   70s
H29320  9838                    131800.58520 130640.852  0.88%  39.4   71s
 31537 10760 131218.880   39   33 131800.585 130670.686  0.86%  39.0   75s
 37199 12230 131181.515   37   41 131800.585 130739.052  0.81%  38.4   81s
 42082 13329 130801.395   26   65 131800.585 130789.932  0.77%  38.1   85s
H44119 13502                    131800.58511 130807.403  0.75%  38.0   87s
H44327 13502                    131800.58489 130809.036  0.75%  38.0   87s
H44494 13502                    131800.58436 130809.531  0.75%  38.0   87s
 46606 14251     cutoff   37      131800.584 130833.382  0.73%  37.8  122s
 48359 14547 131727.205   41   99 131800.584 130847.362  0.72%  37.7  125s
 52051 15301 131347.132   35   96 131800.584 130874.087  0.70%  38.7  131s
H56416 15916                    131800.58420 130903.179  0.68%  39.5  137s
H56668 15916                    131800.58393 130907.242  0.68%  39.5  137s
H56737 15661                    131775.54043 130907.242  0.66%  39.5  137s
 57698 15905     cutoff   50      131775.540 130917.173  0.65%  39.8  140s
 62712 16653 131385.551   38   57 131775.540 130959.182  0.62%  40.5  146s
 67463 17006 131220.848   39   70 131775.540 130994.265  0.59%  41.0  152s
 69168 17191     cutoff   48      131775.540 131007.294  0.58%  41.1  155s
 74149 17405     cutoff   25      131775.540 131038.810  0.56%  41.5  161s
H74867 17405                    131775.54037 131042.726  0.56%  41.5  161s
H75259 17405                    131775.54027 131045.558  0.55%  41.5  161s
 77241 17626     cutoff   45      131775.540 131062.366  0.54%  41.6  167s
H77520 17425                    131761.50407 131063.320  0.53%  41.6  167s
H77524 17412                    131760.88221 131063.320  0.53%  41.6  167s
H77525 17410                    131760.58020 131063.320  0.53%  41.6  167s
H77529 17403                    131760.53821 131063.320  0.53%  41.6  167s
*77530 17403              99    131760.51700 131063.320  0.53%  41.6  167s
 80009 17589     cutoff   34      131760.517 131082.306  0.51%  41.7  170s
 85218 17676     cutoff   33      131760.517 131123.682  0.48%  41.8  176s
H87248 17689                    131760.51698 131139.901  0.47%  41.8  179s
H87831 17689                    131760.51679 131141.296  0.47%  41.9  179s
 88332 17728 131757.284   29   69 131760.517 131146.849  0.47%  41.9  182s
 91055 17789 131428.449   33  103 131760.517 131168.948  0.45%  41.9  185s
 96308 17861 131598.736   35   65 131760.517 131202.080  0.42%  42.0  192s
 101524 17820     cutoff   36      131760.517 131226.420  0.41%  42.0  197s
 103822 17768 131400.333   45   58 131760.517 131243.905  0.39%  42.0  200s
H105939 17687                    131760.51644 131253.522  0.38%  42.0  203s
H106649 17687                    131760.51625 131254.313  0.38%  41.9  203s
H106763 17687                    131760.51553 131254.631  0.38%  41.9  203s
 107654 17723 131718.757   35   55 131760.516 131262.087  0.38%  41.9  206s
 113176 17676 131641.367   46   57 131760.516 131285.046  0.36%  41.8  212s
 118575 17358 131547.385   50   39 131760.516 131311.218  0.34%  41.7  217s
 120428 17306     cutoff   44      131760.516 131320.915  0.33%  41.6  220s
 126448 16999     cutoff   34      131760.516 131344.163  0.32%  41.4  227s
H127762 16994                    131760.39207 131347.410  0.31%  41.4  227s
H127773 16952                    131758.47251 131347.410  0.31%  41.4  227s
H127778 16949                    131758.23065 131347.410  0.31%  41.4  227s
H128471 16906                    131758.23034 131352.665  0.31%  41.3  232s
H128474 16905                    131758.15558 131352.665  0.31%  41.3  232s
H128533 16905                    131758.15540 131352.665  0.31%  41.3  232s
 128793 16647 131550.833   45   39 131758.155 131352.957  0.31%  41.3  235s

Cutting planes:
  Gomory: 55
  MIR: 30
  Flow cover: 4

Explored 131692 nodes (5435483 simplex iterations) in 236.08 seconds (257.31 work units)
Thread count was 20 (of 80 available processors)

Solution count 10: 131758 131758 131758 ... 131819

Optimal solution found (tolerance 3.00e-03)
Best objective 1.317581556428e+05, best bound 1.313690179042e+05, gap 0.2953%

User-callback calls 289578, time in user-callback 0.08 sec
