
Gurobi 11.0.3 (linux64) logging started Mon 18 Nov 2024 07:06:53 PM CST

Set parameter LogFile to value "/home/dlcole3/graph_abstraction/hierarchical_graphs/git_storage/CS1/HP_low_reserves/gurobi_logs/serial/logfile_ST2_2.log"
Set parameter TimeLimit to value 300

Gurobi 11.0.3 (linux64) logging started Mon 18 Nov 2024 07:08:46 PM CST

Set parameter LogFile to value "/home/dlcole3/graph_abstraction/hierarchical_graphs/git_storage/CS1/HP_low_reserves/gurobi_logs/serial/logfile_ST2_2.log"
Gurobi Optimizer version 11.0.3 build v11.0.3rc0 (linux64 - "Ubuntu 18.04.3 LTS")

CPU model: Intel(R) Xeon(R) CPU E5-2698 v4 @ 2.20GHz, instruction set [SSE2|AVX|AVX2]
Thread count: 40 physical cores, 80 logical processors, using up to 32 threads

Optimize a model with 29168 rows, 50688 columns and 136175 nonzeros
Model fingerprint: 0x3aa9a8de
Variable types: 46944 continuous, 3744 integer (3744 binary)
Coefficient statistics:
  Matrix range     [6e-01, 2e+04]
  Objective range  [2e+00, 2e+04]
  Bounds range     [5e-02, 2e+05]
  RHS range        [4e-04, 7e+03]
Presolve removed 14187 rows and 38564 columns
Presolve time: 0.34s
Presolved: 14981 rows, 12124 columns, 63277 nonzeros
Variable types: 9207 continuous, 2917 integer (2917 binary)
Found heuristic solution: objective 1465907.7987
Found heuristic solution: objective 1458124.0901

Root relaxation: objective 6.593125e+04, 8477 iterations, 0.45 seconds (0.36 work units)

    Nodes    |    Current Node    |     Objective Bounds      |     Work
 Expl Unexpl |  Obj  Depth IntInf | Incumbent    BestBd   Gap | It/Node Time

     0     0 65931.2541    0   31 1458124.09 65931.2541  95.5%     -    1s
H    0     0                    1458124.0898 65931.2541  95.5%     -    1s
H    0     0                    68269.815140 65931.2541  3.43%     -    1s
H    0     0                    68269.815132 65931.2541  3.43%     -    1s
     0     0 65931.2541    0   31 68269.8151 65931.2541  3.43%     -    1s
     0     0 65931.2541    0   31 68269.8151 65931.2541  3.43%     -    2s
     0     0 65934.6375    0   31 68269.8151 65934.6375  3.42%     -    2s
H    0     0                    68269.815094 65934.6375  3.42%     -    2s
     0     0 65934.6375    0   25 68269.8151 65934.6375  3.42%     -    3s
     0     0 65934.6375    0   25 68269.8151 65934.6375  3.42%     -    3s
     0     0 65934.6375    0   25 68269.8151 65934.6375  3.42%     -    3s
     0     0 65934.6375    0   35 68269.8151 65934.6375  3.42%     -    3s
     0     0 65934.6375    0   25 68269.8151 65934.6375  3.42%     -    4s
     0     0 65934.6375    0   30 68269.8151 65934.6375  3.42%     -    4s
H    0     0                    68033.173179 65934.6375  3.08%     -    4s
     0     0 65934.6375    0   40 68033.1732 65934.6375  3.08%     -    4s
H    0     0                    68020.079265 65934.6375  3.07%     -    4s
H    0     0                    68019.954184 65934.6375  3.07%     -    4s
     0     0 65934.6375    0   40 68019.9542 65934.6375  3.07%     -    4s
     0     2 65936.2913    0   40 68019.9542 65936.2913  3.06%     -    5s
H  738   603                    67994.265540 66078.6254  2.82%  20.9    8s
H 1003   778                    67984.651173 66078.6254  2.80%  20.9    8s
H 1034   837                    67836.792984 66078.6254  2.59%  21.5    8s
H 1118   902                    66983.527337 66078.6254  1.35%  21.3    8s
H 1157   902                    66819.834723 66078.6254  1.11%  21.2    8s
H 1200   821                    66723.146052 66078.6254  0.97%  21.0   11s
H 1254   821                    66723.046120 66078.6254  0.97%  20.5   11s
H 1268   821                    66704.392550 66078.6254  0.94%  20.6   11s
H 1274   821                    66698.400383 66078.6254  0.93%  20.7   11s
H 2458  1268                    66698.397636 66080.1046  0.93%  17.8   14s
  3525  1762 66654.6340   30    6 66698.3976 66080.1046  0.93%  16.0   15s
* 4083  1762              28    66698.300452 66089.6499  0.91%  15.7   15s
  5863  1780 66102.6474   15   16 66698.3005 66102.6474  0.89%  15.1   20s
  6938  1950 66572.6401   35    8 66698.3005 66102.6474  0.89%  14.8   25s
 17541  5838 66616.1966   44    4 66698.3005 66373.9956  0.49%  11.4   30s
 33244 15192 66475.1164   43    4 66698.3005 66381.7063  0.47%   9.2   35s
 51416 24618     cutoff   49      66698.3005 66383.2443  0.47%   8.4   40s
 58504 28618 66457.6299   43    1 66698.3005 66383.8507  0.47%   8.3   48s
 67105 30783 66575.9724   41   12 66698.3005 66385.2254  0.47%   8.1   50s
 85352 35951     cutoff   46      66698.3005 66388.2243  0.46%   7.9   56s
 100854 39794 66621.5700   44    6 66698.3005 66389.3396  0.46%   7.8   60s
 116177 44281 66484.5780   44    2 66698.3005 66392.7652  0.46%   7.8   65s
 136873 49791 66563.1986   43   17 66698.3005 66395.7145  0.45%   7.7   71s
 152342 53686     cutoff   48      66698.3005 66398.9703  0.45%   7.7   76s
 168013 56055 66623.1268   54    4 66698.3005 66404.4673  0.44%   7.6   80s
 181642 59888 66680.0092   49   10 66698.3005 66409.1070  0.43%   7.6   85s
 197091 63206 66694.0130   48    4 66698.3005 66413.9016  0.43%   7.5   90s
 215606 67292 66685.3975   53    7 66698.3005 66421.5724  0.41%   7.4   95s
 232819 70901 66690.0024   41   12 66698.3005 66433.2829  0.40%   7.4  100s
 251921 74067 66659.7536   45    1 66698.3005 66443.0221  0.38%   7.3  106s
 262954 76093 66683.0870   48   14 66698.3005 66447.8808  0.38%   7.3  110s
 282500 82559 66464.6320   45   12 66698.3005 66455.5062  0.36%   7.3  115s
 303646 90344 66459.0844   44   11 66698.3005 66458.2746  0.36%   7.3  121s
 319405 96551     cutoff   53      66698.3005 66459.6205  0.36%   7.2  125s
 341006 105163 66474.2555   58    4 66698.3005 66461.1269  0.36%   7.2  130s
H346382 105965                    66698.300445 66461.4937  0.36%   7.2  132s
H349392 106722                    66697.339001 66461.7937  0.35%   7.2  134s
 350246 109390 66674.8772   44    6 66697.3390 66461.8618  0.35%   7.2  135s
 366148 115908 66495.9786   50    6 66697.3390 66462.8873  0.35%   7.1  140s
 387322 123860 66473.9937   48   16 66697.3390 66464.1453  0.35%   7.1  145s
 408763 132783 66469.4306   50    5 66697.3390 66465.2953  0.35%   7.1  151s
 423803 139008 66495.2823   61    3 66697.3390 66465.8876  0.35%   7.1  155s
 444864 146113     cutoff   53      66697.3390 66466.5858  0.35%   7.0  160s
 465987 153993     cutoff   57      66697.3390 66467.4480  0.34%   7.0  166s
 486353 161225 66471.1874   45    6 66697.3390 66468.1235  0.34%   7.0  171s
 502653 166844     cutoff   55      66697.3390 66468.6799  0.34%   7.0  175s
 523096 174577 66486.3303   69    3 66697.3390 66469.3080  0.34%   6.9  180s
H528574 175383                    66697.338736 66469.5531  0.34%   6.9  181s
 533613 178802 66481.9639   50   18 66697.3387 66469.7565  0.34%   6.9  185s
 558853 187111 66484.6867   48    5 66697.3387 66470.5449  0.34%   6.9  191s
 579485 193991 66506.9555   55    3 66697.3387 66471.2986  0.34%   6.9  196s
 595282 199251 66538.2207   53    3 66697.3387 66471.7827  0.34%   6.9  200s
 615532 206341     cutoff   52      66697.3387 66472.3847  0.34%   6.9  205s
 636327 213030 66532.3653   51    5 66697.3387 66472.9557  0.34%   6.9  210s
 656625 217973 66486.7214   51    5 66697.3387 66473.4643  0.34%   6.8  219s
 656668 219532 66487.3090   52    6 66697.3387 66473.4643  0.34%   6.8  220s
 677055 225482 66523.5052   56    1 66697.3387 66474.0362  0.33%   6.8  226s
 690892 230004 66492.7064   46    6 66697.3387 66474.4961  0.33%   6.8  231s
 707735 235830     cutoff   60      66697.3387 66474.9466  0.33%   6.8  235s
 725062 241466 66650.0351   68    3 66697.3387 66475.3586  0.33%   6.8  241s
 742231 246988     cutoff   57      66697.3387 66475.7330  0.33%   6.8  245s
 762692 252858 66487.8011   52    4 66697.3387 66476.3034  0.33%   6.8  250s
 783303 259794 66520.4173   56    3 66697.3387 66476.7654  0.33%   6.8  255s
 803581 266239     cutoff   63      66697.3387 66477.2210  0.33%   6.8  261s
 818846 270517     cutoff   55      66697.3387 66477.4904  0.33%   6.8  265s
 839296 276725     cutoff   63      66697.3387 66477.9316  0.33%   6.8  270s
 857497 282311 66522.0693   46    6 66697.3387 66478.2722  0.33%   6.8  276s
 873480 286889 66535.5021   55    5 66697.3387 66478.5776  0.33%   6.8  280s
 894369 292898 66550.3490   62    3 66697.3387 66478.9799  0.33%   6.8  285s
 914913 298499     cutoff   52      66697.3387 66479.3343  0.33%   6.8  291s
 930383 302995 66527.9870   55    3 66697.3387 66479.5720  0.33%   6.8  295s
 950473 308441 66539.0159   54    7 66697.3387 66480.0350  0.33%   6.8  300s

Cutting planes:
  Gomory: 7

Explored 953910 nodes (6461812 simplex iterations) in 300.09 seconds (264.72 work units)
Thread count was 32 (of 80 available processors)

Solution count 10: 66697.3 66697.3 66698.3 ... 66983.5

Time limit reached
Best objective 6.669733873777e+04, best bound 6.648013071632e+04, gap 0.3257%

User-callback calls 1924404, time in user-callback 0.56 sec
