
Gurobi 11.0.3 (linux64) logging started Tue 19 Nov 2024 02:01:29 AM CST

Set parameter LogFile to value "/home/dlcole3/graph_abstraction/hierarchical_graphs/git_storage/CS1/HP_low_reserves/gurobi_logs/serial/logfile_ST32_8.log"

Gurobi 11.0.3 (linux64) logging started Tue 19 Nov 2024 02:14:52 AM CST

Set parameter LogFile to value "/home/dlcole3/graph_abstraction/hierarchical_graphs/git_storage/CS1/HP_low_reserves/gurobi_logs/serial/logfile_ST32_8.log"
Gurobi Optimizer version 11.0.3 build v11.0.3rc0 (linux64 - "Ubuntu 18.04.3 LTS")

CPU model: Intel(R) Xeon(R) CPU E5-2698 v4 @ 2.20GHz, instruction set [SSE2|AVX|AVX2]
Thread count: 40 physical cores, 80 logical processors, using up to 20 threads

Optimize a model with 29168 rows, 50688 columns and 136175 nonzeros
Model fingerprint: 0xb66a4e83
Variable types: 46944 continuous, 3744 integer (3744 binary)
Coefficient statistics:
  Matrix range     [6e-01, 2e+04]
  Objective range  [2e+00, 2e+04]
  Bounds range     [5e-02, 2e+05]
  RHS range        [5e-02, 7e+03]
Presolve removed 14422 rows and 38903 columns
Presolve time: 0.33s
Presolved: 14746 rows, 11785 columns, 63168 nonzeros
Variable types: 8739 continuous, 3046 integer (3046 binary)
Found heuristic solution: objective 2859740.2500
Found heuristic solution: objective 2829649.3448
Found heuristic solution: objective 2668855.3376
Found heuristic solution: objective 2105604.6698

Root relaxation: objective 8.011912e+04, 8381 iterations, 0.43 seconds (0.34 work units)

    Nodes    |    Current Node    |     Objective Bounds      |     Work
 Expl Unexpl |  Obj  Depth IntInf | Incumbent    BestBd   Gap | It/Node Time

     0     0 80119.1152    0   33 2105604.67 80119.1152  96.2%     -    1s
H    0     0                    143024.31696 80119.1152  44.0%     -    1s
H    0     0                    130315.22142 80119.1152  38.5%     -    1s
     0     0 80119.1152    0   62 130315.221 80119.1152  38.5%     -    1s
     0     0 80119.2750    0   78 130315.221 80119.2750  38.5%     -    2s
     0     0 80119.2750    0   76 130315.221 80119.2750  38.5%     -    2s
     0     0 80122.0740    0   76 130315.221 80122.0740  38.5%     -    2s
     0     0 80150.1036    0   76 130315.221 80150.1036  38.5%     -    2s
H    0     0                    130315.22136 80150.1036  38.5%     -    2s
H    0     2                    130315.22105 80150.1036  38.5%     -    2s
     0     2 80150.1036    0   76 130315.221 80150.1036  38.5%     -    2s
H   31    52                    129658.26851 80290.9108  38.1%   100    3s
H   33    52                    127956.22678 80379.7543  37.2%  95.9    3s
H   37    52                    114986.45367 80379.7543  30.1%  90.2    3s
H   96   112                    101433.16102 80514.2919  20.6%  75.7    4s
H   99   112                    85322.334789 80514.2919  5.64%  74.6    4s
   192   192 82414.9884   11   26 85322.3348 80514.2919  5.64%  71.0    5s
H  344   309                    85026.631366 80514.2919  5.31%  69.3    7s
H  595   526                    84970.997565 80514.2919  5.24%  55.4    8s
H  612   544                    84174.419474 80514.2919  4.35%  55.3   12s
H  613   544                    83312.791146 80514.2919  3.36%  55.3   12s
H  615   544                    83171.679888 80514.2919  3.20%  55.2   12s
H  616   544                    81947.028412 80514.2919  1.75%  55.1   12s
H  747   544                    81904.341408 80600.3801  1.59%  52.6   12s
  1768   979 80960.5696   12   39 81904.3414 80657.3942  1.52%  39.4   15s
H 1770   979                    81883.122707 80657.3942  1.50%  39.4   15s
H 1778   979                    81874.089145 80657.3942  1.49%  39.4   15s
H 2509  1086                    81871.288910 80657.5941  1.48%  34.6   16s
H 4569  1636                    81871.227046 81006.6098  1.06%  29.3   20s
H 4678  1581                    81871.226517 81006.6098  1.06%  31.6   23s
  4869  1607 81344.9097   24   26 81871.2265 81006.6098  1.06%  32.5   25s
H 4910  1529                    81871.226397 81006.6098  1.06%  32.8   26s
H 4911  1454                    81850.493422 81006.6098  1.03%  32.8   26s
H 6020  1375                    81849.504828 81006.6098  1.03%  33.3   28s
  6789  1522 81734.6071   95   19 81849.5048 81006.6098  1.03%  31.6   30s
H 6793  1454                    81849.504608 81006.6098  1.03%  31.6   30s
H 6808  1385                    81849.393704 81006.6098  1.03%  31.5   30s
H 6932  1386                    81849.367133 81006.6098  1.03%  31.4   30s
H 6933  1327                    81849.346246 81006.6098  1.03%  31.4   30s
H 7086  1319                    81820.965826 81006.6098  1.00%  31.1   30s
H 7209  1226                    81820.638506 81006.6098  0.99%  30.9   30s
H 7739  1223                    81815.514190 81006.6098  0.99%  30.3   31s
H 8186  1449                    81812.171318 81006.6098  0.98%  29.7   31s
H 8187  1428                    81803.178920 81006.6098  0.97%  29.7   31s
H 8366  1425                    81802.551536 81006.6098  0.97%  29.3   31s
* 9424  1908             120    81795.982586 81006.6098  0.97%  27.5   32s
H10463  2120                    81795.982560 81143.6472  0.80%  26.5   34s
H10482  2120                    81795.982268 81143.6472  0.80%  26.5   34s
H10484  2120                    81795.981708 81143.6472  0.80%  26.5   34s
 11755  2566 81361.4385   47   39 81795.9817 81190.8434  0.74%  25.5   35s
*16190  3624             122    81794.502407 81464.3278  0.40%  22.4   37s
H17263  3911                    81794.170855 81533.7613  0.32%  21.6   37s
*17946  4079             105    81794.018963 81550.4074  0.30%  21.3   38s

Cutting planes:
  Gomory: 1
  MIR: 1

Explored 17985 nodes (391149 simplex iterations) in 38.22 seconds (36.90 work units)
Thread count was 20 (of 80 available processors)

Solution count 10: 81794 81794 81794.5 ... 81849.3

Optimal solution found (tolerance 3.00e-03)
Best objective 8.179401896406e+04, best bound 8.155040742379e+04, gap 0.2978%

User-callback calls 42796, time in user-callback 0.02 sec
