
Gurobi 11.0.3 (linux64) logging started Tue 19 Nov 2024 12:56:43 AM CST

Set parameter LogFile to value "/home/dlcole3/graph_abstraction/hierarchical_graphs/git_storage/CS1/HP_low_reserves/gurobi_logs/serial/logfile_ST28_4.log"

Gurobi 11.0.3 (linux64) logging started Tue 19 Nov 2024 01:04:57 AM CST

Set parameter LogFile to value "/home/dlcole3/graph_abstraction/hierarchical_graphs/git_storage/CS1/HP_low_reserves/gurobi_logs/serial/logfile_ST28_4.log"
Gurobi Optimizer version 11.0.3 build v11.0.3rc0 (linux64 - "Ubuntu 18.04.3 LTS")

CPU model: Intel(R) Xeon(R) CPU E5-2698 v4 @ 2.20GHz, instruction set [SSE2|AVX|AVX2]
Thread count: 40 physical cores, 80 logical processors, using up to 20 threads

Optimize a model with 29168 rows, 50688 columns and 136175 nonzeros
Model fingerprint: 0x56b868d2
Variable types: 46944 continuous, 3744 integer (3744 binary)
Coefficient statistics:
  Matrix range     [6e-01, 2e+04]
  Objective range  [2e+00, 2e+04]
  Bounds range     [5e-02, 2e+05]
  RHS range        [4e-02, 7e+03]
Presolve removed 13912 rows and 38621 columns
Presolve time: 0.38s
Presolved: 15256 rows, 12067 columns, 65128 nonzeros
Variable types: 8983 continuous, 3084 integer (3084 binary)
Found heuristic solution: objective 414707.21157

Root relaxation: objective 9.442536e+04, 8952 iterations, 0.58 seconds (0.49 work units)

    Nodes    |    Current Node    |     Objective Bounds      |     Work
 Expl Unexpl |  Obj  Depth IntInf | Incumbent    BestBd   Gap | It/Node Time

     0     0 94425.3609    0   57 414707.212 94425.3609  77.2%     -    1s
H    0     0                    105200.93322 94425.3609  10.2%     -    2s
     0     0 94425.3609    0   57 105200.933 94425.3609  10.2%     -    2s
H    0     0                    97939.045802 94425.3609  3.59%     -    2s
     0     0 94425.3609    0   51 97939.0458 94425.3609  3.59%     -    3s
     0     0 94461.8823    0   51 97939.0458 94461.8823  3.55%     -    3s
     0     2 94461.8823    0   51 97939.0458 94461.8823  3.55%     -    4s
     7    16 94866.4285    3   51 97939.0458 94461.9045  3.55%  92.6    5s
H   31    52                    97929.151882 94501.3352  3.50%  77.0    5s
H  195   215                    97706.107638 94509.8577  3.27%  46.7    6s
H  244   263                    97706.107432 94509.8577  3.27%  47.9    9s
H  245   263                    97550.888416 94509.8577  3.12%  48.7    9s
H  246   263                    96479.891512 94509.8577  2.04%  49.1    9s
H  251   263                    96148.940946 94509.8577  1.70%  48.3    9s
   540   467 95535.6236    7   44 96148.9409 94688.6327  1.52%  41.9   10s
H 1291   906                    96148.940827 94731.4600  1.47%  34.2   13s
H 1292   906                    96148.940700 94731.4600  1.47%  34.1   13s
  2448  1515 95223.6278   12   31 96148.9407 94777.6475  1.43%  34.1   15s
  3310  1885 95943.0499   20   41 96148.9407 94782.9363  1.42%  34.4   20s
H 3413  1854                    96148.940648 94782.9363  1.42%  37.8   21s
H 3590  1849                    95865.169308 94782.9363  1.13%  38.4   24s
  3611  1852 95495.5820   23   45 95865.1693 94782.9363  1.13%  38.3   25s
H 3615  1766                    95865.168927 94782.9363  1.13%  38.3   25s
H 3618  1684                    95865.168846 94782.9363  1.13%  38.3   25s
H 3619  1607                    95865.168459 94782.9363  1.13%  38.3   25s
H 5361  1546                    95865.168447 94786.4392  1.13%  36.6   30s
H 5374  1473                    95865.167322 94786.4392  1.13%  36.6   30s
H 6964  1282                    95847.623141 95016.6246  0.87%  35.5   33s
H 7178  1256                    95847.077197 95016.6246  0.87%  35.4   33s
H 7185  1256                    95846.666318 95016.6246  0.87%  35.4   33s
* 7188  1254              67    95845.451726 95016.6246  0.86%  35.4   33s
  8590  1350 95585.2017   34   49 95845.4517 95146.1599  0.73%  35.2   35s
H10280  1456                    95845.046315 95258.9973  0.61%  34.5   36s
*10284  1453              59    95844.969696 95258.9973  0.61%  34.5   36s
 12879  1530 95573.2305   37   45 95844.9697 95394.4271  0.47%  33.3   40s
H12887  1530                    95844.969648 95394.4271  0.47%  33.3   40s
H12917  1530                    95844.969616 95394.4271  0.47%  33.3   40s

Explored 17102 nodes (535190 simplex iterations) in 43.61 seconds (45.03 work units)
Thread count was 20 (of 80 available processors)

Solution count 10: 95845 95845 95845.5 ... 97939

Optimal solution found (tolerance 3.00e-03)
Best objective 9.584496963005e+04, best bound 9.556555497022e+04, gap 0.2915%

User-callback calls 40353, time in user-callback 0.01 sec
