
Gurobi 11.0.3 (linux64) logging started Mon 18 Nov 2024 11:34:26 PM CST

Set parameter LogFile to value "/home/dlcole3/graph_abstraction/hierarchical_graphs/git_storage/CS1/HP_low_reserves/gurobi_logs/serial/logfile_ST22_1.log"

Gurobi 11.0.3 (linux64) logging started Mon 18 Nov 2024 11:35:21 PM CST

Set parameter LogFile to value "/home/dlcole3/graph_abstraction/hierarchical_graphs/git_storage/CS1/HP_low_reserves/gurobi_logs/serial/logfile_ST22_1.log"
Gurobi Optimizer version 11.0.3 build v11.0.3rc0 (linux64 - "Ubuntu 18.04.3 LTS")

CPU model: Intel(R) Xeon(R) CPU E5-2698 v4 @ 2.20GHz, instruction set [SSE2|AVX|AVX2]
Thread count: 40 physical cores, 80 logical processors, using up to 20 threads

Optimize a model with 29168 rows, 50688 columns and 136175 nonzeros
Model fingerprint: 0xbacf3c92
Variable types: 46944 continuous, 3744 integer (3744 binary)
Coefficient statistics:
  Matrix range     [6e-01, 2e+04]
  Objective range  [2e+00, 2e+04]
  Bounds range     [5e-02, 2e+05]
  RHS range        [9e-03, 7e+03]
Presolve removed 13860 rows and 38404 columns
Presolve time: 0.37s
Presolved: 15308 rows, 12284 columns, 65423 nonzeros
Variable types: 9196 continuous, 3088 integer (3088 binary)
Found heuristic solution: objective 6603668.2150
Found heuristic solution: objective 6568074.3591
Found heuristic solution: objective 5435837.7737

Root relaxation: objective 1.687741e+05, 8422 iterations, 0.50 seconds (0.42 work units)

    Nodes    |    Current Node    |     Objective Bounds      |     Work
 Expl Unexpl |  Obj  Depth IntInf | Incumbent    BestBd   Gap | It/Node Time

     0     0 168774.083    0   31 5435837.77 168774.083  96.9%     -    1s
H    0     0                    207824.60683 168824.734  18.8%     -    2s
     0     0 168824.734    0   36 207824.607 168824.734  18.8%     -    2s
     0     0 169437.444    0   36 207824.607 169437.444  18.5%     -    2s
     0     2 169437.444    0   35 207824.607 169437.444  18.5%     -    3s
H   36    52                    181493.27456 169860.322  6.41%   260    4s
H   40    52                    179919.27101 169868.262  5.59%   239    4s
H   43    52                    175926.20729 169868.262  3.44%   236    4s
H   91    98                    175904.86378 169869.056  3.43%   145    5s
H   92    98                    171370.72730 169869.056  0.88%   144    5s
H  212    73                    171308.89248 169889.627  0.83%  92.0    6s
H  345   185                    171175.02052 169889.627  0.75%  66.7    6s
H  433   236                    171172.08232 169889.627  0.75%  55.4    7s
H  536   311                    171162.27058 169889.627  0.74%  47.0   11s
H  537   311                    171162.27054 169889.627  0.74%  46.9   12s
H  542   311                    170980.67705 169889.627  0.64%  46.6   12s
H  544   311                    170974.67456 169889.627  0.63%  46.4   12s
H  843   467                    170885.58409 170127.816  0.44%  35.7   13s
   973   556 170718.084   31   24 170885.584 170127.816  0.44%  32.6   19s
H  997   556                    170859.13708 170127.816  0.43%  32.4   19s
  1312   759 170770.598   10   39 170859.137 170265.956  0.35%  28.8   20s
H 2034  1061                    170858.81517 170282.399  0.34%  29.3   22s
  3031  1123 170649.889   26   37 170858.815 170337.773  0.30%  32.6   25s

Cutting planes:
  Gomory: 1

Explored 3411 nodes (119968 simplex iterations) in 25.40 seconds (23.34 work units)
Thread count was 20 (of 80 available processors)

Solution count 10: 170859 170886 170975 ... 171371

Optimal solution found (tolerance 3.00e-03)
Best objective 1.708588151663e+05, best bound 1.703495089212e+05, gap 0.2981%

User-callback calls 14993, time in user-callback 0.02 sec
