
Gurobi 11.0.3 (linux64) logging started Mon 18 Nov 2024 08:28:55 PM CST

Set parameter LogFile to value "/home/dlcole3/graph_abstraction/hierarchical_graphs/git_storage/CS1/HP_low_reserves/gurobi_logs/serial/logfile_ST8_8.log"

Gurobi 11.0.3 (linux64) logging started Mon 18 Nov 2024 08:31:09 PM CST

Set parameter LogFile to value "/home/dlcole3/graph_abstraction/hierarchical_graphs/git_storage/CS1/HP_low_reserves/gurobi_logs/serial/logfile_ST8_8.log"
Gurobi Optimizer version 11.0.3 build v11.0.3rc0 (linux64 - "Ubuntu 18.04.3 LTS")

CPU model: Intel(R) Xeon(R) CPU E5-2698 v4 @ 2.20GHz, instruction set [SSE2|AVX|AVX2]
Thread count: 40 physical cores, 80 logical processors, using up to 20 threads

Optimize a model with 29168 rows, 50688 columns and 136175 nonzeros
Model fingerprint: 0x9426d22d
Variable types: 46944 continuous, 3744 integer (3744 binary)
Coefficient statistics:
  Matrix range     [6e-01, 2e+04]
  Objective range  [2e+00, 2e+04]
  Bounds range     [5e-02, 2e+05]
  RHS range        [5e-02, 7e+03]
Presolve removed 14743 rows and 39101 columns
Presolve time: 0.35s
Presolved: 14425 rows, 11587 columns, 61681 nonzeros
Variable types: 8599 continuous, 2988 integer (2988 binary)
Found heuristic solution: objective 1239766.7155

Root relaxation: objective 8.059961e+04, 9229 iterations, 0.58 seconds (0.47 work units)

    Nodes    |    Current Node    |     Objective Bounds      |     Work
 Expl Unexpl |  Obj  Depth IntInf | Incumbent    BestBd   Gap | It/Node Time

     0     0 80599.6070    0   32 1239766.72 80599.6070  93.5%     -    1s
H    0     0                    1239766.7150 80599.6070  93.5%     -    1s
H    0     0                    144465.35130 80599.6070  44.2%     -    1s
H    0     0                    144465.35127 80599.6070  44.2%     -    1s
     0     0 80599.6070    0   37 144465.351 80599.6070  44.2%     -    1s
H    0     0                    103609.74277 80599.6070  22.2%     -    2s
     0     0 80599.6070    0   37 103609.743 80599.6070  22.2%     -    2s
     0     2 80599.6072    0   37 103609.743 80599.6072  22.2%     -    2s
H   92   112                    103609.74274 80788.5321  22.0%  29.1    3s
H   93   112                    103603.64075 80788.5321  22.0%  28.8    3s
H   94   112                    99820.357040 80788.5321  19.1%  29.3    3s
H  180   183                    96370.410480 80922.4489  16.0%  30.6    4s
   207   237 84133.3960   12   33 96370.4105 80922.4489  16.0%  34.4    7s
H  208   237                    83875.862202 80922.4489  3.52%  34.2    7s
H  214   237                    83825.318026 80922.4489  3.46%  33.7    7s
H  223   237                    83142.829373 80922.4489  2.67%  35.2    7s
H  232   237                    83039.851977 80922.4489  2.55%  36.5    7s
H  444   414                    83039.851966 80922.4489  2.55%  36.8    8s
H  816   717                    82657.244403 80922.4489  2.10%  29.1    9s
   915   828 81765.9359   13   14 82657.2444 80922.4489  2.10%  27.8   10s
H 1378  1099                    82628.780117 80922.4489  2.07%  27.4   11s
H 1482  1169                    82621.335045 80922.4489  2.06%  27.5   11s
H 1487  1169                    82616.308712 80922.4489  2.05%  27.4   11s
H 1588  1153                    82615.577461 80922.4489  2.05%  27.3   11s
* 1589  1150              53    82612.899747 80922.4489  2.05%  27.3   11s
H 1653  1147                    82567.046500 80922.4489  1.99%  26.8   11s
H 2133  1198                    82271.281703 80922.4789  1.64%  24.4   12s
H 2278  1149                    82001.951983 80922.4789  1.32%  24.3   12s
H 2444  1144                    81988.866642 80922.4789  1.30%  24.5   12s
H 2446  1144                    81980.716748 80922.4789  1.29%  24.4   12s
* 2450  1144              79    81980.576238 80922.4789  1.29%  24.4   12s
H 2460  1144                    81964.382474 80922.4789  1.27%  24.3   12s
* 2461  1144              81    81956.232445 80922.4789  1.26%  24.3   12s
H 2972  1278                    81952.156680 80938.3067  1.24%  24.9   13s
* 3172  1386              48    81951.849045 80938.3067  1.24%  24.6   13s
H 3179  1385                    81950.482680 80938.3067  1.24%  24.6   13s
* 3180  1384              53    81950.342170 80938.3067  1.23%  24.6   13s
H 3193  1330                    81938.224838 80938.3067  1.22%  24.6   13s
H 3196  1296                    81925.978155 80938.3067  1.21%  24.5   13s
H 3429  1399                    81925.573357 80938.3067  1.21%  24.7   15s
H 3526  1395                    81925.573087 80938.3067  1.21%  26.9   18s
H 3527  1329                    81923.534568 80938.3067  1.20%  26.9   18s
H 3702  1330                    81923.534199 80938.3067  1.20%  27.7   19s
H 3708  1268                    81923.534110 80938.3067  1.20%  27.7   19s
H 3713  1210                    81923.533843 80938.3067  1.20%  27.7   19s
H 3721  1153                    81923.533794 80938.3067  1.20%  27.8   19s
  3725  1169     cutoff   30      81923.5338 80938.3067  1.20%  27.8   20s
H 3726  1116                    81923.533397 80938.3067  1.20%  27.8   20s
H 4754  1239                    81923.533382 80938.3067  1.20%  27.3   22s
H 4755  1191                    81923.533028 80938.3067  1.20%  27.3   22s
H 4770  1142                    81922.235342 80938.3067  1.20%  27.3   22s
* 5259  1163              69    81921.926423 80938.3067  1.20%  27.5   23s
H 5884  1235                    81921.926387 80938.3067  1.20%  27.8   24s
  6440  1461 81498.7933   54   12 81921.9264 80938.3067  1.20%  27.5   25s
 12739  4469 81843.9829   38   34 81921.9264 81053.0405  1.06%  25.7   30s
*15607  5394              64    81921.662848 81161.5290  0.93%  25.2   32s
 19142  6729 81410.1774   31   11 81921.6628 81350.2723  0.70%  25.2   35s
*20133  7043              66    81921.159570 81378.8277  0.66%  24.8   35s
*21306  7520              69    81921.129257 81391.6894  0.65%  24.1   36s
H22945  9793                    81920.729784 81408.4251  0.63%  23.3   38s
*22947  9787              63    81920.662808 81408.4251  0.63%  23.3   38s
*25735  9786              65    81920.635808 81408.4557  0.63%  21.6   38s
H27722 10688                    81920.635796 81410.0472  0.62%  20.6   39s
H27724 10688                    81920.635735 81410.0472  0.62%  20.6   39s
 27762 11513     cutoff   64      81920.6357 81410.0472  0.62%  20.6   40s
H28402 10806                    81917.267057 81410.0550  0.62%  20.4   40s
*28404 10795              62    81915.918688 81410.0550  0.62%  20.4   40s
*32960 12927              61    81915.917194 81410.6599  0.62%  19.3   43s
 35732 14887 81471.3474   37   16 81915.9172 81419.0988  0.61%  19.5   45s
 44393 16600     cutoff   55      81915.9172 81428.3191  0.60%  19.7   50s
 46672 16758 81541.5731   56   12 81915.9172 81431.9989  0.59%  19.7   55s
H48838 16762                    81915.917146 81436.0587  0.59%  19.6   58s
H48840 16762                    81915.917134 81436.0587  0.59%  19.6   58s
H48849 16762                    81915.917074 81436.0587  0.59%  19.6   58s
H48852 16762                    81915.916997 81436.0587  0.59%  19.6   58s
H48880 16762                    81915.916632 81436.0587  0.59%  19.7   58s
 48902 16742 81801.6501   40   16 81915.9166 81436.4417  0.59%  19.7   60s
H49251 16742                    81915.916609 81437.6393  0.58%  19.7   60s
H49978 16699                    81914.534970 81437.7286  0.58%  19.8   60s
H54461 18237                    81914.410278 81450.4312  0.57%  19.6   64s
H55221 18237                    81914.410116 81450.5610  0.57%  19.5   64s
 56770 18283 81903.7499   48   25 81914.4101 81451.3393  0.57%  19.3   69s
H56843 18283                    81914.379837 81451.3454  0.57%  19.3   69s
 57658 18066     cutoff   61      81914.3798 81451.3761  0.57%  19.3   71s
 67020 15702     cutoff   50      81914.3798 81493.4215  0.51%  19.7   76s
 71224 12951     cutoff   52      81914.3798 81516.7987  0.49%  20.0   80s
H71396 12951                    81914.378140 81516.7987  0.49%  20.0   80s

Cutting planes:
  Gomory: 4
  MIR: 1

Explored 82062 nodes (1596015 simplex iterations) in 85.26 seconds (81.81 work units)
Thread count was 20 (of 80 available processors)

Solution count 10: 81914.4 81914.4 81914.4 ... 81921.1

Optimal solution found (tolerance 3.00e-03)
Best objective 8.191437990853e+04, best bound 8.168647657880e+04, gap 0.2782%

User-callback calls 175805, time in user-callback 0.05 sec
