
Gurobi 11.0.3 (linux64) logging started Mon 18 Nov 2024 11:34:34 PM CST

Set parameter LogFile to value "/home/dlcole3/graph_abstraction/hierarchical_graphs/git_storage/CS1/HP_low_reserves/gurobi_logs/serial/logfile_ST22_5.log"

Gurobi 11.0.3 (linux64) logging started Mon 18 Nov 2024 11:41:38 PM CST

Set parameter LogFile to value "/home/dlcole3/graph_abstraction/hierarchical_graphs/git_storage/CS1/HP_low_reserves/gurobi_logs/serial/logfile_ST22_5.log"
Gurobi Optimizer version 11.0.3 build v11.0.3rc0 (linux64 - "Ubuntu 18.04.3 LTS")

CPU model: Intel(R) Xeon(R) CPU E5-2698 v4 @ 2.20GHz, instruction set [SSE2|AVX|AVX2]
Thread count: 40 physical cores, 80 logical processors, using up to 20 threads

Optimize a model with 29168 rows, 50688 columns and 136175 nonzeros
Model fingerprint: 0x970da8b1
Variable types: 46944 continuous, 3744 integer (3744 binary)
Coefficient statistics:
  Matrix range     [6e-01, 2e+04]
  Objective range  [2e+00, 2e+04]
  Bounds range     [5e-02, 2e+05]
  RHS range        [5e-02, 7e+03]
Presolve removed 14338 rows and 38643 columns
Presolve time: 0.37s
Presolved: 14830 rows, 12045 columns, 63327 nonzeros
Variable types: 9039 continuous, 3006 integer (3006 binary)
Found heuristic solution: objective 1630837.8996
Found heuristic solution: objective 1511434.2589
Found heuristic solution: objective 1338474.1103

Root relaxation: objective 9.929612e+04, 7051 iterations, 0.33 seconds (0.25 work units)

    Nodes    |    Current Node    |     Objective Bounds      |     Work
 Expl Unexpl |  Obj  Depth IntInf | Incumbent    BestBd   Gap | It/Node Time

     0     0 99296.1170    0   38 1338474.11 99296.1170  92.6%     -    1s
H    0     0                    264636.01165 99296.1170  62.5%     -    1s
H    0     0                    229729.61094 99434.7866  56.7%     -    1s
     0     0 99434.7866    0   68 229729.611 99434.7866  56.7%     -    1s
H    0     0                    186161.54946 99434.7867  46.6%     -    2s
     0     0 99434.7867    0   66 186161.549 99434.7867  46.6%     -    2s
     0     0 99434.7867    0   81 186161.549 99434.7867  46.6%     -    2s
     0     0 99439.3363    0   79 186161.549 99439.3363  46.6%     -    2s
     0     0 99439.3363    0   79 186161.549 99439.3363  46.6%     -    2s
     0     0 99439.3363    0   78 186161.549 99439.3363  46.6%     -    2s
     0     2 99439.3363    0   77 186161.549 99439.3363  46.6%     -    3s
H   36    52                    186161.54940 99559.0657  46.5%  62.8    4s
H   37    52                    186161.54938 99559.0657  46.5%  61.2    4s
H   40    52                    185199.39478 99559.0657  46.2%  68.3    4s
H   41    52                    183986.47143 99559.0657  45.9%  66.9    4s
   111   132 107114.500    9   86 183986.471 99559.1403  45.9%  52.1    5s
H  157   178                    138802.09132 99559.1403  28.3%  49.2    7s
H  158   178                    121629.85031 99559.1403  18.1%  49.2    7s
H  159   178                    107827.42708 99559.1403  7.67%  49.4    7s
H  166   178                    105357.52739 99559.1403  5.50%  51.9    7s
H  510   497                    103446.60012 99559.3150  3.76%  55.4   13s
H  511   497                    102239.77067 99559.3150  2.62%  55.4   13s
H  512   497                    102170.43546 99559.3150  2.56%  55.3   13s
H  515   497                    102126.84425 99559.3150  2.51%  55.0   13s
H  517   497                    102053.03004 99559.3150  2.44%  55.2   13s
H  523   497                    102011.69757 99559.3150  2.40%  55.5   13s
   685   569 99703.0271   11   52 102011.698 99559.3503  2.40%  52.6   20s
H  688   569                    101844.30612 99559.3503  2.24%  52.3   20s
H 1834  1137                    101824.83763 99623.9343  2.16%  50.4   23s
H 1846  1137                    101824.83762 99623.9343  2.16%  50.4   23s
  2560  1382 100100.508   11   74 101824.838 99624.1117  2.16%  50.6   25s
  3301  1724 101739.825   33   78 101824.838 99624.1117  2.16%  49.9   30s
  3310  1730 100234.528   14   75 101824.838 99624.1117  2.16%  49.7   35s
H 3314  1646                    101824.83759 99624.1117  2.16%  49.7   37s
H 3321  1567                    101824.83758 99624.1117  2.16%  49.6   39s
  3323  1569 101689.356   52  102 101824.838 99624.1117  2.16%  49.5   40s
H 3324  1490                    101824.83751 99624.1117  2.16%  49.5   41s
H 3377  1451                    101824.83749 99624.1117  2.16%  53.1   44s
H 3380  1379                    101824.83672 99624.1117  2.16%  53.2   44s
  3412  1397 100521.155   23   56 101824.837 99624.1117  2.16%  53.7   45s
H 3506  1359                    101824.83627 99624.1117  2.16%  55.1   46s
H 3662  1323                    101785.25999 99624.1117  2.12%  56.4   57s
H 3670  1259                    101785.23076 99624.1117  2.12%  56.7   57s
H 3684  1212                    101785.23074 99624.1117  2.12%  56.9   58s
  3907  1248 101188.616   37   51 101785.231 99624.1117  2.12%  58.7   66s
H 3910  1192                    101785.23068 99624.1117  2.12%  58.7   66s
H 3916  1138                    101785.23065 99624.1117  2.12%  58.7   66s
H 3920  1087                    101785.23054 99624.1117  2.12%  58.7   66s
  4963  1156 100855.910   32   31 101785.231 99703.9032  2.04%  59.0   71s
H 4970  1106                    101785.23041 99703.9032  2.04%  58.9   71s
H 4972  1061                    101783.27740 99703.9032  2.04%  58.9   71s
  6424  1564 100963.536   36   45 101783.277 99783.9495  1.96%  59.3   75s
  8798  2614 101046.555   34   31 101783.277 100300.413  1.46%  58.2   86s
H 8800  2614                    101783.27738 100300.413  1.46%  58.2   86s
H 8803  2614                    101783.27731 100300.413  1.46%  58.2   86s
H 8811  2614                    101783.27729 100300.413  1.46%  58.3   86s
 10544  3707 100847.523   33   52 101783.277 100431.388  1.33%  57.5   90s
 14286  5151     cutoff   29      101783.277 100640.451  1.12%  55.7   95s
 17108  6196 101707.356   42   35 101783.277 100737.674  1.03%  55.6  100s
 20919  7391 101547.930   43   45 101783.277 100857.572  0.91%  55.8  105s
 22616  7613 101723.544   62   26 101783.277 100894.146  0.87%  55.2  117s
H22618  7611                    101783.12849 100894.146  0.87%  55.2  117s
H22625  7611                    101783.05399 100894.146  0.87%  55.2  117s
H22630  7598                    101781.87500 100894.146  0.87%  55.2  117s
H22634  7592                    101781.10036 100894.146  0.87%  55.2  117s
 23837  8681 101496.605   43   25 101781.100 100930.061  0.84%  54.5  121s
 28811  9336     cutoff   46      101781.100 101035.737  0.73%  52.4  125s
 32872  9407 101425.969   29   42 101781.100 101133.723  0.64%  52.1  131s
 37770 10340     cutoff   43      101781.100 101217.970  0.55%  50.0  136s
 41995 12081 101691.787   51   15 101781.100 101252.914  0.52%  47.5  140s
*42338 11998              82    101779.32939 101252.976  0.52%  47.2  140s
 48626 11976 101310.494   33   58 101779.329 101287.503  0.48%  43.9  170s
*48973 11971              72    101779.25439 101287.809  0.48%  43.9  170s
H52640 11755                    101779.25435 101327.986  0.44%  43.3  172s
 55794 10997 101718.516   43   29 101779.254 101417.987  0.35%  42.8  177s

Cutting planes:
  Gomory: 63
  MIR: 63
  Mixing: 4
  Flow cover: 4

Explored 58296 nodes (2473490 simplex iterations) in 177.49 seconds (161.80 work units)
Thread count was 20 (of 80 available processors)

Solution count 10: 101779 101779 101779 ... 101785

Optimal solution found (tolerance 3.00e-03)
Best objective 1.017792543915e+05, best bound 1.014783763295e+05, gap 0.2956%

User-callback calls 155962, time in user-callback 0.12 sec
