
Gurobi 11.0.3 (linux64) logging started Mon 18 Nov 2024 11:07:30 PM CST

Set parameter LogFile to value "/home/dlcole3/graph_abstraction/hierarchical_graphs/git_storage/CS1/HP_low_reserves/gurobi_logs/serial/logfile_ST20_6.log"

Gurobi 11.0.3 (linux64) logging started Mon 18 Nov 2024 11:14:02 PM CST

Set parameter LogFile to value "/home/dlcole3/graph_abstraction/hierarchical_graphs/git_storage/CS1/HP_low_reserves/gurobi_logs/serial/logfile_ST20_6.log"
Gurobi Optimizer version 11.0.3 build v11.0.3rc0 (linux64 - "Ubuntu 18.04.3 LTS")

CPU model: Intel(R) Xeon(R) CPU E5-2698 v4 @ 2.20GHz, instruction set [SSE2|AVX|AVX2]
Thread count: 40 physical cores, 80 logical processors, using up to 20 threads

Optimize a model with 29168 rows, 50688 columns and 136175 nonzeros
Model fingerprint: 0x29ef0308
Variable types: 46944 continuous, 3744 integer (3744 binary)
Coefficient statistics:
  Matrix range     [6e-01, 2e+04]
  Objective range  [2e+00, 2e+04]
  Bounds range     [5e-02, 2e+05]
  RHS range        [5e-02, 7e+03]
Presolve removed 14368 rows and 38889 columns
Presolve time: 0.34s
Presolved: 14800 rows, 11799 columns, 63082 nonzeros
Variable types: 8783 continuous, 3016 integer (3016 binary)
Found heuristic solution: objective 2445743.0955
Found heuristic solution: objective 1993976.7352

Root relaxation: objective 1.055776e+05, 8640 iterations, 0.48 seconds (0.39 work units)

    Nodes    |    Current Node    |     Objective Bounds      |     Work
 Expl Unexpl |  Obj  Depth IntInf | Incumbent    BestBd   Gap | It/Node Time

     0     0 105577.623    0   49 1993976.74 105577.623  94.7%     -    1s
H    0     0                    570902.02123 105631.616  81.5%     -    1s
     0     0 105631.616    0   70 570902.021 105631.616  81.5%     -    1s
H    0     0                    249277.77667 105631.616  57.6%     -    2s
     0     0 105631.616    0   70 249277.777 105631.616  57.6%     -    2s
     0     0 105631.616    0   73 249277.777 105631.616  57.6%     -    2s
     0     0 105631.616    0   75 249277.777 105631.616  57.6%     -    2s
     0     0 105711.306    0   71 249277.777 105711.306  57.6%     -    2s
     0     0 105711.306    0   71 249277.777 105711.306  57.6%     -    2s
H    0     0                    249277.77664 105711.306  57.6%     -    3s
H    0     2                    249277.77564 105711.306  57.6%     -    3s
     0     2 105711.306    0   71 249277.776 105711.306  57.6%     -    3s
H   32    52                    242009.07589 105711.306  56.3%  84.1    4s
H   34    52                    170430.25844 105711.306  38.0%  83.4    4s
H   38    52                    169707.73794 105711.306  37.7%  94.7    4s
H   98   112                    154816.27237 105711.306  31.7%  72.8    4s
H  109   112                    126619.35792 105711.306  16.5%  73.0    4s
   111   138 106584.561    8   49 126619.358 105711.306  16.5%  71.8    5s
H  137   158                    124292.01447 105711.306  14.9%  67.6    5s
H  138   158                    120377.13688 105711.306  12.2%  67.3    5s
H  146   158                    117467.23525 105711.306  10.0%  68.7    5s
H  190   211                    107958.52905 105711.306  2.08%  63.4   10s
H  195   211                    107819.46722 105711.306  1.96%  63.5   10s
  2752  1894 107565.093   88   71 107819.467 105711.306  1.96%  25.8   17s
H 2757  1802                    107819.46676 105711.306  1.96%  25.7   19s
  2759  1804 106874.538   27   57 107819.467 105711.306  1.96%  25.7   20s
H 2876  1780                    107819.46646 105737.514  1.93%  29.0   22s
H 2878  1693                    107816.34673 105737.514  1.93%  29.0   22s
  3346  1864 107240.888   32   32 107816.347 105775.552  1.89%  32.9   25s
H 3409  1774                    107588.44396 105775.552  1.69%  33.3   28s
H 3410  1696                    107361.38784 105775.552  1.48%  33.2   28s
H 3412  1622                    107333.56431 105775.552  1.45%  33.3   28s
H 3446  1546                    107333.56401 105775.552  1.45%  33.4   28s
H 3454  1476                    107333.56398 105775.552  1.45%  33.4   28s
  4077  1651 107293.582   45   51 107333.564 105782.532  1.45%  34.5   30s
H 4509  1659                    107333.23314 105782.532  1.44%  34.7   34s
H 4510  1599                    107333.23307 105782.532  1.44%  34.8   34s
H 4516  1540                    107333.23290 105782.532  1.44%  34.7   34s
  5094  1704 106545.864   33   50 107333.233 105782.532  1.44%  34.8   35s
H 5295  1594                    107333.23283 105782.532  1.44%  34.6   35s
H 5296  1542                    107333.23214 105782.532  1.44%  34.6   35s
  8399  3187 106891.713   36   39 107333.232 105869.265  1.36%  35.5   40s
 12257  5012 106470.437   23   48 107333.232 105983.005  1.26%  36.8   45s
H14678  5997                    107319.16315 106044.798  1.19%  36.6   47s
H14682  5997                    107319.08159 106044.798  1.19%  36.6   47s
H14685  5995                    107319.03201 106044.798  1.19%  36.6   47s
H14959  5669                    107286.53765 106044.798  1.16%  36.6   47s
*14993  5240             129    107246.26759 106044.798  1.12%  36.5   47s
 16837  6236     cutoff   45      107246.268 106113.880  1.06%  36.5   50s
 22331  8731 106838.963   35   62 107246.268 106275.237  0.91%  36.7   55s
H24168  9066                    107246.26758 106305.845  0.88%  36.7   57s
 26291 10525 107159.094   39   58 107246.268 106348.003  0.84%  36.5   60s
H30285 12111                    107244.73139 106400.089  0.79%  36.0   63s
H30532 12107                    107244.53145 106402.355  0.79%  35.9   63s
 31394 12584 106640.775   28   50 107244.531 106417.190  0.77%  35.9   65s
 36556 14365 106903.625   31   37 107244.531 106465.160  0.73%  35.5   70s
H43094 16136                    107244.44970 106516.763  0.68%  34.6   74s
 43677 16786 107211.946   35   30 107244.450 106527.834  0.67%  34.5   76s
*44985 16785              97    107244.40012 106530.266  0.67%  34.4   76s
 47631 17771     cutoff   37      107244.400 106554.725  0.64%  34.2  102s
H47634 17675                    107241.69884 106554.725  0.64%  34.2  102s
 48788 18933     cutoff   49      107241.699 106560.780  0.63%  34.0  106s
 54698 19957     cutoff   38      107241.699 106594.601  0.60%  33.9  111s
 59761 20932 106743.587   29   45 107241.699 106625.761  0.57%  33.9  115s
H64460 21358                    107241.69861 106650.118  0.55%  33.9  121s
H64461 21358                    107241.69772 106650.118  0.55%  33.9  121s
H64485 21358                    107241.69693 106650.118  0.55%  33.9  121s
 66881 22066 106911.947   37   45 107241.697 106663.985  0.54%  33.9  126s
H67151 22066                    107241.69681 106665.080  0.54%  33.9  126s
 70561 23077 106844.024   29   38 107241.697 106683.525  0.52%  33.9  131s
 75768 23858 107096.872   45   54 107241.697 106705.409  0.50%  33.9  135s
 82866 25091 106917.620   39   41 107241.697 106728.379  0.48%  33.6  142s
 88411 26503 107111.227   44   52 107241.697 106740.345  0.47%  33.2  146s
H91447 26697                    107241.69672 106749.817  0.46%  33.2  148s
 91865 26919 107197.503   48   44 107241.697 106751.540  0.46%  33.2  151s
H92086 26919                    107241.69668 106751.882  0.46%  33.2  151s
H93092 26919                    107241.69638 106753.051  0.46%  33.2  151s
 96819 27741 106945.514   30   33 107241.696 106764.322  0.45%  33.2  156s
 101871 28122 106844.003   40   56 107241.696 106785.819  0.43%  33.1  160s
 109269 28897 107190.654   42   40 107241.696 106812.915  0.40%  33.1  166s
*109649 28889              89    107241.49891 106813.181  0.40%  33.1  166s
H114971 29387                    107241.49890 106824.664  0.39%  32.8  172s
H115167 29387                    107241.49885 106825.310  0.39%  32.8  172s
H115373 29387                    107241.49881 106825.562  0.39%  32.8  172s
H115978 29387                    107241.49868 106825.562  0.39%  32.8  172s
 118760 29684     cutoff   46      107241.499 106835.487  0.38%  32.8  177s
 122148 29612 107234.444   42   51 107241.499 106842.988  0.37%  32.7  180s
 130213 29546 107139.158   38   55 107241.499 106865.198  0.35%  32.6  187s
 135867 29516     cutoff   49      107241.499 106881.294  0.34%  32.5  191s
 141242 28905     cutoff   46      107241.499 106896.901  0.32%  32.4  196s
 146890 28424     cutoff   39      107241.499 106913.237  0.31%  32.4  201s
H147751 28424                    107241.49618 106914.528  0.30%  32.4  201s
H148362 28232                    107241.49594 106914.749  0.30%  32.4  204s
 149323 27977     cutoff   42      107241.496 106915.513  0.30%  32.4  206s

Cutting planes:
  Gomory: 64
  MIR: 11
  Flow cover: 1

Explored 152246 nodes (4922567 simplex iterations) in 207.27 seconds (213.16 work units)
Thread count was 20 (of 80 available processors)

Solution count 10: 107241 107241 107242 ... 107319

Optimal solution found (tolerance 3.00e-03)
Best objective 1.072414989152e+05, best bound 1.069299527914e+05, gap 0.2905%

User-callback calls 327768, time in user-callback 0.10 sec
