
Gurobi 11.0.3 (linux64) logging started Mon 18 Nov 2024 11:07:32 PM CST

Set parameter LogFile to value "/home/dlcole3/graph_abstraction/hierarchical_graphs/git_storage/CS1/HP_low_reserves/gurobi_logs/serial/logfile_ST20_7.log"

Gurobi 11.0.3 (linux64) logging started Mon 18 Nov 2024 11:17:40 PM CST

Set parameter LogFile to value "/home/dlcole3/graph_abstraction/hierarchical_graphs/git_storage/CS1/HP_low_reserves/gurobi_logs/serial/logfile_ST20_7.log"
Gurobi Optimizer version 11.0.3 build v11.0.3rc0 (linux64 - "Ubuntu 18.04.3 LTS")

CPU model: Intel(R) Xeon(R) CPU E5-2698 v4 @ 2.20GHz, instruction set [SSE2|AVX|AVX2]
Thread count: 40 physical cores, 80 logical processors, using up to 20 threads

Optimize a model with 29168 rows, 50688 columns and 136175 nonzeros
Model fingerprint: 0xf1ad642b
Variable types: 46944 continuous, 3744 integer (3744 binary)
Coefficient statistics:
  Matrix range     [6e-01, 2e+04]
  Objective range  [2e+00, 2e+04]
  Bounds range     [5e-02, 2e+05]
  RHS range        [5e-02, 7e+03]
Presolve removed 14361 rows and 38867 columns
Presolve time: 0.43s
Presolved: 14807 rows, 11821 columns, 63473 nonzeros
Variable types: 8763 continuous, 3058 integer (3058 binary)
Found heuristic solution: objective 2735711.1520
Found heuristic solution: objective 2702897.6321
Found heuristic solution: objective 2585590.4282

Root relaxation: objective 1.061678e+05, 8292 iterations, 0.59 seconds (0.35 work units)

    Nodes    |    Current Node    |     Objective Bounds      |     Work
 Expl Unexpl |  Obj  Depth IntInf | Incumbent    BestBd   Gap | It/Node Time

     0     0 106167.822    0   51 2585590.43 106167.822  95.9%     -    2s
H    0     0                    141619.05849 106167.822  25.0%     -    2s
     0     0 106167.822    0   61 141619.058 106167.822  25.0%     -    2s
     0     0 106183.172    0   57 141619.058 106183.172  25.0%     -    2s
H    0     0                    141619.05845 106183.196  25.0%     -    2s
     0     0 106183.196    0   62 141619.058 106183.196  25.0%     -    2s
H    0     0                    141550.55693 106922.423  24.5%     -    3s
     0     0 106922.423    0   62 141550.557 106922.423  24.5%     -    3s
     0     0 106922.423    0   62 141550.557 106922.423  24.5%     -    3s
H    0     0                    141546.99285 106922.423  24.5%     -    3s
     0     2 106922.423    0   62 141546.993 106922.423  24.5%     -    3s
H   32    52                    141516.34425 106922.423  24.4%  72.4    4s
H   37    52                    112872.18265 106922.423  5.27%  72.1    4s
    51    72 107432.573    6   52 112872.183 106922.423  5.27%  80.0    5s
H  343   365                    110920.19620 106922.423  3.60%  81.8    6s
H  346   365                    109840.10012 106922.423  2.66%  81.5    6s
H  578   525                    109818.75662 106922.423  2.64%  72.1    7s
H  584   525                    109818.75629 106922.423  2.64%  71.6    7s
H  585   525                    109811.68370 106922.423  2.63%  71.8    7s
H  695   609                    109619.75229 106922.423  2.46%  68.5   12s
H  702   609                    109569.82071 106922.423  2.42%  68.3   12s
H 1705  1118                    109556.24950 106922.423  2.40%  56.8   16s
H 1706  1118                    109551.84889 106922.423  2.40%  56.8   16s
H 1719  1118                    109549.95435 106922.423  2.40%  56.8   16s
H 2308  1315                    109312.16327 106922.423  2.19%  52.2   17s
H 2311  1309                    109299.78956 106922.423  2.18%  52.2   17s
* 2313  1309              55    109298.99258 106922.423  2.17%  52.1   17s
H 3111  1661                    109298.88646 107152.758  1.96%  49.6   20s
H 3209  1653                    109298.88644 107152.758  1.96%  52.7   24s
H 3224  1569                    109298.88632 107152.758  1.96%  52.8   24s
  3352  1642 107152.758   21   18 109298.886 107152.758  1.96%  53.9   25s
H 3402  1581                    109298.88627 107152.758  1.96%  54.4   26s
H 3403  1509                    109298.88623 107152.758  1.96%  54.4   26s
H 3406  1440                    109298.88621 107152.758  1.96%  54.5   26s
  4504  1912 107807.974   48   24 109298.886 107152.758  1.96%  51.4   30s
H 5572  2283                    109298.88618 107152.758  1.96%  47.4   32s
  7283  2878     cutoff   25      109298.886 107152.758  1.96%  45.4   35s
 11408  4798 108273.151   28   30 109298.886 107461.308  1.68%  46.1   40s
H12714  5147                    109291.89401 107551.157  1.59%  45.8   41s
H13160  5308                    109287.62526 107559.811  1.58%  45.5   41s
H13272  5306                    109286.15444 107559.811  1.58%  45.5   45s
H13274  5306                    109286.15433 107559.811  1.58%  45.5   45s
H13277  5306                    109286.15349 107559.811  1.58%  45.5   45s
H13286  5306                    109286.15343 107559.811  1.58%  45.5   45s
H13288  5274                    109281.72794 107559.811  1.58%  45.5   45s
H13289  5274                    109281.72779 107559.811  1.58%  45.5   45s
H13294  5126                    109247.66461 107559.811  1.54%  45.5   45s
H13722  5212                    109234.55421 107560.773  1.53%  45.4   46s
H14566  5569                    109234.45421 107636.849  1.46%  45.3   47s
H14569  5569                    109233.62658 107636.849  1.46%  45.2   47s
H14572  5563                    109233.28501 107636.849  1.46%  45.2   47s
H14737  5563                    109233.22945 107637.702  1.46%  45.0   47s
 16329  6063 108901.084   50   45 109233.229 107674.680  1.43%  44.3   50s
 19921  7508 109013.122   29   32 109233.229 107762.945  1.35%  42.9   55s
 25083  8825 108636.884   27   36 109233.229 107865.396  1.25%  41.1   60s
H28675  9360                    109233.22933 107948.078  1.18%  40.4   64s
H28680  9360                    109233.22930 107948.078  1.18%  40.4   64s
H28690  9360                    109233.22928 107948.078  1.18%  40.4   64s
H28691  9360                    109233.22919 107948.078  1.18%  40.4   64s
 28704  9368 108775.817   29   28 109233.229 107948.078  1.18%  40.4   65s
H28727  9368                    109233.22864 107948.078  1.18%  40.4   65s
H29902  9871                    109233.22733 107966.758  1.16%  40.3   67s
 31233 10552 108963.902   32   25 109233.227 108000.284  1.13%  40.2   70s
 36443 12349 109037.511   43   37 109233.227 108093.613  1.04%  39.8   75s
 42192 14003     cutoff   37      109233.227 108178.469  0.97%  39.4   80s
H46060 14706                    109233.22677 108227.924  0.92%  39.2   84s
 46749 15117 108581.097   45   41 109233.227 108230.622  0.92%  39.1  108s
 49115 15513     cutoff   45      109233.227 108262.318  0.89%  39.0  110s
 55067 17151     cutoff   34      109233.227 108301.660  0.85%  38.9  116s
 59689 18461 109222.002   35   39 109233.227 108326.208  0.83%  38.6  120s
H62073 18621                    109233.22675 108342.551  0.82%  38.6  122s
H62284 18621                    109233.22673 108344.587  0.81%  38.6  122s
H62587 18621                    109233.22669 108344.979  0.81%  38.5  122s
 65041 19856     cutoff   31      109233.227 108358.219  0.80%  38.5  126s
 69536 20699     cutoff   38      109233.227 108380.939  0.78%  38.4  131s
 74566 21917 109015.729   44   36 109233.227 108409.860  0.75%  38.3  135s
 80662 23107 108596.553   21   37 109233.227 108435.497  0.73%  37.9  141s
H80797 23107                    109233.22659 108435.577  0.73%  37.9  141s
 84737 23984 108930.407   37   49 109233.227 108447.977  0.72%  37.7  146s
H85806 23739                    109227.42434 108450.921  0.71%  37.6  146s
H85807 23716                    109226.93953 108450.921  0.71%  37.6  146s
H85810 23709                    109226.83325 108450.921  0.71%  37.6  146s
H85813 23682                    109225.74637 108450.921  0.71%  37.6  146s
H85825 23677                    109225.57564 108450.921  0.71%  37.6  146s
H85831 23642                    109224.77867 108450.921  0.71%  37.6  146s
*85832 23641              92    109224.72443 108450.921  0.71%  37.6  146s
*88372 24081              74    109224.54474 108461.544  0.70%  37.5  148s
 89748 24582 108530.427   33   42 109224.545 108470.379  0.69%  37.4  150s
 96916 25839 109089.375   32   25 109224.545 108503.285  0.66%  37.1  157s
H99792 25954                    109224.54456 108511.180  0.65%  37.0  159s
H100502 25954                    109224.54445 108512.436  0.65%  37.0  159s
H100845 25939                    109224.16279 108515.221  0.65%  37.1  159s
 100888 26145 108775.428   73   29 109224.163 108515.875  0.65%  37.1  162s
 105841 26837 109201.495   36   36 109224.163 108537.135  0.63%  37.0  166s
 111369 27197     cutoff   34      109224.163 108556.230  0.61%  36.9  171s
 116568 27529     cutoff   27      109224.163 108577.112  0.59%  36.8  176s
H121578 27616                    109224.16233 108598.278  0.57%  36.8  181s
H121833 27503                    109222.50398 108599.651  0.57%  36.8  181s
H123045 27626                    109222.50203 108605.558  0.56%  36.7  188s
H123711 27505                    109220.32527 108606.544  0.56%  36.7  188s
H123764 27418                    109218.81199 108606.544  0.56%  36.7  188s
 124964 27323 108989.028   44   45 109218.812 108608.723  0.56%  36.7  192s
 130012 27635     cutoff   32      109218.812 108634.498  0.53%  36.6  195s
 136369 27560 108872.802   30   39 109218.812 108660.430  0.51%  36.6  201s
 141706 27557     cutoff   42      109218.812 108682.084  0.49%  36.4  206s
 148238 27642 109202.484   41   28 109218.812 108702.578  0.47%  36.1  211s
 154820 27523 109108.861   35   42 109218.812 108733.749  0.44%  36.0  216s
 159936 27565     cutoff   41      109218.812 108751.253  0.43%  35.8  220s
 167328 27287     cutoff   41      109218.812 108779.781  0.40%  35.5  226s
 172649 27122     cutoff   37      109218.812 108800.678  0.38%  35.3  231s
 178173 26390     cutoff   35      109218.812 108819.502  0.37%  35.2  235s
 186374 26163     cutoff   33      109218.812 108849.387  0.34%  34.9  241s
 192779 26126 108905.543   29   50 109218.812 108868.837  0.32%  34.5  246s
 198154 25599     cutoff   40      109218.812 108883.293  0.31%  34.4  250s

Cutting planes:
  Gomory: 17
  MIR: 12
  Flow cover: 4

Explored 200724 nodes (6885937 simplex iterations) in 250.45 seconds (261.85 work units)
Thread count was 20 (of 80 available processors)

Solution count 10: 109219 109219 109220 ... 109233

Optimal solution found (tolerance 3.00e-03)
Best objective 1.092188127142e+05, best bound 1.088935341264e+05, gap 0.2978%

User-callback calls 428198, time in user-callback 0.12 sec
