
Gurobi 11.0.3 (linux64) logging started Mon 18 Nov 2024 09:11:17 PM CST

Set parameter LogFile to value "/home/dlcole3/graph_abstraction/hierarchical_graphs/git_storage/CS1/HP_low_reserves/gurobi_logs/serial/logfile_ST11_4.log"

Gurobi 11.0.3 (linux64) logging started Mon 18 Nov 2024 09:21:28 PM CST

Set parameter LogFile to value "/home/dlcole3/graph_abstraction/hierarchical_graphs/git_storage/CS1/HP_low_reserves/gurobi_logs/serial/logfile_ST11_4.log"
Gurobi Optimizer version 11.0.3 build v11.0.3rc0 (linux64 - "Ubuntu 18.04.3 LTS")

CPU model: Intel(R) Xeon(R) CPU E5-2698 v4 @ 2.20GHz, instruction set [SSE2|AVX|AVX2]
Thread count: 40 physical cores, 80 logical processors, using up to 20 threads

Optimize a model with 29168 rows, 50688 columns and 136175 nonzeros
Model fingerprint: 0x168dd999
Variable types: 46944 continuous, 3744 integer (3744 binary)
Coefficient statistics:
  Matrix range     [6e-01, 2e+04]
  Objective range  [2e+00, 2e+04]
  Bounds range     [5e-02, 2e+05]
  RHS range        [5e-02, 7e+03]
Presolve removed 14278 rows and 38617 columns
Presolve time: 0.35s
Presolved: 14890 rows, 12071 columns, 63245 nonzeros
Variable types: 9111 continuous, 2960 integer (2960 binary)
Found heuristic solution: objective 261515.80570
Found heuristic solution: objective 248683.52941

Root relaxation: objective 6.179060e+04, 9477 iterations, 0.58 seconds (0.44 work units)

    Nodes    |    Current Node    |     Objective Bounds      |     Work
 Expl Unexpl |  Obj  Depth IntInf | Incumbent    BestBd   Gap | It/Node Time

     0     0 61790.5953    0   48 248683.529 61790.5953  75.2%     -    1s
H    0     0                    248678.10241 61790.5953  75.2%     -    1s
     0     0 61790.5953    0   48 248678.102 61790.5953  75.2%     -    2s
     0     2 61790.5953    0   48 248678.102 61790.5953  75.2%     -    2s
H   31    52                    71128.496675 61829.1892  13.1%  67.5    3s
H   50    52                    69220.148402 61829.1892  10.7%  59.4    3s
H  101   112                    69002.252724 61829.1892  10.4%  41.7    3s
H  148   158                    65444.717719 61829.1892  5.52%  38.7    3s
H  260   211                    65326.908617 61829.1892  5.35%  34.5    3s
H  295   230                    65320.212617 61829.1892  5.34%  33.7    3s
H  297   230                    65319.684870 61829.1892  5.34%  33.5    3s
*  335   255              20    65310.071313 61829.1892  5.33%  32.0    3s
*  336   255              19    65309.590709 61829.1892  5.33%  31.9    3s
H  508   360                    63625.664852 61829.1892  2.82%  28.5    4s
H  562   352                    63616.588921 61829.1892  2.81%  26.8    4s
H  652   409                    63616.041875 61829.1892  2.81%  26.1    4s
H  653   409                    63607.697127 61829.1892  2.80%  26.0    4s
*  654   409              29    63607.033719 61829.1892  2.80%  26.0    4s
H  668   425                    63607.033711 61829.1892  2.80%  25.8    4s
*  729   452              32    63606.971799 61829.1892  2.79%  25.3    4s
   829   515 62555.3143   17   29 63606.9718 61829.1892  2.79%  25.3    5s
*  867   515              33    63601.376850 61829.1892  2.79%  25.3    5s
H  871   515                    62971.148932 61829.1892  1.81%  25.3    5s
H  970   501                    62930.463378 61863.4847  1.70%  24.6    8s
H  973   501                    62929.704371 61863.4847  1.69%  24.7    8s
H  974   501                    62882.711864 61863.4847  1.62%  24.8    8s
H 1786   614                    62878.753636 61942.7831  1.49%  23.4    9s
  2286   702     cutoff   29      62878.7536 62077.0760  1.27%  22.4   10s
H 2836   729                    62878.525371 62088.2410  1.26%  21.5   10s
H 2837   729                    62877.861963 62088.2410  1.26%  21.5   10s
* 2995   742              51    62877.675884 62088.2410  1.26%  21.4   10s
* 5261   167              47    62876.959184 62630.3854  0.39%  17.8   13s

Explored 5613 nodes (105170 simplex iterations) in 13.39 seconds (11.44 work units)
Thread count was 20 (of 80 available processors)

Solution count 10: 62877 62877 62877.7 ... 63607

Optimal solution found (tolerance 3.00e-03)
Best objective 6.287695918456e+04, best bound 6.285768544900e+04, gap 0.0307%

User-callback calls 14223, time in user-callback 0.01 sec
