
Gurobi 11.0.3 (linux64) logging started Mon 18 Nov 2024 08:45:42 PM CST

Set parameter LogFile to value "/home/dlcole3/graph_abstraction/hierarchical_graphs/git_storage/CS1/HP_low_reserves/gurobi_logs/serial/logfile_ST10_7.log"

Gurobi 11.0.3 (linux64) logging started Mon 18 Nov 2024 09:04:42 PM CST

Set parameter LogFile to value "/home/dlcole3/graph_abstraction/hierarchical_graphs/git_storage/CS1/HP_low_reserves/gurobi_logs/serial/logfile_ST10_7.log"
Gurobi Optimizer version 11.0.3 build v11.0.3rc0 (linux64 - "Ubuntu 18.04.3 LTS")

CPU model: Intel(R) Xeon(R) CPU E5-2698 v4 @ 2.20GHz, instruction set [SSE2|AVX|AVX2]
Thread count: 40 physical cores, 80 logical processors, using up to 20 threads

Optimize a model with 29168 rows, 50688 columns and 136175 nonzeros
Model fingerprint: 0x86b9cb4b
Variable types: 46944 continuous, 3744 integer (3744 binary)
Coefficient statistics:
  Matrix range     [6e-01, 2e+04]
  Objective range  [2e+00, 2e+04]
  Bounds range     [5e-02, 2e+05]
  RHS range        [5e-02, 7e+03]
Presolve removed 14501 rows and 38750 columns
Presolve time: 0.34s
Presolved: 14667 rows, 11938 columns, 62849 nonzeros
Variable types: 8937 continuous, 3001 integer (3001 binary)
Found heuristic solution: objective 3468147.8647
Found heuristic solution: objective 3450420.4218
Found heuristic solution: objective 3429631.1502

Root relaxation: objective 1.225600e+05, 8947 iterations, 0.55 seconds (0.46 work units)

    Nodes    |    Current Node    |     Objective Bounds      |     Work
 Expl Unexpl |  Obj  Depth IntInf | Incumbent    BestBd   Gap | It/Node Time

     0     0 122559.998    0   71 3429631.15 122559.998  96.4%     -    1s
     0     0 122559.998    0   71 3429631.15 122559.998  96.4%     -    2s
H    0     0                    893855.54630 122559.998  86.3%     -    2s
     0     2 122559.998    0   71 893855.546 122559.998  86.3%     -    2s
H   31    52                    282920.18644 122565.920  56.7%  80.7    3s
H   43    52                    142637.37780 122582.477  14.1%  77.0    3s
H  136   165                    142594.69080 122583.488  14.0%  63.2    4s
H  143   165                    142573.34728 122583.488  14.0%  63.0    4s
H  148   165                    136955.45693 122583.488  10.5%  63.4    4s
   361   398 124109.190   16   73 136955.457 122583.488  10.5%  64.3    5s
H  417   438                    135029.76223 122583.488  9.22%  63.9    7s
H  418   438                    132960.86035 122583.488  7.80%  63.8    7s
H  423   438                    126195.40050 122583.488  2.86%  63.4    7s
H  499   474                    125865.81461 122583.488  2.61%  62.1    9s
H  502   474                    125445.07490 122583.488  2.28%  62.4    9s
H  504   474                    125444.68697 122583.488  2.28%  62.2    9s
   643   585 124783.856   27   84 125444.687 122583.488  2.28%  61.2   10s
H 1521  1089                    125288.32570 122585.173  2.16%  51.3   13s
H 1525  1089                    125250.10680 122586.069  2.13%  51.3   13s
  2578  1732 123111.826   11   65 125250.107 122590.622  2.12%  48.7   15s
H 3071  1841                    125076.17500 122590.622  1.99%  47.2   16s
H 3112  1777                    125076.17496 122630.493  1.96%  49.4   19s
H 3114  1689                    125076.17476 122630.493  1.96%  49.4   19s
H 3118  1605                    125076.17454 122630.493  1.96%  49.3   19s
  3167  1647 122806.779   17   63 125076.175 122632.106  1.95%  49.1   20s
H 3227  1604                    125076.17415 122632.106  1.95%  49.3   20s
H 3237  1527                    125076.17381 122632.106  1.95%  49.4   20s
H 3342  1516                    124757.40017 122632.106  1.70%  50.0   23s
H 3372  1450                    124757.40008 122632.106  1.70%  50.2   24s
  3450  1490 123048.597   24   45 124757.400 122632.106  1.70%  50.2   25s
H 4226  1570                    124756.41085 122637.924  1.70%  48.4   27s
H 4657  1571                    124755.26585 122637.924  1.70%  46.9   27s
H 4659  1512                    124746.03461 122637.924  1.69%  46.9   27s
H 4659  1457                    124744.08155 122637.924  1.69%  46.9   27s
* 5576  1558             122    124673.76871 122637.924  1.63%  44.7   29s
  6083  1677     cutoff   27      124673.769 122817.082  1.49%  44.0   30s
H 6666  1812                    124649.59295 122817.881  1.47%  43.3   32s
H 6761  1835                    124612.01960 122817.881  1.44%  43.0   32s
H 6762  1834                    124610.40915 122817.881  1.44%  43.0   32s
H 6763  1831                    124608.25931 122817.881  1.44%  43.0   32s
* 6964  1923             102    124608.23768 122819.386  1.44%  42.7   32s
  8804  2686 124592.163   32   51 124608.238 123188.184  1.14%  41.5   35s
H10034  3106                    124602.01084 123363.200  0.99%  40.7   36s
*11831  3721              73    124601.92812 123469.870  0.91%  41.0   39s
 12600  4026 123916.912   23   44 124601.928 123493.937  0.89%  40.7   40s
H15368  4651                    124539.71108 123619.998  0.74%  40.0   43s
H15980  4838                    124538.55599 123625.861  0.73%  39.8   44s
H15996  4812                    124532.26364 123625.861  0.73%  39.8   44s
H16000  4809                    124530.97165 123625.861  0.73%  39.8   44s
H16003  4808                    124530.76065 123625.861  0.73%  39.8   44s
*16004  4807             116    124530.40635 123625.861  0.73%  39.8   44s
H16006  4804                    124530.13465 123625.861  0.73%  39.8   44s
H16007  4804                    124530.09077 123625.861  0.73%  39.7   44s
*16008  4804             117    124530.01710 123625.861  0.73%  39.7   44s
 16293  5010 124119.940   30   62 124530.017 123628.653  0.72%  39.7   45s
H17604  5281                    124530.01707 123648.047  0.71%  39.3   47s
 18715  5612 124310.743   24   51 124530.017 123703.884  0.66%  38.9   50s
H19124  5835                    124528.19662 123708.295  0.66%  38.9   50s
H19125  5812                    124523.82029 123708.295  0.65%  38.9   50s
*19921  6070              99    124523.43104 123720.798  0.64%  38.7   51s
H20434  6066                    124522.24365 123728.482  0.64%  38.5   51s
H20440  6061                    124521.76525 123728.482  0.64%  38.5   51s
*20444  6059              91    124520.96196 123728.482  0.64%  38.5   51s
H22475  6824                    124519.57457 123761.085  0.61%  38.3   54s
*22476  6791              97    124514.69783 123761.085  0.61%  38.3   54s
 23232  7130 124434.291   22   32 124514.698 123768.513  0.60%  38.2   55s
H24311  7103                    124511.79694 123777.041  0.59%  38.0   55s
*25827  7649              85    124511.62415 123803.860  0.57%  37.9   57s
 27260  8397 124045.070   43   77 124511.624 123819.652  0.56%  37.8   60s
H27342  8376                    124510.61241 123819.652  0.55%  37.7   60s
H27352  8372                    124510.17401 123819.652  0.55%  37.7   60s
H27354  8371                    124510.03777 123819.652  0.55%  37.7   60s
H27358  8367                    124509.16693 123819.652  0.55%  37.7   60s
*28404  8483              96    124508.30832 123825.211  0.55%  37.5   61s
 32855  9501 124119.075   46   48 124508.308 123877.309  0.51%  37.0   66s
H34443  9588                    124508.30826 123892.106  0.49%  36.9   68s
 35906 10167     cutoff   38      124508.308 123908.803  0.48%  36.9   70s
 40580 10809 124002.382   38   49 124508.308 123947.520  0.45%  36.9   75s
 45721 11624 124476.355   45   32 124508.308 123977.261  0.43%  36.6   81s
 47718 11937     cutoff   31      124508.308 123989.477  0.42%  36.5   99s
 50078 11948 124228.664   46   59 124508.308 124007.781  0.40%  36.5  101s
H50138 11948                    124508.30738 124007.781  0.40%  36.6  102s
 52192 12138 124244.431   36   93 124508.307 124019.846  0.39%  36.6  106s
H55912 12295                    124505.91305 124041.975  0.37%  36.7  109s
H55916 12290                    124505.47465 124041.975  0.37%  36.7  109s
H55917 12284                    124505.33840 124041.975  0.37%  36.7  109s
*55918 12249              93    124503.60896 124041.975  0.37%  36.7  109s
H56009 12144                    124500.61688 124041.975  0.37%  36.7  112s
 56675 12312 124264.443   30   69 124500.617 124046.706  0.36%  36.7  115s
 61755 12527 124460.631   22   76 124500.617 124075.911  0.34%  36.8  120s
 66699 12664 124481.961   51   36 124500.617 124098.306  0.32%  36.8  125s
H66821 12623                    124499.40278 124098.649  0.32%  36.8  125s
 70814 12649     cutoff   47      124499.403 124113.874  0.31%  36.7  131s

Cutting planes:
  Gomory: 11
  Flow cover: 1

Explored 73463 nodes (2698166 simplex iterations) in 131.74 seconds (146.12 work units)
Thread count was 20 (of 80 available processors)

Solution count 10: 124499 124499 124501 ... 124520

Optimal solution found (tolerance 3.00e-03)
Best objective 1.244994027846e+05, best bound 1.241302944597e+05, gap 0.2965%

User-callback calls 163676, time in user-callback 0.05 sec
