
Gurobi 11.0.3 (linux64) logging started Mon 18 Nov 2024 08:36:38 PM CST

Set parameter LogFile to value "/home/dlcole3/graph_abstraction/hierarchical_graphs/git_storage/CS1/HP_low_reserves/gurobi_logs/serial/logfile_ST9_3.log"

Gurobi 11.0.3 (linux64) logging started Mon 18 Nov 2024 08:38:20 PM CST

Set parameter LogFile to value "/home/dlcole3/graph_abstraction/hierarchical_graphs/git_storage/CS1/HP_low_reserves/gurobi_logs/serial/logfile_ST9_3.log"
Gurobi Optimizer version 11.0.3 build v11.0.3rc0 (linux64 - "Ubuntu 18.04.3 LTS")

CPU model: Intel(R) Xeon(R) CPU E5-2698 v4 @ 2.20GHz, instruction set [SSE2|AVX|AVX2]
Thread count: 40 physical cores, 80 logical processors, using up to 20 threads

Optimize a model with 29168 rows, 50688 columns and 136175 nonzeros
Model fingerprint: 0x93e6bbaf
Variable types: 46944 continuous, 3744 integer (3744 binary)
Coefficient statistics:
  Matrix range     [6e-01, 2e+04]
  Objective range  [2e+00, 2e+04]
  Bounds range     [5e-02, 2e+05]
  RHS range        [5e-02, 7e+03]
Presolve removed 14474 rows and 38928 columns
Presolve time: 0.36s
Presolved: 14694 rows, 11760 columns, 63046 nonzeros
Variable types: 8711 continuous, 3049 integer (3049 binary)
Found heuristic solution: objective 320530.01641
Found heuristic solution: objective 296650.05942

Root relaxation: objective 3.800843e+04, 9206 iterations, 0.59 seconds (0.49 work units)

    Nodes    |    Current Node    |     Objective Bounds      |     Work
 Expl Unexpl |  Obj  Depth IntInf | Incumbent    BestBd   Gap | It/Node Time

     0     0 38008.4306    0   23 296650.059 38008.4306  87.2%     -    1s
H    0     0                    187580.66449 38008.4306  79.7%     -    1s
     0     0 38008.4306    0   23 187580.664 38008.4306  79.7%     -    2s
     0     2 38008.4306    0   23 187580.664 38008.4306  79.7%     -    2s
H   31    52                    148133.17413 38008.5248  74.3%   102    2s
H   41    52                    125200.69859 38037.5137  69.6%   101    2s
H   45    52                    60971.058734 38037.5137  37.6%   111    2s
H   46    52                    44995.561885 38037.5137  15.5%   117    2s
H  102   112                    44038.564513 38037.5137  13.6%   144    3s
H  105   112                    40881.703322 38037.5137  6.96%   142    3s
H  266   171                    40881.703309 38037.5137  6.96%  96.5    4s
H  272   198                    39165.101781 38037.5137  2.88%  95.6    4s
H  609   208                    39042.821770 38321.7146  1.85%  54.8    4s
H  673   252                    39032.981311 38321.7146  1.82%  50.9    4s
H  723   293                    39017.655048 38321.7146  1.78%  47.7    4s
H  865   290                    39015.443370 38321.7146  1.78%  41.8    4s
* 1033   342              43    39014.311429 38321.7249  1.78%  36.5    4s
  1054   363 38321.7475    6   24 39014.3114 38321.7475  1.78%  35.9    5s
* 1626   503              35    39013.686010 38321.7475  1.77%  27.3    5s
H 1754   556                    39012.497497 38321.7475  1.77%  26.1    9s
H 1768   556                    39012.249424 38321.7475  1.77%  26.0    9s
  2389   717 39010.0439   31   23 39012.2494 38811.8270  0.51%  21.7   10s
H 2813   734                    39012.249418 38812.2842  0.51%  20.0   12s
H 2816   734                    39012.249400 38812.2842  0.51%  19.9   12s
H 4190   876                    39012.249338 38839.0553  0.44%  16.6   14s
  4193   878 38995.1697   29   11 39012.2493 38839.0553  0.44%  16.6   15s
H 4229   852                    39012.249316 38839.0553  0.44%  18.5   17s
H 4233   810                    39012.248078 38839.0553  0.44%  18.5   17s
H 4498   869                    39012.248011 38839.0553  0.44%  18.2   19s
H 4499   830                    39012.247458 38839.0553  0.44%  18.2   19s
  4632   873 38839.0553   32    9 39012.2475 38839.0553  0.44%  17.9   20s
H 4634   836                    39012.247208 38839.0553  0.44%  17.9   20s
H 4636   802                    39012.246746 38839.0553  0.44%  17.9   20s
H 4641   768                    39012.189198 38839.0553  0.44%  17.8   20s
H 9287  2954                    39012.152591 38839.0553  0.44%  12.3   24s
H 9316  2954                    39012.114121 38839.0553  0.44%  12.3   24s
 10584  3952 38859.0909   38   12 39012.1141 38839.0553  0.44%  11.5   25s
 21607  9399 38839.0553   60    1 39012.1141 38839.0553  0.44%   9.7   30s
H23219  9828                    39012.114001 38839.0553  0.44%   9.5   32s
H23232  9828                    39012.113972 38839.0553  0.44%   9.5   32s
 28924 13347 38953.7365   53   17 39012.1140 38839.0553  0.44%   9.0   35s
 41618 19876 38839.0553   49   19 39012.1140 38839.0553  0.44%   8.4   40s
 47868 23601 38997.4901   69    1 39012.1140 38839.0553  0.44%   8.2   47s
 56100 27847     cutoff   38      39012.1140 38839.0553  0.44%   7.9   50s
 69427 32410 38839.0553   38   10 39012.1140 38839.0553  0.44%   7.8   55s
 79215 35549 38967.6925   42   17 39012.1140 38839.0553  0.44%   7.7   60s
H83381 36111                    39012.113648 38839.0553  0.44%   7.6   61s
H83550 36111                    39012.113633 38839.0553  0.44%   7.6   61s
 88591 38361 39008.7791   52    1 39012.1136 38839.0553  0.44%   7.6   66s
 99052 41096 38970.3445   60    7 39012.1136 38839.0553  0.44%   7.5   70s
 111972 44898 38985.1255   51   15 39012.1136 38839.0553  0.44%   7.5   75s
 125068 48412 38995.9849   51    3 39012.1136 38839.0553  0.44%   7.4   81s
 137332 51333 38988.5701   47   19 39012.1136 38839.0553  0.44%   7.3   87s
 144446 54442 38970.2167   47    3 39012.1136 38839.0553  0.44%   7.3   91s
 154263 57039 38839.0553   43   18 39012.1136 38839.0553  0.44%   7.3   95s
 166492 60383 38974.1327   60    6 39012.1136 38839.0553  0.44%   7.2  100s
 179401 63777 38980.0859   51    9 39012.1136 38839.0553  0.44%   7.2  105s
 191941 66778 39001.0785   48    1 39012.1136 38839.0553  0.44%   7.1  110s
 204828 69594 38986.2203   69    1 39012.1136 38839.0553  0.44%   7.1  115s
 217346 72330     cutoff   52      39012.1136 38839.0553  0.44%   7.1  120s
 227318 74240 38984.3820   53    6 39012.1136 38839.0553  0.44%   7.1  125s
 237638 75927     cutoff   59      39012.1136 38839.0553  0.44%   7.1  130s
 250814 78372 39006.0050   56   16 39012.1136 38839.0553  0.44%   7.0  135s
 260202 79892 38839.0553   47   11 39012.1136 38839.0553  0.44%   7.0  140s
 273100 81951 39009.2486   56    1 39012.1136 38839.0553  0.44%   7.0  146s
 286184 84467     cutoff   56      39012.1136 38839.0553  0.44%   7.0  151s
 289944 85237 39002.7764   54   20 39012.1136 38839.0553  0.44%   7.0  156s
 299762 86826     cutoff   61      39012.1136 38839.0553  0.44%   7.0  161s
 309352 88080 38972.4498   56    2 39012.1136 38839.0553  0.44%   7.0  165s
 322141 89689     cutoff   65      39012.1136 38839.0553  0.44%   7.0  171s
 331704 90532 38998.2838   50   24 39012.1136 38839.0553  0.44%   7.0  175s
 344348 91016 38839.0553   56    3 39012.1136 38839.0553  0.44%   7.0  180s
 356877 90594     cutoff   54      39012.1136 38839.0553  0.44%   7.0  186s
 366559 89550     cutoff   53      39012.1136 38839.0553  0.44%   7.0  190s
 379641 87615 38997.6710   61    6 39012.1136 38839.0553  0.44%   7.1  196s
 389500 85520 39006.8427   54    1 39012.1136 38839.0553  0.44%   7.1  200s
 401105 82778     cutoff   66      39012.1136 38839.0553  0.44%   7.1  205s
 413253 80564 38839.0553   31   30 39012.1136 38839.0553  0.44%   7.2  210s
 424533 79420 38839.0553   45   20 39012.1136 38839.0553  0.44%   7.2  215s
 435869 78203 38839.0553   35   21 39012.1136 38839.0553  0.44%   7.3  221s
 440719 77529     cutoff   42      39012.1136 38839.0553  0.44%   7.3  225s
 450710 76041 38839.0553   49    1 39012.1136 38839.0553  0.44%   7.3  230s
 460330 74833     cutoff   55      39012.1136 38846.1799  0.43%   7.4  235s
 473243 73186     cutoff   51      39012.1136 38860.6676  0.39%   7.4  241s
 482036 71925     cutoff   49      39012.1136 38867.0641  0.37%   7.4  245s
 493650 69798     cutoff   45      39012.1136 38878.0904  0.34%   7.4  250s
 505436 67682 38896.8752   40   18 39012.1136 38888.0985  0.32%   7.5  255s

Cutting planes:
  Gomory: 1

Explored 513632 nodes (3838639 simplex iterations) in 257.98 seconds (260.37 work units)
Thread count was 20 (of 80 available processors)

Solution count 10: 39012.1 39012.2 39012.5 ... 40881.7

Optimal solution found (tolerance 3.00e-03)
Best objective 3.901211363080e+04, best bound 3.889724022135e+04, gap 0.2945%

User-callback calls 1041760, time in user-callback 0.44 sec
