
Gurobi 11.0.3 (linux64) logging started Mon 18 Nov 2024 10:19:19 PM CST

Set parameter LogFile to value "/home/dlcole3/graph_abstraction/hierarchical_graphs/git_storage/CS1/HP_low_reserves/gurobi_logs/serial/logfile_ST16_7.log"

Gurobi 11.0.3 (linux64) logging started Mon 18 Nov 2024 10:25:56 PM CST

Set parameter LogFile to value "/home/dlcole3/graph_abstraction/hierarchical_graphs/git_storage/CS1/HP_low_reserves/gurobi_logs/serial/logfile_ST16_7.log"
Gurobi Optimizer version 11.0.3 build v11.0.3rc0 (linux64 - "Ubuntu 18.04.3 LTS")

CPU model: Intel(R) Xeon(R) CPU E5-2698 v4 @ 2.20GHz, instruction set [SSE2|AVX|AVX2]
Thread count: 40 physical cores, 80 logical processors, using up to 20 threads

Optimize a model with 29168 rows, 50688 columns and 136175 nonzeros
Model fingerprint: 0x5fabd7c7
Variable types: 46944 continuous, 3744 integer (3744 binary)
Coefficient statistics:
  Matrix range     [6e-01, 2e+04]
  Objective range  [2e+00, 2e+04]
  Bounds range     [5e-02, 2e+05]
  RHS range        [5e-02, 7e+03]
Presolve removed 14404 rows and 38923 columns
Presolve time: 0.35s
Presolved: 14764 rows, 11765 columns, 62916 nonzeros
Variable types: 8761 continuous, 3004 integer (3004 binary)
Found heuristic solution: objective 946288.42795
Found heuristic solution: objective 518130.67245

Root relaxation: objective 1.015717e+05, 8428 iterations, 0.46 seconds (0.38 work units)

    Nodes    |    Current Node    |     Objective Bounds      |     Work
 Expl Unexpl |  Obj  Depth IntInf | Incumbent    BestBd   Gap | It/Node Time

     0     0 101571.743    0   39 518130.672 101571.743  80.4%     -    1s
H    0     0                    517430.05493 101571.743  80.4%     -    1s
H    0     0                    259854.06779 101631.212  60.9%     -    1s
     0     0 101631.212    0   69 259854.068 101631.212  60.9%     -    1s
     0     0 101632.897    0   78 259854.068 101632.897  60.9%     -    2s
     0     0 101729.424    0   82 259854.068 101729.424  60.9%     -    2s
H    0     0                    248173.45366 101729.424  59.0%     -    2s
     0     0 101729.424    0   84 248173.454 101729.424  59.0%     -    2s
H    0     0                    236175.33137 101729.424  56.9%     -    2s
     0     0 101729.424    0   86 236175.331 101729.424  56.9%     -    2s
     0     0 101729.424    0   86 236175.331 101729.424  56.9%     -    2s
     0     0 101729.424    0   86 236175.331 101729.424  56.9%     -    2s
     0     2 101729.424    0   86 236175.331 101729.424  56.9%     -    3s
H   31    52                    226574.58910 101729.424  55.1%   122    4s
H   32    52                    223612.07550 101729.424  54.5%   129    4s
H   37    52                    222248.25803 101729.424  54.2%   139    4s
H   40    52                    179953.04590 101729.424  43.5%   138    4s
H   41    52                    160310.31872 101729.424  36.5%   140    4s
    91   112 108637.769    7   69 160310.319 101840.581  36.5%   128    5s
H   97   112                    139747.20694 101840.581  27.1%   130    5s
H   98   112                    130677.73676 101840.581  22.1%   130    5s
H  106   112                    130634.00361 101840.581  22.0%   124    5s
H  152   173                    128959.83600 101840.581  21.0%   112    6s
H  153   173                    117175.90357 101840.581  13.1%   112    6s
H  157   173                    109098.05259 101840.581  6.65%   111    6s
   204   220     cutoff   10      109098.053 101960.373  6.54%  99.3   10s
H  205   220                    104814.51163 101960.373  2.72%  98.8   10s
H  207   220                    104414.56214 101960.373  2.35%  98.8   10s
H  209   220                    104047.00713 101960.373  2.01%  98.5   10s
H  218   220                    103957.40890 101960.373  1.92%  97.0   10s
H 1009   887                    103452.69710 102007.251  1.40%  42.7   12s
H 1316  1046                    103445.92774 102007.251  1.39%  39.6   13s
H 1447  1102                    103442.43542 102007.251  1.39%  38.4   13s
H 1967  1151                    103374.29383 102007.251  1.32%  36.4   13s
H 2115  1134                    103372.92668 102067.828  1.26%  35.8   14s
* 2286  1156              67    103372.41135 102067.828  1.26%  34.9   14s
H 2414  1207                    103368.95779 102067.828  1.26%  35.1   14s
H 2767  1302                    103320.33201 102583.148  0.71%  33.8   14s
H 2769  1301                    103320.09692 102583.148  0.71%  33.8   14s
H 2774  1301                    103319.75247 102583.148  0.71%  33.8   14s
  2840  1364 103037.925   11   55 103319.752 102583.148  0.71%  33.6   15s
H 2949  1361                    103318.08551 102583.148  0.71%  33.4   15s
H 2959  1361                    103317.77074 102583.148  0.71%  33.3   15s
* 3169  1428              79    103317.35221 102583.148  0.71%  32.7   15s
H 4427  1809                    103317.35219 102621.357  0.67%  31.8   16s
H 4689  1874                    103317.15227 102643.270  0.65%  31.6   19s
  4690  1875 102804.001    9   86 103317.152 102643.270  0.65%  31.6   20s
H 4691  1782                    103317.15223 102643.270  0.65%  31.6   21s
H 4699  1699                    103317.15209 102643.270  0.65%  32.9   22s
H 4746  1636                    103317.15190 102643.270  0.65%  33.1   23s
H 4751  1554                    103317.14992 102643.270  0.65%  33.1   23s
H 4997  1522                    103317.14973 102643.270  0.65%  33.1   25s
H 5109  1449                    103317.14955 102643.270  0.65%  33.0   26s
H 5118  1376                    103317.14946 102643.270  0.65%  33.0   26s
H 6051  1300                    103314.28125 102643.270  0.65%  33.0   27s
H 6394  1249                    103313.91272 102643.270  0.65%  32.8   28s
  7419  1182 102998.252   23   43 103313.913 102643.270  0.65%  33.4   30s
H 7423  1122                    103313.91259 102643.270  0.65%  33.4   30s
H 7424  1065                    103313.91249 102643.270  0.65%  33.4   30s
H 7437  1007                    103312.47341 102643.270  0.65%  33.4   30s
H 8096  1049                    103311.95422 102643.270  0.65%  33.7   32s
H 8148  1049                    103311.95421 102643.270  0.65%  33.6   32s
* 8800  1285              74    103311.87922 102643.270  0.65%  33.2   33s
 10728  1743 103074.413   28   47 103311.879 102755.136  0.54%  32.2   35s

Cutting planes:
  Gomory: 3
  MIR: 4
  Flow cover: 1

Explored 16618 nodes (469727 simplex iterations) in 39.25 seconds (37.69 work units)
Thread count was 20 (of 80 available processors)

Solution count 10: 103312 103312 103312 ... 103369

Optimal solution found (tolerance 3.00e-03)
Best objective 1.033118792153e+05, best bound 1.030226310479e+05, gap 0.2800%

User-callback calls 39841, time in user-callback 0.02 sec
