
Gurobi 11.0.3 (linux64) logging started Mon 18 Nov 2024 10:19:21 PM CST

Set parameter LogFile to value "/home/dlcole3/graph_abstraction/hierarchical_graphs/git_storage/CS1/HP_low_reserves/gurobi_logs/serial/logfile_ST16_8.log"

Gurobi 11.0.3 (linux64) logging started Mon 18 Nov 2024 10:26:46 PM CST

Set parameter LogFile to value "/home/dlcole3/graph_abstraction/hierarchical_graphs/git_storage/CS1/HP_low_reserves/gurobi_logs/serial/logfile_ST16_8.log"
Gurobi Optimizer version 11.0.3 build v11.0.3rc0 (linux64 - "Ubuntu 18.04.3 LTS")

CPU model: Intel(R) Xeon(R) CPU E5-2698 v4 @ 2.20GHz, instruction set [SSE2|AVX|AVX2]
Thread count: 40 physical cores, 80 logical processors, using up to 20 threads

Optimize a model with 29168 rows, 50688 columns and 136175 nonzeros
Model fingerprint: 0xb95c2a64
Variable types: 46944 continuous, 3744 integer (3744 binary)
Coefficient statistics:
  Matrix range     [6e-01, 2e+04]
  Objective range  [2e+00, 2e+04]
  Bounds range     [5e-02, 2e+05]
  RHS range        [5e-02, 7e+03]
Presolve removed 14658 rows and 39033 columns
Presolve time: 0.32s
Presolved: 14510 rows, 11655 columns, 62082 nonzeros
Variable types: 8663 continuous, 2992 integer (2992 binary)
Found heuristic solution: objective 5480405.5005
Found heuristic solution: objective 4247313.4321

Root relaxation: objective 1.519943e+05, 8961 iterations, 0.57 seconds (0.48 work units)

    Nodes    |    Current Node    |     Objective Bounds      |     Work
 Expl Unexpl |  Obj  Depth IntInf | Incumbent    BestBd   Gap | It/Node Time

     0     0 151994.344    0   39 4247313.43 151994.344  96.4%     -    1s
H    0     0                    238460.22650 152079.061  36.2%     -    1s
H    0     0                    181631.86913 152079.061  16.3%     -    1s
     0     0 152079.061    0   52 181631.869 152079.061  16.3%     -    1s
H    0     0                    180963.16062 152079.061  16.0%     -    2s
     0     0 152092.372    0   62 180963.161 152092.372  16.0%     -    2s
     0     0 152213.682    0   69 180963.161 152213.682  15.9%     -    2s
     0     0 152220.593    0   61 180963.161 152220.593  15.9%     -    2s
     0     0 152220.593    0   57 180963.161 152220.593  15.9%     -    2s
H    0     0                    180963.16056 152220.593  15.9%     -    3s
     0     2 152220.593    0   56 180963.161 152220.593  15.9%     -    3s
H   32    52                    180536.09931 152220.593  15.7%  89.9    4s
H   41    52                    159532.30103 152220.593  4.58%  77.6    4s
H   50    52                    158561.67855 152220.593  4.00%  76.0    4s
    71    89 153505.580    6   42 158561.679 152220.593  4.00%  82.7    5s
H  143   157                    156256.57182 152220.593  2.58%  67.9    5s
H  185   204                    156207.39795 152220.593  2.55%  67.2    6s
H  192   204                    156205.74432 152220.593  2.55%  66.2    6s
H  271   271                    155707.89710 152220.593  2.24%  57.0    6s
H  322   323                    155631.98740 152220.593  2.19%  53.8   11s
H  323   323                    155585.52722 152220.593  2.16%  53.7   11s
H  324   323                    155561.03582 152220.593  2.15%  53.7   11s
H  325   323                    155511.72540 152220.593  2.12%  53.6   11s
H  329   323                    155410.82379 152220.593  2.05%  53.4   11s
H  343   337                    155410.82352 152220.593  2.05%  54.3   12s
  1400  1018 154625.772   49   35 155410.824 152220.593  2.05%  33.2   15s
H 1403  1018                    155410.82347 152220.593  2.05%  33.1   15s
H 1540  1112                    155386.90473 152220.593  2.04%  31.6   15s
* 1542  1112              71    155386.23463 152220.593  2.04%  31.5   15s
H 2577  1643                    155338.54824 152220.593  2.01%  29.8   16s
* 3119  1887             109    155337.57267 152220.593  2.01%  29.1   17s
H 3122  1885                    155326.85264 152220.593  2.00%  29.0   17s
* 3123  1885             111    155326.83855 152220.593  2.00%  29.0   17s
H 3600  1967                    155234.19253 152266.099  1.91%  29.5   19s
  3601  1961 154828.274   19   57 155234.193 152266.099  1.91%  29.5   21s
  3610  1967 155116.481   45   99 155234.193 152368.364  1.85%  29.5   25s
H 3642  1902                    155234.19246 152368.364  1.85%  32.4   26s
H 3646  1807                    155234.19235 152368.364  1.85%  32.5   26s
H 3648  1718                    155234.19207 152368.364  1.85%  32.6   26s
H 3830  1680                    155234.19172 152390.655  1.83%  34.8   29s
H 3831  1599                    155219.93766 152390.655  1.82%  34.8   29s
H 3890  1535                    155219.93743 152444.715  1.79%  35.3   33s
H 3891  1461                    155206.72116 152444.715  1.78%  35.3   33s
H 3892  1392                    155206.72108 152444.715  1.78%  35.3   33s
H 3895  1326                    155188.22065 152444.715  1.77%  35.3   33s
H 3897  1263                    155168.94521 152492.811  1.72%  35.5   33s
H 3967  1225                    155168.94519 152492.811  1.72%  36.0   33s
  4445  1243 154279.476   35   54 155168.945 152492.811  1.72%  36.7   35s
H 5006  1249                    155147.61822 152492.811  1.71%  38.1   38s
H 5008  1195                    155147.60171 152492.811  1.71%  38.1   38s
H 5010  1143                    155147.60169 152492.811  1.71%  38.0   38s
H 5023  1091                    155147.60106 152492.811  1.71%  38.1   38s
  5648  1195 154753.963   33   27 155147.601 153051.252  1.35%  39.1   40s
H 5794  1101                    155123.79109 153051.252  1.34%  39.0   40s
  9191  2184 154150.129   29   44 155123.791 153984.234  0.73%  39.4   45s
H 9194  2176                    155114.03004 153984.234  0.73%  39.4   45s
 12641  3690 154374.994   31   51 155114.030 154146.379  0.62%  37.4   50s
H13831  3886                    155068.17753 154187.087  0.57%  36.8   51s
H13837  3876                    155063.11815 154187.087  0.56%  36.8   51s
*14229  4107             150    155061.65870 154187.087  0.56%  36.7   51s
H14435  4107                    155061.65615 154187.087  0.56%  36.6   51s
*14438  4107             146    155061.16740 154187.087  0.56%  36.6   51s
*14439  4105             144    155060.35545 154187.087  0.56%  36.6   51s
*14777  4360             124    155047.54613 154187.087  0.55%  36.2   52s
*15525  4513             129    155045.24263 154209.991  0.54%  35.6   53s
*15526  4509             132    155042.52263 154209.991  0.54%  35.6   53s
*15530  4504             129    155040.34393 154209.991  0.54%  35.6   53s
 17817  5327 154573.076   42   60 155040.344 154243.327  0.51%  34.0   55s
 21620  5933 154664.353   39   32 155040.344 154279.469  0.49%  33.0   60s
H21643  5933                    155040.34347 154279.469  0.49%  33.0   60s
 26011  6448 154734.843   43   41 155040.343 154328.419  0.46%  32.2   65s
 30898  7086 154710.164   40   34 155040.343 154378.316  0.43%  31.4   70s
 36355  7665     cutoff   38      155040.343 154430.086  0.39%  30.3   77s
H36358  7665                    155040.34278 154430.086  0.39%  30.3   77s
H36365  7665                    155040.34166 154430.086  0.39%  30.3   77s
H36387  7665                    155040.34150 154430.086  0.39%  30.3   77s
 38129  7875     cutoff   40      155040.342 154439.890  0.39%  30.0   80s
H40827  7930                    155040.34139 154465.450  0.37%  29.7   83s
H41178  7930                    155040.34137 154466.957  0.37%  29.7   83s
H41220  7930                    155040.34134 154467.079  0.37%  29.7   83s
 41945  7826 154549.175   48   26 155040.341 154471.741  0.37%  29.7   85s
 48194  7392 154600.276   46   38 155040.341 154535.074  0.33%  29.3   90s

Cutting planes:
  Gomory: 13
  MIR: 11
  Flow cover: 2

Explored 52373 nodes (1531424 simplex iterations) in 92.64 seconds (96.50 work units)
Thread count was 20 (of 80 available processors)

Solution count 10: 155040 155040 155040 ... 155063

Optimal solution found (tolerance 3.00e-03)
Best objective 1.550403439643e+05, best bound 1.545860999241e+05, gap 0.2930%

User-callback calls 118418, time in user-callback 0.04 sec
