
Gurobi 11.0.3 (linux64) logging started Mon 18 Nov 2024 09:11:15 PM CST

Set parameter LogFile to value "/home/dlcole3/graph_abstraction/hierarchical_graphs/git_storage/CS1/HP_low_reserves/gurobi_logs/serial/logfile_ST11_3.log"

Gurobi 11.0.3 (linux64) logging started Mon 18 Nov 2024 09:16:17 PM CST

Set parameter LogFile to value "/home/dlcole3/graph_abstraction/hierarchical_graphs/git_storage/CS1/HP_low_reserves/gurobi_logs/serial/logfile_ST11_3.log"
Gurobi Optimizer version 11.0.3 build v11.0.3rc0 (linux64 - "Ubuntu 18.04.3 LTS")

CPU model: Intel(R) Xeon(R) CPU E5-2698 v4 @ 2.20GHz, instruction set [SSE2|AVX|AVX2]
Thread count: 40 physical cores, 80 logical processors, using up to 20 threads

Optimize a model with 29168 rows, 50688 columns and 136175 nonzeros
Model fingerprint: 0x32303984
Variable types: 46944 continuous, 3744 integer (3744 binary)
Coefficient statistics:
  Matrix range     [6e-01, 2e+04]
  Objective range  [2e+00, 2e+04]
  Bounds range     [5e-02, 2e+05]
  RHS range        [5e-02, 7e+03]
Presolve removed 14354 rows and 38667 columns
Presolve time: 0.34s
Presolved: 14814 rows, 12021 columns, 63327 nonzeros
Variable types: 9024 continuous, 2997 integer (2997 binary)
Found heuristic solution: objective 1175839.9825

Root relaxation: objective 1.091633e+05, 8590 iterations, 0.46 seconds (0.37 work units)

    Nodes    |    Current Node    |     Objective Bounds      |     Work
 Expl Unexpl |  Obj  Depth IntInf | Incumbent    BestBd   Gap | It/Node Time

     0     0 109163.333    0   45 1175839.98 109163.333  90.7%     -    1s
     0     0 109163.333    0   54 1175839.98 109163.333  90.7%     -    1s
H    0     0                    544147.08486 109163.380  79.9%     -    1s
H    0     0                    226288.65229 109163.380  51.8%     -    1s
H    0     0                    211109.97226 109163.380  48.3%     -    1s
     0     0 109163.380    0   54 211109.972 109163.380  48.3%     -    2s
     0     0 109163.380    0   54 211109.972 109163.380  48.3%     -    2s
     0     2 109163.380    0   54 211109.972 109163.380  48.3%     -    2s
H   31    52                    137000.96658 109163.399  20.3%  38.8    3s
H   92   112                    135707.89074 109163.416  19.6%  51.8    4s
H   96   112                    133396.23503 109163.416  18.2%  53.3    4s
H   99   112                    121404.34366 109163.416  10.1%  52.4    4s
H  108   112                    119529.68996 109163.416  8.67%  51.8    4s
H  159   180                    119492.75396 109163.416  8.64%  53.3    5s
H  161   180                    119386.37995 109163.416  8.56%  53.0    5s
H  164   180                    119321.95193 109163.416  8.51%  52.9    5s
H  270   291                    113279.73933 109163.416  3.63%  46.6   11s
H  271   291                    113059.83438 109163.416  3.45%  46.5   11s
H  272   291                    112936.87886 109163.416  3.34%  47.2   11s
H  273   291                    112169.16537 109163.416  2.68%  47.3   11s
H  278   291                    112163.23846 109163.416  2.67%  47.0   11s
H  283   291                    111784.27896 109163.416  2.34%  46.4   11s
H  290   310                    111651.28507 109163.416  2.23%  46.2   12s
H  291   310                    111651.11618 109163.416  2.23%  46.0   12s
H 1362  1125                    111648.22093 109163.416  2.23%  23.7   15s
H 1363  1124                    111629.47768 109163.416  2.21%  23.6   15s
H 2511  1830                    111629.47767 109290.830  2.10%  21.8   17s
H 2528  1830                    111629.47763 109290.830  2.10%  21.8   17s
  3080  2146 110529.534   28   54 111629.478 109317.392  2.07%  21.1   21s
H 3116  2082                    111629.47750 109317.392  2.07%  23.4   23s
H 3134  1974                    111629.47742 109317.392  2.07%  23.4   23s
H 3685  2180                    111629.47715 109317.392  2.07%  25.4   26s
H 3694  2085                    111629.47469 109317.392  2.07%  25.5   26s
  3935  2199 110450.303   32   31 111629.475 109317.392  2.07%  25.5   31s
H 4891  2314                    111629.47466 109317.392  2.07%  24.7   33s
H 4902  2228                    111629.47457 109317.392  2.07%  24.7   33s
  6202  2718 109572.820   21   17 111629.475 109317.392  2.07%  23.2   35s
H 8470  3160                    111474.71732 109317.392  1.94%  23.6   37s
H 9096  3460                    111474.71706 109317.392  1.94%  23.7   38s
H 9243  3364                    111368.01365 109317.392  1.84%  23.6   38s
H 9581  3223                    111282.37401 109337.304  1.75%  23.5   38s
* 9582  3220              96    111279.98289 109337.304  1.75%  23.5   38s
H 9586  3211                    111275.95299 109337.304  1.74%  23.5   38s
H 9587  3192                    111270.22441 109337.304  1.74%  23.5   38s
H 9588  3192                    111269.99445 109337.304  1.74%  23.5   38s
* 9589  3191              98    111269.86868 109337.304  1.74%  23.5   38s
 10936  3973 111068.048   48   31 111269.869 109427.561  1.66%  23.6   40s
*13176  5017              82    111262.87755 109524.919  1.56%  23.6   41s
 17014  6987 111249.784   51   18 111262.878 109633.327  1.46%  24.2   45s
 22760  9877 110707.826   29   37 111262.878 109739.110  1.37%  24.3   50s
 23900 11742     cutoff   32      111262.878 109755.553  1.35%  24.2   55s
H29421 12413                    111262.87744 109798.611  1.32%  24.2   58s
 30703 13624 111085.782   35   38 111262.877 109830.497  1.29%  24.1   60s
H34349 14890                    111238.89302 109866.653  1.23%  24.0   63s
 37219 16255 110623.168   26   22 111238.893 109920.774  1.18%  23.9   65s
 42797 19010 110525.049   27   21 111238.893 109988.954  1.12%  23.8   70s
H48078 19946                    111220.56833 110038.983  1.06%  23.7   85s
H48080 18942                    111220.56826 110038.983  1.06%  23.7   87s
H48087 17998                    111220.56819 110038.983  1.06%  23.7   89s
 48090 18000 110455.169   32   91 111220.568 110038.983  1.06%  23.7   90s
H48096 17104                    111220.56814 110038.983  1.06%  23.7   93s
H48098 16250                    111220.56711 110038.983  1.06%  23.7   95s
 48776 16439 110916.866   50   31 111220.567 110038.983  1.06%  24.0  100s
H48849 15607                    111220.56700 110038.983  1.06%  24.1  100s
H48854 14834                    111220.56612 110038.983  1.06%  24.1  100s
H48994 14102                    111220.56608 110038.983  1.06%  24.0  108s
H48995 13405                    111206.48794 110038.983  1.05%  24.0  108s
H49008 12738                    111204.87593 110038.983  1.05%  24.1  108s
H49009 12109                    111204.87580 110038.983  1.05%  24.1  108s
 49428 12218 110810.853   37   53 111204.876 110038.983  1.05%  24.2  110s
H50110 11668                    111204.87562 110038.983  1.05%  24.3  118s
H50115 11098                    111204.87542 110038.983  1.05%  24.3  118s
 50982 11340 110038.983   31   65 111204.875 110038.983  1.05%  24.4  120s
 54420 12000 110877.252   34   44 111204.875 110038.983  1.05%  24.8  125s
 59437 12955 110038.983   33   45 111204.875 110038.983  1.05%  24.9  130s
 64007 13330     cutoff   36      111204.875 110038.983  1.05%  24.8  140s
H64008 12790                    111204.87515 110038.983  1.05%  24.8  140s
H64010 12277                    111204.87439 110038.983  1.05%  24.8  140s
H64014 11789                    111204.87391 110038.983  1.05%  24.8  140s
H64024 11323                    111204.87266 110038.983  1.05%  24.8  140s
 67856 12173 111037.973   41   27 111204.873 110103.943  0.99%  24.8  145s
 74145 13142     cutoff   51      111204.873 110218.160  0.89%  24.5  150s
 80359 15786 110356.157   35   58 111204.873 110311.279  0.80%  24.2  155s
 86121 18286     cutoff   36      111204.873 110353.754  0.77%  24.0  160s
 92931 20746 110657.791   45   24 111204.873 110392.092  0.73%  24.0  166s
 97741 22145 111079.443   55   52 111204.873 110418.456  0.71%  23.9  170s
H100505 22810                    111204.87260 110442.275  0.69%  23.9  172s
H100571 22810                    111204.87238 110442.275  0.69%  23.9  172s
H101014 22810                    111204.87236 110445.710  0.68%  23.9  172s
 104675 24630 111075.728   50   40 111204.872 110462.269  0.67%  23.7  176s
 109559 25701 111201.722   51   10 111204.872 110477.614  0.65%  23.7  180s
H109813 25701                    111204.87189 110478.429  0.65%  23.7  181s
 115840 28184 110793.351   43   28 111204.872 110500.806  0.63%  23.5  186s
 121033 29879 110892.012   44   30 111204.872 110516.432  0.62%  23.4  191s
 128749 31751 110977.689   52   26 111204.872 110538.767  0.60%  23.2  196s
H129656 31597                    111199.51013 110539.793  0.59%  23.2  196s
*129659 31594              75    111199.37113 110539.793  0.59%  23.2  196s
H131763 31836                    111199.37095 110548.758  0.59%  23.2  198s
H132386 31836                    111199.37031 110549.454  0.58%  23.2  198s
 132499 32457 110921.173   51   22 111199.370 110549.686  0.58%  23.2  200s
 140282 35290 111075.362   56   54 111199.370 110577.871  0.56%  23.0  206s
H145151 35890                    111188.04189 110581.820  0.55%  22.9  208s
*145154 35887              87    111187.92125 110581.820  0.55%  22.9  208s
 146254 36605 111044.605   45   30 111187.921 110585.291  0.54%  22.9  210s
H146367 36580                    111187.44129 110585.291  0.54%  22.9  210s
*146368 36573              84    111187.32064 110585.291  0.54%  22.9  210s
H146575 36560                    111186.91836 110585.398  0.54%  22.8  210s
*146576 36552              80    111186.79772 110585.398  0.54%  22.8  210s
*147043 36550              83    111186.71969 110585.398  0.54%  22.8  210s
 153224 38305 111186.429   78    9 111186.720 110603.624  0.52%  22.6  217s
H153505 38305                    111186.71967 110604.144  0.52%  22.6  217s
H153733 37591                    111176.60548 110604.144  0.51%  22.6  217s
H154243 37841                    111176.60546 110604.706  0.51%  22.6  219s
 155071 38710 110682.494   41   24 111176.605 110608.805  0.51%  22.6  220s
 164111 40973 110930.420   53   25 111176.605 110622.257  0.50%  22.4  226s
 170038 43158 111130.247   44   68 111176.605 110637.311  0.49%  22.3  231s
 178504 46323 111097.596   55   24 111176.605 110646.232  0.48%  22.1  236s
 183971 48530 111076.170   55   40 111176.605 110649.752  0.47%  22.0  240s
H186920 48872                    111176.60501 110651.591  0.47%  21.9  243s
 188195 49523 111039.891   38   26 111176.605 110651.826  0.47%  21.9  245s
H192852 50528                    111176.56373 110657.920  0.47%  21.8  248s
*192853 50519              70    111176.44309 110657.920  0.47%  21.8  248s
 196825 51689 110961.141   50   34 111176.443 110668.028  0.46%  21.7  251s
 201841 53353 111136.899   54   26 111176.443 110680.513  0.45%  21.7  255s
 211043 55403 110886.225   50   22 111176.443 110687.847  0.44%  21.6  261s
H217648 56570                    111176.44305 110693.466  0.43%  21.5  267s
H217716 56570                    111176.44293 110693.519  0.43%  21.5  267s
 222297 57633     cutoff   53      111176.443 110698.475  0.43%  21.5  271s
 227666 58175     cutoff   43      111176.443 110710.559  0.42%  21.5  275s
 236606 60986 110875.203   47   27 111176.443 110729.916  0.40%  21.4  281s
 243827 62341 110737.054   43   53 111176.443 110735.754  0.40%  21.3  288s
H244680 62341                    111176.44286 110736.244  0.40%  21.3  288s
H245377 62341                    111176.44228 110736.279  0.40%  21.3  288s
H245499 62341                    111176.44227 110736.279  0.40%  21.3  288s
 245905 63120 111076.623   60   56 111176.442 110736.304  0.40%  21.3  290s
 254131 64732     cutoff   48      111176.442 110744.827  0.39%  21.1  295s
 264927 66297 110876.744   53   21 111176.442 110749.012  0.38%  20.9  300s

Cutting planes:
  Gomory: 14
  MIR: 1

Explored 265394 nodes (5544805 simplex iterations) in 300.07 seconds (317.15 work units)
Thread count was 20 (of 80 available processors)

Solution count 10: 111176 111176 111176 ... 111205

Time limit reached
Best objective 1.111764422828e+05, best bound 1.107493136753e+05, gap 0.3842%

User-callback calls 564369, time in user-callback 0.40 sec
