
Gurobi 11.0.3 (linux64) logging started Tue 19 Nov 2024 12:56:50 AM CST

Set parameter LogFile to value "/home/dlcole3/graph_abstraction/hierarchical_graphs/git_storage/CS1/HP_low_reserves/gurobi_logs/serial/logfile_ST28_7.log"

Gurobi 11.0.3 (linux64) logging started Tue 19 Nov 2024 01:07:56 AM CST

Set parameter LogFile to value "/home/dlcole3/graph_abstraction/hierarchical_graphs/git_storage/CS1/HP_low_reserves/gurobi_logs/serial/logfile_ST28_7.log"
Gurobi Optimizer version 11.0.3 build v11.0.3rc0 (linux64 - "Ubuntu 18.04.3 LTS")

CPU model: Intel(R) Xeon(R) CPU E5-2698 v4 @ 2.20GHz, instruction set [SSE2|AVX|AVX2]
Thread count: 40 physical cores, 80 logical processors, using up to 20 threads

Optimize a model with 29168 rows, 50688 columns and 136175 nonzeros
Model fingerprint: 0xad7cef91
Variable types: 46944 continuous, 3744 integer (3744 binary)
Coefficient statistics:
  Matrix range     [6e-01, 2e+04]
  Objective range  [2e+00, 2e+04]
  Bounds range     [5e-02, 2e+05]
  RHS range        [7e-03, 7e+03]
Presolve removed 14365 rows and 38890 columns
Presolve time: 0.35s
Presolved: 14803 rows, 11798 columns, 63016 nonzeros
Variable types: 8812 continuous, 2986 integer (2986 binary)
Found heuristic solution: objective 784631.26511
Found heuristic solution: objective 529434.82447

Root relaxation: objective 5.911723e+04, 9700 iterations, 0.60 seconds (0.48 work units)

    Nodes    |    Current Node    |     Objective Bounds      |     Work
 Expl Unexpl |  Obj  Depth IntInf | Incumbent    BestBd   Gap | It/Node Time

     0     0 59117.2323    0   49 529434.824 59117.2323  88.8%     -    1s
     0     0 59117.2323    0   49 529434.824 59117.2323  88.8%     -    2s
H    0     0                    144214.30123 59117.2323  59.0%     -    2s
     0     2 59117.2323    0   47 144214.301 59117.2323  59.0%     -    2s
H   31    52                    86346.977643 59301.2663  31.3%  47.9    3s
H   32    52                    80989.881725 59301.2663  26.8%  46.5    3s
H   35    52                    67691.236625 59301.2663  12.4%  43.9    3s
H   41    52                    66956.542620 59301.2663  11.4%  45.5    3s
H   47    52                    65458.657003 59301.2663  9.41%  46.1    3s
H  470   486                    61634.236816 59301.2663  3.79%  31.0    4s
H  581   534                    61632.963806 59301.2663  3.78%  28.3    4s
H  678   594                    61632.028859 59301.2663  3.78%  27.4    4s
H  800   684                    61629.502787 59301.2663  3.78%  25.8    4s
H  801   684                    61625.909174 59301.2663  3.77%  25.8    4s
*  802   684              47    61624.199765 59301.2663  3.77%  25.8    4s
H  853   738                    60408.167175 59301.2663  1.83%  25.3    4s
H  994   773                    60371.015948 59301.2663  1.77%  23.6    4s
H 1029   787                    60371.015941 59301.2663  1.77%  23.4    4s
H 1034   787                    60371.003611 59301.2663  1.77%  23.4    4s
  1050   830 60005.4824   47   17 60371.0036 59301.2663  1.77%  23.2    5s
H 1073   830                    60370.758189 59301.2663  1.77%  23.0    5s
H 1141   894                    60368.762427 59301.2663  1.77%  22.6    5s
* 1144   894              51    60368.558480 59301.2663  1.77%  22.6    5s
H 1196   952                    60092.485050 59301.2663  1.32%  22.3    5s
H 1283   939                    60040.660913 59301.2663  1.23%  21.7    5s
H 1404   981                    60034.097220 59301.2663  1.22%  20.6    5s
H 1682  1027                    60028.783059 59317.2503  1.19%  19.5    5s
* 1769  1061              54    60028.546755 59318.4060  1.18%  19.3    5s
H 2604  1060                    60025.090370 59321.4934  1.17%  17.7   10s
H 2622  1060                    60025.090296 59321.4934  1.17%  17.7   10s
H 2626  1060                    60015.474353 59321.4934  1.16%  17.7   10s
H 3640  1057                    60015.474017 59441.0098  0.96%  17.0   12s
H 3654  1057                    60015.473658 59441.0098  0.96%  17.0   12s
H 3666  1068                    60015.473621 59441.0098  0.96%  17.0   13s
H 3692  1068                    60015.473300 59441.0098  0.96%  16.9   13s
H 3697  1068                    60015.472738 59441.0098  0.96%  16.9   13s
  5623  1074 59969.9163   22   27 60015.4727 59776.3312  0.40%  17.0   15s
H 6591   805                    59997.793993 59779.5673  0.36%  16.4   16s
H 6631   791                    59997.793919 59779.5673  0.36%  17.4   19s
H 6637   751                    59997.793883 59779.5673  0.36%  17.4   19s
H 6642   713                    59997.793814 59779.5673  0.36%  17.4   19s
H 6646   678                    59997.793752 59779.5673  0.36%  17.4   19s
  6794   767 59779.5673   23   19 59997.7938 59779.5673  0.36%  17.4   20s
H 6887   754                    59997.793703 59779.5673  0.36%  17.4   21s
H 6891   722                    59997.793224 59779.5673  0.36%  17.4   21s
H 6892   692                    59997.792339 59779.5673  0.36%  17.4   21s
H 7005   697                    59997.792316 59779.5673  0.36%  17.4   22s
H 8009   714                    59997.792142 59779.5673  0.36%  17.4   24s
H 8010   688                    59997.792089 59779.5673  0.36%  17.4   24s
H 8016   685                    59997.791974 59779.5673  0.36%  17.4   24s
H 8029   685                    59997.791930 59779.5673  0.36%  17.4   24s
  8488   937 59779.5673   27   27 59997.7919 59779.5673  0.36%  17.4   25s
H 9291  1103                    59997.791848 59779.5673  0.36%  17.4   25s
 15988  2615 59796.0272   34   31 59997.7918 59779.5673  0.36%  16.6   30s
 22962  3532 59900.9559   28   20 59997.7918 59779.5673  0.36%  16.4   35s
 29194  3668     cutoff   22      59997.7918 59779.5673  0.36%  16.3   40s
H29199  3668                    59997.791652 59779.5673  0.36%  16.3   40s
 36279  2982     cutoff   35      59997.7917 59779.5673  0.36%  16.2   45s

Explored 43937 nodes (708682 simplex iterations) in 49.47 seconds (44.40 work units)
Thread count was 20 (of 80 available processors)

Solution count 10: 59997.8 59997.8 60015.5 ... 60408.2

Optimal solution found (tolerance 3.00e-03)
Best objective 5.999779399619e+04, best bound 5.985846265904e+04, gap 0.2322%

User-callback calls 94156, time in user-callback 0.29 sec
