
Gurobi 11.0.3 (linux64) logging started Mon 18 Nov 2024 11:51:24 PM CST

Set parameter LogFile to value "/home/dlcole3/graph_abstraction/hierarchical_graphs/git_storage/CS1/HP_low_reserves/gurobi_logs/serial/logfile_ST23_4.log"

Gurobi 11.0.3 (linux64) logging started Mon 18 Nov 2024 11:54:39 PM CST

Set parameter LogFile to value "/home/dlcole3/graph_abstraction/hierarchical_graphs/git_storage/CS1/HP_low_reserves/gurobi_logs/serial/logfile_ST23_4.log"
Gurobi Optimizer version 11.0.3 build v11.0.3rc0 (linux64 - "Ubuntu 18.04.3 LTS")

CPU model: Intel(R) Xeon(R) CPU E5-2698 v4 @ 2.20GHz, instruction set [SSE2|AVX|AVX2]
Thread count: 40 physical cores, 80 logical processors, using up to 20 threads

Optimize a model with 29168 rows, 50688 columns and 136175 nonzeros
Model fingerprint: 0x2d4cbb8b
Variable types: 46944 continuous, 3744 integer (3744 binary)
Coefficient statistics:
  Matrix range     [6e-01, 2e+04]
  Objective range  [2e+00, 2e+04]
  Bounds range     [5e-02, 2e+05]
  RHS range        [5e-02, 7e+03]
Presolve removed 14170 rows and 38545 columns
Presolve time: 0.43s
Presolved: 14998 rows, 12143 columns, 64457 nonzeros
Variable types: 9055 continuous, 3088 integer (3088 binary)
Found heuristic solution: objective 2783847.8391
Found heuristic solution: objective 2727244.3263

Root relaxation: objective 1.316371e+05, 8549 iterations, 0.68 seconds (0.46 work units)

    Nodes    |    Current Node    |     Objective Bounds      |     Work
 Expl Unexpl |  Obj  Depth IntInf | Incumbent    BestBd   Gap | It/Node Time

     0     0 131637.078    0   71 2727244.33 131637.078  95.2%     -    2s
H    0     0                    181727.94661 131637.078  27.6%     -    2s
     0     0 131637.078    0   90 181727.947 131637.078  27.6%     -    2s
     0     0 131638.324    0   81 181727.947 131638.324  27.6%     -    2s
     0     0 131638.324    0  111 181727.947 131638.324  27.6%     -    3s
     0     0 131638.347    0  111 181727.947 131638.347  27.6%     -    3s
     0     2 131638.347    0  111 181727.947 131638.347  27.6%     -    3s
H   37    52                    164162.76526 131640.527  19.8%  38.2    4s
H   40    52                    160050.57917 131643.479  17.7%  35.9    4s
    51    72 132278.223    6   52 160050.579 131643.479  17.7%  39.1    5s
H   92   112                    159875.48416 131643.479  17.7%  40.6    5s
H   99   112                    159869.20186 131643.479  17.7%  40.2    5s
H  104   112                    158854.45272 131685.118  17.1%  40.4    5s
H  104   112                    145016.51593 131685.118  9.19%  40.4    5s
H  161   182                    141356.25205 131685.118  6.84%  50.1    7s
H  163   182                    140087.91741 131685.118  6.00%  50.2    7s
H  218   239                    134310.41851 131685.118  1.95%  52.1   12s
   588   617 132927.318   21   46 134310.419 131685.118  1.95%  46.7   19s
   696   681 133214.482   32   47 134310.419 131685.118  1.95%  44.5   20s
H 1245  1095                    134291.58596 131685.118  1.94%  36.4   22s
H 1246  1095                    134284.93451 131685.118  1.94%  36.3   22s
H 1247  1095                    134270.79206 131685.118  1.93%  36.3   22s
H 1295  1095                    134241.25617 131685.118  1.90%  36.2   22s
H 2463  1811                    134223.21404 131924.896  1.71%  33.3   24s
H 2469  1798                    134199.06002 131924.896  1.69%  33.4   24s
H 2544  1797                    134195.13751 131924.896  1.69%  33.2   24s
  2551  1883     cutoff   16      134195.138 131951.692  1.67%  33.4   25s
H 2825  1967                    134166.53453 131951.692  1.65%  33.5   25s
* 2827  1967              92    134166.35268 131951.692  1.65%  33.4   25s
  3254  2171 132302.859   10  111 134166.353 132027.831  1.59%  33.4   30s
  3455  2316 133740.839   23   55 134166.353 132027.831  1.59%  36.5   35s
H 3750  2304                    133934.41042 132027.831  1.42%  37.8   39s
H 3756  2198                    133923.05358 132027.831  1.42%  37.8   39s
  3775  2221 133064.340   29   53 133923.054 132027.831  1.42%  37.8   40s
H 4402  2183                    133741.77592 132027.831  1.28%  37.1   42s
  5569  2336 132075.630   28   51 133741.776 132027.831  1.28%  36.7   45s
H 5576  2237                    133739.47848 132027.831  1.28%  36.7   45s
  8801  2729 132302.633   26   77 133739.478 132207.202  1.15%  37.3   50s
 12719  4364 133199.106   34   40 133739.478 132412.507  0.99%  36.7   55s
 17180  5971 133263.209   34   37 133739.478 132545.604  0.89%  36.4   60s
 19776  6750 133488.737   34   63 133739.478 132644.328  0.82%  36.1   65s
 22360  7208     cutoff   28      133739.478 132694.955  0.78%  36.1   70s
 27082  8498 132913.282   32   39 133739.478 132796.645  0.70%  35.4   75s
 31772  9612 133597.792   35   44 133739.478 132872.648  0.65%  34.8   80s
 36059 10723     cutoff   35      133739.478 132909.113  0.62%  33.8   85s
 42450 12175 133476.393   43   37 133739.478 132956.774  0.59%  32.6   91s
 46310 13123 133238.949   40   48 133739.478 132981.388  0.57%  32.0  115s
H51062 13294                    133739.47759 133004.923  0.55%  31.5  119s
H51076 13281                    133737.40576 133004.923  0.55%  31.5  119s
H51150 13281                    133737.40573 133004.923  0.55%  31.5  119s
 51414 13598 133733.385   42   64 133737.406 133013.627  0.54%  31.5  121s
 54310 13920 133444.585   36   32 133737.406 133039.810  0.52%  31.4  126s
 58567 14486     cutoff   41      133737.406 133080.915  0.49%  31.3  130s
*64976 14967              73    133736.64372 133135.163  0.45%  30.9  134s
 65830 15104 133286.853   38   73 133736.644 133165.449  0.43%  30.8  137s
 70423 15471 133475.765   46   77 133736.644 133199.154  0.40%  30.7  142s
 75550 15965 133695.485   42   39 133736.644 133235.339  0.37%  30.3  146s
H78172 15974                    133736.64369 133250.191  0.36%  30.1  148s
 78589 16054 133704.412   41   56 133736.644 133255.004  0.36%  30.1  150s
 83619 15958 133506.455   38   69 133736.644 133284.702  0.34%  29.9  155s
*90211 16287              67    133734.43709 133311.335  0.32%  29.3  159s
 91174 16348 133478.857   46   71 133734.437 133315.619  0.31%  29.2  161s

Cutting planes:
  Gomory: 15
  MIR: 2

Explored 95991 nodes (2786629 simplex iterations) in 163.80 seconds (167.66 work units)
Thread count was 20 (of 80 available processors)

Solution count 10: 133734 133734 133737 ... 134195

Optimal solution found (tolerance 3.00e-03)
Best objective 1.337344370945e+05, best bound 1.333494306692e+05, gap 0.2879%

User-callback calls 214817, time in user-callback 0.29 sec
