
Gurobi 11.0.3 (linux64) logging started Mon 18 Nov 2024 11:34:30 PM CST

Set parameter LogFile to value "/home/dlcole3/graph_abstraction/hierarchical_graphs/git_storage/CS1/HP_low_reserves/gurobi_logs/serial/logfile_ST22_3.log"

Gurobi 11.0.3 (linux64) logging started Mon 18 Nov 2024 11:37:27 PM CST

Set parameter LogFile to value "/home/dlcole3/graph_abstraction/hierarchical_graphs/git_storage/CS1/HP_low_reserves/gurobi_logs/serial/logfile_ST22_3.log"
Gurobi Optimizer version 11.0.3 build v11.0.3rc0 (linux64 - "Ubuntu 18.04.3 LTS")

CPU model: Intel(R) Xeon(R) CPU E5-2698 v4 @ 2.20GHz, instruction set [SSE2|AVX|AVX2]
Thread count: 40 physical cores, 80 logical processors, using up to 20 threads

Optimize a model with 29168 rows, 50688 columns and 136175 nonzeros
Model fingerprint: 0x4707829b
Variable types: 46944 continuous, 3744 integer (3744 binary)
Coefficient statistics:
  Matrix range     [6e-01, 2e+04]
  Objective range  [2e+00, 2e+04]
  Bounds range     [5e-02, 2e+05]
  RHS range        [2e-02, 7e+03]
Presolve removed 14046 rows and 38514 columns
Presolve time: 0.38s
Presolved: 15122 rows, 12174 columns, 64668 nonzeros
Variable types: 9113 continuous, 3061 integer (3061 binary)
Found heuristic solution: objective 4224306.1648
Found heuristic solution: objective 3216119.1742

Root relaxation: objective 1.395314e+05, 8329 iterations, 0.48 seconds (0.36 work units)

    Nodes    |    Current Node    |     Objective Bounds      |     Work
 Expl Unexpl |  Obj  Depth IntInf | Incumbent    BestBd   Gap | It/Node Time

     0     0 139531.387    0   57 3216119.17 139531.387  95.7%     -    1s
H    0     0                    169662.31266 139818.110  17.6%     -    2s
     0     0 139818.110    0   89 169662.313 139818.110  17.6%     -    2s
H    0     0                    163084.73642 139974.146  14.2%     -    2s
     0     0 139974.146    0   76 163084.736 139974.146  14.2%     -    2s
     0     0 140231.679    0   81 163084.736 140231.679  14.0%     -    2s
     0     0 140267.899    0   78 163084.736 140267.899  14.0%     -    2s
     0     0 140324.209    0  102 163084.736 140324.209  14.0%     -    2s
     0     0 140324.209    0  138 163084.736 140324.209  14.0%     -    3s
     0     0 140349.838    0  127 163084.736 140349.838  13.9%     -    3s
     0     0 140349.838    0  127 163084.736 140349.838  13.9%     -    3s
     0     2 140349.838    0  127 163084.736 140349.838  13.9%     -    4s
     7    16 140349.838    3   94 163084.736 140349.838  13.9%   248    5s
H   34    52                    154426.04563 140349.838  9.12%   212    6s
H   40    52                    146258.60450 140349.838  4.04%   193    6s
H   41    52                    145747.10477 140349.838  3.70%   188    6s
H  175   103                    145689.30919 140349.838  3.66%   141    8s
H  180   103                    145643.31672 140349.838  3.63%   140    8s
   316   228 145607.130   17   54 145643.317 140349.838  3.63%   121   10s
H  587   444                    143986.62000 140379.001  2.51%  94.7   11s
   782   555 143072.649   14   72 143986.620 140379.001  2.51%  88.8   17s
H  789   555                    143115.41307 140379.001  1.91%  88.6   17s
H  860   564                    143108.72673 140445.386  1.86%  86.8   18s
H  861   564                    143086.14048 140445.386  1.85%  86.9   18s
H  862   564                    143076.71749 140445.386  1.84%  87.0   18s
H  873   564                    143058.80768 140445.386  1.83%  87.1   18s
H  994   634                    143058.80733 140445.386  1.83%  83.1   24s
H  996   634                    142985.91653 140445.386  1.78%  83.1   24s
H 1000   634                    142802.57718 140445.386  1.65%  83.2   24s
H 1001   634                    142737.30470 140445.386  1.61%  83.2   24s
H 1010   634                    142727.36123 140445.386  1.60%  83.6   24s
  1020   738 141952.672   25   54 142727.361 140445.386  1.60%  83.1   25s
  2938  1592 142558.775   42   37 142727.361 141182.356  1.08%  53.0   30s
H 3307  1625                    142647.70567 141203.564  1.01%  50.4   30s
H 3309  1602                    142628.52489 141203.564  1.00%  50.4   30s
* 3310  1597             112    142624.11187 141203.564  1.00%  50.3   30s
H 3517  1518                    142619.62967 141203.564  0.99%  49.2   31s
  3523  1492 142516.777   58  109 142619.630 141203.564  0.99%  49.1   35s
H 3602  1410                    142619.62965 141203.564  0.99%  53.4   39s
H 3608  1337                    142619.62959 141203.564  0.99%  53.5   39s
H 3653  1268                    142619.62952 141203.564  0.99%  54.1   39s
H 3654  1204                    142619.62919 141203.564  0.99%  54.1   39s
H 3662  1140                    142619.62868 141203.564  0.99%  54.1   39s
  3673  1145 141986.942   26   45 142619.629 141203.564  0.99%  54.3   40s
H 3802  1068                    142619.62861 141203.564  0.99%  54.4   41s
H 3804  1013                    142619.62857 141203.564  0.99%  54.4   41s
H 3810   959                    142619.62755 141203.564  0.99%  54.4   41s
  3990   964 141491.428   33   42 142619.628 141203.564  0.99%  54.5   45s
H 3995   912                    142565.51697 141203.564  0.96%  54.5   45s
H 5024  1086                    142565.51695 141203.564  0.96%  49.7   49s
  5033  1170 142544.722   90   19 142565.517 141410.619  0.81%  49.7   50s
H 6832   925                    142565.51693 141998.500  0.40%  45.9   53s

Cutting planes:
  Gomory: 10

Explored 7550 nodes (340092 simplex iterations) in 54.36 seconds (56.41 work units)
Thread count was 20 (of 80 available processors)

Solution count 10: 142566 142566 142566 ... 142803

Optimal solution found (tolerance 3.00e-03)
Best objective 1.425655169302e+05, best bound 1.422132771051e+05, gap 0.2471%

User-callback calls 27580, time in user-callback 0.02 sec
