
Gurobi 11.0.3 (linux64) logging started Mon 18 Nov 2024 10:36:58 PM CST

Set parameter LogFile to value "/home/dlcole3/graph_abstraction/hierarchical_graphs/git_storage/CS1/HP_low_reserves/gurobi_logs/serial/logfile_ST18_4.log"

Gurobi 11.0.3 (linux64) logging started Mon 18 Nov 2024 10:48:25 PM CST

Set parameter LogFile to value "/home/dlcole3/graph_abstraction/hierarchical_graphs/git_storage/CS1/HP_low_reserves/gurobi_logs/serial/logfile_ST18_4.log"
Gurobi Optimizer version 11.0.3 build v11.0.3rc0 (linux64 - "Ubuntu 18.04.3 LTS")

CPU model: Intel(R) Xeon(R) CPU E5-2698 v4 @ 2.20GHz, instruction set [SSE2|AVX|AVX2]
Thread count: 40 physical cores, 80 logical processors, using up to 20 threads

Optimize a model with 29168 rows, 50688 columns and 136175 nonzeros
Model fingerprint: 0xe9c0e5cc
Variable types: 46944 continuous, 3744 integer (3744 binary)
Coefficient statistics:
  Matrix range     [6e-01, 2e+04]
  Objective range  [2e+00, 2e+04]
  Bounds range     [5e-02, 2e+05]
  RHS range        [3e-02, 7e+03]
Presolve removed 13980 rows and 38488 columns
Presolve time: 0.38s
Presolved: 15188 rows, 12200 columns, 64483 nonzeros
Variable types: 9191 continuous, 3009 integer (3009 binary)
Found heuristic solution: objective 224716.88694
Found heuristic solution: objective 192379.68529

Root relaxation: objective 6.220093e+04, 8096 iterations, 0.44 seconds (0.36 work units)

    Nodes    |    Current Node    |     Objective Bounds      |     Work
 Expl Unexpl |  Obj  Depth IntInf | Incumbent    BestBd   Gap | It/Node Time

     0     0 62200.9301    0   30 192379.685 62200.9301  67.7%     -    1s
H    0     0                    128919.49447 62210.1739  51.7%     -    1s
     0     0 62210.1739    0   41 128919.494 62210.1739  51.7%     -    1s
     0     0 62221.6716    0   68 128919.494 62221.6716  51.7%     -    2s
     0     0 62237.4869    0   65 128919.494 62237.4869  51.7%     -    2s
     0     0 62237.4869    0   70 128919.494 62237.4869  51.7%     -    2s
     0     0 62239.5879    0   70 128919.494 62239.5879  51.7%     -    2s
     0     2 62239.5879    0   70 128919.494 62239.5879  51.7%     -    3s
H   38    52                    88975.257118 62323.4110  30.0%  39.4    3s
H   43    52                    78198.726647 62324.0250  20.3%  40.3    3s
H   94   112                    78198.726638 62392.2365  20.2%  57.5    4s
H  100   112                    77831.218510 62396.2438  19.8%  59.0    4s
H  168   180                    77580.130051 62396.2438  19.6%  59.1    4s
   202   223 63803.0586   13   38 77580.1301 62396.2438  19.6%  58.6    5s
H  222   243                    64712.826734 62396.2438  3.58%  57.5    9s
H  224   243                    64597.548221 62396.2438  3.41%  57.9    9s
H  239   243                    64566.874916 62396.2438  3.36%  60.1    9s
H  240   243                    64530.599849 62396.2438  3.31%  60.3    9s
   321   276 63896.7710   19   38 64530.5998 62396.2438  3.31%  55.1   10s
H  494   338                    63711.047886 62411.2898  2.04%  52.9   14s
   521   310     cutoff   12      63711.0479 62411.2898  2.04%  53.5   15s
H  531   310                    63710.360463 62411.2898  2.04%  53.0   15s
H  538   310                    63707.682221 62411.2898  2.03%  52.7   15s
H 2201   750                    63707.602019 63335.4723  0.58%  30.4   18s
* 2202   750             106    63707.427372 63335.4723  0.58%  30.4   18s
H 2334   750                    63706.935196 63335.4723  0.58%  29.3   18s
H 2356   800                    63681.158522 63335.4723  0.54%  29.2   18s
* 2357   800              91    63680.850176 63335.4723  0.54%  29.2   18s
H 3313   857                    63680.850133 63335.4723  0.54%  23.0   20s
H 3321   821                    63680.850081 63335.4723  0.54%  25.0   23s
H 3362   788                    63673.722142 63335.4723  0.53%  25.6   24s
H 3373   745                    63673.721495 63335.4723  0.53%  25.6   24s
  3563   776 63503.2773   17   23 63673.7215 63335.4723  0.53%  25.8   25s
H 3625   743                    63673.721429 63335.4723  0.53%  25.6   25s
H 3633   706                    63673.721281 63335.4723  0.53%  25.6   25s
H 3724   691                    63673.720539 63335.4723  0.53%  25.5   26s
H 4769   989                    63673.720529 63335.4723  0.53%  22.4   29s
H 4771   957                    63673.718713 63335.4723  0.53%  22.4   29s
  6136  1977 63387.9219   43   35 63673.7187 63335.4723  0.53%  19.5   30s
H 6998  2362                    63673.718695 63335.4723  0.53%  18.3   30s
H 7009  2362                    63673.718585 63335.4723  0.53%  18.3   30s
 13840  7580     cutoff   46      63673.7186 63335.4723  0.53%  13.8   35s
 21317 14204 63335.4723   67   11 63673.7186 63335.4723  0.53%  12.0   40s
H23463 14771                    63673.718453 63335.4723  0.53%  11.8   41s
 31395 22033 63335.4723   50   29 63673.7185 63335.4723  0.53%  10.8   46s
 41280 29984     cutoff   88      63673.7185 63335.4723  0.53%  10.2   50s
 47257 35402 63573.6700   74   10 63673.7185 63335.4723  0.53%  10.0   58s
 51735 37191 63335.4723   73   11 63673.7185 63335.4723  0.53%   9.8   60s
H60899 43386                    63673.717887 63335.4723  0.53%   9.6   64s
H62028 43867                    63673.717796 63335.4723  0.53%   9.6   65s
H62121 43867                    63673.717732 63335.4723  0.53%   9.6   65s
H62202 43584                    63668.681399 63335.4723  0.52%   9.6   65s
 69601 51263 63335.4723   82   22 63668.6814 63335.4723  0.52%   9.5   70s
 83508 60664 63335.4723   63   21 63668.6814 63335.4723  0.52%   9.4   75s
H89337 63854                    63668.681329 63335.4723  0.52%   9.4   78s
H89377 63825                    63668.317701 63335.4723  0.52%   9.4   78s
H89500 63475                    63665.149448 63335.4723  0.52%   9.4   78s
H89594 63268                    63662.943749 63335.4723  0.51%   9.4   78s
H90053 61447                    63643.232245 63335.4723  0.48%   9.4   78s
 90638 64124 63413.5405   89    1 63643.2322 63335.4723  0.48%   9.4   80s
H98212 66549                    63638.874864 63335.4723  0.48%   9.2   83s
H98216 66549                    63638.874850 63335.4723  0.48%   9.2   83s
 98488 81051 63356.1831   81   17 63638.8748 63335.4723  0.48%   9.2   92s
 121840 85708 63397.5038   68   22 63638.8748 63335.4723  0.48%   9.0   95s
H125763 86366                    63638.874840 63335.4723  0.48%   9.0   97s
H125969 86366                    63638.874797 63335.4723  0.48%   9.0   97s
H126238 86366                    63638.874689 63335.4723  0.48%   9.0   97s
 130386 91367 63572.2999   69   14 63638.8747 63335.4723  0.48%   9.0  100s
 142041 99315 63617.2067   73    1 63638.8747 63335.4723  0.48%   9.0  105s
 155565 108937 63629.5701   94    1 63638.8747 63335.4723  0.48%   8.9  110s
 164197 113908     cutoff  101      63638.8747 63335.4723  0.48%   9.0  115s
H164229 113872                    63638.712468 63335.4723  0.48%   9.0  115s
H164434 113571                    63637.007321 63335.4723  0.47%   8.9  115s
 176318 123944 63335.4723   54   28 63637.0073 63335.4723  0.47%   8.9  120s
 188136 131946 63380.4849   68   19 63637.0073 63335.4723  0.47%   8.9  125s
 200838 142364 63335.4723   46   20 63637.0073 63335.4723  0.47%   8.8  130s
H209775 146870                    63637.007306 63335.4723  0.47%   8.8  134s
H209945 146870                    63637.007271 63335.4723  0.47%   8.8  134s
H210028 146746                    63636.337449 63335.4723  0.47%   8.8  134s
 210681 149199 63335.4723   51   26 63636.3374 63335.4723  0.47%   8.8  135s
 221771 157063 63340.0814   80    9 63636.3374 63335.4723  0.47%   8.7  140s
 234638 165352 63629.5721   67    7 63636.3374 63335.4723  0.47%   8.7  145s
 243242 171208 63335.4723   77    6 63636.3374 63335.4723  0.47%   8.7  150s
H250252 174672                    63636.336881 63335.4723  0.47%   8.7  153s
H250363 174672                    63636.336868 63335.4723  0.47%   8.7  153s
H250859 174672                    63636.336858 63335.4723  0.47%   8.7  153s
H250939 174672                    63636.336850 63335.4723  0.47%   8.7  153s
H250967 174672                    63636.336842 63335.4723  0.47%   8.7  153s
H251087 174672                    63636.336803 63335.4723  0.47%   8.7  153s
H251214 174672                    63636.336762 63335.4723  0.47%   8.7  153s
H251302 174672                    63636.336673 63335.4723  0.47%   8.7  153s
 251454 176950 63335.4723   54   26 63636.3367 63335.4723  0.47%   8.7  155s
 266021 186066 63335.4723   54   21 63636.3367 63335.4723  0.47%   8.7  161s
 274891 192339 63606.6802   66   23 63636.3367 63335.4723  0.47%   8.8  165s
 287268 198839 63353.8735   82    6 63636.3367 63335.4723  0.47%   8.8  171s
H287803 198839                    63636.336421 63335.4723  0.47%   8.8  171s
H287956 197924                    63633.293079 63335.4723  0.47%   8.8  171s
H288720 196717                    63628.935681 63335.4723  0.46%   8.8  173s
H288778 196717                    63628.935668 63335.4723  0.46%   8.8  173s
H288780 196608                    63628.609525 63335.4723  0.46%   8.8  173s
 289063 198983 63528.3780   60   20 63628.6095 63335.4723  0.46%   8.8  175s
 299418 206027     cutoff   83      63628.6095 63335.4723  0.46%   8.8  180s
 311992 214242 63335.4723   61   20 63628.6095 63335.4723  0.46%   8.9  185s
 319881 222723 63347.9259   71   21 63628.6095 63335.4723  0.46%   8.9  192s
 331185 227579 63366.5858   66   20 63628.6095 63335.4723  0.46%   8.9  195s
 342270 234595 63565.6919   70   12 63628.6095 63335.4723  0.46%   8.9  200s
 356092 243548 63335.4723   63   14 63628.6095 63335.4723  0.46%   8.9  206s
H356530 243548                    63628.609413 63335.4723  0.46%   8.9  206s
H358479 244404                    63628.323353 63335.4723  0.46%   8.9  207s
H358879 243159                    63625.077577 63335.4723  0.46%   8.9  207s
 362959 247745 63553.1570   75   16 63625.0776 63335.4723  0.46%   8.9  210s
 372817 254574 63368.5138   80    1 63625.0776 63335.4723  0.46%   8.9  215s
 387085 263311 63335.4723   58   28 63625.0776 63335.4723  0.46%   8.9  220s
H396503 266546                    63620.720180 63335.4723  0.45%   8.9  225s
H396585 266546                    63620.720172 63335.4723  0.45%   8.9  225s
 408977 276681 63415.6615   91   17 63620.7202 63335.4723  0.45%   8.9  231s
 419362 283916 63335.4723   66   26 63620.7202 63335.4723  0.45%   8.9  235s
 431814 289827 63335.4723   58   31 63620.7202 63335.4723  0.45%   8.9  241s
 438761 294848 63400.6595   64   29 63620.7202 63335.4723  0.45%   8.9  245s
H440075 294714                    63620.433779 63335.4723  0.45%   8.9  245s
 448587 303516     cutoff   88      63620.4338 63335.4723  0.45%   8.9  251s
H458834 308277                    63620.433663 63335.4723  0.45%   8.9  261s
H458835 307946                    63619.738461 63335.4723  0.45%   8.9  261s
H458839 307610                    63619.113456 63335.4723  0.45%   8.9  261s
H458840 307424                    63618.769253 63335.4723  0.45%   8.9  261s
 458858 320673 63537.9213   60   24 63618.7693 63335.4723  0.45%   8.9  271s
H460860 320673                    63618.768916 63335.4723  0.45%   8.9  271s
 480434 324522 63335.4723   70   19 63618.7689 63335.4723  0.45%   8.9  275s
 493943 333475 63578.1192   78    9 63618.7689 63335.4723  0.45%   8.9  280s
 506520 342580 63335.4723   71    9 63618.7689 63335.4723  0.45%   8.9  286s
 517178 349817 63335.4723   55   25 63618.7689 63335.4723  0.45%   8.9  290s
 530317 358674 63607.3216   72   10 63618.7689 63335.4723  0.45%   8.9  295s
 540400 364406 63401.9922   57   29 63618.7689 63335.4723  0.45%   8.9  300s

Cutting planes:
  Gomory: 3

Explored 543063 nodes (4841739 simplex iterations) in 300.08 seconds (315.55 work units)
Thread count was 20 (of 80 available processors)

Solution count 10: 63618.8 63618.8 63618.8 ... 63628.3

Time limit reached
Best objective 6.361876891737e+04, best bound 6.333547227142e+04, gap 0.4453%

User-callback calls 1107385, time in user-callback 0.55 sec
