
Gurobi 11.0.3 (linux64) logging started Tue 19 Nov 2024 12:42:27 AM CST

Set parameter LogFile to value "/home/dlcole3/graph_abstraction/hierarchical_graphs/git_storage/CS1/HP_low_reserves/gurobi_logs/serial/logfile_DA_27.log"
Set parameter TimeLimit to value 900

Gurobi 11.0.3 (linux64) logging started Tue 19 Nov 2024 12:42:28 AM CST

Set parameter LogFile to value "/home/dlcole3/graph_abstraction/hierarchical_graphs/git_storage/CS1/HP_low_reserves/gurobi_logs/serial/logfile_DA_27.log"
Gurobi Optimizer version 11.0.3 build v11.0.3rc0 (linux64 - "Ubuntu 18.04.3 LTS")

CPU model: Intel(R) Xeon(R) CPU E5-2698 v4 @ 2.20GHz, instruction set [SSE2|AVX|AVX2]
Thread count: 40 physical cores, 80 logical processors, using up to 20 threads

Optimize a model with 35850 rows, 31725 columns and 164765 nonzeros
Model fingerprint: 0xd6aed5df
Variable types: 19950 continuous, 11775 integer (11775 binary)
Coefficient statistics:
  Matrix range     [5e-02, 2e+04]
  Objective range  [1e+00, 8e+04]
  Bounds range     [5e-02, 2e+05]
  RHS range        [5e-03, 7e+03]
Presolve removed 4322 rows and 5714 columns
Presolve time: 0.78s
Presolved: 31528 rows, 26011 columns, 146391 nonzeros
Variable types: 15449 continuous, 10562 integer (10562 binary)
Found heuristic solution: objective 1.020543e+09
Found heuristic solution: objective 7.643232e+08
Found heuristic solution: objective 6.386783e+08
Deterministic concurrent LP optimizer: primal and dual simplex
Showing primal log only...

Concurrent spin time: 0.00s

Solved with dual simplex

Root relaxation: objective 1.080899e+07, 13471 iterations, 0.97 seconds (0.70 work units)

    Nodes    |    Current Node    |     Objective Bounds      |     Work
 Expl Unexpl |  Obj  Depth IntInf | Incumbent    BestBd   Gap | It/Node Time

     0     0 1.0809e+07    0   93 6.3868e+08 1.0809e+07  98.3%     -    3s
H    0     0                    6.356216e+08 1.0809e+07  98.3%     -    3s
H    0     0                    1.649305e+07 1.0809e+07  34.5%     -    3s
     0     0 1.0810e+07    0  110 1.6493e+07 1.0810e+07  34.5%     -    3s
     0     0 1.0813e+07    0  128 1.6493e+07 1.0813e+07  34.4%     -    4s
     0     0 1.0813e+07    0  128 1.6493e+07 1.0813e+07  34.4%     -    4s
     0     0 1.0813e+07    0  124 1.6493e+07 1.0813e+07  34.4%     -    5s
     0     0 1.0815e+07    0  124 1.6493e+07 1.0815e+07  34.4%     -    5s
     0     2 1.0815e+07    0  124 1.6493e+07 1.0815e+07  34.4%     -    6s
H   32    52                    1.649305e+07 1.0817e+07  34.4%   122    9s
H   50    52                    1.438773e+07 1.0818e+07  24.8%   109    9s
H   51    72                    1.136833e+07 1.0818e+07  4.84%   121   10s
H   52    72                    1.134706e+07 1.0818e+07  4.66%   119   10s
H   59    72                    1.093533e+07 1.0818e+07  1.07%   112   10s
   235   256 1.0832e+07   10   71 1.0935e+07 1.0818e+07  1.07%   222   15s
   471   525 1.0852e+07   20   98 1.0935e+07 1.0818e+07  1.07%   215   20s
H  526   545                    1.087439e+07 1.0818e+07  0.52%   205   29s
H  533   545                    1.087181e+07 1.0818e+07  0.49%   205   29s
H  537   545                    1.087149e+07 1.0818e+07  0.49%   205   29s
   636   601 1.0855e+07   22   90 1.0871e+07 1.0818e+07  0.49%   190   30s
  1039   886 1.0865e+07   32   83 1.0871e+07 1.0818e+07  0.49%   143   40s
H 1040   886                    1.086870e+07 1.0818e+07  0.46%   143   40s
H 1041   886                    1.086789e+07 1.0818e+07  0.46%   142   40s
H 1046   886                    1.086777e+07 1.0818e+07  0.46%   142   40s
  1603  1143 1.0850e+07   19   74 1.0868e+07 1.0819e+07  0.45%   128   45s
  2116  1415 1.0828e+07    9  128 1.0868e+07 1.0822e+07  0.42%   122   50s
  3143  1983 1.0857e+07   17  102 1.0868e+07 1.0824e+07  0.40%   114   55s
  3324  1984 1.0845e+07   21  124 1.0868e+07 1.0824e+07  0.40%   114   61s
  3330  1988 1.0852e+07   16   84 1.0868e+07 1.0824e+07  0.40%   114   65s
  3462  2010 1.0826e+07   22   92 1.0868e+07 1.0824e+07  0.40%   122   70s
  3555  2013 1.0855e+07   25   46 1.0868e+07 1.0824e+07  0.40%   121   76s
  3716  2035 1.0824e+07   22   90 1.0868e+07 1.0824e+07  0.40%   121   80s
  4200  2118     cutoff   41      1.0868e+07 1.0824e+07  0.40%   116   85s
  4417  2117 1.0863e+07   31   92 1.0868e+07 1.0824e+07  0.40%   114   91s
H 4428  2013                    1.086717e+07 1.0824e+07  0.40%   114   91s
  4901  2152 1.0832e+07   26   79 1.0867e+07 1.0827e+07  0.37%   111   95s
  5638  2273 1.0845e+07   33   79 1.0867e+07 1.0828e+07  0.36%   105  100s
H 6514  2282                    1.086682e+07 1.0833e+07  0.31%  98.6  104s
* 6516  2192              82    1.086682e+07 1.0833e+07  0.31%  98.5  104s
  6934  2304 1.0856e+07   32  114 1.0867e+07 1.0834e+07  0.30%  96.8  105s
  7878  2367     cutoff   31      1.0867e+07 1.0838e+07  0.27%  93.1  110s
  9528  2825 1.0852e+07   45   82 1.0867e+07 1.0840e+07  0.25%  87.6  115s
 10790  3380 1.0848e+07   32   71 1.0867e+07 1.0842e+07  0.23%  85.7  121s
 12082  3990 1.0865e+07   38   69 1.0867e+07 1.0843e+07  0.22%  83.3  126s
 13128  4379 1.0860e+07   46   71 1.0867e+07 1.0843e+07  0.21%  81.4  130s
 15030  4960 1.0846e+07   31  125 1.0867e+07 1.0844e+07  0.21%  79.2  136s
 16365  5427 1.0856e+07   44  117 1.0867e+07 1.0845e+07  0.20%  77.5  140s
 17812  5997 1.0855e+07   38  102 1.0867e+07 1.0846e+07  0.19%  76.2  145s
 18684  6087     cutoff   38      1.0867e+07 1.0846e+07  0.19%  75.2  171s
 19940  6475 1.0860e+07   39   88 1.0867e+07 1.0846e+07  0.19%  73.4  180s
H19945  6461                    1.086672e+07 1.0846e+07  0.19%  73.4  180s
H19946  6437                    1.086659e+07 1.0846e+07  0.19%  73.4  180s
 19969  6444 1.0861e+07   40   84 1.0867e+07 1.0846e+07  0.19%  73.4  193s
H19999  6444                    1.086659e+07 1.0846e+07  0.19%  73.4  193s
 20000  6740 1.0861e+07   41   87 1.0867e+07 1.0847e+07  0.18%  73.4  196s
 21467  7190     cutoff   42      1.0867e+07 1.0847e+07  0.18%  72.6  202s
 22406  7508 1.0861e+07   46   85 1.0867e+07 1.0848e+07  0.17%  71.7  206s
 23704  8019     cutoff   48      1.0867e+07 1.0848e+07  0.17%  70.5  213s
 25755  8277 1.0865e+07   61   66 1.0867e+07 1.0849e+07  0.17%  69.6  216s
 27875  9071 1.0865e+07   47   57 1.0867e+07 1.0849e+07  0.16%  68.4  224s
 29270  9513 1.0855e+07   36   65 1.0867e+07 1.0849e+07  0.16%  67.7  228s
 30608 10020 1.0854e+07   38   70 1.0867e+07 1.0850e+07  0.15%  67.3  233s
 32226 10599     cutoff   43      1.0867e+07 1.0850e+07  0.15%  66.4  237s
 33920 11103     cutoff   44      1.0867e+07 1.0850e+07  0.15%  65.6  242s
 35608 11550     cutoff   51      1.0867e+07 1.0851e+07  0.15%  64.8  247s
 37446 11836     cutoff   52      1.0867e+07 1.0851e+07  0.14%  64.4  252s
 38577 12356 1.0864e+07   43   76 1.0867e+07 1.0851e+07  0.14%  64.4  257s
 40651 13168 1.0866e+07   46   42 1.0867e+07 1.0851e+07  0.14%  63.5  263s
 43215 13679 1.0861e+07   42   49 1.0867e+07 1.0852e+07  0.14%  62.7  269s
 45327 14330 1.0856e+07   37   55 1.0867e+07 1.0852e+07  0.13%  62.2  275s
 48124 15145     cutoff   43      1.0867e+07 1.0853e+07  0.13%  61.5  408s
 52034 15616 1.0862e+07   42   79 1.0867e+07 1.0853e+07  0.12%  60.7  414s
 53788 16164     cutoff   37      1.0867e+07 1.0853e+07  0.12%  61.0  422s
 56185 16676 1.0862e+07   47   93 1.0867e+07 1.0854e+07  0.12%  61.4  430s
 58675 17342 1.0866e+07   40  108 1.0867e+07 1.0854e+07  0.12%  62.1  439s
 61442 17652     cutoff   51      1.0867e+07 1.0854e+07  0.11%  62.5  447s
 63241 18290 1.0864e+07   49   74 1.0867e+07 1.0854e+07  0.11%  62.8  457s
 66354 18779     cutoff   43      1.0867e+07 1.0855e+07  0.11%  63.3  468s
 69558 19206     cutoff   44      1.0867e+07 1.0855e+07  0.11%  63.5  478s
 72564 19851 1.0866e+07   44  101 1.0867e+07 1.0855e+07  0.10%  63.8  489s
 76424 20292     cutoff   47      1.0867e+07 1.0856e+07  0.10%  64.0  498s

Cutting planes:
  Gomory: 24
  MIR: 5
  Flow cover: 3

Explored 79250 nodes (5093394 simplex iterations) in 499.01 seconds (479.48 work units)
Thread count was 20 (of 80 available processors)

Solution count 10: 1.08666e+07 1.08666e+07 1.08667e+07 ... 1.08718e+07

Optimal solution found (tolerance 1.00e-03)
Best objective 1.086659294555e+07, best bound 1.085591787094e+07, gap 0.0982%

User-callback calls 239903, time in user-callback 0.18 sec
