
Gurobi 11.0.3 (linux64) logging started Tue 19 Nov 2024 12:56:52 AM CST

Set parameter LogFile to value "/home/dlcole3/graph_abstraction/hierarchical_graphs/git_storage/CS1/HP_low_reserves/gurobi_logs/serial/logfile_ST28_8.log"

Gurobi 11.0.3 (linux64) logging started Tue 19 Nov 2024 01:08:57 AM CST

Set parameter LogFile to value "/home/dlcole3/graph_abstraction/hierarchical_graphs/git_storage/CS1/HP_low_reserves/gurobi_logs/serial/logfile_ST28_8.log"
Gurobi Optimizer version 11.0.3 build v11.0.3rc0 (linux64 - "Ubuntu 18.04.3 LTS")

CPU model: Intel(R) Xeon(R) CPU E5-2698 v4 @ 2.20GHz, instruction set [SSE2|AVX|AVX2]
Thread count: 40 physical cores, 80 logical processors, using up to 20 threads

Optimize a model with 29168 rows, 50688 columns and 136175 nonzeros
Model fingerprint: 0x9f7631a0
Variable types: 46944 continuous, 3744 integer (3744 binary)
Coefficient statistics:
  Matrix range     [6e-01, 2e+04]
  Objective range  [2e+00, 2e+04]
  Bounds range     [5e-02, 2e+05]
  RHS range        [1e-02, 7e+03]
Presolve removed 14537 rows and 38987 columns
Presolve time: 0.35s
Presolved: 14631 rows, 11701 columns, 62381 nonzeros
Variable types: 8715 continuous, 2986 integer (2986 binary)
Found heuristic solution: objective 4596601.8019
Found heuristic solution: objective 4511608.1631
Found heuristic solution: objective 4283872.9796
Found heuristic solution: objective 3839290.2675

Root relaxation: objective 1.262595e+05, 8314 iterations, 0.47 seconds (0.38 work units)

    Nodes    |    Current Node    |     Objective Bounds      |     Work
 Expl Unexpl |  Obj  Depth IntInf | Incumbent    BestBd   Gap | It/Node Time

     0     0 126259.491    0   46 3839290.27 126259.491  96.7%     -    1s
H    0     0                    148208.50692 126259.491  14.8%     -    1s
     0     0 126259.491    0   52 148208.507 126259.491  14.8%     -    1s
H    0     0                    144105.49937 126288.770  12.4%     -    2s
     0     0 126288.770    0   53 144105.499 126288.770  12.4%     -    2s
     0     0 126288.770    0   53 144105.499 126288.770  12.4%     -    2s
H    0     0                    132499.51904 126288.770  4.69%     -    2s
     0     0 126288.770    0   54 132499.519 126288.770  4.69%     -    2s
     0     0 126288.770    0   59 132499.519 126288.770  4.69%     -    2s
     0     0 126288.770    0   59 132499.519 126288.770  4.69%     -    2s
     0     0 126288.770    0   59 132499.519 126288.770  4.69%     -    2s
     0     0 126288.770    0   57 132499.519 126288.770  4.69%     -    3s
H    0     0                    132495.11802 126288.770  4.68%     -    3s
H    0     2                    132495.11773 126288.770  4.68%     -    3s
     0     2 126288.770    0   57 132495.118 126288.770  4.68%     -    3s
H   31    52                    132495.11744 126333.416  4.65%  69.9    4s
H   34    52                    132481.92407 126333.416  4.64%  72.4    4s
H   40    52                    132472.65146 126333.416  4.63%  64.8    4s
H   44    52                    132452.43066 126333.416  4.62%  62.8    4s
   111   135 126820.842    9   50 132452.431 126333.416  4.62%  55.0    5s
H  169   179                    130945.03264 126333.416  3.52%  47.6    5s
H  261   282                    128876.01327 126333.416  1.97%  40.2   10s
   490   413 127160.646   21   58 128876.013 126333.416  1.97%  33.2   16s
H  506   413                    128779.22482 126333.416  1.90%  33.1   16s
H  996   678                    128779.22477 126333.416  1.90%  28.5   18s
H  997   678                    128776.00399 126333.416  1.90%  28.5   18s
H 1001   678                    128773.03323 126333.416  1.89%  28.5   18s
H 1012   678                    128750.14024 126333.416  1.88%  28.6   18s
  1742  1184 127521.248   61   16 128750.140 126333.416  1.88%  23.9   20s
H 2029  1319                    128737.84042 126333.416  1.87%  23.4   21s
H 2030  1314                    128730.04155 126333.416  1.86%  23.4   21s
H 2667  1202                    128212.54158 126333.416  1.47%  23.2   22s
H 2878  1103                    128199.62873 126333.416  1.46%  23.4   22s
H 3036  1145                    128198.97655 126333.416  1.46%  24.3   22s
* 3039  1145             116    128198.92504 126377.418  1.42%  24.3   22s
H 4084  1486                    128198.92462 126596.734  1.25%  25.7   25s
H 4456   844                    127753.19807 126596.734  0.91%  26.2   27s
  4461   811 127470.245   20   22 127753.198 126596.734  0.91%  26.1   30s
H 4547   791                    127753.19788 126596.734  0.91%  28.1   31s
H 4556   749                    127753.19673 126596.734  0.91%  28.1   31s
H 4733   743                    127753.19600 126596.734  0.91%  28.2   32s
  5355   764 126730.619   25   49 127753.196 126596.734  0.91%  28.8   35s
H 5807   699                    127753.19598 126596.734  0.91%  28.8   36s
H 5831   667                    127753.19594 126596.734  0.91%  28.8   37s
H 5833   634                    127753.19585 126596.734  0.91%  28.8   37s
H 5849   600                    127752.67521 126596.734  0.90%  28.7   37s
H 7620  1139                    127745.63420 126814.156  0.73%  27.0   38s
* 7624  1139             117    127744.53982 126814.156  0.73%  27.0   38s
* 8100  1325             113    127736.22684 126824.662  0.71%  26.6   39s
H 8103  1317                    127726.18597 126824.662  0.71%  26.5   39s
* 8104  1317             115    127725.49269 126824.662  0.71%  26.5   39s
* 8124  1294             109    127703.52310 126824.662  0.69%  26.5   39s
H 8758  1494                    127693.20781 126890.484  0.63%  26.2   39s
H 8765  1483                    127688.90673 126890.484  0.63%  26.2   39s
  8855  1588 127217.073   51   36 127688.907 126897.800  0.62%  26.1   40s
H 9027  1588                    127688.90179 126898.100  0.62%  25.9   40s
H 9084  1588                    127688.60680 126898.100  0.62%  25.8   40s
H 9248  1599                    127678.83696 126920.141  0.59%  25.7   40s
H 9541  1564                    127670.03496 126924.357  0.58%  25.6   40s
H 9545  1564                    127669.93193 126924.357  0.58%  25.6   40s
*11495  1962              86    127669.83193 127034.587  0.50%  25.1   41s
 11878  2068     cutoff   47      127669.832 127036.646  0.50%  24.9   50s
H11879  1967                    127667.87231 127036.646  0.49%  24.9   50s
H11882  1967                    127667.87225 127036.646  0.49%  24.9   50s
H11890  1965                    127667.70083 127036.646  0.49%  24.9   50s

Explored 17330 nodes (402127 simplex iterations) in 54.25 seconds (48.38 work units)
Thread count was 20 (of 80 available processors)

Solution count 10: 127668 127668 127668 ... 127689

Optimal solution found (tolerance 3.00e-03)
Best objective 1.276677008320e+05, best bound 1.272993813544e+05, gap 0.2885%

User-callback calls 49643, time in user-callback 0.05 sec
