
Gurobi 11.0.3 (linux64) logging started Mon 18 Nov 2024 11:51:32 PM CST

Set parameter LogFile to value "/home/dlcole3/graph_abstraction/hierarchical_graphs/git_storage/CS1/HP_low_reserves/gurobi_logs/serial/logfile_ST23_8.log"

Gurobi 11.0.3 (linux64) logging started Tue 19 Nov 2024 12:00:33 AM CST

Set parameter LogFile to value "/home/dlcole3/graph_abstraction/hierarchical_graphs/git_storage/CS1/HP_low_reserves/gurobi_logs/serial/logfile_ST23_8.log"
Gurobi Optimizer version 11.0.3 build v11.0.3rc0 (linux64 - "Ubuntu 18.04.3 LTS")

CPU model: Intel(R) Xeon(R) CPU E5-2698 v4 @ 2.20GHz, instruction set [SSE2|AVX|AVX2]
Thread count: 40 physical cores, 80 logical processors, using up to 20 threads

Optimize a model with 29168 rows, 50688 columns and 136175 nonzeros
Model fingerprint: 0xdc1c2504
Variable types: 46944 continuous, 3744 integer (3744 binary)
Coefficient statistics:
  Matrix range     [6e-01, 2e+04]
  Objective range  [2e+00, 2e+04]
  Bounds range     [5e-02, 2e+05]
  RHS range        [2e-03, 7e+03]
Presolve removed 13816 rows and 38451 columns
Presolve time: 0.36s
Presolved: 15352 rows, 12237 columns, 65259 nonzeros
Variable types: 9194 continuous, 3043 integer (3043 binary)
Found heuristic solution: objective 425204.26009

Root relaxation: objective 7.667423e+04, 8858 iterations, 0.51 seconds (0.41 work units)

    Nodes    |    Current Node    |     Objective Bounds      |     Work
 Expl Unexpl |  Obj  Depth IntInf | Incumbent    BestBd   Gap | It/Node Time

     0     0 76674.2278    0   48 425204.260 76674.2278  82.0%     -    1s
H    0     0                    142386.82632 76674.2278  46.2%     -    1s
     0     0 76674.2278    0   48 142386.826 76674.2278  46.2%     -    2s
     0     2 76674.2278    0   48 142386.826 76674.2278  46.2%     -    2s
H   31    52                    142386.82629 76731.9241  46.1%  97.4    2s
H   34    52                    142386.82628 76731.9241  46.1%  90.0    2s
H   47    52                    142386.82624 76736.5562  46.1%  76.6    2s
H   48    52                    92426.123809 76736.5562  17.0%  75.0    2s
H   94   112                    92381.261268 76736.8643  16.9%  63.7    3s
H  164   184                    87815.700086 76736.8643  12.6%  58.4    4s
H  178   184                    84937.701347 76736.8643  9.66%  58.6    4s
H  214   233                    81226.301100 76736.8643  5.53%  56.3    4s
   333   368 77699.6583   20   42 81226.3011 76736.8643  5.53%  55.3    5s
H  351   368                    79007.532232 76736.8643  2.87%  56.3    5s
H  479   461                    78983.925725 76736.8643  2.84%  50.7    5s
H  489   461                    78876.033895 76736.8643  2.71%  50.0    5s
H  493   461                    78697.608167 76736.8643  2.49%  49.9    5s
H  497   461                    78439.542117 76736.8643  2.17%  49.7    5s
H  620   568                    78284.565041 76736.8643  1.98%  45.3    6s
H  673   610                    78283.423075 76736.8643  1.98%  44.3    6s
H  738   661                    78282.372761 76736.8643  1.97%  43.7    6s
*  739   661              46    78282.325650 76736.8643  1.97%  43.7    6s
H  802   704                    78281.582084 76736.8643  1.97%  43.1    6s
*  803   704              47    78281.259155 76736.8643  1.97%  43.1    6s
H  818   704                    77781.872991 76736.8643  1.34%  42.9    6s
H  831   704                    77707.645372 76736.8643  1.25%  42.5    6s
H 1090   801                    77670.669974 76781.8689  1.14%  37.6    7s
H 1091   801                    77670.430432 76781.8689  1.14%  37.6    7s
H 1292   849                    77668.412644 76835.3622  1.07%  35.3    7s
* 1294   849              53    77667.354673 76835.3622  1.07%  35.3    7s
H 1668   952                    77656.402721 76925.2184  0.94%  32.9    7s
H 1670   952                    77655.330297 76925.2184  0.94%  32.9    7s
* 1794   993              51    77655.262525 76925.2184  0.94%  32.0    7s
H 2323  1039                    77649.309596 76993.3660  0.84%  30.5    8s
H 2737  1075                    77635.768079 77086.5868  0.71%  29.5    9s
H 2738  1075                    77635.528536 77086.5868  0.71%  29.5    9s
H 2895  1030                    77633.363838 77158.8602  0.61%  29.2    9s
* 2896  1030              49    77632.305872 77158.8602  0.61%  29.2    9s
H 3007  1030                    77632.104143 77158.8602  0.61%  29.1    9s
* 3008  1030              51    77630.222317 77158.8602  0.61%  29.1    9s
H 3471  1048                    77627.578521 77275.0626  0.45%  28.3    9s
H 3474  1048                    77627.480588 77275.0626  0.45%  28.3    9s
H 3478  1048                    77626.920919 77275.0626  0.45%  28.3    9s
H 3496  1048                    77609.773517 77275.0626  0.43%  28.2    9s
H 3497  1048                    77609.642619 77275.0626  0.43%  28.2    9s
  3576  1048 77483.5920   17   26 77609.6426 77297.0452  0.40%  28.0   10s
H 3718  1048                    77607.369277 77327.7319  0.36%  27.6   10s
* 3719  1048              57    77606.311316 77327.7319  0.36%  27.6   10s
  3791  1071     cutoff   21      77606.3113 77327.7319  0.36%  27.5   15s
H 3804  1071                    77543.600001 77327.7319  0.28%  27.5   15s
H 3815  1071                    77526.511495 77327.7319  0.26%  27.4   15s
H 3856  1071                    77511.103114 77327.7319  0.24%  27.4   15s

Explored 4004 nodes (117473 simplex iterations) in 15.34 seconds (13.01 work units)
Thread count was 20 (of 80 available processors)

Solution count 10: 77511.1 77511.1 77526.5 ... 77655.3

Optimal solution found (tolerance 3.00e-03)
Best objective 7.751110311804e+04, best bound 7.732773190974e+04, gap 0.2366%

User-callback calls 11812, time in user-callback 0.01 sec
