
Gurobi 11.0.3 (linux64) logging started Tue 19 Nov 2024 01:31:27 AM CST

Set parameter LogFile to value "/home/dlcole3/graph_abstraction/hierarchical_graphs/git_storage/CS1/HP_low_reserves/gurobi_logs/serial/logfile_ST30_8.log"

Gurobi 11.0.3 (linux64) logging started Tue 19 Nov 2024 01:35:59 AM CST

Set parameter LogFile to value "/home/dlcole3/graph_abstraction/hierarchical_graphs/git_storage/CS1/HP_low_reserves/gurobi_logs/serial/logfile_ST30_8.log"
Gurobi Optimizer version 11.0.3 build v11.0.3rc0 (linux64 - "Ubuntu 18.04.3 LTS")

CPU model: Intel(R) Xeon(R) CPU E5-2698 v4 @ 2.20GHz, instruction set [SSE2|AVX|AVX2]
Thread count: 40 physical cores, 80 logical processors, using up to 20 threads

Optimize a model with 29168 rows, 50688 columns and 136175 nonzeros
Model fingerprint: 0x4f336f58
Variable types: 46944 continuous, 3744 integer (3744 binary)
Coefficient statistics:
  Matrix range     [6e-01, 2e+04]
  Objective range  [2e+00, 2e+04]
  Bounds range     [5e-02, 2e+05]
  RHS range        [3e-03, 7e+03]
Presolve removed 14622 rows and 38823 columns
Presolve time: 0.35s
Presolved: 14546 rows, 11865 columns, 62452 nonzeros
Variable types: 8863 continuous, 3002 integer (3002 binary)
Found heuristic solution: objective 2932235.8819
Found heuristic solution: objective 2697070.8007
Found heuristic solution: objective 2585873.3806

Root relaxation: objective 1.050484e+05, 8129 iterations, 0.46 seconds (0.35 work units)

    Nodes    |    Current Node    |     Objective Bounds      |     Work
 Expl Unexpl |  Obj  Depth IntInf | Incumbent    BestBd   Gap | It/Node Time

     0     0 105048.389    0   60 2585873.38 105048.389  95.9%     -    1s
H    0     0                    107992.18984 105048.389  2.73%     -    1s
     0     0 105048.389    0   60 107992.190 105048.389  2.73%     -    2s
     0     0 105048.389    0   67 107992.190 105048.389  2.73%     -    3s
     0     0 105063.060    0   72 107992.190 105063.060  2.71%     -    3s
     0     0 105255.808    0   56 107992.190 105255.808  2.53%     -    3s
     0     0 105255.808    0   61 107992.190 105255.808  2.53%     -    3s
     0     0 105255.808    0   65 107992.190 105255.808  2.53%     -    3s
     0     0 105258.086    0   65 107992.190 105258.086  2.53%     -    4s
     0     0 105258.086    0   65 107992.190 105258.086  2.53%     -    4s
     0     2 105258.086    0   65 107992.190 105258.086  2.53%     -    4s
     7    10 107829.849    3   44 107992.190 105258.086  2.53%   110    5s
H   93    35                    107992.18981 105435.493  2.37%  85.2    6s
H  283   196                    107906.81673 105435.493  2.29%  67.8    7s
H  293   196                    107885.47035 105435.493  2.27%  66.6    7s
H  349   250                    107453.44328 105435.493  1.88%  60.4    9s
H  352   250                    106737.38635 105435.493  1.22%  60.1    9s
H  355   250                    106677.85327 105435.493  1.16%  59.9    9s
H  356   250                    106643.61923 105435.493  1.13%  59.8    9s
H  357   250                    106533.16774 105435.493  1.03%  59.8    9s
H  361   250                    106520.10966 105435.493  1.02%  59.4    9s
H  365   250                    106502.22098 105435.493  1.00%  59.8    9s
   369   248     cutoff   21      106502.221 105436.403  1.00%  59.3   10s
H 1382   982                    106487.19630 105436.403  0.99%  26.7   12s
H 1383   982                    106481.47217 105436.403  0.98%  26.7   12s
H 1393   982                    106481.47215 105436.403  0.98%  26.6   12s
H 1409   989                    106481.47173 105436.403  0.98%  26.5   13s
H 1588  1129                    106443.23516 105436.403  0.95%  25.5   13s
* 1589  1129             106    106441.58998 105436.403  0.94%  25.5   13s
  3010  1713 106314.268   34   28 106441.590 105519.475  0.87%  20.3   15s
H 3381  1769                    106417.80339 105519.475  0.84%  19.6   17s
  3385  1765 106130.318   86   39 106417.803 105519.475  0.84%  19.5   20s
H 3824  1976                    106368.26789 105519.475  0.80%  22.8   24s
H 3989  1971                    106368.26757 105519.475  0.80%  22.9   24s
  3992  2018     cutoff   36      106368.268 105519.475  0.80%  22.9   25s
H 5010  2430                    106368.26747 105519.475  0.80%  23.5   27s
H 5011  2355                    106368.26714 105519.475  0.80%  23.5   27s
  8404  4178 105519.475   57   18 106368.267 105519.475  0.80%  21.6   30s
 16022 10167 105519.475   54   11 106368.267 105519.475  0.80%  21.6   35s
H18528 11827                    106367.83069 105519.475  0.80%  21.1   38s
 19440 13476 105519.475   38   16 106367.831 105519.475  0.80%  20.7   40s
 27911 19789 105758.610   49   10 106367.831 105519.475  0.80%  19.4   45s
 35800 24762 106169.849   47    7 106367.831 105519.475  0.80%  19.7   51s
H36393 24762                    106367.82972 105519.475  0.80%  19.6   51s
H39162 26765                    106367.82930 105519.475  0.80%  19.7   54s
H39958 26764                    106367.82760 105519.475  0.80%  19.7   54s
 40604 28504 106035.403   52   19 106367.828 105519.475  0.80%  19.7   56s
 46136 30184 106363.087   50   60 106367.828 105519.475  0.80%  19.4   68s
 46141 30187 105519.475   31   47 106367.828 105519.475  0.80%  19.4   70s

Cutting planes:
  Gomory: 5

Explored 46151 nodes (918097 simplex iterations) in 73.22 seconds (63.92 work units)
Thread count was 20 (of 80 available processors)

Solution count 10: 106368 106368 106368 ... 106533

Optimal solution found (tolerance 3.00e-03)
Best objective 1.063678307103e+05, best bound 1.060558869644e+05, gap 0.2933%

User-callback calls 104452, time in user-callback 0.04 sec
