
Gurobi 11.0.3 (linux64) logging started Tue 19 Nov 2024 12:01:17 AM CST

Set parameter LogFile to value "/home/dlcole3/graph_abstraction/hierarchical_graphs/git_storage/CS1/HP_low_reserves/gurobi_logs/serial/logfile_DA_24.log"
Set parameter TimeLimit to value 900

Gurobi 11.0.3 (linux64) logging started Tue 19 Nov 2024 12:01:18 AM CST

Set parameter LogFile to value "/home/dlcole3/graph_abstraction/hierarchical_graphs/git_storage/CS1/HP_low_reserves/gurobi_logs/serial/logfile_DA_24.log"
Gurobi Optimizer version 11.0.3 build v11.0.3rc0 (linux64 - "Ubuntu 18.04.3 LTS")

CPU model: Intel(R) Xeon(R) CPU E5-2698 v4 @ 2.20GHz, instruction set [SSE2|AVX|AVX2]
Thread count: 40 physical cores, 80 logical processors, using up to 20 threads

Optimize a model with 35850 rows, 31725 columns and 164765 nonzeros
Model fingerprint: 0xef97f5dc
Variable types: 19950 continuous, 11775 integer (11775 binary)
Coefficient statistics:
  Matrix range     [5e-02, 2e+04]
  Objective range  [1e+00, 8e+04]
  Bounds range     [5e-02, 2e+05]
  RHS range        [2e-02, 7e+03]
Presolve removed 4338 rows and 6030 columns
Presolve time: 0.80s
Presolved: 31512 rows, 25695 columns, 145837 nonzeros
Variable types: 15141 continuous, 10554 integer (10554 binary)
Found heuristic solution: objective 1.112761e+09
Found heuristic solution: objective 1.029405e+09
Found heuristic solution: objective 6.531266e+08
Deterministic concurrent LP optimizer: primal and dual simplex
Showing primal log only...

Warning: Markowitz tolerance tightened to 0.5
Concurrent spin time: 0.00s

Solved with dual simplex

Use crossover to convert LP symmetric solution to basic solution...

Root relaxation: objective 1.172643e+07, 11394 iterations, 0.90 seconds (0.54 work units)

    Nodes    |    Current Node    |     Objective Bounds      |     Work
 Expl Unexpl |  Obj  Depth IntInf | Incumbent    BestBd   Gap | It/Node Time

     0     0 1.1726e+07    0  105 6.5313e+08 1.1726e+07  98.2%     -    3s
H    0     0                    6.487347e+08 1.1726e+07  98.2%     -    3s
H    0     0                    1.806457e+07 1.1726e+07  35.1%     -    3s
H    0     0                    1.677547e+07 1.1726e+07  30.1%     -    3s
     0     0 1.1729e+07    0  149 1.6775e+07 1.1729e+07  30.1%     -    3s
H    0     0                    1.677546e+07 1.1733e+07  30.1%     -    4s
H    0     0                    1.666340e+07 1.1733e+07  29.6%     -    4s
     0     0 1.1733e+07    0  157 1.6663e+07 1.1733e+07  29.6%     -    4s
     0     0 1.1733e+07    0  157 1.6663e+07 1.1733e+07  29.6%     -    5s
     0     2 1.1733e+07    0  157 1.6663e+07 1.1733e+07  29.6%     -    6s
H   31    52                    1.348462e+07 1.1739e+07  12.9%   126    8s
H   33    52                    1.289254e+07 1.1739e+07  8.95%   120    8s
    71    92 1.1746e+07    6   99 1.2893e+07 1.1742e+07  8.92%   101   10s
H   93   112                    1.289251e+07 1.1742e+07  8.92%   105   11s
H   94   112                    1.289251e+07 1.1742e+07  8.92%   107   11s
H  100   112                    1.289251e+07 1.1742e+07  8.92%   107   11s
H  106   112                    1.289248e+07 1.1742e+07  8.92%   108   11s
H  107   112                    1.288607e+07 1.1742e+07  8.88%   107   11s
H  109   112                    1.286126e+07 1.1742e+07  8.70%   106   11s
H  151   172                    1.255759e+07 1.1742e+07  6.49%   102   12s
H  171   192                    1.224263e+07 1.1742e+07  4.09%  98.1   14s
H  172   192                    1.202759e+07 1.1742e+07  2.37%  97.9   14s
H  175   192                    1.202107e+07 1.1742e+07  2.32%  97.3   14s
   212   234 1.1754e+07   10  122 1.2021e+07 1.1742e+07  2.32%  93.1   15s
H  215   234                    1.187652e+07 1.1742e+07  1.13%  92.7   15s
   702   766 1.1771e+07   25   83 1.1877e+07 1.1742e+07  1.13%  74.7   20s
H  786   834                    1.182908e+07 1.1742e+07  0.74%  73.8   20s
H  938   904                    1.179161e+07 1.1742e+07  0.42%  71.1   30s
  1993  1162 1.1786e+07   40   49 1.1792e+07 1.1744e+07  0.40%  60.6   36s
  2813  1793 1.1791e+07   50   42 1.1792e+07 1.1747e+07  0.38%  59.0   40s
H 3208  1895                    1.179046e+07 1.1747e+07  0.37%  58.8   46s
  3209  1894 1.1779e+07   21  157 1.1790e+07 1.1747e+07  0.37%  58.8   50s
  3217  1904 1.1747e+07   11   66 1.1790e+07 1.1747e+07  0.37%  63.3   55s
  3406  2018 1.1762e+07   18   63 1.1790e+07 1.1747e+07  0.37%  65.1   60s
  3427  2027 1.1762e+07   19   56 1.1790e+07 1.1747e+07  0.37%  65.0   65s
H 3429  1932                    1.178751e+07 1.1747e+07  0.34%  65.0   65s
H 3535  1870                    1.178732e+07 1.1747e+07  0.34%  64.9   69s
  3596  1924 1.1764e+07   22   57 1.1787e+07 1.1747e+07  0.34%  65.1   70s
  4567  2192 1.1748e+07   18  109 1.1787e+07 1.1747e+07  0.34%  61.9   77s
H 4578  2104                    1.178546e+07 1.1747e+07  0.32%  61.8   77s
H 4972  2137                    1.178475e+07 1.1747e+07  0.32%  61.1   79s
  5059  2133 1.1783e+07   42   55 1.1785e+07 1.1747e+07  0.32%  61.1   80s
* 5079  2038              80    1.178446e+07 1.1747e+07  0.31%  61.0   80s
  6456  2509 1.1769e+07   29   55 1.1784e+07 1.1749e+07  0.30%  60.2   85s
  8377  3348 1.1764e+07   20   64 1.1784e+07 1.1752e+07  0.28%  56.8   90s
  9252  3888 1.1775e+07   34   60 1.1784e+07 1.1752e+07  0.27%  57.7   95s
 11074  5005 1.1780e+07   33   86 1.1784e+07 1.1754e+07  0.26%  56.4  100s
 13240  6298 1.1764e+07   24   78 1.1784e+07 1.1755e+07  0.25%  55.0  106s
 14549  6934 1.1768e+07   26   65 1.1784e+07 1.1756e+07  0.24%  55.0  110s
 16680  7987 1.1779e+07   41   64 1.1784e+07 1.1756e+07  0.24%  54.8  115s
 18687  8755 1.1773e+07   22   63 1.1784e+07 1.1757e+07  0.23%  55.1  124s
H18689  8320                    1.178253e+07 1.1757e+07  0.22%  55.0  124s
 18715  8667 1.1776e+07   23   60 1.1783e+07 1.1757e+07  0.22%  55.1  126s
 20365  9339 1.1764e+07   23   50 1.1783e+07 1.1757e+07  0.21%  54.7  131s
H20818  9270                    1.178232e+07 1.1757e+07  0.21%  54.6  131s
 21660 10266 1.1780e+07   32   82 1.1782e+07 1.1758e+07  0.21%  54.8  137s
 23029 10715 1.1778e+07   48   53 1.1782e+07 1.1759e+07  0.20%  54.3  141s
H23120 10709                    1.178231e+07 1.1759e+07  0.20%  54.3  141s
H23359 10705                    1.178230e+07 1.1759e+07  0.20%  54.2  141s
H23712 10550                    1.178194e+07 1.1759e+07  0.20%  54.2  142s
 23959 11222 1.1767e+07   28   69 1.1782e+07 1.1759e+07  0.20%  54.0  146s
 25495 11777 1.1773e+07   23   68 1.1782e+07 1.1759e+07  0.19%  53.8  161s
 26898 12506 1.1771e+07   23   77 1.1782e+07 1.1759e+07  0.19%  53.9  165s
 29851 13770 1.1771e+07   21   87 1.1782e+07 1.1760e+07  0.18%  53.4  174s
 31802 14454 1.1768e+07   25   59 1.1782e+07 1.1761e+07  0.18%  53.2  179s
H31879 14423                    1.178189e+07 1.1761e+07  0.18%  53.2  179s
H31968 14399                    1.178186e+07 1.1761e+07  0.18%  53.1  179s
 33265 15298     cutoff   42      1.1782e+07 1.1761e+07  0.18%  52.9  184s
 35516 16072 1.1780e+07   32   73 1.1782e+07 1.1761e+07  0.18%  52.3  189s
 37618 16900 1.1768e+07   24   97 1.1782e+07 1.1762e+07  0.17%  52.1  194s
 39740 17956 1.1769e+07   23   79 1.1782e+07 1.1762e+07  0.17%  51.8  199s
H42262 17226                    1.178077e+07 1.1762e+07  0.16%  51.6  199s
H42264 17061                    1.178056e+07 1.1762e+07  0.16%  51.6  199s
*42271 17047              76    1.178054e+07 1.1762e+07  0.16%  51.6  199s
 42449 17928 1.1767e+07   34   61 1.1781e+07 1.1762e+07  0.15%  51.5  204s
 45126 18509 1.1779e+07   24   80 1.1781e+07 1.1763e+07  0.15%  51.2  210s
 47017 18510 1.1769e+07   34  157 1.1781e+07 1.1763e+07  0.15%  51.2  329s
 47019 18511 1.1778e+07   33   86 1.1781e+07 1.1763e+07  0.15%  51.2  331s
 47022 18513 1.1769e+07   25  360 1.1781e+07 1.1763e+07  0.15%  51.2  335s
 47025 18515 1.1766e+07   26  348 1.1781e+07 1.1763e+07  0.15%  51.2  341s
 47027 18517 1.1780e+07   45  371 1.1781e+07 1.1763e+07  0.15%  51.2  345s
 47030 18519 1.1779e+07   43  362 1.1781e+07 1.1763e+07  0.15%  51.2  352s
 47032 18523 1.1763e+07   25  277 1.1781e+07 1.1763e+07  0.15%  51.5  356s
 47046 18540 1.1763e+07   28  230 1.1781e+07 1.1763e+07  0.15%  51.6  360s
 47119 18577 1.1763e+07   31  259 1.1781e+07 1.1763e+07  0.15%  52.0  365s
 47226 18612 1.1766e+07   33  159 1.1781e+07 1.1763e+07  0.15%  52.2  370s
 47252 18612 1.1763e+07   34  197 1.1781e+07 1.1763e+07  0.15%  52.3  381s
H47262 17681                    1.178051e+07 1.1763e+07  0.15%  52.3  381s
 47336 17693 1.1763e+07   35  161 1.1781e+07 1.1763e+07  0.15%  52.4  385s
 47516 17721 1.1763e+07   39  145 1.1781e+07 1.1763e+07  0.15%  52.7  391s
 47728 17716 1.1765e+07   43  118 1.1781e+07 1.1763e+07  0.15%  52.8  396s
 47909 17770 1.1776e+07   46  130 1.1781e+07 1.1763e+07  0.15%  53.0  400s
 48204 17749 1.1773e+07   53  120 1.1781e+07 1.1763e+07  0.15%  53.2  413s
H48205 16869                    1.178039e+07 1.1763e+07  0.15%  53.2  413s
 48329 16909     cutoff   57      1.1780e+07 1.1763e+07  0.15%  53.3  415s
 48812 17009 1.1777e+07   37   75 1.1780e+07 1.1763e+07  0.15%  53.9  420s
 49466 17133 1.1763e+07   42  131 1.1780e+07 1.1763e+07  0.15%  54.5  425s
 50330 17325 1.1778e+07   54   77 1.1780e+07 1.1763e+07  0.15%  54.9  430s
 51224 17529 1.1776e+07   41  104 1.1780e+07 1.1763e+07  0.15%  55.3  436s
 51864 17619 1.1767e+07   39   95 1.1780e+07 1.1763e+07  0.15%  55.7  440s
 52634 17774 1.1775e+07   48  145 1.1780e+07 1.1763e+07  0.15%  56.0  445s
 53550 17857 1.1774e+07   61   52 1.1780e+07 1.1763e+07  0.15%  56.4  450s
 54038 17868 1.1766e+07   37  106 1.1780e+07 1.1763e+07  0.15%  56.6  459s
 54562 17910 1.1777e+07   37   68 1.1780e+07 1.1763e+07  0.15%  56.8  462s
 55163 17907 1.1775e+07   54  116 1.1780e+07 1.1763e+07  0.15%  56.9  465s
 56258 18104 1.1775e+07   43   68 1.1780e+07 1.1763e+07  0.15%  57.3  471s
 57007 18040 1.1768e+07   40  139 1.1780e+07 1.1763e+07  0.14%  57.5  481s
 57455 18229 1.1769e+07   41   95 1.1780e+07 1.1764e+07  0.14%  57.6  485s
 59135 18206 1.1773e+07   43  108 1.1780e+07 1.1764e+07  0.14%  58.1  493s
 59993 18201 1.1771e+07   38   86 1.1780e+07 1.1764e+07  0.14%  58.4  497s
 60883 18222     cutoff   42      1.1780e+07 1.1765e+07  0.13%  58.5  502s
 61971 18241 1.1771e+07   42  138 1.1780e+07 1.1765e+07  0.13%  58.8  506s
 63176 17846 1.1772e+07   40  145 1.1780e+07 1.1766e+07  0.13%  59.0  522s
H63185 17006                    1.178038e+07 1.1766e+07  0.13%  59.0  522s
 63206 17395 1.1774e+07   41  131 1.1780e+07 1.1766e+07  0.13%  59.1  527s
 64296 17335     cutoff   43      1.1780e+07 1.1766e+07  0.12%  59.4  532s
 65265 17509 1.1776e+07   50   65 1.1780e+07 1.1766e+07  0.12%  59.6  537s
 66621 17416     cutoff   39      1.1780e+07 1.1767e+07  0.12%  59.7  544s
 68041 17482 1.1778e+07   41   86 1.1780e+07 1.1767e+07  0.11%  60.0  550s
 69933 17475 1.1772e+07   41   91 1.1780e+07 1.1767e+07  0.11%  60.3  559s
 72384 16942 1.1774e+07   47  105 1.1780e+07 1.1768e+07  0.11%  60.7  564s
 73477 17106     cutoff   48      1.1780e+07 1.1768e+07  0.10%  60.7  571s
 75471 16979 1.1779e+07   51  103 1.1780e+07 1.1768e+07  0.10%  61.1  577s
 77248 16839 1.1774e+07   38   85 1.1780e+07 1.1769e+07  0.10%  61.2  584s

Cutting planes:
  Gomory: 60
  MIR: 1
  Flow cover: 2

Explored 79294 nodes (4883061 simplex iterations) in 584.86 seconds (559.85 work units)
Thread count was 20 (of 80 available processors)

Solution count 10: 1.17804e+07 1.17804e+07 1.17804e+07 ... 1.17823e+07

Optimal solution found (tolerance 1.00e-03)
Best objective 1.178037866132e+07, best bound 1.176891789075e+07, gap 0.0973%

User-callback calls 273644, time in user-callback 0.27 sec
