
Gurobi 11.0.3 (linux64) logging started Mon 18 Nov 2024 09:29:15 PM CST

Set parameter LogFile to value "/home/dlcole3/graph_abstraction/hierarchical_graphs/git_storage/CS1/HP_low_reserves/gurobi_logs/serial/logfile_ST12_1.log"

Gurobi 11.0.3 (linux64) logging started Mon 18 Nov 2024 09:30:09 PM CST

Set parameter LogFile to value "/home/dlcole3/graph_abstraction/hierarchical_graphs/git_storage/CS1/HP_low_reserves/gurobi_logs/serial/logfile_ST12_1.log"
Gurobi Optimizer version 11.0.3 build v11.0.3rc0 (linux64 - "Ubuntu 18.04.3 LTS")

CPU model: Intel(R) Xeon(R) CPU E5-2698 v4 @ 2.20GHz, instruction set [SSE2|AVX|AVX2]
Thread count: 40 physical cores, 80 logical processors, using up to 20 threads

Optimize a model with 29168 rows, 50688 columns and 136175 nonzeros
Model fingerprint: 0x791a8d52
Variable types: 46944 continuous, 3744 integer (3744 binary)
Coefficient statistics:
  Matrix range     [6e-01, 2e+04]
  Objective range  [2e+00, 2e+04]
  Bounds range     [5e-02, 2e+05]
  RHS range        [1e-02, 7e+03]
Presolve removed 14063 rows and 38699 columns
Presolve time: 0.35s
Presolved: 15105 rows, 11989 columns, 64459 nonzeros
Variable types: 8922 continuous, 3067 integer (3067 binary)
Found heuristic solution: objective 3279940.1333

Root relaxation: objective 1.560808e+05, 8720 iterations, 0.48 seconds (0.38 work units)

    Nodes    |    Current Node    |     Objective Bounds      |     Work
 Expl Unexpl |  Obj  Depth IntInf | Incumbent    BestBd   Gap | It/Node Time

     0     0 156080.805    0   64 3279940.13 156080.805  95.2%     -    1s
H    0     0                    257186.84360 156080.805  39.3%     -    1s
     0     0 156080.805    0   67 257186.844 156080.805  39.3%     -    1s
     0     0 156081.034    0   68 257186.844 156081.034  39.3%     -    2s
     0     0 156081.034    0   77 257186.844 156081.034  39.3%     -    2s
     0     0 156081.034    0   77 257186.844 156081.034  39.3%     -    2s
     0     0 156096.531    0   81 257186.844 156096.531  39.3%     -    2s
     0     0 156096.531    0   79 257186.844 156096.531  39.3%     -    3s
H    0     0                    257186.84355 156102.197  39.3%     -    3s
     0     2 156102.197    0   79 257186.844 156102.197  39.3%     -    3s
H   31    52                    225766.16270 156182.702  30.8%  74.9    4s
H   41    52                    213285.76627 156190.552  26.8%  68.9    4s
H   48    52                    184445.26642 156190.552  15.3%  63.0    4s
    91   112 158015.935    8   78 184445.266 156190.552  15.3%  52.9    5s
H   97   112                    167609.13964 156190.552  6.81%  50.3    5s
H  101   112                    166537.07653 156190.552  6.21%  49.2    5s
H  175   196                    166515.73303 156190.552  6.20%  45.6    6s
H  176   196                    166494.38954 156190.552  6.19%  45.4    6s
H  177   196                    166366.32852 156190.552  6.12%  45.3    6s
H  179   196                    165183.25638 156190.552  5.44%  45.1    6s
H  188   196                    161750.46221 156190.552  3.44%  46.1    6s
H  412   429                    160070.02355 156190.552  2.42%  38.0   12s
H  414   429                    159473.09787 156190.552  2.06%  37.8   12s
H  415   429                    158461.91449 156190.552  1.43%  38.1   12s
  1460  1048 158141.945   17   32 158461.914 156345.792  1.34%  29.4   15s
* 2085  1304              77    158461.63807 156347.814  1.33%  28.3   16s
H 3396  1895                    158440.81067 156393.119  1.29%  27.0   21s
H 3399  1801                    158440.81058 156393.119  1.29%  27.0   23s
  3406  1811 156393.119   12   51 158440.811 156393.119  1.29%  28.9   25s
H 3494  1772                    158440.81052 156393.119  1.29%  29.2   26s
H 3497  1686                    158440.81031 156393.119  1.29%  29.2   26s
H 3511  1599                    158440.81012 156393.119  1.29%  29.2   26s
  4209  1851 157251.925   29   32 158440.810 156393.119  1.29%  29.4   30s
H 4520  1801                    158434.11325 156393.119  1.29%  29.2   32s
H 4531  1723                    158400.18417 156393.119  1.27%  29.2   32s
  6532  2121 158216.666   37   26 158400.184 156650.860  1.10%  27.3   35s
 10247  3557 157258.141   25   23 158400.184 156858.392  0.97%  25.8   40s
 14961  5636 157327.112   25   38 158400.184 157022.471  0.87%  25.2   45s
 19042  7786     cutoff   20      158400.184 157102.023  0.82%  24.4   50s
 25013 10076     cutoff   56      158400.184 157182.606  0.77%  24.0   55s
H28747 11329                    158400.18301 157226.406  0.74%  24.0   60s
H28770 11342                    158400.18262 157228.411  0.74%  24.0   61s
H28782 11340                    158399.30192 157228.411  0.74%  24.0   61s
 32337 13306 158311.671   41   30 158399.302 157264.295  0.72%  23.9   65s
 37499 15433     cutoff   44      158399.302 157309.325  0.69%  24.1   70s
 44029 17908     cutoff   44      158399.302 157354.709  0.66%  24.1   75s
 45887 18735     cutoff   35      158399.302 157363.585  0.65%  24.2  100s
 51402 20712 157770.337   38   55 158399.302 157399.100  0.63%  24.5  105s
 58179 22507 157635.495   28   55 158399.302 157433.205  0.61%  25.0  112s
H58236 22507                    158399.22088 157434.901  0.61%  25.0  112s
H58264 22506                    158399.17745 157436.073  0.61%  25.0  112s
 58890 22541 157698.774   38   44 158399.177 157438.728  0.61%  25.1  118s
H58921 22475                    158391.86249 157438.728  0.60%  25.1  118s
H58932 22231                    158371.36995 157438.728  0.59%  25.1  118s
H58997 21187                    158305.04063 157438.728  0.55%  25.1  118s
 58998 21924 157815.743   39   55 158305.041 157438.757  0.55%  25.1  121s
 64069 23286 158182.291   44   23 158305.041 157467.887  0.53%  25.4  125s
 68760 24657 157663.318   35   43 158305.041 157489.635  0.52%  25.6  130s
 76143 26282 157745.719   29   56 158305.041 157522.860  0.49%  25.9  136s
 81046 27166 158098.235   43   48 158305.041 157542.017  0.48%  26.0  141s
H81548 27166                    158305.03912 157543.158  0.48%  26.0  141s
 84657 28422 157695.740   43   30 158305.039 157555.671  0.47%  26.1  146s
 89529 29875     cutoff   32      158305.039 157573.845  0.46%  26.1  150s
 95474 31032 157775.221   33   28 158305.039 157591.986  0.45%  26.1  155s
 103095 32525 157665.419   29   48 158305.039 157612.095  0.44%  26.1  161s
H108171 33202                    158305.03897 157623.902  0.43%  26.1  166s
 111900 34307     cutoff   34      158305.039 157636.433  0.42%  26.2  171s
 117448 35395 158212.014   47   33 158305.039 157651.979  0.41%  26.2  176s
 122663 36261 157854.028   39   40 158305.039 157670.113  0.40%  26.2  181s
*126819 36645              92    158298.81766 157677.923  0.39%  26.2  183s
*126823 36586              94    158296.64091 157677.923  0.39%  26.2  183s
 128180 36875 157943.135   36   48 158296.641 157680.902  0.39%  26.2  185s
*133522 37383              72    158296.64088 157693.598  0.38%  26.2  188s
 133785 38011 158053.896   44   45 158296.641 157699.670  0.38%  26.2  190s
 139670 38723     cutoff   48      158296.641 157711.102  0.37%  26.1  195s
H140677 38723                    158296.63910 157713.955  0.37%  26.1  195s
*144362 38427             111    158269.32074 157718.003  0.35%  26.1  198s
 144576 38893     cutoff   50      158269.321 157724.774  0.34%  26.1  201s
 150798 39535 158171.816   46   42 158269.321 157737.648  0.34%  26.0  206s
 156994 40300 158140.055   35   38 158269.321 157750.228  0.33%  25.9  211s
 163172 40888 158205.942   37   44 158269.321 157763.504  0.32%  25.9  215s
*166711 40832              99    158262.71219 157769.261  0.31%  25.9  218s
 169824 40853 158135.359   36   34 158262.712 157776.923  0.31%  25.9  221s
H170569 40853                    158262.71208 157777.012  0.31%  25.9  221s
 175235 41351 158116.794   44   22 158262.712 157786.034  0.30%  25.8  227s
*176553 40340              85    158243.54773 157786.488  0.29%  25.8  227s
*176558 40306              88    158242.82262 157786.488  0.29%  25.8  227s

Cutting planes:
  Gomory: 10
  MIR: 11
  Flow cover: 3

Explored 178685 nodes (4622460 simplex iterations) in 227.94 seconds (233.48 work units)
Thread count was 20 (of 80 available processors)

Solution count 10: 158243 158243 158244 ... 158371

Optimal solution found (tolerance 3.00e-03)
Best objective 1.582428226338e+05, best bound 1.577913284720e+05, gap 0.2853%

User-callback calls 383741, time in user-callback 0.11 sec
