
Gurobi 11.0.3 (linux64) logging started Tue 19 Nov 2024 12:56:39 AM CST

Set parameter LogFile to value "/home/dlcole3/graph_abstraction/hierarchical_graphs/git_storage/CS1/HP_low_reserves/gurobi_logs/serial/logfile_ST28_2.log"

Gurobi 11.0.3 (linux64) logging started Tue 19 Nov 2024 12:58:08 AM CST

Set parameter LogFile to value "/home/dlcole3/graph_abstraction/hierarchical_graphs/git_storage/CS1/HP_low_reserves/gurobi_logs/serial/logfile_ST28_2.log"
Gurobi Optimizer version 11.0.3 build v11.0.3rc0 (linux64 - "Ubuntu 18.04.3 LTS")

CPU model: Intel(R) Xeon(R) CPU E5-2698 v4 @ 2.20GHz, instruction set [SSE2|AVX|AVX2]
Thread count: 40 physical cores, 80 logical processors, using up to 20 threads

Optimize a model with 29168 rows, 50688 columns and 136175 nonzeros
Model fingerprint: 0x3a51e58b
Variable types: 46944 continuous, 3744 integer (3744 binary)
Coefficient statistics:
  Matrix range     [6e-01, 2e+04]
  Objective range  [2e+00, 2e+04]
  Bounds range     [5e-02, 2e+05]
  RHS range        [5e-06, 7e+03]
Presolve removed 14033 rows and 38725 columns
Presolve time: 0.38s
Presolved: 15135 rows, 11963 columns, 63553 nonzeros
Variable types: 9043 continuous, 2920 integer (2920 binary)
Found heuristic solution: objective 540227.11514

Root relaxation: objective 8.424619e+04, 8690 iterations, 0.46 seconds (0.36 work units)

    Nodes    |    Current Node    |     Objective Bounds      |     Work
 Expl Unexpl |  Obj  Depth IntInf | Incumbent    BestBd   Gap | It/Node Time

     0     0 84246.1940    0   39 540227.115 84246.1940  84.4%     -    1s
H    0     0                    134737.08169 84246.1940  37.5%     -    2s
     0     0 84246.1940    0   39 134737.082 84246.1940  37.5%     -    2s
     0     0 84322.9919    0   39 134737.082 84322.9919  37.4%     -    2s
H    0     0                    127358.23664 84322.9919  33.8%     -    2s
     0     2 84322.9919    0   39 127358.237 84322.9919  33.8%     -    2s
H   32    52                    98412.367014 84696.6619  13.9%  58.3    3s
H   41    52                    89240.520319 84697.3740  5.09%  59.3    3s
H   47    52                    87479.572496 84697.3740  3.18%  52.1    3s
H   91   111                    87458.228976 84698.8600  3.16%  50.9    4s
H   94   111                    87436.884635 84698.8600  3.13%  51.1    4s
H  257   277                    87348.195803 84698.8600  3.03%  34.4    4s
   283   315 85615.8410   14   33 87348.1958 84698.8600  3.03%  33.9    5s
H  428   452                    86843.035360 84698.8600  2.47%  28.0    5s
H  574   549                    85648.469021 84698.8600  1.11%  25.2    9s
H  577   549                    85565.265846 84698.8600  1.01%  25.4    9s
H  593   549                    85565.265790 84698.8600  1.01%  25.3    9s
H  602   520                    85565.265743 84765.7655  0.93%  25.5    9s
H  627   520                    85565.265696 84765.7655  0.93%  25.1    9s
   656   553 85097.6402    7   42 85565.2657 84765.7655  0.93%  25.0   10s
  1966  1167     cutoff   20      85565.2657 84887.3896  0.79%  17.9   17s
H 2135  1097                    85565.265675 84887.3896  0.79%  17.4   18s
H 2138  1097                    85565.265490 84887.3896  0.79%  17.4   18s
  3159  1501 85007.3341   16   52 85565.2655 85007.3341  0.65%  16.3   20s
H 3171  1501                    85565.265468 85018.2524  0.64%  16.3   20s
  4356  1933 85137.0489   16   19 85565.2655 85137.0489  0.50%  18.6   25s
H 4417  1862                    85565.265075 85137.0489  0.50%  18.9   25s
H 4425  1769                    85565.263937 85137.0489  0.50%  18.9   25s
H 4658  1745                    85565.263008 85137.0489  0.50%  19.2   28s
H 5692  1993                    85565.262730 85137.0489  0.50%  18.7   30s
H 7796  2539                    85565.262293 85137.0489  0.50%  17.7   33s
 10311  4182 85137.0489   27   32 85565.2623 85137.0489  0.50%  16.8   35s
 17547  6587 85372.8994   23    7 85565.2623 85137.0489  0.50%  17.7   40s
 22619  7133 85137.0489   32   18 85565.2623 85137.0489  0.50%  17.5   46s
H22647  7133                    85565.262218 85137.0489  0.50%  17.5   46s
 27901  7473 85319.6294   40   23 85565.2622 85137.0489  0.50%  17.1   50s
*30138  7611              64    85564.753934 85137.0489  0.50%  16.8   51s
*33353  7969              64    85564.413586 85137.0489  0.50%  16.3   52s
H33835  8161                    85563.439709 85137.0489  0.50%  16.2   53s
H34052  8036                    85558.549872 85137.0489  0.49%  16.2   53s
*34056  7968              68    85557.040541 85137.0489  0.49%  16.2   53s
 37421  8111 85152.4296   77    1 85557.0405 85137.0489  0.49%  15.9   55s
 45630  8153 85378.6477   42   26 85557.0405 85149.9976  0.48%  15.7   60s
H50312  8231                    85557.040497 85172.3201  0.45%  15.5   65s
H50313  8231                    85557.040474 85172.3201  0.45%  15.5   65s
H50721  8231                    85557.040442 85172.3201  0.45%  15.5   65s
H50787  8231                    85557.040204 85172.3201  0.45%  15.5   65s
 53279  8484 85546.3274   53   14 85557.0402 85186.5401  0.43%  15.4   70s
H53834  8513                    85557.040121 85187.7425  0.43%  15.3   71s
H53982  8513                    85557.040061 85188.3013  0.43%  15.3   71s
 57473  9212 85420.0475   28   17 85557.0401 85202.1516  0.41%  15.0   75s
 68056  8742 85415.8714   48   24 85557.0401 85246.8047  0.36%  14.6   81s
H73070  8385                    85557.040011 85275.2535  0.33%  14.6   83s
 73746  8017 85533.4831   42   31 85557.0400 85280.5113  0.32%  14.6   85s

Cutting planes:
  Gomory: 1

Explored 78686 nodes (1148749 simplex iterations) in 86.95 seconds (79.59 work units)
Thread count was 20 (of 80 available processors)

Solution count 10: 85557 85557 85557 ... 85648.5

Optimal solution found (tolerance 3.00e-03)
Best objective 8.555704055286e+04, best bound 8.531198024317e+04, gap 0.2864%

User-callback calls 171560, time in user-callback 0.07 sec
