
Gurobi 11.0.3 (linux64) logging started Mon 18 Nov 2024 10:30:28 PM CST

Set parameter LogFile to value "/home/dlcole3/graph_abstraction/hierarchical_graphs/git_storage/CS1/HP_low_reserves/gurobi_logs/serial/logfile_ST17_2.log"

Gurobi 11.0.3 (linux64) logging started Mon 18 Nov 2024 10:32:22 PM CST

Set parameter LogFile to value "/home/dlcole3/graph_abstraction/hierarchical_graphs/git_storage/CS1/HP_low_reserves/gurobi_logs/serial/logfile_ST17_2.log"
Gurobi Optimizer version 11.0.3 build v11.0.3rc0 (linux64 - "Ubuntu 18.04.3 LTS")

CPU model: Intel(R) Xeon(R) CPU E5-2698 v4 @ 2.20GHz, instruction set [SSE2|AVX|AVX2]
Thread count: 40 physical cores, 80 logical processors, using up to 20 threads

Optimize a model with 29168 rows, 50688 columns and 136175 nonzeros
Model fingerprint: 0x3682fc93
Variable types: 46944 continuous, 3744 integer (3744 binary)
Coefficient statistics:
  Matrix range     [6e-01, 2e+04]
  Objective range  [2e+00, 2e+04]
  Bounds range     [5e-02, 2e+05]
  RHS range        [5e-02, 7e+03]
Presolve removed 14571 rows and 38984 columns
Presolve time: 0.36s
Presolved: 14597 rows, 11704 columns, 62830 nonzeros
Variable types: 8632 continuous, 3072 integer (3072 binary)
Found heuristic solution: objective 200206.94784
Found heuristic solution: objective 182732.66908

Root relaxation: objective 4.897362e+04, 8354 iterations, 0.40 seconds (0.30 work units)

    Nodes    |    Current Node    |     Objective Bounds      |     Work
 Expl Unexpl |  Obj  Depth IntInf | Incumbent    BestBd   Gap | It/Node Time

     0     0 48973.6151    0   38 182732.669 48973.6151  73.2%     -    1s
     0     0 48973.6207    0   48 182732.669 48973.6207  73.2%     -    1s
H    0     0                    70565.333135 48973.6811  30.6%     -    1s
H    0     0                    69930.504858 48973.6811  30.0%     -    2s
     0     0 48973.6811    0   55 69930.5049 48973.6811  30.0%     -    2s
     0     0 49116.1209    0   60 69930.5049 49116.1209  29.8%     -    2s
     0     0 49116.1209    0   61 69930.5049 49116.1209  29.8%     -    2s
     0     0 49647.0241    0   59 69930.5049 49647.0241  29.0%     -    2s
     0     2 49647.0241    0   59 69930.5049 49647.0241  29.0%     -    2s
H   91   112                    69930.504848 49647.0241  29.0%  80.6    4s
H   92   112                    69930.504838 49647.0241  29.0%  79.7    4s
H   94   112                    69930.504805 49647.0241  29.0%  78.4    4s
H  100   112                    69930.504552 49647.0241  29.0%  77.4    4s
H  105   112                    69925.370576 49647.0241  29.0%  76.0    4s
H  107   112                    69857.352825 49647.0241  28.9%  77.3    4s
H  109   112                    67414.976114 49647.0241  26.4%  76.7    4s
   184   209 53240.0548   12   36 67414.9761 49647.0241  26.4%  73.2    5s
H  235   256                    53109.602885 49647.0241  6.52%  80.6    8s
H  238   256                    53101.258815 49647.0241  6.50%  80.4    8s
H  239   256                    52973.335392 49647.0241  6.28%  80.4    8s
H  264   236                    52973.335234 49647.0241  6.28%  80.2    9s
H  271   236                    52968.934381 49647.0241  6.27%  79.8    9s
   410   362 51484.0099   11   39 52968.9344 49647.0241  6.27%  73.3   10s
H  753   524                    52968.934373 49647.0241  6.27%  70.1   12s
H  756   524                    52965.401835 49647.0241  6.27%  70.0   12s
H 1232   813                    52829.819696 49647.0241  6.02%  65.2   13s
H 1233   813                    52829.382658 49647.0241  6.02%  65.2   13s
H 1234   813                    52829.375777 49647.0241  6.02%  65.1   13s
H 1529  1020                    52780.597840 49647.0241  5.94%  63.1   14s
  1756  1128 51483.8755   22   54 52780.5978 49647.0241  5.94%  59.2   15s
H 1782  1128                    52778.258810 49647.0241  5.93%  59.1   15s
H 1783  1128                    52778.246260 49647.0241  5.93%  59.0   15s
H 1785  1128                    52778.246236 49647.0241  5.93%  59.0   15s
H 2020  1170                    52545.738341 49647.0241  5.52%  57.4   15s
H 2021  1170                    52545.020681 49647.0241  5.52%  57.3   15s
H 2022  1170                    52529.020730 49647.0241  5.49%  57.3   15s
* 2151  1109              86    52519.541688 49647.0241  5.47%  58.4   15s
H 2750  1255                    52451.845426 49647.0241  5.35%  58.0   17s
H 2751  1253                    52449.514176 49647.0241  5.34%  57.9   17s
H 3166  1420                    52412.205697 49647.0241  5.28%  56.6   17s
H 3396  1483                    52404.380801 50217.9224  4.17%  55.8   18s
H 3399  1483                    52403.922980 50217.9224  4.17%  55.7   18s
* 3400  1483              79    52403.465199 50217.9224  4.17%  55.7   18s
H 3842  1533                    52328.974544 50221.1479  4.03%  55.4   19s
H 3842  1526                    52313.599488 50221.1479  4.00%  55.4   19s
  3993  1522 51115.1511   32   59 52313.5995 50221.1479  4.00%  56.0   21s
H 4044  1483                    52313.599402 50221.1479  4.00%  58.0   23s
H 4045  1410                    52313.599173 50221.1479  4.00%  57.9   23s
H 4205  1389                    52313.598327 50221.1479  4.00%  58.9   25s
H 4224  1318                    52313.598276 50221.1479  4.00%  59.0   25s
  5009  1357 50498.3918   21   36 52313.5983 50221.1479  4.00%  59.9   30s
H 5336  1289                    52299.471662 50221.1479  3.97%  58.8   32s
H 5357  1223                    52299.471650 50221.1479  3.97%  58.7   32s
  6902  1399 50957.9589   27   25 52299.4716 50795.9270  2.87%  56.2   35s
H 7666  1454                    52256.640495 50974.7787  2.45%  55.2   36s
H 7704  1454                    52256.540495 50974.7787  2.45%  55.0   36s
H 7711  1454                    52254.726149 50974.7787  2.45%  55.0   36s
H 7712  1447                    52237.122149 50974.7787  2.42%  55.0   36s
H 7982  1512                    52230.240768 50974.7787  2.40%  54.2   36s
H 7984  1512                    52228.656698 50974.7787  2.40%  54.1   36s
H 9468  1935                    52227.958948 51073.0765  2.21%  50.7   37s
H11311  2519                    52227.806257 51134.7469  2.09%  47.4   39s
*11319  2519              71    52227.291787 51134.7469  2.09%  47.4   39s
H11538  2703                    52226.140381 51256.5901  1.86%  47.0   39s
H11547  2521                    52209.858550 51256.5901  1.83%  47.0   39s
H11548  2511                    52206.862446 51256.5901  1.82%  47.0   39s
H11552  2510                    52206.605211 51256.5901  1.82%  46.9   40s
H11554  2510                    52206.476595 51256.5901  1.82%  46.9   40s
*11557  2510              93    52206.347976 51256.5901  1.82%  46.9   40s
H11683  2490                    52203.527384 51261.5055  1.80%  46.7   40s
H13366  2561                    52190.353068 51311.7317  1.68%  44.5   41s
H13369  2539                    52189.464145 51311.7317  1.68%  44.5   41s
H13372  2535                    52188.572483 51311.7317  1.68%  44.5   41s
H13374  2534                    52188.436842 51311.7317  1.68%  44.5   41s
H13378  2521                    52185.412760 51311.7317  1.67%  44.5   41s
H13410  2507                    52176.998214 51311.7317  1.66%  44.4   41s
H13961  2609                    52176.062490 51322.6535  1.64%  43.8   41s
H14599  2893                    52158.840671 51340.2198  1.57%  43.0   42s
H14602  2893                    52158.593601 51340.2198  1.57%  43.0   42s
H15037  2887                    52151.683783 51343.8194  1.55%  42.5   43s
H15049  2876                    52149.766021 51343.8194  1.55%  42.5   43s
H15051  2872                    52149.569037 51343.8194  1.55%  42.5   43s
H15052  2872                    52149.533695 51343.8194  1.55%  42.5   43s
H15053  2872                    52148.745760 51343.8194  1.54%  42.5   43s
H15056  2870                    52147.161690 51343.8194  1.54%  42.5   43s
H16039  3172                    52147.086690 51395.8433  1.44%  41.5   44s
 17299  3402     cutoff   19      52147.0867 51447.0566  1.34%  40.6   45s
 22776  3460 51701.1160   43   57 52147.0867 51643.1307  0.97%  37.6   50s
H25294  3630                    52145.983084 51701.0979  0.85%  36.0   53s
 27114  3645 51870.9420   49   38 52145.9831 51738.4221  0.78%  35.4   55s
H31074  3717                    52137.209914 51832.7649  0.58%  34.3   58s
H31077  3715                    52137.185675 51832.7649  0.58%  34.3   58s
H31079  3714                    52137.126200 51832.7649  0.58%  34.3   58s
H31080  3711                    52136.879130 51832.7649  0.58%  34.3   58s
H31654  3797                    52136.711431 51843.3551  0.56%  34.1   59s
*31656  3797              80    52136.591526 51843.3551  0.56%  34.1   59s
*32184  3796              76    52136.516526 51844.8548  0.56%  33.8   59s
 32778  3649 52023.2455   48   38 52136.5165 51845.9980  0.56%  33.6   60s
H33846  3642                    52135.423052 51862.0707  0.52%  33.2   60s
H33849  3642                    52135.246879 51862.0707  0.52%  33.2   60s
*33871  3641              92    52135.203251 51862.0707  0.52%  33.2   60s
H37295  3403                    52135.203225 51911.2707  0.43%  32.0   64s
 37403  2779 52067.8587   44   39 52135.2032 51912.3219  0.43%  32.0   65s

Cutting planes:
  Gomory: 4

Explored 42386 nodes (1300666 simplex iterations) in 67.97 seconds (69.78 work units)
Thread count was 20 (of 80 available processors)

Solution count 10: 52135.2 52135.2 52135.2 ... 52147.2

Optimal solution found (tolerance 3.00e-03)
Best objective 5.213520325196e+04, best bound 5.205076788113e+04, gap 0.1620%

User-callback calls 92191, time in user-callback 0.03 sec
