
Gurobi 11.0.3 (linux64) logging started Tue 19 Nov 2024 12:11:21 AM CST

Set parameter LogFile to value "/home/dlcole3/graph_abstraction/hierarchical_graphs/git_storage/CS1/HP_low_reserves/gurobi_logs/serial/logfile_ST24_8.log"

Gurobi 11.0.3 (linux64) logging started Tue 19 Nov 2024 12:16:47 AM CST

Set parameter LogFile to value "/home/dlcole3/graph_abstraction/hierarchical_graphs/git_storage/CS1/HP_low_reserves/gurobi_logs/serial/logfile_ST24_8.log"
Gurobi Optimizer version 11.0.3 build v11.0.3rc0 (linux64 - "Ubuntu 18.04.3 LTS")

CPU model: Intel(R) Xeon(R) CPU E5-2698 v4 @ 2.20GHz, instruction set [SSE2|AVX|AVX2]
Thread count: 40 physical cores, 80 logical processors, using up to 20 threads

Optimize a model with 29168 rows, 50688 columns and 136175 nonzeros
Model fingerprint: 0xa86a1b16
Variable types: 46944 continuous, 3744 integer (3744 binary)
Coefficient statistics:
  Matrix range     [6e-01, 2e+04]
  Objective range  [2e+00, 2e+04]
  Bounds range     [5e-02, 2e+05]
  RHS range        [9e-03, 7e+03]
Presolve removed 14607 rows and 39004 columns
Presolve time: 0.34s
Presolved: 14561 rows, 11684 columns, 62080 nonzeros
Variable types: 8695 continuous, 2989 integer (2989 binary)
Found heuristic solution: objective 3561790.2568
Found heuristic solution: objective 3423293.5331

Root relaxation: objective 1.011102e+05, 8359 iterations, 0.50 seconds (0.39 work units)

    Nodes    |    Current Node    |     Objective Bounds      |     Work
 Expl Unexpl |  Obj  Depth IntInf | Incumbent    BestBd   Gap | It/Node Time

     0     0 101110.201    0   30 3423293.53 101110.201  97.0%     -    1s
H    0     0                    113379.72501 101110.201  10.8%     -    1s
     0     0 101110.201    0   40 113379.725 101110.201  10.8%     -    1s
     0     0 101110.201    0   43 113379.725 101110.201  10.8%     -    2s
     0     0 101110.201    0   41 113379.725 101110.201  10.8%     -    2s
     0     2 101110.201    0   41 113379.725 101110.201  10.8%     -    2s
H   31    52                    113345.16499 101110.201  10.8%  74.3    3s
H  108   112                    111162.83228 101110.337  9.04%  88.3    4s
H  145   160                    111039.40549 101110.337  8.94%  88.0    4s
   159   183 101728.220    9   45 111039.405 101110.337  8.94%  88.7    5s
H  181   183                    108604.39388 101110.337  6.90%  84.4    5s
H  183   213                    108445.32337 101110.337  6.76%  83.8    6s
H  195   213                    108421.07488 101110.337  6.74%  81.5    6s
H  278   299                    105502.69969 101110.337  4.16%  72.9   10s
H  281   299                    105201.59513 101110.337  3.89%  73.7   10s
H  289   299                    105153.34604 101110.337  3.84%  73.7   10s
H  298   301                    105151.30754 101110.337  3.84%  75.2   11s
H  302   301                    105089.31554 101110.337  3.79%  74.3   11s
H  312   301                    105076.84896 101110.337  3.77%  74.3   11s
  1180   996 103206.348   53   51 105076.849 101110.337  3.77%  51.1   15s
H 1380  1084                    104928.26081 101110.337  3.64%  48.5   17s
H 1401  1082                    104919.87752 101110.337  3.63%  48.1   19s
H 1403  1082                    104906.91731 101110.337  3.62%  48.2   19s
H 1414  1082                    104902.18780 101110.337  3.61%  48.0   19s
  1750  1271 103951.826   78   14 104902.188 101110.337  3.61%  45.2   20s
H 2353  1598                    104900.85530 101110.337  3.61%  42.2   21s
* 2356  1587             127    104891.57399 101110.337  3.60%  42.2   21s
H 2429  1662                    104829.35759 101110.337  3.55%  41.9   21s
H 2447  1641                    104785.56092 101110.337  3.51%  41.6   21s
H 2448  1641                    104784.20212 101110.337  3.51%  41.6   21s
* 2607  1772             140    104783.46239 101110.337  3.51%  41.0   21s
H 2608  1772                    104781.99752 101110.337  3.50%  41.0   21s
H 2609  1772                    104781.64147 101110.337  3.50%  41.0   21s
* 2610  1771             141    104780.90174 101110.337  3.50%  41.0   21s
H 2946  1857                    104765.71285 101110.493  3.49%  41.4   24s
  2947  1858 103210.014   33   41 104765.713 101110.493  3.49%  41.4   25s
H 3042  1827                    104765.71280 101110.493  3.49%  44.1   28s
H 3043  1739                    104765.71274 101110.493  3.49%  44.1   28s
H 3050  1653                    104620.46564 101110.493  3.35%  44.1   28s
H 3104  1598                    104620.46563 101110.493  3.35%  44.7   29s
H 3106  1521                    104620.46558 101110.493  3.35%  44.7   29s
H 3110  1448                    104620.46546 101110.493  3.35%  44.7   29s
  3219  1502 102412.806   22   35 104620.465 101110.493  3.35%  46.1   31s
H 3220  1434                    104613.86767 101110.493  3.35%  46.1   31s
H 3227  1367                    104604.13636 101110.493  3.34%  46.3   31s
H 3257  1313                    104603.52428 101110.493  3.34%  46.6   31s
  4383  1572     cutoff   51      104603.524 101110.493  3.34%  47.5   35s
H 4384  1513                    104601.63788 101110.493  3.34%  47.5   35s
H 4410  1465                    104601.47440 101110.493  3.34%  47.5   37s
H 4411  1412                    104601.44294 101110.493  3.34%  47.6   37s
H 5629  1715                    104525.88490 101110.493  3.27%  45.1   39s
* 5630  1668             114    104525.25338 101110.493  3.27%  45.1   39s
* 5798  1746             118    104524.93658 101110.493  3.27%  44.7   39s
* 5801  1746             119    104524.84154 101110.493  3.27%  44.7   39s
  5908  1827 104311.094   81   14 104524.842 101110.493  3.27%  44.6   40s
H 5915  1758                    104418.82154 101110.493  3.17%  44.5   40s
H 6115  1856                    104408.22222 101110.493  3.16%  44.6   40s
H 6123  1820                    104384.85372 101110.493  3.14%  44.6   40s
H 6336  1942                    104383.86700 101110.493  3.14%  44.4   40s
H 6338  1942                    104383.74094 101110.493  3.14%  44.4   40s
H 6340  1942                    104383.13344 101110.493  3.14%  44.4   40s
H 6348  1942                    104382.42629 101110.493  3.13%  44.4   40s
* 6354  1942             111    104381.83109 101110.493  3.13%  44.3   40s
H 6554  1949                    104381.83107 101110.493  3.13%  44.4   46s
H 6558  1949                    104381.83096 101110.493  3.13%  44.4   46s
H 6573  1947                    104381.24297 101110.493  3.13%  44.4   46s
H 7800  2660                    104381.24234 101221.255  3.03%  43.2   49s
H 7812  2660                    104381.24223 101221.255  3.03%  43.1   49s
H 7951  2852                    104381.09756 101584.140  2.68%  43.0   49s
* 7952  2852              83    104380.68164 101584.140  2.68%  43.0   49s
  8571  3305 104322.232   66   23 104380.682 101661.885  2.60%  42.3   50s
H 8617  3159                    104267.20413 102274.206  1.91%  42.2   50s
H 8623  3155                    104263.77188 102274.206  1.91%  42.2   50s
H 8632  3154                    104263.46125 102274.206  1.91%  42.1   50s
H 8638  3154                    104262.83431 102274.206  1.91%  42.1   50s
* 8643  3153             102    104261.28240 102274.206  1.91%  42.1   50s
* 8645  3153             103    104261.17065 102274.206  1.91%  42.1   50s
H 8646  3152                    104260.98665 102274.206  1.91%  42.1   50s
* 8656  3152             108    104260.25128 102274.206  1.90%  42.0   50s
H 9502  3728                    104256.21789 102286.555  1.89%  40.7   51s
H 9980  4175                    104253.89700 102412.991  1.77%  39.8   51s
H 9981  4173                    104252.47500 102412.991  1.76%  39.8   51s
H 9988  4172                    104252.13682 102412.991  1.76%  39.7   51s
H 9989  4171                    104251.81071 102412.991  1.76%  39.7   51s
* 9995  4168              89    104251.03906 102412.991  1.76%  39.7   51s
 13180  5729 102839.265   49   31 104251.039 102560.229  1.62%  36.8   55s
H13192  5729                    104251.03898 102560.229  1.62%  36.8   55s
H13202  5549                    104179.62833 102560.229  1.55%  36.7   55s
H14798  6435                    104159.47202 102567.607  1.53%  36.0   57s
H14805  6429                    104156.44028 102567.607  1.53%  36.0   57s
H14810  6425                    104156.22287 102567.607  1.53%  36.0   57s
H15337  6621                    104156.11417 102567.607  1.53%  36.3   58s
H15338  6618                    104155.58845 102567.607  1.52%  36.3   58s
*15341  6613              97    104155.00433 102567.607  1.52%  36.3   58s
*15342  6613              97    104154.75375 102567.607  1.52%  36.2   58s
*15345  6611              96    104154.48699 102567.607  1.52%  36.2   58s
 17048  7279 103986.615   29   36 104154.487 102633.104  1.46%  36.5   60s
H20731  8885                    104141.66933 102727.505  1.36%  36.4   63s
H21579  9287                    104126.94314 102734.426  1.34%  36.3   64s
H21589  9286                    104126.42540 102740.508  1.33%  36.3   64s
*21593  9283              89    104125.09559 102740.508  1.33%  36.3   64s
 22533  9788 103522.187   52   32 104125.096 102757.703  1.31%  36.1   65s
H23968 10535                    104116.24702 102770.252  1.29%  35.6   67s
H23968 10534                    104115.88087 102770.252  1.29%  35.6   67s
H25385 10559                    104115.88083 102773.253  1.29%  35.0   69s
H25489 10559                    104115.88082 102773.253  1.29%  35.0   69s
H25509 10559                    104115.88068 102773.253  1.29%  35.0   69s
 25519 11059 103223.837   44   37 104115.881 102773.291  1.29%  35.0   70s
*30766 12694              74    104104.87726 102798.143  1.26%  33.8   74s
H30770 12681                    104103.94405 102798.143  1.25%  33.8   74s
*30771 12675              75    104103.26447 102798.143  1.25%  33.8   74s
 31245 13304 103508.338   50   31 104103.264 102799.398  1.25%  33.6   75s
H31615 13095                    104094.70923 102804.790  1.24%  33.4   75s
H31622 13071                    104093.59946 102804.790  1.24%  33.4   75s
H31624 13068                    104093.43059 102804.790  1.24%  33.4   75s
H31626 13066                    104093.26173 102804.790  1.24%  33.4   75s
H31627 13029                    104091.37929 102804.790  1.24%  33.4   75s
H31629 12804                    104076.77060 102804.790  1.22%  33.4   75s
*31637 12789              78    104075.66052 102804.790  1.22%  33.4   75s
*33262 13305              85    104074.80723 102812.348  1.21%  32.8   76s
*35560 13929              77    104073.25499 102831.754  1.19%  32.3   78s
*35562 13913              78    104071.71348 102831.754  1.19%  32.3   78s
H35582 13913                    104071.66855 102831.754  1.19%  32.3   78s
*35585 13906              78    104070.71658 102831.754  1.19%  32.3   78s
 37506 15254 103137.943   51   27 104070.717 102852.451  1.17%  31.6   80s
H42204 15766                    104037.90594 102879.174  1.11%  30.7   83s
H42627 16018                    104030.38013 102881.286  1.10%  30.5   84s
*42629 16001              95    104029.05032 102881.286  1.10%  30.5   84s
 44498 16034     cutoff   29      104029.050 102899.721  1.09%  30.2   86s
H44560 15783                    104017.77641 102899.721  1.07%  30.2   86s
H45203 15993                    104017.44171 102910.042  1.06%  30.1   87s
H45205 15988                    104016.58720 102910.042  1.06%  30.1   87s
H45222 15979                    104016.23250 102910.042  1.06%  30.1   87s
H45229 15890                    104014.18119 102910.042  1.06%  30.1   87s
H45242 15632                    104004.19786 102910.042  1.05%  30.1   87s
H45251 15596                    104001.65918 102910.042  1.05%  30.1   87s
*45257 15565              91    104000.54909 102910.042  1.05%  30.1   87s
 46991 15635 103034.834   47   30 104000.549 102940.643  1.02%  30.0  115s
 53833 16736 103863.209   44   36 104000.549 103037.243  0.93%  29.5  120s
H56817 16931                    104000.54897 103051.007  0.91%  29.1  122s
H57013 16931                    104000.54877 103051.312  0.91%  29.1  122s
H57372 16931                    104000.54732 103051.495  0.91%  29.1  122s
 60658 16622 103480.336   35   39 104000.547 103063.711  0.90%  28.8  126s
 66820 16501     cutoff   31      104000.547 103137.950  0.83%  28.6  131s
 71506 16226     cutoff   42      104000.547 103179.794  0.79%  28.5  135s
 72952 16029     cutoff   47      104000.547 103209.843  0.76%  28.5  140s
 77698 16404 103881.467   53   28 104000.547 103276.129  0.70%  28.5  145s
 84532 16702     cutoff   40      104000.547 103389.884  0.59%  28.2  150s
 92406 17202     cutoff   43      104000.547 103416.324  0.56%  27.8  155s
 99152 15794 103945.195   37   40 104000.547 103483.024  0.50%  27.8  161s
 105813 14658 103930.288   59   35 104000.547 103539.323  0.44%  27.9  166s
 110371 13728     cutoff   34      104000.547 103560.920  0.42%  27.6  170s
 117458 13260 103996.443   27   56 104000.547 103622.825  0.36%  27.5  175s
 124723 13303 103996.036   38   58 104000.547 103668.743  0.32%  27.4  181s

Cutting planes:
  Gomory: 22
  MIR: 3

Explored 129515 nodes (3553869 simplex iterations) in 183.06 seconds (176.76 work units)
Thread count was 20 (of 80 available processors)

Solution count 10: 104001 104001 104014 ... 104076

Optimal solution found (tolerance 3.00e-03)
Best objective 1.040005490939e+05, best bound 1.037097352093e+05, gap 0.2796%

User-callback calls 283630, time in user-callback 0.09 sec
