
Gurobi 11.0.3 (linux64) logging started Mon 18 Nov 2024 09:50:49 PM CST

Set parameter LogFile to value "/home/dlcole3/graph_abstraction/hierarchical_graphs/git_storage/CS1/HP_low_reserves/gurobi_logs/serial/logfile_DA_14.log"
Set parameter TimeLimit to value 900

Gurobi 11.0.3 (linux64) logging started Mon 18 Nov 2024 09:50:50 PM CST

Set parameter LogFile to value "/home/dlcole3/graph_abstraction/hierarchical_graphs/git_storage/CS1/HP_low_reserves/gurobi_logs/serial/logfile_DA_14.log"
Gurobi Optimizer version 11.0.3 build v11.0.3rc0 (linux64 - "Ubuntu 18.04.3 LTS")

CPU model: Intel(R) Xeon(R) CPU E5-2698 v4 @ 2.20GHz, instruction set [SSE2|AVX|AVX2]
Thread count: 40 physical cores, 80 logical processors, using up to 20 threads

Optimize a model with 35850 rows, 31725 columns and 164765 nonzeros
Model fingerprint: 0xcc91d8a7
Variable types: 19950 continuous, 11775 integer (11775 binary)
Coefficient statistics:
  Matrix range     [5e-02, 2e+04]
  Objective range  [1e+00, 8e+04]
  Bounds range     [5e-02, 2e+05]
  RHS range        [2e-16, 7e+03]
Presolve removed 4319 rows and 5734 columns
Presolve time: 0.81s
Presolved: 31531 rows, 25991 columns, 146245 nonzeros
Variable types: 15446 continuous, 10545 integer (10545 binary)
Found heuristic solution: objective 1.091901e+09
Found heuristic solution: objective 9.449093e+08
Found heuristic solution: objective 6.606680e+08
Deterministic concurrent LP optimizer: primal and dual simplex
Showing primal log only...

Concurrent spin time: 0.01s

Solved with dual simplex

Use crossover to convert LP symmetric solution to basic solution...

Root relaxation: objective 1.172333e+07, 12569 iterations, 1.06 seconds (0.66 work units)

    Nodes    |    Current Node    |     Objective Bounds      |     Work
 Expl Unexpl |  Obj  Depth IntInf | Incumbent    BestBd   Gap | It/Node Time

     0     0 1.1723e+07    0  149 6.6067e+08 1.1723e+07  98.2%     -    3s
H    0     0                    6.592574e+08 1.1723e+07  98.2%     -    3s
H    0     0                    1.859802e+07 1.1723e+07  37.0%     -    3s
     0     0 1.1723e+07    0  149 1.8598e+07 1.1723e+07  37.0%     -    3s
     0     2 1.1723e+07    0  149 1.8598e+07 1.1723e+07  37.0%     -    4s
     1     4 1.1724e+07    1  149 1.8598e+07 1.1724e+07  37.0%  35.0    5s
H   32    52                    1.224381e+07 1.1740e+07  4.12%   158    6s
H  222   234                    1.214999e+07 1.1742e+07  3.36%   116    8s
H  241   256                    1.214777e+07 1.1742e+07  3.34%   114    8s
H  253   256                    1.189492e+07 1.1742e+07  1.29%   112    8s
   346   367 1.1806e+07   17   59 1.1895e+07 1.1742e+07  1.29%   104   10s
H  640   650                    1.187729e+07 1.1742e+07  1.14%  91.5   11s
H  658   650                    1.183066e+07 1.1742e+07  0.75%  90.5   11s
   952   858     cutoff   44      1.1831e+07 1.1743e+07  0.74%  78.2   17s
H  954   858                    1.179936e+07 1.1743e+07  0.48%  78.0   17s
H  957   858                    1.179046e+07 1.1743e+07  0.40%  78.2   17s
H  966   858                    1.178456e+07 1.1743e+07  0.35%  78.0   17s
   974   846 1.1744e+07    8   76 1.1785e+07 1.1743e+07  0.35%  77.9   23s
H  983   846                    1.178084e+07 1.1743e+07  0.32%  77.6   23s
  1302   931 1.1763e+07   16  111 1.1781e+07 1.1743e+07  0.32%  73.4   25s
  2177  1083 1.1775e+07   21   52 1.1781e+07 1.1744e+07  0.32%  65.4   30s
* 2787  1101              32    1.178080e+07 1.1747e+07  0.29%  62.0   32s
  3452  1138 1.1772e+07   11   79 1.1781e+07 1.1750e+07  0.26%  59.9   35s
  3908  1071     cutoff   14      1.1781e+07 1.1759e+07  0.19%  58.9   40s
H 3912  1071                    1.178080e+07 1.1759e+07  0.19%  58.9   40s
  5229  1386 1.1780e+07   37   36 1.1781e+07 1.1765e+07  0.13%  55.7   45s
* 5474  1383              31    1.178075e+07 1.1766e+07  0.12%  55.1   45s
  5848  1469 1.1779e+07   36  149 1.1781e+07 1.1766e+07  0.12%  54.3   52s
  5851  1471 1.1772e+07   16  113 1.1781e+07 1.1766e+07  0.12%  54.2   55s
  5885  1489 1.1766e+07   19   73 1.1781e+07 1.1766e+07  0.12%  57.4   60s
  6028  1479 1.1770e+07   24   67 1.1781e+07 1.1766e+07  0.12%  57.8   65s
H 6072  1403                    1.178044e+07 1.1766e+07  0.12%  57.9   70s
H 6075  1332                    1.177980e+07 1.1766e+07  0.12%  57.9   70s
  6467  1317 1.1779e+07   34   41 1.1780e+07 1.1766e+07  0.12%  58.0   75s
  6886  1307 1.1775e+07   30   48 1.1780e+07 1.1766e+07  0.12%  57.9   84s
H 6943  1221                    1.177959e+07 1.1766e+07  0.11%  58.2   84s
  6964  1248 1.1766e+07   26   58 1.1780e+07 1.1766e+07  0.11%  58.1   85s
  7925  1174 1.1777e+07   36   82 1.1780e+07 1.1766e+07  0.11%  57.2   90s
H 8087  1051                    1.177958e+07 1.1766e+07  0.11%  57.3   91s
  8968   901     cutoff   31      1.1780e+07 1.1766e+07  0.11%  56.2   95s

Explored 9821 nodes (557455 simplex iterations) in 99.19 seconds (92.18 work units)
Thread count was 20 (of 80 available processors)

Solution count 10: 1.17796e+07 1.17796e+07 1.17798e+07 ... 1.17994e+07

Optimal solution found (tolerance 1.00e-03)
Best objective 1.177957782725e+07, best bound 1.176957310479e+07, gap 0.0849%

User-callback calls 42279, time in user-callback 0.07 sec
