
Gurobi 11.0.3 (linux64) logging started Mon 18 Nov 2024 09:52:34 PM CST

Set parameter LogFile to value "/home/dlcole3/graph_abstraction/hierarchical_graphs/git_storage/CS1/HP_low_reserves/gurobi_logs/serial/logfile_ST14_2.log"

Gurobi 11.0.3 (linux64) logging started Mon 18 Nov 2024 09:53:45 PM CST

Set parameter LogFile to value "/home/dlcole3/graph_abstraction/hierarchical_graphs/git_storage/CS1/HP_low_reserves/gurobi_logs/serial/logfile_ST14_2.log"
Gurobi Optimizer version 11.0.3 build v11.0.3rc0 (linux64 - "Ubuntu 18.04.3 LTS")

CPU model: Intel(R) Xeon(R) CPU E5-2698 v4 @ 2.20GHz, instruction set [SSE2|AVX|AVX2]
Thread count: 40 physical cores, 80 logical processors, using up to 20 threads

Optimize a model with 29168 rows, 50688 columns and 136175 nonzeros
Model fingerprint: 0x27340032
Variable types: 46944 continuous, 3744 integer (3744 binary)
Coefficient statistics:
  Matrix range     [6e-01, 2e+04]
  Objective range  [2e+00, 2e+04]
  Bounds range     [5e-02, 2e+05]
  RHS range        [5e-02, 7e+03]
Presolve removed 14139 rows and 38596 columns
Presolve time: 0.39s
Presolved: 15029 rows, 12092 columns, 63694 nonzeros
Variable types: 9116 continuous, 2976 integer (2976 binary)
Found heuristic solution: objective 1955118.3434

Root relaxation: objective 1.015180e+05, 8443 iterations, 0.47 seconds (0.36 work units)

    Nodes    |    Current Node    |     Objective Bounds      |     Work
 Expl Unexpl |  Obj  Depth IntInf | Incumbent    BestBd   Gap | It/Node Time

     0     0 101518.000    0   52 1955118.34 101518.000  94.8%     -    1s
H    0     0                    143184.72443 101518.000  29.1%     -    2s
     0     0 101518.000    0   50 143184.724 101518.000  29.1%     -    2s
H    0     0                    141661.36065 101598.276  28.3%     -    2s
     0     0 101598.276    0   49 141661.361 101598.276  28.3%     -    2s
     0     0 101598.276    0   49 141661.361 101598.276  28.3%     -    2s
     0     2 101598.276    0   49 141661.361 101598.276  28.3%     -    3s
H   37    52                    117631.23792 102132.556  13.2%  63.6    4s
H   42    52                    107246.48452 102132.556  4.77%  72.7    4s
H   91   112                    107197.69550 102132.556  4.73%  61.0    4s
H  110   112                    107190.58098 102132.556  4.72%  60.6    4s
   111   136 105009.279    8   49 107190.581 102132.556  4.72%  62.4    5s
H  180   185                    106798.91091 102132.556  4.37%  64.9    5s
H  273   288                    104247.56271 102132.556  2.03%  66.4   10s
H  274   288                    104216.98196 102132.556  2.00%  66.2   10s
H  276   288                    104154.24246 102132.556  1.94%  66.4   10s
H  279   288                    104076.04295 102132.556  1.87%  66.7   10s
H  283   288                    104070.91635 102132.556  1.86%  66.7   10s
H  287   288                    103918.61825 102132.556  1.72%  66.3   10s
H  288   288                    103909.58254 102132.556  1.71%  66.1   10s
H  289   288                    103778.65481 102132.556  1.59%  65.9   10s
  1410   895 103210.101   30   32 103778.655 102132.756  1.59%  34.2   15s
H 1419   895                    103778.65478 102132.756  1.59%  34.2   15s
H 1420   895                    103778.65473 102132.756  1.59%  34.2   15s
H 2088  1185                    103773.34473 102275.128  1.44%  32.7   17s
H 2090  1185                    103773.27427 102275.128  1.44%  32.7   17s
H 3327  1860                    103773.19923 102344.280  1.38%  30.6   22s
H 3330  1768                    103773.19891 102344.280  1.38%  30.6   23s
  3340  1782 102344.280   18   41 103773.199 102344.280  1.38%  33.0   25s
H 3426  1746                    103773.19871 102344.280  1.38%  34.0   26s
H 3433  1659                    103773.19827 102344.280  1.38%  34.0   26s
H 3611  1655                    103773.19825 102344.280  1.38%  36.1   29s
H 3644  1579                    103773.19822 102344.280  1.38%  36.3   29s
  3808  1655 103744.010   32   50 103773.198 102344.280  1.38%  36.9   30s
H 4754  1767                    103773.19818 102344.280  1.38%  35.5   33s
H 4764  1695                    103772.82469 102344.280  1.38%  35.6   33s
H 4767  1629                    103769.61425 102344.280  1.37%  35.5   33s
  5403  1799 103437.892   39   24 103769.614 102344.280  1.37%  36.0   35s
 10049  3631 102873.187   33   20 103769.614 102344.280  1.37%  33.4   40s
*14285  5903              64    103756.59687 102425.497  1.28%  30.6   43s
 15788  6754 103165.893   39   33 103756.597 102493.713  1.22%  30.0   45s
 19187  8359 103393.279   44   21 103756.597 102575.280  1.14%  28.5   50s
 25161 10814 103727.321   52   19 103756.597 102659.027  1.06%  26.5   55s
*26819 11202              87    103755.88717 102686.787  1.03%  26.2   56s
H28184 11635                    103754.24977 102710.107  1.01%  26.3   57s
H28221 11631                    103753.27847 102710.117  1.01%  26.3   57s
 31000 12542 103725.288   33   25 103753.278 102810.591  0.91%  26.0   60s
 36011 13841 103425.911   50   39 103753.278 102901.850  0.82%  25.5   65s
*36317 13409              80    103730.06993 102907.028  0.79%  25.5   65s
 42539 14509     cutoff   31      103730.070 103030.995  0.67%  25.0   70s
*44496 14693              74    103725.22281 103058.422  0.64%  24.9   72s
*44940 14536              74    103716.18900 103061.586  0.63%  24.9   72s
 46966 15046 103508.824   40   41 103716.189 103079.701  0.61%  24.8   85s
 53546 15852 103365.497   48   21 103716.189 103148.832  0.55%  24.6   91s
*55896 16111              74    103714.08543 103168.187  0.53%  24.6   93s
*59737 16352              67    103713.88550 103191.310  0.50%  24.3   94s
*60349 16346              76    103713.14678 103192.538  0.50%  24.2   94s
 60743 16762 103431.892   47   38 103713.147 103205.396  0.49%  24.2   96s
*61461 16700              78    103710.57061 103206.015  0.49%  24.1   96s
 65975 16818     cutoff   58      103710.571 103230.336  0.46%  23.6  100s
 72571 17420     cutoff   47      103710.571 103266.542  0.43%  22.7  105s
H78099 17651                    103710.49563 103292.921  0.40%  22.2  108s
H78103 17606                    103709.60614 103292.921  0.40%  22.2  108s
H78112 17606                    103709.59931 103292.921  0.40%  22.2  108s
 78133 17673 103441.228   41   35 103709.599 103292.921  0.40%  22.2  113s
 78875 17692     cutoff   42      103709.599 103292.992  0.40%  22.1  115s
 88818 17604     cutoff   45      103709.599 103342.754  0.35%  21.6  121s
 92438 17692 103684.711   58   18 103709.599 103357.653  0.34%  21.4  125s
 101726 17535 103679.555   46   27 103709.599 103386.049  0.31%  20.9  131s

Cutting planes:
  Gomory: 9

Explored 106419 nodes (2214032 simplex iterations) in 133.31 seconds (126.57 work units)
Thread count was 20 (of 80 available processors)

Solution count 10: 103710 103710 103710 ... 103725

Optimal solution found (tolerance 3.00e-03)
Best objective 1.037095993256e+05, best bound 1.034047082530e+05, gap 0.2940%

User-callback calls 230576, time in user-callback 0.08 sec
