
Gurobi 11.0.3 (linux64) logging started Mon 18 Nov 2024 11:34:40 PM CST

Set parameter LogFile to value "/home/dlcole3/graph_abstraction/hierarchical_graphs/git_storage/CS1/HP_low_reserves/gurobi_logs/serial/logfile_ST22_8.log"

Gurobi 11.0.3 (linux64) logging started Mon 18 Nov 2024 11:46:03 PM CST

Set parameter LogFile to value "/home/dlcole3/graph_abstraction/hierarchical_graphs/git_storage/CS1/HP_low_reserves/gurobi_logs/serial/logfile_ST22_8.log"
Gurobi Optimizer version 11.0.3 build v11.0.3rc0 (linux64 - "Ubuntu 18.04.3 LTS")

CPU model: Intel(R) Xeon(R) CPU E5-2698 v4 @ 2.20GHz, instruction set [SSE2|AVX|AVX2]
Thread count: 40 physical cores, 80 logical processors, using up to 20 threads

Optimize a model with 29168 rows, 50688 columns and 136175 nonzeros
Model fingerprint: 0xf03ff976
Variable types: 46944 continuous, 3744 integer (3744 binary)
Coefficient statistics:
  Matrix range     [6e-01, 2e+04]
  Objective range  [2e+00, 2e+04]
  Bounds range     [5e-02, 2e+05]
  RHS range        [5e-02, 7e+03]
Presolve removed 14426 rows and 38695 columns
Presolve time: 0.34s
Presolved: 14742 rows, 11993 columns, 63409 nonzeros
Variable types: 8935 continuous, 3058 integer (3058 binary)
Found heuristic solution: objective 697904.18188
Found heuristic solution: objective 596490.71013

Root relaxation: objective 5.665473e+04, 8963 iterations, 0.55 seconds (0.46 work units)

    Nodes    |    Current Node    |     Objective Bounds      |     Work
 Expl Unexpl |  Obj  Depth IntInf | Incumbent    BestBd   Gap | It/Node Time

     0     0 56654.7265    0   55 596490.710 56654.7265  90.5%     -    1s
H    0     0                    117563.34752 56654.7265  51.8%     -    1s
H    0     0                    99316.718488 56654.7265  43.0%     -    1s
     0     0 56654.7265    0   65 99316.7185 56654.7265  43.0%     -    1s
H    0     0                    99292.094488 56654.7265  42.9%     -    2s
     0     0 56654.7268    0   66 99292.0945 56654.7268  42.9%     -    2s
     0     0 56654.7276    0   94 99292.0945 56654.7276  42.9%     -    2s
     0     0 56654.7574    0   94 99292.0945 56654.7574  42.9%     -    2s
     0     0 56654.7574    0  104 99292.0945 56654.7574  42.9%     -    2s
     0     0 56654.7574    0   94 99292.0945 56654.7574  42.9%     -    2s
     0     0 56654.7574    0   96 99292.0945 56654.7574  42.9%     -    2s
     0     0 56654.7574    0   88 99292.0945 56654.7574  42.9%     -    3s
     0     2 56654.7574    0   88 99292.0945 56654.7574  42.9%     -    3s
H   32    52                    95244.335828 56657.3041  40.5%  80.2    4s
H   50    52                    68263.495976 56771.3412  16.8%  76.5    4s
    91   112 57821.6258    8   82 68263.4960 56771.3412  16.8%  74.4    5s
H  130   132                    68261.238959 56771.3412  16.8%  80.3    5s
H  151   172                    63491.755468 56771.3412  10.6%  83.2    6s
H  161   172                    63424.825167 56771.3412  10.5%  82.5    6s
H  163   172                    62317.023192 56771.3412  8.90%  81.8    6s
H  240   247                    59826.307883 56771.3412  5.11%  96.6   11s
H  241   247                    59089.224689 56771.3412  3.92%  96.6   11s
H  242   247                    59067.481454 56771.3412  3.89%  96.7   11s
H  243   247                    59010.694724 56771.3412  3.79%  96.4   11s
H  247   247                    59009.621722 56771.3412  3.79%  97.3   11s
H  250   247                    58986.032359 56771.3412  3.75%  96.4   11s
H  251   247                    58981.761104 56771.3412  3.75%  96.5   11s
H  257   247                    58830.757800 56771.3412  3.50%  97.5   11s
  1200  1134 58556.7820   46   23 58830.7578 56771.3412  3.50%  45.3   15s
H 1377  1138                    58830.757763 56771.3412  3.50%  41.9   16s
H 1390  1138                    58820.863884 56771.3412  3.48%  41.7   16s
H 1416  1138                    58800.586885 56771.3412  3.45%  41.2   16s
H 1421  1138                    58785.772644 56771.3412  3.43%  41.3   16s
H 2198  1657                    58775.583430 56785.6022  3.39%  37.4   17s
H 2200  1657                    58775.182008 56785.6022  3.39%  37.3   17s
H 2202  1657                    58774.507968 56785.6022  3.38%  37.3   17s
H 2288  1769                    58774.298872 56785.6022  3.38%  37.0   18s
H 2289  1769                    58773.840449 56785.6022  3.38%  37.0   18s
H 2297  1527                    58652.000198 56785.6022  3.18%  36.9   18s
H 2310  1371                    58570.359159 56785.6022  3.05%  36.7   18s
H 2311  1371                    58570.037564 56785.6022  3.05%  36.7   18s
H 2312  1371                    58569.394374 56785.6022  3.05%  36.7   18s
H 2313  1370                    58568.384794 56785.6022  3.04%  36.7   18s
H 2314  1361                    58564.053338 56785.6022  3.04%  36.7   18s
H 2786  1554                    58563.247505 56914.4444  2.82%  36.9   19s
H 2787  1547                    58561.265414 56914.4444  2.81%  36.9   19s
H 2788  1538                    58559.894548 56914.4444  2.81%  36.9   19s
H 2790  1531                    58558.205290 56914.4444  2.81%  36.9   19s
H 2791  1526                    58556.946135 56914.4444  2.80%  36.9   19s
H 2792  1516                    58553.785261 56914.4444  2.80%  36.9   19s
H 2796  1515                    58553.166026 56914.4444  2.80%  36.8   19s
H 2797  1505                    58551.539929 56914.4444  2.80%  36.8   19s
H 2798  1505                    58551.517250 56914.4444  2.80%  36.8   19s
* 2799  1504              63    58551.165870 56914.4444  2.80%  36.8   19s
* 2803  1504              64    58550.823645 56914.4444  2.79%  36.7   19s
* 2818  1478              57    58541.049231 56914.4444  2.78%  36.6   19s
H 3283  1690                    58540.977505 57056.1947  2.54%  38.1   21s
  3293  1700 57056.1947   12   56 58540.9775 57056.1947  2.54%  40.4   25s
H 3386  1687                    58540.977486 57056.1947  2.54%  41.8   26s
H 3387  1606                    58540.977312 57056.1947  2.54%  41.8   26s
H 3593  1634                    58540.977305 57056.1947  2.54%  43.6   28s
H 3597  1560                    58540.977244 57056.1947  2.54%  43.6   28s
  3909  1681 57853.7681   28   45 58540.9772 57056.1947  2.54%  44.2   30s
H 4108  1662                    58540.977227 57056.1947  2.54%  43.9   34s
H 4109  1596                    58473.749062 57056.1947  2.42%  43.9   34s
H 4117  1531                    58472.113457 57056.1947  2.42%  43.9   34s
H 4124  1470                    58463.943440 57056.1947  2.41%  43.9   34s
  4129  1477 57613.2781   31   40 58463.9434 57056.1947  2.41%  43.9   35s
H 4136  1418                    58463.943428 57056.1947  2.41%  43.9   35s
H 5183  1684                    58463.943361 57056.1947  2.41%  39.3   38s
  6532  2170 57296.4859   30   41 58463.9434 57093.9965  2.34%  36.5   40s
* 8617  3266             111    58459.384073 57211.3330  2.13%  35.3   42s
 11147  4765 58183.6458   36   42 58459.3841 57475.1347  1.68%  33.6   45s
H12083  5034                    58440.685495 57488.5706  1.63%  33.5   46s
H15184  6352                    58429.195621 57509.8138  1.57%  33.5   49s
 15422  6608     cutoff   45      58429.1956 57509.8254  1.57%  33.5   50s
H17739  7060                    58399.477262 57572.8933  1.42%  33.5   53s
H17741  7060                    58399.438252 57572.8933  1.42%  33.5   53s
H17743  7041                    58398.511304 57572.8933  1.41%  33.5   53s
 18819  7349     cutoff   46      58398.5113 57591.9716  1.38%  33.5   55s
H18825  7337                    58397.644390 57591.9716  1.38%  33.4   55s
H18846  7337                    58397.602513 57591.9716  1.38%  33.4   55s
H20514  7621                    58333.517971 57608.7312  1.24%  33.4   58s
 22605  8157 57842.0861   39   49 58333.5180 57635.7969  1.20%  33.5   60s
H23411  8163                    58330.137944 57645.4232  1.17%  33.7   62s
 23507  9406     cutoff   32      58330.1379 57649.2402  1.17%  33.7   67s
*27056  9395              96    58329.145269 57656.8681  1.15%  33.9   67s
H27064  9395                    58329.036445 57656.8681  1.15%  33.9   67s
*27065  9392              98    58328.773045 57656.8681  1.15%  33.9   67s
 28132  9844 58199.9384   39   59 58328.7730 57683.9866  1.11%  33.9   70s
 33010 11189 57977.5752   34   55 58328.7730 57727.5660  1.03%  34.1   75s
 37357 11880 58292.8906   44   65 58328.7730 57762.1613  0.97%  34.1   80s
 41659 12497 58139.1234   46   49 58328.7730 57787.2922  0.93%  34.0   87s
H41683 12497                    58328.772976 57787.2922  0.93%  34.0   87s
H43713 12901                    58328.772883 57805.9495  0.90%  33.8   91s
H43790 12901                    58328.683748 57805.9495  0.90%  33.8   91s
H43833 12901                    58328.683738 57805.9495  0.90%  33.8   91s
H43913 12901                    58328.683600 57805.9495  0.90%  33.8   91s
 46233 13664 58156.2626   33   35 58328.6836 57821.1187  0.87%  33.6  119s
 48909 14091     cutoff   56      58328.6836 57840.5094  0.84%  33.4  121s
H49171 13987                    58323.024134 57841.0297  0.83%  33.4  121s
*49172 13987              89    58322.961283 57841.0297  0.83%  33.4  121s
 52676 14238 58089.3288   37   62 58322.9613 57857.6984  0.80%  33.3  125s
 58407 14606     cutoff   39      58322.9613 57899.9562  0.73%  33.1  131s
H62394 14503                    58313.150944 57911.9772  0.69%  32.9  133s
H62402 14498                    58312.782947 57911.9772  0.69%  32.9  133s
H62407 14498                    58312.745734 57911.9772  0.69%  32.9  133s
H62408 14495                    58312.716308 57911.9772  0.69%  32.9  133s
*62409 14495              97    58312.679095 57911.9772  0.69%  32.9  133s
 63055 14513     cutoff   37      58312.6791 57918.8111  0.68%  32.8  135s
*66287 14678              91    58312.679067 57932.3057  0.65%  32.7  137s
H66569 14678                    58312.619234 57932.7718  0.65%  32.7  137s
*66570 14678              91    58312.589808 57932.7718  0.65%  32.7  137s
 67462 14723 58094.9816   46   50 58312.5898 57941.8806  0.64%  32.7  140s
 72559 14612 58061.4223   28   68 58312.5898 57959.6972  0.61%  32.2  145s
H72622 14612                    58312.564808 57960.6038  0.60%  32.2  145s
H72898 14612                    58312.564794 57962.2888  0.60%  32.2  145s
 76428 14369     cutoff   35      58312.5648 57973.4951  0.58%  31.9  150s
 81299 13721     cutoff   39      58312.5648 57998.1802  0.54%  31.8  155s
 88354 12443     cutoff   46      58312.5648 58033.7075  0.48%  31.5  161s
 92735 10972 58279.2373   34   46 58312.5648 58061.3499  0.43%  31.4  165s
 99864  8451     cutoff   34      58312.5648 58109.9520  0.35%  31.2  171s
H103652  7553                    58312.171612 58128.8411  0.31%  31.1  174s
*103653  7547              79    58311.974567 58128.8411  0.31%  31.1  174s
H104224  7213                    58304.633788 58129.2183  0.30%  31.0  174s
H104224  7203                    58304.062355 58129.2183  0.30%  31.0  174s

Cutting planes:
  Gomory: 11
  MIR: 6

Explored 104941 nodes (3258784 simplex iterations) in 174.36 seconds (190.80 work units)
Thread count was 20 (of 80 available processors)

Solution count 10: 58304.1 58304.1 58312 ... 58328.7

Optimal solution found (tolerance 3.00e-03)
Best objective 5.830406235489e+04, best bound 5.814421012084e+04, gap 0.2742%

User-callback calls 230950, time in user-callback 0.08 sec
