
Gurobi 11.0.3 (linux64) logging started Tue 19 Nov 2024 12:11:17 AM CST

Set parameter LogFile to value "/home/dlcole3/graph_abstraction/hierarchical_graphs/git_storage/CS1/HP_low_reserves/gurobi_logs/serial/logfile_ST24_6.log"

Gurobi 11.0.3 (linux64) logging started Tue 19 Nov 2024 12:13:45 AM CST

Set parameter LogFile to value "/home/dlcole3/graph_abstraction/hierarchical_graphs/git_storage/CS1/HP_low_reserves/gurobi_logs/serial/logfile_ST24_6.log"
Gurobi Optimizer version 11.0.3 build v11.0.3rc0 (linux64 - "Ubuntu 18.04.3 LTS")

CPU model: Intel(R) Xeon(R) CPU E5-2698 v4 @ 2.20GHz, instruction set [SSE2|AVX|AVX2]
Thread count: 40 physical cores, 80 logical processors, using up to 20 threads

Optimize a model with 29168 rows, 50688 columns and 136175 nonzeros
Model fingerprint: 0x2527adb5
Variable types: 46944 continuous, 3744 integer (3744 binary)
Coefficient statistics:
  Matrix range     [6e-01, 2e+04]
  Objective range  [2e+00, 2e+04]
  Bounds range     [5e-02, 2e+05]
  RHS range        [8e-03, 7e+03]
Presolve removed 14801 rows and 39180 columns
Presolve time: 0.35s
Presolved: 14367 rows, 11508 columns, 60484 nonzeros
Variable types: 8673 continuous, 2835 integer (2835 binary)
Found heuristic solution: objective 967248.97065
Found heuristic solution: objective 518222.17939

Root relaxation: objective 6.345569e+04, 8023 iterations, 0.41 seconds (0.32 work units)

    Nodes    |    Current Node    |     Objective Bounds      |     Work
 Expl Unexpl |  Obj  Depth IntInf | Incumbent    BestBd   Gap | It/Node Time

     0     0 63455.6881    0   34 518222.179 63455.6881  87.8%     -    1s
H    0     0                    518218.10215 63455.6881  87.8%     -    1s
H    0     0                    113207.86140 63455.6881  43.9%     -    1s
     0     0 63455.7217    0   46 113207.861 63455.7217  43.9%     -    1s
     0     0 63455.8069    0   52 113207.861 63455.8069  43.9%     -    2s
     0     0 63455.8069    0   52 113207.861 63455.8069  43.9%     -    2s
     0     0 63467.9623    0   48 113207.861 63467.9623  43.9%     -    2s
     0     0 63662.8254    0   48 113207.861 63662.8254  43.8%     -    2s
H    0     0                    113162.43613 63662.8254  43.7%     -    2s
     0     2 63662.8254    0   48 113162.436 63662.8254  43.7%     -    3s
H   34    52                    113162.43588 63662.8254  43.7%  44.7    3s
H   37    52                    113162.43491 63662.8254  43.7%  44.4    3s
H   39    52                    113162.18364 63662.8254  43.7%  43.6    3s
H   44    52                    113150.12302 63662.8254  43.7%  41.9    4s
H   45    52                    99870.292079 63662.8254  36.3%  42.1    4s
   132   159 64182.6842   10   44 99870.2921 63683.2978  36.2%  67.0    5s
H  158   179                    85290.870444 63683.2978  25.3%  71.4    6s
H  170   179                    85017.624677 63683.2978  25.1%  70.8    6s
H  207   228                    66609.186254 63683.2978  4.39%  75.4   10s
H  211   228                    66527.341879 63683.2978  4.28%  75.8   10s
H  213   228                    66485.793204 63683.2978  4.22%  76.3   10s
H  214   228                    65920.079185 63683.2978  3.39%  76.9   10s
H  928   788                    65732.896785 63683.2978  3.12%  53.6   13s
* 1198   940              59    65724.835926 63733.4547  3.03%  48.1   13s
H 1278   940                    65716.766055 63733.4547  3.02%  47.1   13s
* 1377  1000              62    65716.578737 63733.4547  3.02%  46.8   13s
H 1382  1000                    65715.929054 63733.4547  3.02%  46.6   13s
* 1384  1000              66    65715.908861 63733.4547  3.02%  46.6   13s
H 1897  1159                    65713.298454 63733.4547  3.01%  44.4   14s
* 1903  1159              54    65712.888641 63733.4547  3.01%  44.3   14s
  2069  1237     cutoff   41      65712.8886 63995.8443  2.61%  43.9   15s
H 3050  1575                    65712.888614 64009.9116  2.59%  42.4   16s
H 3060  1575                    65712.888335 64009.9116  2.59%  42.4   16s
H 3194  1664                    65683.685595 64009.9116  2.55%  42.4   17s
H 3408  1709                    65670.469095 64009.9116  2.53%  41.8   17s
* 3419  1709              57    65670.237853 64009.9116  2.53%  41.7   17s
H 3422  1707                    65669.643541 64009.9116  2.53%  41.6   17s
* 3423  1707              59    65669.567978 64009.9116  2.53%  41.6   17s
  4429  2024 65271.0890   30   25 65669.5680 64145.8033  2.32%  41.3   20s
H 4449  2024                    65669.567889 64145.8033  2.32%  41.4   20s
H 4477  2024                    65669.567508 64145.8033  2.32%  41.3   20s
H 4532  2024                    65669.538046 64145.8033  2.32%  41.4   21s
  4629  2091 64460.4879   19   24 65669.5380 64145.8033  2.32%  43.3   25s
H 4630  1989                    65669.538013 64145.8033  2.32%  43.3   25s
H 4631  1892                    65669.537191 64145.8033  2.32%  43.3   25s
H 4850  1850                    65669.536661 64145.8033  2.32%  44.2   28s
H 4862  1759                    65669.536571 64145.8033  2.32%  44.2   28s
H 4875  1687                    65668.532980 64145.8033  2.32%  44.3   28s
  5688  1728 65125.6001   37   25 65668.5330 64145.8033  2.32%  43.0   30s
H 5960  1610                    65652.111020 64145.8033  2.29%  42.3   31s
H 5976  1539                    65652.110998 64145.8033  2.29%  42.2   31s
  9280  1958 65219.3672   21   21 65652.1110 64680.1646  1.48%  36.6   35s
* 9890  2126              90    65651.973264 64680.1646  1.48%  35.4   35s
H10576  2453                    65626.381141 64688.5672  1.43%  34.3   35s
*10578  2449              77    65625.641416 64688.5672  1.43%  34.3   35s
H10999  2576                    65622.528954 64688.5672  1.42%  33.7   36s
*11001  2573              79    65622.353116 64688.5672  1.42%  33.7   36s
H11610  2884                    65622.020359 64710.8422  1.39%  33.0   36s
*11611  2883              70    65621.668684 64710.8422  1.39%  33.0   36s
H14177  3866                    65621.064243 64741.8647  1.34%  30.6   38s
H14178  3866                    65620.955255 64741.8647  1.34%  30.6   38s
*14179  3866              89    65620.889080 64741.8647  1.34%  30.6   38s
 15615  4245     cutoff   46      65620.8891 64768.0920  1.30%  30.0   40s
 22823  6012     cutoff   48      65620.8891 64849.6727  1.18%  27.9   45s
H27237  6610                    65619.701349 64904.0151  1.09%  26.9   49s
 27273  6616 65307.0156   40   28 65619.7013 64904.0151  1.09%  26.9   50s
H27282  6616                    65619.700970 64904.0151  1.09%  26.9   50s
H32488  7714                    65619.646649 64949.7226  1.02%  25.9   54s
H32489  7714                    65619.537661 64949.7226  1.02%  25.9   54s
*32490  7713              86    65619.471486 64949.7226  1.02%  25.9   54s
 33008  7812 65272.1630   35   12 65619.4715 64956.8123  1.01%  25.9   55s
 41437  9164 65390.9795   44   19 65619.4715 65046.8403  0.87%  24.7   60s
H43843  9395                    65616.954366 65055.0089  0.86%  24.3   61s
*43844  9395              89    65616.936941 65055.0089  0.86%  24.3   61s
 46025  9619     cutoff   58      65616.9369 65071.3297  0.83%  24.0   82s
 52199  9886 65369.1535   59   19 65616.9369 65115.7241  0.76%  23.5   85s
H53663  9886                    65616.864368 65124.4834  0.75%  23.4   85s
H53666  9885                    65616.641481 65124.4834  0.75%  23.4   85s
*53668  9882              88    65616.432218 65124.4834  0.75%  23.4   85s
H58464  9225                    65616.432001 65186.2744  0.66%  23.2   89s
H58581  9225                    65616.431813 65187.6344  0.65%  23.2   89s
 58778  9038 65325.4282   42   27 65616.4318 65190.0042  0.65%  23.2   91s
H62695  8857                    65616.402286 65213.5978  0.61%  22.9   93s
 66206  8901 65381.5540   45   30 65616.4023 65253.7496  0.55%  22.4   95s
*73639  8581              84    65616.209209 65296.6650  0.49%  21.9   99s
*73644  8575              85    65616.103711 65296.6650  0.49%  21.9   99s
 74942  8321     cutoff   58      65616.1037 65309.7438  0.47%  21.8  101s
*81046  7434              84    65616.073779 65338.3970  0.42%  21.3  104s
 82503  7423     cutoff   53      65616.0738 65367.2031  0.38%  21.2  107s
H82519  7423                    65616.073739 65367.2031  0.38%  21.2  107s
H82525  7423                    65616.073432 65367.2031  0.38%  21.2  107s
 84863  6697     cutoff   28      65616.0734 65379.8860  0.36%  21.0  110s

Cutting planes:
  Gomory: 10

Explored 89555 nodes (1850798 simplex iterations) in 112.53 seconds (102.88 work units)
Thread count was 20 (of 80 available processors)

Solution count 10: 65616.1 65616.1 65616.1 ... 65620.9

Optimal solution found (tolerance 3.00e-03)
Best objective 6.561607377948e+04, best bound 6.541951846722e+04, gap 0.2996%

User-callback calls 196165, time in user-callback 0.07 sec
