
Gurobi 11.0.3 (linux64) logging started Mon 18 Nov 2024 07:24:36 PM CST

Set parameter LogFile to value "/home/dlcole3/graph_abstraction/hierarchical_graphs/git_storage/CS1/HP_low_reserves/gurobi_logs/serial/logfile_ST3_3.log"

Gurobi 11.0.3 (linux64) logging started Mon 18 Nov 2024 07:26:04 PM CST

Set parameter LogFile to value "/home/dlcole3/graph_abstraction/hierarchical_graphs/git_storage/CS1/HP_low_reserves/gurobi_logs/serial/logfile_ST3_3.log"
Gurobi Optimizer version 11.0.3 build v11.0.3rc0 (linux64 - "Ubuntu 18.04.3 LTS")

CPU model: Intel(R) Xeon(R) CPU E5-2698 v4 @ 2.20GHz, instruction set [SSE2|AVX|AVX2]
Thread count: 40 physical cores, 80 logical processors, using up to 20 threads

Optimize a model with 29168 rows, 50688 columns and 136175 nonzeros
Model fingerprint: 0x5d38635f
Variable types: 46944 continuous, 3744 integer (3744 binary)
Coefficient statistics:
  Matrix range     [6e-01, 2e+04]
  Objective range  [2e+00, 2e+04]
  Bounds range     [5e-02, 2e+05]
  RHS range        [5e-02, 7e+03]
Presolve removed 14244 rows and 38618 columns
Presolve time: 0.32s
Presolved: 14924 rows, 12070 columns, 63762 nonzeros
Variable types: 9057 continuous, 3013 integer (3013 binary)
Found heuristic solution: objective 270976.70605
Found heuristic solution: objective 221027.68373

Root relaxation: objective 5.725143e+04, 9467 iterations, 0.54 seconds (0.44 work units)

    Nodes    |    Current Node    |     Objective Bounds      |     Work
 Expl Unexpl |  Obj  Depth IntInf | Incumbent    BestBd   Gap | It/Node Time

     0     0 57251.4349    0   38 221027.684 57251.4349  74.1%     -    1s
H    0     0                    221027.68354 57251.4349  74.1%     -    1s
     0     0 57251.4349    0   38 221027.684 57251.4349  74.1%     -    1s
H    0     0                    209811.83024 57251.4349  72.7%     -    2s
H    0     2                    206135.40142 57251.4349  72.2%     -    2s
     0     2 57251.4349    0   38 206135.401 57251.4349  72.2%     -    2s
H   31    52                    151353.66729 57252.0517  62.2%   122    2s
H   34    52                    82898.448745 57252.0517  30.9%   111    2s
H   50    52                    60626.443260 57252.8375  5.56%   110    2s
H   98    94                    60352.834211 57253.0577  5.14%  85.3    3s
H  169   124                    60352.834193 57253.0577  5.14%  70.8    3s
H  177   124                    60352.834125 57253.0577  5.14%  69.9    3s
H  235   165                    59902.829954 57253.0577  4.42%  61.9    3s
H  351   229                    59608.318785 57253.0577  3.95%  51.7    7s
H  358   229                    59476.811117 57253.0577  3.74%  51.5    7s
H  363   229                    59354.769306 57253.0577  3.54%  50.9    7s
H  365   229                    59291.908464 57253.0577  3.44%  50.8    7s
H  563   231                    59290.959347 57254.3225  3.43%  42.1    8s
H  810   288                    59274.443913 57255.1090  3.41%  34.5    8s
H  898   312                    59273.366435 57255.1090  3.40%  33.2    8s
H  911   312                    59273.286503 57255.1090  3.40%  32.8    8s
  1067   377     cutoff   12      59273.2865 57255.1090  3.40%  31.1   11s
H 1069   377                    59268.475075 57255.1090  3.40%  31.1   11s
H 2132   818                    59268.475035 57700.4723  2.65%  26.5   13s
H 2147   889                    59239.591560 57700.4723  2.60%  26.5   14s
H 2272   889                    59239.511628 57700.4723  2.60%  25.9   14s
H 2280   889                    59236.312740 57700.4723  2.59%  25.9   14s
* 2299   951              64    59235.751212 57700.4723  2.59%  25.8   14s
* 2419   951              61    59235.671280 57700.4723  2.59%  25.5   14s
H 2711  1111                    59227.730736 58284.2532  1.59%  24.9   14s
H 2789  1111                    59210.566733 58284.2532  1.56%  24.7   14s
H 2842  1108                    59189.686605 58284.2532  1.53%  24.7   14s
* 2848  1108              74    59189.040455 58284.2532  1.53%  24.6   14s
  3115  1092 58597.5791   19   28 59189.0405 58284.2532  1.53%  24.3   15s
H 4840  1406                    59175.558679 58284.9396  1.51%  24.2   16s
H 4919  1396                    59173.607948 58284.9396  1.50%  24.1   17s
  4924  1391 59165.8807   56   26 59173.6079 58284.9396  1.50%  24.0   20s
H 4992  1321                    59173.607934 58284.9396  1.50%  26.0   21s
H 4993  1255                    59173.607847 58284.9396  1.50%  26.0   21s
H 5304  1235                    59173.607841 58284.9396  1.50%  25.5   23s
H 5306  1174                    59173.607788 58284.9396  1.50%  25.5   23s
H 5318  1114                    59173.607704 58284.9396  1.50%  25.5   23s
  5705  1245 58284.9396   39   21 59173.6077 58284.9396  1.50%  24.8   25s
  5901  1300 58284.9396   43   20 59173.6077 58284.9396  1.50%  24.5   30s
H 6955  1412                    59173.607696 58284.9396  1.50%  23.2   33s
H 6967  1357                    59173.607495 58284.9396  1.50%  23.2   33s
  9392  2444 59078.1614   57   23 59173.6075 58284.9396  1.50%  21.4   35s
H10964  3024                    59162.274712 58284.9396  1.48%  20.3   35s
H12085  3367                    59148.027282 58284.9396  1.46%  20.0   36s
*12206  3340              61    59145.654424 58284.9396  1.46%  20.0   36s
H13072  3540                    59142.523412 58284.9396  1.45%  19.9   37s
H15179  4092                    59141.286335 58284.9396  1.45%  19.4   45s
H15184  4014                    59137.916661 58284.9396  1.44%  19.4   45s
H15186  4013                    59137.836729 58284.9396  1.44%  19.4   45s
H15189  4013                    59137.836713 58284.9396  1.44%  19.4   45s
H15190  3672                    59101.888811 58284.9396  1.38%  19.4   45s
H15193  3672                    59101.888755 58284.9396  1.38%  19.4   45s
H17744  4421                    59101.888417 58355.5980  1.26%  19.2   48s
H17748  4421                    59101.888249 58355.5980  1.26%  19.2   48s
 19144  4929 58878.7932   49   25 59101.8882 58392.7723  1.20%  18.9   50s
 27573  5987     cutoff   48      59101.8882 58667.7669  0.73%  18.0   55s
H28934  6369                    59101.532526 58681.4343  0.71%  17.5   56s
H28938  6361                    59100.825667 58681.4343  0.71%  17.5   56s
H28942  6320                    59098.604449 58681.4343  0.71%  17.5   56s
H28944  6318                    59098.407572 58681.4343  0.71%  17.5   56s
H28947  6296                    59097.880111 58681.4343  0.70%  17.5   56s
*28950  6293              87    59097.592161 58681.4343  0.70%  17.5   56s
*29098  6277              71    59096.692967 58681.4343  0.70%  17.5   56s
*29219  6270              68    59096.613035 58681.4343  0.70%  17.4   56s
 36535  7556 59013.0844   50   21 59096.6130 58747.5321  0.59%  15.6   60s
 45396  8218 59072.5230   56   17 59096.6130 58774.8684  0.54%  13.7   65s
H45413  8218                    59096.613015 58774.8684  0.54%  13.7   65s
 47395  8458 58784.8938   37   19 59096.6130 58781.5093  0.53%  13.4   70s
H52611  8527                    59096.612997 58796.9310  0.51%  12.7   72s
H52615  8527                    59096.612883 58796.9310  0.51%  12.7   72s
 55047  8395     cutoff   43      59096.6129 58808.0464  0.49%  12.4   75s
 62721  7936 58885.0779   43   17 59096.6129 58850.5576  0.42%  11.6   80s
 74616  5990 59006.9927   72   10 59096.6129 58918.5622  0.30%  10.7   86s

Cutting planes:
  Gomory: 1

Explored 76999 nodes (822696 simplex iterations) in 86.31 seconds (82.00 work units)
Thread count was 20 (of 80 available processors)

Solution count 10: 59096.6 59096.6 59096.7 ... 59141.3

Optimal solution found (tolerance 3.00e-03)
Best objective 5.909661303512e+04, best bound 5.893038164071e+04, gap 0.2813%

User-callback calls 169883, time in user-callback 0.08 sec
