
Gurobi 11.0.3 (linux64) logging started Mon 18 Nov 2024 06:57:03 PM CST

Set parameter LogFile to value "/home/dlcole3/graph_abstraction/hierarchical_graphs/git_storage/CS1/HP_low_reserves/gurobi_logs/serial/logfile_ST1_8.log"
Set parameter TimeLimit to value 300

Gurobi 11.0.3 (linux64) logging started Mon 18 Nov 2024 07:05:00 PM CST

Set parameter LogFile to value "/home/dlcole3/graph_abstraction/hierarchical_graphs/git_storage/CS1/HP_low_reserves/gurobi_logs/serial/logfile_ST1_8.log"
Gurobi Optimizer version 11.0.3 build v11.0.3rc0 (linux64 - "Ubuntu 18.04.3 LTS")

CPU model: Intel(R) Xeon(R) CPU E5-2698 v4 @ 2.20GHz, instruction set [SSE2|AVX|AVX2]
Thread count: 40 physical cores, 80 logical processors, using up to 32 threads

Optimize a model with 29168 rows, 50688 columns and 136175 nonzeros
Model fingerprint: 0x735be1c9
Variable types: 46944 continuous, 3744 integer (3744 binary)
Coefficient statistics:
  Matrix range     [6e-01, 2e+04]
  Objective range  [2e+00, 2e+04]
  Bounds range     [5e-02, 2e+05]
  RHS range        [5e-02, 7e+03]
Presolve removed 13952 rows and 38612 columns
Presolve time: 0.32s
Presolved: 15216 rows, 12076 columns, 64590 nonzeros
Variable types: 9069 continuous, 3007 integer (3007 binary)
Found heuristic solution: objective 1042184.6546

Root relaxation: objective 8.609400e+04, 8940 iterations, 0.55 seconds (0.49 work units)

    Nodes    |    Current Node    |     Objective Bounds      |     Work
 Expl Unexpl |  Obj  Depth IntInf | Incumbent    BestBd   Gap | It/Node Time

     0     0 86093.9968    0   32 1042184.65 86093.9968  91.7%     -    1s
H    0     0                    1037821.5032 86093.9968  91.7%     -    1s
H    0     0                    117891.72555 86093.9968  27.0%     -    1s
     0     0 86094.2604    0   32 117891.726 86094.2604  27.0%     -    2s
H    0     2                    117891.72448 86094.2604  27.0%     -    2s
     0     2 86094.2604    0   32 117891.724 86094.2604  27.0%     -    2s
H   34    64                    117868.56249 86157.1251  26.9%  90.5    3s
H   41    64                    96088.915851 86160.3541  10.3%   100    3s
H   47    64                    88004.572830 86160.3541  2.10%  92.4    3s
H   50    64                    87481.145225 86172.5842  1.50%  93.1    3s
H  845   543                    87241.632127 86185.8102  1.21%  25.3    4s
* 1017   603              37    87204.778782 86196.7225  1.16%  23.2    4s
H 1026   603                    87025.109844 86196.7225  0.95%  23.0    4s
* 1071   590              49    87018.948450 86196.7225  0.94%  22.7    4s
* 1194   585              48    87017.656295 86215.5884  0.92%  21.5    4s
* 1225   585              48    87014.621799 86215.5884  0.92%  21.3    4s
* 1368   580              51    87010.937442 86215.5884  0.91%  20.7    4s
  1494   615 86456.2769   10   25 87010.9374 86228.0932  0.90%  20.2    5s
H 1631   675                    86965.349713 86228.0932  0.85%  19.9    5s
H 1720   676                    86902.302528 86228.0932  0.78%  19.3    5s
H 2271   585                    86899.021562 86409.5473  0.56%  16.9    5s
* 2272   585              41    86898.182624 86409.5473  0.56%  16.9    5s
H 2364   553                    86897.388150 86409.5473  0.56%  16.5    5s
* 2365   553              39    86897.331972 86409.5473  0.56%  16.5    5s
H 2580   553                    86896.554742 86409.5473  0.56%  15.3    5s
* 2690   522              38    86894.890841 86464.2293  0.50%  15.0    6s
H 2840   500                    86894.890831 86596.9854  0.34%  14.5    6s
H 2956   406                    86889.475782 86735.7964  0.18%  14.0    6s
H 2957   406                    86888.317087 86735.7964  0.18%  14.0    6s

Explored 3232 nodes (50858 simplex iterations) in 6.87 seconds (5.16 work units)
Thread count was 32 (of 80 available processors)

Solution count 10: 86888.3 86888.3 86894.9 ... 87014.6

Optimal solution found (tolerance 3.00e-03)
Best objective 8.688831708780e+04, best bound 8.675951006583e+04, gap 0.1482%

User-callback calls 8379, time in user-callback 0.00 sec
