
Gurobi 11.0.3 (linux64) logging started Mon 18 Nov 2024 08:13:01 PM CST

Set parameter LogFile to value "/home/dlcole3/graph_abstraction/hierarchical_graphs/git_storage/CS1/HP_low_reserves/gurobi_logs/serial/logfile_ST7_7.log"

Gurobi 11.0.3 (linux64) logging started Mon 18 Nov 2024 08:15:09 PM CST

Set parameter LogFile to value "/home/dlcole3/graph_abstraction/hierarchical_graphs/git_storage/CS1/HP_low_reserves/gurobi_logs/serial/logfile_ST7_7.log"
Gurobi Optimizer version 11.0.3 build v11.0.3rc0 (linux64 - "Ubuntu 18.04.3 LTS")

CPU model: Intel(R) Xeon(R) CPU E5-2698 v4 @ 2.20GHz, instruction set [SSE2|AVX|AVX2]
Thread count: 40 physical cores, 80 logical processors, using up to 20 threads

Optimize a model with 29168 rows, 50688 columns and 136175 nonzeros
Model fingerprint: 0x434c23e3
Variable types: 46944 continuous, 3744 integer (3744 binary)
Coefficient statistics:
  Matrix range     [6e-01, 2e+04]
  Objective range  [2e+00, 2e+04]
  Bounds range     [5e-02, 2e+05]
  RHS range        [5e-02, 7e+03]
Presolve removed 14280 rows and 38626 columns
Presolve time: 0.34s
Presolved: 14888 rows, 12062 columns, 62981 nonzeros
Variable types: 9142 continuous, 2920 integer (2920 binary)
Found heuristic solution: objective 472915.82055
Found heuristic solution: objective 412075.56558

Root relaxation: objective 5.450213e+04, 8991 iterations, 0.56 seconds (0.45 work units)

    Nodes    |    Current Node    |     Objective Bounds      |     Work
 Expl Unexpl |  Obj  Depth IntInf | Incumbent    BestBd   Gap | It/Node Time

     0     0 54502.1325    0   28 412075.566 54502.1325  86.8%     -    1s
     0     0 54502.1325    0   28 412075.566 54502.1325  86.8%     -    2s
H    0     0                    207513.72840 54502.1325  73.7%     -    2s
     0     2 54502.1325    0   28 207513.728 54502.1325  73.7%     -    2s
H   31    52                    57166.838732 54664.7137  4.38%  74.7    3s
H   32    52                    56296.415215 54664.7137  2.90%  79.8    3s
H  340   170                    55908.231836 54983.0795  1.65%  35.9    3s
H  385   161                    55876.658058 54998.2930  1.57%  34.2    3s
H  427   161                    55876.219480 54998.2930  1.57%  32.1    3s
H  430   161                    55869.032496 54998.2930  1.56%  31.9    3s
*  478   163              27    55868.618827 54998.2930  1.56%  31.0    4s
H  516   165                    55866.166577 54998.2930  1.55%  30.8    4s
H  517   165                    55864.930496 54998.2930  1.55%  30.8    4s
*  558   161              24    55863.072056 54998.2930  1.55%  29.5    4s
H  809   189                    55863.072045 55013.4637  1.52%  27.4    4s
   832   202 55265.2588   19   23 55863.0720 55013.4637  1.52%  27.6    5s
H  911   208                    55673.254897 55013.4637  1.19%  27.1    5s
H 1073   141                    55666.271308 55040.7712  1.12%  25.5    5s
H 1102   141                    55653.624511 55040.7712  1.10%  25.0    5s
H 1388    81                    55637.073677 55170.0588  0.84%  22.5    5s
H 1392    81                    55624.259385 55170.0588  0.82%  22.4    5s
H 1418    54                    55622.385320 55177.4866  0.80%  22.1    5s
H 1636    19                    55621.437219 55614.0392  0.01%  20.5    6s
H 1637    19                    55620.219871 55614.0392  0.01%  20.5    6s
* 1641    19              29    55618.345809 55614.0392  0.01%  20.4    6s

Explored 1667 nodes (42591 simplex iterations) in 6.14 seconds (4.77 work units)
Thread count was 20 (of 80 available processors)

Solution count 10: 55618.3 55618.3 55622.4 ... 55869

Optimal solution found (tolerance 3.00e-03)
Best objective 5.561834581060e+04, best bound 5.561414634025e+04, gap 0.0076%

User-callback calls 5155, time in user-callback 0.00 sec
