
Gurobi 11.0.3 (linux64) logging started Mon 18 Nov 2024 07:07:00 PM CST

Set parameter LogFile to value "/home/dlcole3/graph_abstraction/hierarchical_graphs/git_storage/CS1/HP_low_reserves/gurobi_logs/serial/logfile_ST2_6.log"
Set parameter TimeLimit to value 300

Gurobi 11.0.3 (linux64) logging started Mon 18 Nov 2024 07:20:19 PM CST

Set parameter LogFile to value "/home/dlcole3/graph_abstraction/hierarchical_graphs/git_storage/CS1/HP_low_reserves/gurobi_logs/serial/logfile_ST2_6.log"
Gurobi Optimizer version 11.0.3 build v11.0.3rc0 (linux64 - "Ubuntu 18.04.3 LTS")

CPU model: Intel(R) Xeon(R) CPU E5-2698 v4 @ 2.20GHz, instruction set [SSE2|AVX|AVX2]
Thread count: 40 physical cores, 80 logical processors, using up to 32 threads

Optimize a model with 29168 rows, 50688 columns and 136175 nonzeros
Model fingerprint: 0xd16581ba
Variable types: 46944 continuous, 3744 integer (3744 binary)
Coefficient statistics:
  Matrix range     [6e-01, 2e+04]
  Objective range  [2e+00, 2e+04]
  Bounds range     [5e-02, 2e+05]
  RHS range        [5e-02, 7e+03]
Presolve removed 14322 rows and 38657 columns
Presolve time: 0.35s
Presolved: 14846 rows, 12031 columns, 63402 nonzeros
Variable types: 9030 continuous, 3001 integer (3001 binary)
Found heuristic solution: objective 2825811.4678

Root relaxation: objective 9.532046e+04, 8056 iterations, 0.42 seconds (0.31 work units)

    Nodes    |    Current Node    |     Objective Bounds      |     Work
 Expl Unexpl |  Obj  Depth IntInf | Incumbent    BestBd   Gap | It/Node Time

     0     0 95320.4569    0   42 2825811.47 95320.4569  96.6%     -    1s
H    0     0                    114541.21221 95320.4569  16.8%     -    1s
     0     0 95320.4569    0   57 114541.212 95320.4569  16.8%     -    1s
H    0     0                    114504.27621 95320.4569  16.8%     -    2s
     0     0 95320.4569    0   61 114504.276 95320.4569  16.8%     -    2s
     0     0 95320.4569    0   63 114504.276 95320.4569  16.8%     -    2s
     0     0 95320.4569    0   61 114504.276 95320.4569  16.8%     -    2s
H    0     2                    114504.27619 95320.4569  16.8%     -    2s
     0     2 95320.4569    0   61 114504.276 95320.4569  16.8%     -    2s
H   36    64                    101629.04319 95320.4569  6.21%  62.8    4s
H   48    64                    101550.77266 95320.4569  6.14%  83.0    4s
H   52    64                    100409.00703 95320.4569  5.07%  81.6    4s
H  165   169                    99921.509655 95320.4569  4.60%  88.2    8s
H  170   169                    99913.970456 95320.4569  4.60%  88.3    8s
H  171   169                    99824.834855 95320.4569  4.51%  89.1    8s
H  184   169                    99815.413615 95320.4569  4.50%  91.7    8s
H  191   169                    99716.738795 95320.4569  4.41%  94.1    8s
H  196   169                    99712.439481 95320.4569  4.40%  93.0    8s
H  248   241                    98953.367596 95320.4569  3.67%  93.2   13s
H  258   241                    98900.312533 95320.4569  3.62%  96.2   13s
   595   503 97440.5535   18   42 98900.3125 95320.4569  3.62%  80.3   15s
H 1259   942                    98900.312440 95320.4569  3.62%  62.3   20s
H 1265   942                    98900.312415 95320.4569  3.62%  62.2   20s
H 1273   942                    98900.312328 95320.4569  3.62%  62.2   20s
H 1280   942                    98900.312277 95320.4569  3.62%  62.2   20s
H 2605  1795                    98727.121423 95320.7818  3.45%  54.2   22s
H 2815  1890                    98726.925885 95320.7818  3.45%  52.9   22s
H 3047  2025                    98726.922174 95320.7818  3.45%  51.6   23s
* 3055  2024              65    98725.523820 95320.7818  3.45%  51.5   23s
H 3285  1987                    98513.724052 95320.7818  3.24%  50.4   23s
H 3405  1903                    98313.135215 95320.7818  3.04%  50.3   23s
H 3408  1903                    98306.007215 95320.7818  3.04%  50.3   23s
H 4199  1977                    98256.124189 95320.7818  2.99%  49.3   25s
H 4284  1925                    98256.124178 95320.7818  2.99%  51.1   28s
H 4287  1830                    98256.124127 95320.7818  2.99%  51.1   28s
H 4302  1735                    98234.780688 95320.7818  2.97%  51.2   28s
H 4347  1674                    98234.780660 95320.7818  2.97%  51.3   29s
H 4348  1593                    98213.437175 95320.7818  2.95%  51.4   29s
H 4354  1515                    98213.437146 95320.7818  2.95%  51.5   29s
H 4376  1434                    98213.437106 95320.7818  2.95%  51.5   29s
  4416  1469 97077.9099   20   36 98213.4371 95320.7818  2.95%  51.9   31s
H 4417  1400                    98206.558430 95320.7818  2.94%  51.9   31s
H 4425  1331                    98206.558416 95320.7818  2.94%  51.9   31s
H 4442  1263                    98206.558384 95320.7818  2.94%  52.1   31s
H 4545  1248                    98206.526039 95320.7818  2.94%  52.3   32s
H 4557  1187                    98206.165418 95320.7818  2.94%  52.3   32s
  5578  1218     cutoff   30      98206.1654 95320.7818  2.94%  52.6   35s
H 5580  1164                    98206.165246 95320.7818  2.94%  52.6   35s
H 5581  1113                    98206.164762 95320.7818  2.94%  52.6   35s
H 5593  1061                    98206.157320 95320.7818  2.94%  52.6   35s
H 6249  1071                    98205.729883 95320.7818  2.94%  51.8   36s
* 6250  1028              70    98205.512454 95320.7818  2.94%  51.8   36s
H 7516  1322                    98203.820295 96135.1882  2.11%  50.9   37s
* 7518  1322              57    98199.235291 96135.1882  2.10%  50.8   37s
* 9255  1897              59    98199.085359 96135.4316  2.10%  50.4   39s
  9536  1976 98189.6599   41   22 98199.0854 96712.3895  1.51%  50.2   40s
*10159  2045              59    98198.935359 96842.3619  1.38%  49.6   40s
H13799  3020                    98198.935337 97117.7361  1.10%  48.0   44s
H13821  3020                    98198.935269 97117.7361  1.10%  48.0   44s
 14150  3114 98117.2406   35   34 98198.9353 97155.0761  1.06%  47.8   45s
 21031  4542 97834.4748   44   24 98198.9353 97528.6895  0.68%  44.4   50s
 27452  4520 97989.1040   36   26 98198.9353 97730.8454  0.48%  42.0   56s
H27454  4520                    98198.934481 97730.8454  0.48%  42.0   56s
H27474  4520                    98198.934469 97730.8454  0.48%  42.0   56s
H27477  4520                    98198.934299 97730.8454  0.48%  42.0   56s
 31673  3944 97990.0442   48   33 98198.9343 97844.8980  0.36%  40.5   60s

Cutting planes:
  Gomory: 1

Explored 34732 nodes (1370652 simplex iterations) in 61.33 seconds (60.09 work units)
Thread count was 32 (of 80 available processors)

Solution count 10: 98198.9 98198.9 98199.1 ... 98206.6

Optimal solution found (tolerance 3.00e-03)
Best objective 9.819893535848e+04, best bound 9.791460659490e+04, gap 0.2895%

User-callback calls 78786, time in user-callback 0.05 sec
