
Gurobi 11.0.3 (linux64) logging started Mon 18 Nov 2024 07:06:55 PM CST

Set parameter LogFile to value "/home/dlcole3/graph_abstraction/hierarchical_graphs/git_storage/CS1/HP_low_reserves/gurobi_logs/serial/logfile_ST2_3.log"
Set parameter TimeLimit to value 300

Gurobi 11.0.3 (linux64) logging started Mon 18 Nov 2024 07:13:55 PM CST

Set parameter LogFile to value "/home/dlcole3/graph_abstraction/hierarchical_graphs/git_storage/CS1/HP_low_reserves/gurobi_logs/serial/logfile_ST2_3.log"
Gurobi Optimizer version 11.0.3 build v11.0.3rc0 (linux64 - "Ubuntu 18.04.3 LTS")

CPU model: Intel(R) Xeon(R) CPU E5-2698 v4 @ 2.20GHz, instruction set [SSE2|AVX|AVX2]
Thread count: 40 physical cores, 80 logical processors, using up to 32 threads

Optimize a model with 29168 rows, 50688 columns and 136175 nonzeros
Model fingerprint: 0x866d9365
Variable types: 46944 continuous, 3744 integer (3744 binary)
Coefficient statistics:
  Matrix range     [6e-01, 2e+04]
  Objective range  [2e+00, 2e+04]
  Bounds range     [5e-02, 2e+05]
  RHS range        [5e-02, 7e+03]
Presolve removed 13902 rows and 38369 columns
Presolve time: 0.36s
Presolved: 15266 rows, 12319 columns, 65363 nonzeros
Variable types: 9239 continuous, 3080 integer (3080 binary)
Found heuristic solution: objective 3342148.3085
Found heuristic solution: objective 3254507.5141
Found heuristic solution: objective 2761049.9968

Root relaxation: objective 1.340507e+05, 8765 iterations, 0.46 seconds (0.37 work units)

    Nodes    |    Current Node    |     Objective Bounds      |     Work
 Expl Unexpl |  Obj  Depth IntInf | Incumbent    BestBd   Gap | It/Node Time

     0     0 134050.743    0   37 2761050.00 134050.743  95.1%     -    1s
H    0     0                    357571.22473 134050.743  62.5%     -    1s
H    0     0                    175261.12042 134050.743  23.5%     -    1s
     0     0 134050.743    0   48 175261.120 134050.743  23.5%     -    1s
H    0     0                    144655.39700 134050.743  7.33%     -    1s
H    0     0                    141601.47324 134050.743  5.33%     -    2s
     0     0 134050.743    0   48 141601.473 134050.743  5.33%     -    2s
     0     0 134050.743    0   61 141601.473 134050.743  5.33%     -    2s
     0     0 134050.743    0   48 141601.473 134050.743  5.33%     -    2s
     0     0 134056.297    0   65 141601.473 134056.297  5.33%     -    2s
     0     0 134056.297    0   65 141601.473 134056.297  5.33%     -    2s
     0     0 134056.297    0   65 141601.473 134056.297  5.33%     -    2s
H    0     0                    141601.47322 134056.297  5.33%     -    3s
     0     2 134056.297    0   65 141601.473 134056.297  5.33%     -    3s
H   31    64                    141601.47317 134070.652  5.32%  73.1    4s
H   35    64                    141580.12974 134078.686  5.30%  86.6    4s
H   46    64                    141034.21500 134078.686  4.93%   125    4s
H   57    64                    139057.17877 134443.328  3.32%   114    4s
H   62    64                    138980.28291 134443.328  3.26%   110    4s
   161   180 136065.623    8   36 138980.283 134443.328  3.26%  92.5    5s
H  677   647                    137448.73270 134443.328  2.19%  65.3   10s
H  678   647                    136978.42801 134443.328  1.85%  65.2   10s
H  679   647                    136278.05180 134443.328  1.35%  65.3   10s
H  681   647                    136278.00178 134443.328  1.35%  65.2   10s
H  687   647                    136232.04111 134443.328  1.31%  64.8   10s
H  697   647                    136205.62072 134443.328  1.29%  64.1   10s
H  961   741                    136190.39327 134443.418  1.28%  54.0   12s
H 1774  1250                    136148.43622 134443.418  1.25%  39.9   13s
* 1778  1250              74    136146.48991 134443.418  1.25%  39.8   13s
H 1979  1350                    136115.46138 134443.418  1.23%  38.8   13s
H 2091  1403                    136065.33615 134464.858  1.18%  38.7   13s
H 2094  1403                    136030.01976 134464.858  1.15%  38.7   13s
H 2258  1453                    136029.99611 134464.858  1.15%  37.9   13s
H 2259  1453                    136026.26326 134464.858  1.15%  37.8   13s
* 2260  1453              85    136025.94003 134464.858  1.15%  37.8   13s
  3146  1751 136015.981   25   36 136025.940 134493.199  1.13%  35.1   15s
H 3724  1771                    136025.45257 134783.919  0.91%  33.7   16s
H 3727  1771                    136025.00671 134783.919  0.91%  33.6   16s
H 3969  1809                    136024.76072 134783.919  0.91%  33.3   16s
* 3974  1809              58    136024.62120 134783.919  0.91%  33.3   16s
H 4453  1958                    135993.90068 134783.919  0.89%  31.9   16s
H 4805  2034                    135993.88325 134783.919  0.89%  31.3   17s
* 4811  2034              65    135993.48218 134953.470  0.76%  31.2   17s
H 4817  2033                    135993.04625 134953.470  0.76%  31.2   17s
H 4818  2033                    135992.94434 134953.470  0.76%  31.2   17s
* 4819  2032              70    135992.81231 134953.470  0.76%  31.2   17s
H 5453  2153                    135988.63653 134953.470  0.76%  30.4   17s
* 5455  2153              46    135988.60786 134953.470  0.76%  30.4   17s
  5582  2153 135685.432   33   25 135988.608 134953.470  0.76%  30.1   20s
H 5621  2098                    135988.60783 134953.470  0.76%  31.3   22s
H 5627  1994                    135988.60772 134953.470  0.76%  31.4   22s
  5815  2030     cutoff   20      135988.608 134953.470  0.76%  32.8   25s
H 5836  1925                    135988.60696 134953.470  0.76%  32.9   25s
H 5901  1853                    135988.60682 134953.470  0.76%  33.0   26s
H 5915  1760                    135988.60680 134953.470  0.76%  33.0   26s
H 5917  1676                    135988.60650 134953.470  0.76%  33.1   26s
  7939  2158 135101.297   22   10 135988.606 134953.470  0.76%  30.8   30s
H 9779  2152                    135926.06353 134953.470  0.72%  29.7   31s
H 9975  2047                    135882.64854 134953.470  0.68%  29.6   31s
H 9976  2044                    135882.37951 134953.470  0.68%  29.6   31s
* 9978  2042             102    135882.11048 134953.470  0.68%  29.6   31s
H11793  2740                    135868.26371 134953.470  0.67%  29.1   33s
*11794  2740              90    135868.19650 134953.470  0.67%  29.1   33s
H11817  2361                    135788.36887 134953.470  0.61%  29.1   33s
H11821  2297                    135777.86587 134953.470  0.61%  29.1   33s
*12244  2311              97    135777.65121 134953.470  0.61%  28.8   33s
H14150  2990                    135777.02887 135143.770  0.47%  27.5   34s
*14152  2990              81    135776.98134 135143.770  0.47%  27.5   34s
 14517  3225 135348.781   41   21 135776.981 135143.770  0.47%  27.5   35s
*15696  3457              84    135774.20569 135160.302  0.45%  26.5   35s
*16046  3683              81    135766.59259 135160.302  0.45%  26.3   35s
H16049  3650                    135762.62152 135160.302  0.44%  26.3   35s
*16703  4015              83    135762.61410 135213.681  0.40%  25.8   36s
*16735  3906              72    135752.52094 135213.681  0.40%  25.8   36s

Cutting planes:
  Gomory: 4

Explored 22997 nodes (538735 simplex iterations) in 39.45 seconds (35.08 work units)
Thread count was 32 (of 80 available processors)

Solution count 10: 135753 135753 135763 ... 135882

Optimal solution found (tolerance 3.00e-03)
Best objective 1.357525209388e+05, best bound 1.353503953994e+05, gap 0.2962%

User-callback calls 52980, time in user-callback 0.03 sec
